[1.095s] DEBUG:colcon:Command line arguments: ['/usr/bin/colcon', 'build', '--symlink-install']
[1.096s] DEBUG:colcon:Parsed command line arguments: Namespace(log_base=None, log_level=None, verb_name='build', build_base='build', install_base='install', merge_install=False, symlink_install=True, test_result_base=None, continue_on_error=False, executor='parallel', parallel_workers=8, event_handlers=None, ignore_user_meta=False, metas=['./colcon.meta'], base_paths=['.'], packages_ignore=None, packages_ignore_regex=None, paths=None, packages_up_to=None, packages_up_to_regex=None, packages_above=None, packages_above_and_dependencies=None, packages_above_depth=None, packages_select_by_dep=None, packages_skip_by_dep=None, packages_skip_up_to=None, packages_select_build_failed=False, packages_skip_build_finished=False, packages_select_test_failures=False, packages_skip_test_passed=False, packages_select=None, packages_skip=None, packages_select_regex=None, packages_skip_regex=None, packages_start=None, packages_end=None, cmake_args=None, cmake_target=None, cmake_target_skip_unavailable=False, cmake_clean_cache=False, cmake_clean_first=False, cmake_force_configure=False, ament_cmake_args=None, catkin_cmake_args=None, catkin_skip_building_tests=False, mixin_files=None, mixin=None, verb_parser=<colcon_mixin.mixin.mixin_argument.MixinArgumentDecorator object at 0x7fa5323daa10>, verb_extension=<colcon_core.verb.build.BuildVerb object at 0x7fa5323da440>, main=<bound method BuildVerb.main of <colcon_core.verb.build.BuildVerb object at 0x7fa5323da440>>, mixin_verb=('build',))
[1.166s] Level 1:colcon.colcon_core.package_discovery:discover_packages(colcon_meta) check parameters
[1.166s] Level 1:colcon.colcon_core.package_discovery:discover_packages(recursive) check parameters
[1.166s] Level 1:colcon.colcon_core.package_discovery:discover_packages(ignore) check parameters
[1.166s] Level 1:colcon.colcon_core.package_discovery:discover_packages(path) check parameters
[1.166s] Level 1:colcon.colcon_core.package_discovery:discover_packages(colcon_meta) discover
[1.166s] Level 1:colcon.colcon_core.package_discovery:discover_packages(recursive) discover
[1.166s] INFO:colcon.colcon_core.package_discovery:Crawling recursively for packages in '/home/ros/turtlebot3/turtlebot3_simulations-2.2.5'
[1.167s] Level 1:colcon.colcon_core.package_identification:_identify(.) by extensions ['ignore', 'ignore_ament_install']
[1.167s] Level 1:colcon.colcon_core.package_identification:_identify(.) by extension 'ignore'
[1.167s] Level 1:colcon.colcon_core.package_identification:_identify(.) by extension 'ignore_ament_install'
[1.167s] Level 1:colcon.colcon_core.package_identification:_identify(.) by extensions ['colcon_pkg']
[1.167s] Level 1:colcon.colcon_core.package_identification:_identify(.) by extension 'colcon_pkg'
[1.167s] Level 1:colcon.colcon_core.package_identification:_identify(.) by extensions ['colcon_meta']
[1.167s] Level 1:colcon.colcon_core.package_identification:_identify(.) by extension 'colcon_meta'
[1.167s] Level 1:colcon.colcon_core.package_identification:_identify(.) by extensions ['ros']
[1.167s] Level 1:colcon.colcon_core.package_identification:_identify(.) by extension 'ros'
[1.182s] Level 1:colcon.colcon_core.package_identification:_identify(.) by extensions ['cmake', 'python']
[1.182s] Level 1:colcon.colcon_core.package_identification:_identify(.) by extension 'cmake'
[1.182s] Level 1:colcon.colcon_core.package_identification:_identify(.) by extension 'python'
[1.182s] Level 1:colcon.colcon_core.package_identification:_identify(.) by extensions ['python_setup_py']
[1.182s] Level 1:colcon.colcon_core.package_identification:_identify(.) by extension 'python_setup_py'
[1.182s] Level 1:colcon.colcon_core.package_identification:_identify(build) by extensions ['ignore', 'ignore_ament_install']
[1.183s] Level 1:colcon.colcon_core.package_identification:_identify(build) by extension 'ignore'
[1.183s] Level 1:colcon.colcon_core.package_identification:_identify(build) ignored
[1.183s] Level 1:colcon.colcon_core.package_identification:_identify(install) by extensions ['ignore', 'ignore_ament_install']
[1.183s] Level 1:colcon.colcon_core.package_identification:_identify(install) by extension 'ignore'
[1.183s] Level 1:colcon.colcon_core.package_identification:_identify(install) ignored
[1.183s] Level 1:colcon.colcon_core.package_identification:_identify(log) by extensions ['ignore', 'ignore_ament_install']
[1.183s] Level 1:colcon.colcon_core.package_identification:_identify(log) by extension 'ignore'
[1.183s] Level 1:colcon.colcon_core.package_identification:_identify(log) ignored
[1.183s] Level 1:colcon.colcon_core.package_identification:_identify(turtlebot3_fake_node) by extensions ['ignore', 'ignore_ament_install']
[1.183s] Level 1:colcon.colcon_core.package_identification:_identify(turtlebot3_fake_node) by extension 'ignore'
[1.183s] Level 1:colcon.colcon_core.package_identification:_identify(turtlebot3_fake_node) by extension 'ignore_ament_install'
[1.183s] Level 1:colcon.colcon_core.package_identification:_identify(turtlebot3_fake_node) by extensions ['colcon_pkg']
[1.183s] Level 1:colcon.colcon_core.package_identification:_identify(turtlebot3_fake_node) by extension 'colcon_pkg'
[1.183s] Level 1:colcon.colcon_core.package_identification:_identify(turtlebot3_fake_node) by extensions ['colcon_meta']
[1.183s] Level 1:colcon.colcon_core.package_identification:_identify(turtlebot3_fake_node) by extension 'colcon_meta'
[1.184s] Level 1:colcon.colcon_core.package_identification:_identify(turtlebot3_fake_node) by extensions ['ros']
[1.184s] Level 1:colcon.colcon_core.package_identification:_identify(turtlebot3_fake_node) by extension 'ros'
[1.187s] DEBUG:colcon.colcon_core.package_identification:Package 'turtlebot3_fake_node' with type 'ros.ament_cmake' and name 'turtlebot3_fake_node'
[1.187s] Level 1:colcon.colcon_core.package_identification:_identify(turtlebot3_gazebo) by extensions ['ignore', 'ignore_ament_install']
[1.187s] Level 1:colcon.colcon_core.package_identification:_identify(turtlebot3_gazebo) by extension 'ignore'
[1.187s] Level 1:colcon.colcon_core.package_identification:_identify(turtlebot3_gazebo) by extension 'ignore_ament_install'
[1.187s] Level 1:colcon.colcon_core.package_identification:_identify(turtlebot3_gazebo) by extensions ['colcon_pkg']
[1.187s] Level 1:colcon.colcon_core.package_identification:_identify(turtlebot3_gazebo) by extension 'colcon_pkg'
[1.187s] Level 1:colcon.colcon_core.package_identification:_identify(turtlebot3_gazebo) by extensions ['colcon_meta']
[1.187s] Level 1:colcon.colcon_core.package_identification:_identify(turtlebot3_gazebo) by extension 'colcon_meta'
[1.187s] Level 1:colcon.colcon_core.package_identification:_identify(turtlebot3_gazebo) by extensions ['ros']
[1.187s] Level 1:colcon.colcon_core.package_identification:_identify(turtlebot3_gazebo) by extension 'ros'
[1.188s] DEBUG:colcon.colcon_core.package_identification:Package 'turtlebot3_gazebo' with type 'ros.ament_cmake' and name 'turtlebot3_gazebo'
[1.190s] Level 1:colcon.colcon_core.package_identification:_identify(turtlebot3_simulations) by extensions ['ignore', 'ignore_ament_install']
[1.191s] Level 1:colcon.colcon_core.package_identification:_identify(turtlebot3_simulations) by extension 'ignore'
[1.191s] Level 1:colcon.colcon_core.package_identification:_identify(turtlebot3_simulations) by extension 'ignore_ament_install'
[1.191s] Level 1:colcon.colcon_core.package_identification:_identify(turtlebot3_simulations) by extensions ['colcon_pkg']
[1.191s] Level 1:colcon.colcon_core.package_identification:_identify(turtlebot3_simulations) by extension 'colcon_pkg'
[1.191s] Level 1:colcon.colcon_core.package_identification:_identify(turtlebot3_simulations) by extensions ['colcon_meta']
[1.191s] Level 1:colcon.colcon_core.package_identification:_identify(turtlebot3_simulations) by extension 'colcon_meta'
[1.191s] Level 1:colcon.colcon_core.package_identification:_identify(turtlebot3_simulations) by extensions ['ros']
[1.191s] Level 1:colcon.colcon_core.package_identification:_identify(turtlebot3_simulations) by extension 'ros'
[1.192s] DEBUG:colcon.colcon_core.package_identification:Package 'turtlebot3_simulations' with type 'ros.ament_cmake' and name 'turtlebot3_simulations'
[1.192s] Level 1:colcon.colcon_core.package_discovery:discover_packages(recursive) using defaults
[1.192s] Level 1:colcon.colcon_core.package_discovery:discover_packages(ignore) discover
[1.192s] Level 1:colcon.colcon_core.package_discovery:discover_packages(ignore) using defaults
[1.192s] Level 1:colcon.colcon_core.package_discovery:discover_packages(path) discover
[1.192s] Level 1:colcon.colcon_core.package_discovery:discover_packages(path) using defaults
[1.264s] Level 5:colcon.colcon_core.verb:set package 'turtlebot3_fake_node' build argument 'cmake_args' from command line to 'None'
[1.264s] Level 5:colcon.colcon_core.verb:set package 'turtlebot3_fake_node' build argument 'cmake_target' from command line to 'None'
[1.264s] Level 5:colcon.colcon_core.verb:set package 'turtlebot3_fake_node' build argument 'cmake_target_skip_unavailable' from command line to 'False'
[1.264s] Level 5:colcon.colcon_core.verb:set package 'turtlebot3_fake_node' build argument 'cmake_clean_cache' from command line to 'False'
[1.264s] Level 5:colcon.colcon_core.verb:set package 'turtlebot3_fake_node' build argument 'cmake_clean_first' from command line to 'False'
[1.264s] Level 5:colcon.colcon_core.verb:set package 'turtlebot3_fake_node' build argument 'cmake_force_configure' from command line to 'False'
[1.264s] Level 5:colcon.colcon_core.verb:set package 'turtlebot3_fake_node' build argument 'ament_cmake_args' from command line to 'None'
[1.264s] Level 5:colcon.colcon_core.verb:set package 'turtlebot3_fake_node' build argument 'catkin_cmake_args' from command line to 'None'
[1.264s] Level 5:colcon.colcon_core.verb:set package 'turtlebot3_fake_node' build argument 'catkin_skip_building_tests' from command line to 'False'
[1.265s] DEBUG:colcon.colcon_core.verb:Building package 'turtlebot3_fake_node' with the following arguments: {'ament_cmake_args': None, 'build_base': '/home/ros/turtlebot3/turtlebot3_simulations-2.2.5/build/turtlebot3_fake_node', 'catkin_cmake_args': None, 'catkin_skip_building_tests': False, 'cmake_args': None, 'cmake_clean_cache': False, 'cmake_clean_first': False, 'cmake_force_configure': False, 'cmake_target': None, 'cmake_target_skip_unavailable': False, 'install_base': '/home/ros/turtlebot3/turtlebot3_simulations-2.2.5/install/turtlebot3_fake_node', 'merge_install': False, 'path': '/home/ros/turtlebot3/turtlebot3_simulations-2.2.5/turtlebot3_fake_node', 'symlink_install': True, 'test_result_base': None}
[1.276s] Level 5:colcon.colcon_core.verb:set package 'turtlebot3_gazebo' build argument 'cmake_args' from command line to 'None'
[1.276s] Level 5:colcon.colcon_core.verb:set package 'turtlebot3_gazebo' build argument 'cmake_target' from command line to 'None'
[1.276s] Level 5:colcon.colcon_core.verb:set package 'turtlebot3_gazebo' build argument 'cmake_target_skip_unavailable' from command line to 'False'
[1.276s] Level 5:colcon.colcon_core.verb:set package 'turtlebot3_gazebo' build argument 'cmake_clean_cache' from command line to 'False'
[1.276s] Level 5:colcon.colcon_core.verb:set package 'turtlebot3_gazebo' build argument 'cmake_clean_first' from command line to 'False'
[1.276s] Level 5:colcon.colcon_core.verb:set package 'turtlebot3_gazebo' build argument 'cmake_force_configure' from command line to 'False'
[1.276s] Level 5:colcon.colcon_core.verb:set package 'turtlebot3_gazebo' build argument 'ament_cmake_args' from command line to 'None'
[1.276s] Level 5:colcon.colcon_core.verb:set package 'turtlebot3_gazebo' build argument 'catkin_cmake_args' from command line to 'None'
[1.276s] Level 5:colcon.colcon_core.verb:set package 'turtlebot3_gazebo' build argument 'catkin_skip_building_tests' from command line to 'False'
[1.276s] DEBUG:colcon.colcon_core.verb:Building package 'turtlebot3_gazebo' with the following arguments: {'ament_cmake_args': None, 'build_base': '/home/ros/turtlebot3/turtlebot3_simulations-2.2.5/build/turtlebot3_gazebo', 'catkin_cmake_args': None, 'catkin_skip_building_tests': False, 'cmake_args': None, 'cmake_clean_cache': False, 'cmake_clean_first': False, 'cmake_force_configure': False, 'cmake_target': None, 'cmake_target_skip_unavailable': False, 'install_base': '/home/ros/turtlebot3/turtlebot3_simulations-2.2.5/install/turtlebot3_gazebo', 'merge_install': False, 'path': '/home/ros/turtlebot3/turtlebot3_simulations-2.2.5/turtlebot3_gazebo', 'symlink_install': True, 'test_result_base': None}
[1.287s] Level 5:colcon.colcon_core.verb:set package 'turtlebot3_simulations' build argument 'cmake_args' from command line to 'None'
[1.287s] Level 5:colcon.colcon_core.verb:set package 'turtlebot3_simulations' build argument 'cmake_target' from command line to 'None'
[1.288s] Level 5:colcon.colcon_core.verb:set package 'turtlebot3_simulations' build argument 'cmake_target_skip_unavailable' from command line to 'False'
[1.288s] Level 5:colcon.colcon_core.verb:set package 'turtlebot3_simulations' build argument 'cmake_clean_cache' from command line to 'False'
[1.288s] Level 5:colcon.colcon_core.verb:set package 'turtlebot3_simulations' build argument 'cmake_clean_first' from command line to 'False'
[1.288s] Level 5:colcon.colcon_core.verb:set package 'turtlebot3_simulations' build argument 'cmake_force_configure' from command line to 'False'
[1.288s] Level 5:colcon.colcon_core.verb:set package 'turtlebot3_simulations' build argument 'ament_cmake_args' from command line to 'None'
[1.288s] Level 5:colcon.colcon_core.verb:set package 'turtlebot3_simulations' build argument 'catkin_cmake_args' from command line to 'None'
[1.288s] Level 5:colcon.colcon_core.verb:set package 'turtlebot3_simulations' build argument 'catkin_skip_building_tests' from command line to 'False'
[1.288s] DEBUG:colcon.colcon_core.verb:Building package 'turtlebot3_simulations' with the following arguments: {'ament_cmake_args': None, 'build_base': '/home/ros/turtlebot3/turtlebot3_simulations-2.2.5/build/turtlebot3_simulations', 'catkin_cmake_args': None, 'catkin_skip_building_tests': False, 'cmake_args': None, 'cmake_clean_cache': False, 'cmake_clean_first': False, 'cmake_force_configure': False, 'cmake_target': None, 'cmake_target_skip_unavailable': False, 'install_base': '/home/ros/turtlebot3/turtlebot3_simulations-2.2.5/install/turtlebot3_simulations', 'merge_install': False, 'path': '/home/ros/turtlebot3/turtlebot3_simulations-2.2.5/turtlebot3_simulations', 'symlink_install': True, 'test_result_base': None}
[1.298s] INFO:colcon.colcon_core.executor:Executing jobs using 'parallel' executor
[1.310s] DEBUG:colcon.colcon_parallel_executor.executor.parallel:run_until_complete
[1.310s] INFO:colcon.colcon_ros.task.ament_cmake.build:Building ROS package in '/home/ros/turtlebot3/turtlebot3_simulations-2.2.5/turtlebot3_fake_node' with build type 'ament_cmake'
[1.310s] INFO:colcon.colcon_cmake.task.cmake.build:Building CMake package in '/home/ros/turtlebot3/turtlebot3_simulations-2.2.5/turtlebot3_fake_node'
[1.329s] INFO:colcon.colcon_core.plugin_system:Skipping extension 'colcon_core.shell.bat': Not used on non-Windows systems
[1.329s] INFO:colcon.colcon_core.shell:Skip shell extension 'powershell' for command environment: Not usable outside of PowerShell
[1.329s] DEBUG:colcon.colcon_core.shell:Skip shell extension 'dsv' for command environment
[1.403s] INFO:colcon.colcon_ros.task.ament_cmake.build:Building ROS package in '/home/ros/turtlebot3/turtlebot3_simulations-2.2.5/turtlebot3_gazebo' with build type 'ament_cmake'
[1.403s] INFO:colcon.colcon_cmake.task.cmake.build:Building CMake package in '/home/ros/turtlebot3/turtlebot3_simulations-2.2.5/turtlebot3_gazebo'
[1.416s] INFO:colcon.colcon_core.shell:Skip shell extension 'powershell' for command environment: Not usable outside of PowerShell
[1.417s] DEBUG:colcon.colcon_core.shell:Skip shell extension 'dsv' for command environment
[1.493s] DEBUG:colcon.colcon_core.event_handler.log_command:Invoking command in '/home/ros/turtlebot3/turtlebot3_simulations-2.2.5/build/turtlebot3_fake_node': CMAKE_PREFIX_PATH=${CMAKE_PREFIX_PATH}:/home/ros/turtlebot3/turtlebot3-2.1.5/install/turtlebot3_teleop:/home/ros/turtlebot3/turtlebot3-2.1.5/install/turtlebot3_example:/opt/ros/humble /usr/bin/cmake --build /home/ros/turtlebot3/turtlebot3_simulations-2.2.5/build/turtlebot3_fake_node -- -j8 -l8
[1.499s] DEBUG:colcon.colcon_core.event_handler.log_command:Invoking command in '/home/ros/turtlebot3/turtlebot3_simulations-2.2.5/build/turtlebot3_gazebo': CMAKE_PREFIX_PATH=${CMAKE_PREFIX_PATH}:/home/ros/turtlebot3/turtlebot3-2.1.5/install/turtlebot3_teleop:/home/ros/turtlebot3/turtlebot3-2.1.5/install/turtlebot3_example:/opt/ros/humble /usr/bin/cmake --build /home/ros/turtlebot3/turtlebot3_simulations-2.2.5/build/turtlebot3_gazebo -- -j8 -l8
[1.625s] DEBUG:colcon.colcon_core.event_handler.log_command:Invoked command in '/home/ros/turtlebot3/turtlebot3_simulations-2.2.5/build/turtlebot3_fake_node' returned '0': CMAKE_PREFIX_PATH=${CMAKE_PREFIX_PATH}:/home/ros/turtlebot3/turtlebot3-2.1.5/install/turtlebot3_teleop:/home/ros/turtlebot3/turtlebot3-2.1.5/install/turtlebot3_example:/opt/ros/humble /usr/bin/cmake --build /home/ros/turtlebot3/turtlebot3_simulations-2.2.5/build/turtlebot3_fake_node -- -j8 -l8
[1.665s] DEBUG:colcon.colcon_core.event_handler.log_command:Invoking command in '/home/ros/turtlebot3/turtlebot3_simulations-2.2.5/build/turtlebot3_fake_node': CMAKE_PREFIX_PATH=${CMAKE_PREFIX_PATH}:/home/ros/turtlebot3/turtlebot3-2.1.5/install/turtlebot3_teleop:/home/ros/turtlebot3/turtlebot3-2.1.5/install/turtlebot3_example:/opt/ros/humble /usr/bin/cmake --install /home/ros/turtlebot3/turtlebot3_simulations-2.2.5/build/turtlebot3_fake_node
[1.690s] DEBUG:colcon.colcon_core.event_handler.log_command:Invoked command in '/home/ros/turtlebot3/turtlebot3_simulations-2.2.5/build/turtlebot3_gazebo' returned '0': CMAKE_PREFIX_PATH=${CMAKE_PREFIX_PATH}:/home/ros/turtlebot3/turtlebot3-2.1.5/install/turtlebot3_teleop:/home/ros/turtlebot3/turtlebot3-2.1.5/install/turtlebot3_example:/opt/ros/humble /usr/bin/cmake --build /home/ros/turtlebot3/turtlebot3_simulations-2.2.5/build/turtlebot3_gazebo -- -j8 -l8
[1.695s] Level 1:colcon.colcon_core.environment:create_environment_scripts_only(turtlebot3_fake_node)
[1.696s] DEBUG:colcon.colcon_core.event_handler.log_command:Invoked command in '/home/ros/turtlebot3/turtlebot3_simulations-2.2.5/build/turtlebot3_fake_node' returned '0': CMAKE_PREFIX_PATH=${CMAKE_PREFIX_PATH}:/home/ros/turtlebot3/turtlebot3-2.1.5/install/turtlebot3_teleop:/home/ros/turtlebot3/turtlebot3-2.1.5/install/turtlebot3_example:/opt/ros/humble /usr/bin/cmake --install /home/ros/turtlebot3/turtlebot3_simulations-2.2.5/build/turtlebot3_fake_node
[1.715s] Level 1:colcon.colcon_core.environment:checking '/home/ros/turtlebot3/turtlebot3_simulations-2.2.5/install/turtlebot3_fake_node' for CMake module files
[1.716s] Level 1:colcon.colcon_core.environment:checking '/home/ros/turtlebot3/turtlebot3_simulations-2.2.5/install/turtlebot3_fake_node' for CMake config files
[1.717s] Level 1:colcon.colcon_core.shell:create_environment_hook('turtlebot3_fake_node', 'cmake_prefix_path')
[1.732s] INFO:colcon.colcon_core.shell:Creating environment hook '/home/ros/turtlebot3/turtlebot3_simulations-2.2.5/install/turtlebot3_fake_node/share/turtlebot3_fake_node/hook/cmake_prefix_path.ps1'
[1.733s] INFO:colcon.colcon_core.shell:Creating environment descriptor '/home/ros/turtlebot3/turtlebot3_simulations-2.2.5/install/turtlebot3_fake_node/share/turtlebot3_fake_node/hook/cmake_prefix_path.dsv'
[1.734s] INFO:colcon.colcon_core.shell:Creating environment hook '/home/ros/turtlebot3/turtlebot3_simulations-2.2.5/install/turtlebot3_fake_node/share/turtlebot3_fake_node/hook/cmake_prefix_path.sh'
[1.735s] Level 1:colcon.colcon_core.environment:checking '/home/ros/turtlebot3/turtlebot3_simulations-2.2.5/install/turtlebot3_fake_node/lib'
[1.736s] Level 1:colcon.colcon_core.environment:checking '/home/ros/turtlebot3/turtlebot3_simulations-2.2.5/install/turtlebot3_fake_node/bin'
[1.736s] Level 1:colcon.colcon_core.environment:checking '/home/ros/turtlebot3/turtlebot3_simulations-2.2.5/install/turtlebot3_fake_node/lib/pkgconfig/turtlebot3_fake_node.pc'
[1.739s] Level 1:colcon.colcon_core.environment:checking '/home/ros/turtlebot3/turtlebot3_simulations-2.2.5/install/turtlebot3_fake_node/lib/python3.10/site-packages'
[1.739s] Level 1:colcon.colcon_core.environment:checking '/home/ros/turtlebot3/turtlebot3_simulations-2.2.5/install/turtlebot3_fake_node/bin'
[1.758s] INFO:colcon.colcon_core.shell:Creating package script '/home/ros/turtlebot3/turtlebot3_simulations-2.2.5/install/turtlebot3_fake_node/share/turtlebot3_fake_node/package.ps1'
[1.759s] INFO:colcon.colcon_core.shell:Creating package descriptor '/home/ros/turtlebot3/turtlebot3_simulations-2.2.5/install/turtlebot3_fake_node/share/turtlebot3_fake_node/package.dsv'
[1.760s] INFO:colcon.colcon_core.shell:Creating package script '/home/ros/turtlebot3/turtlebot3_simulations-2.2.5/install/turtlebot3_fake_node/share/turtlebot3_fake_node/package.sh'
[1.761s] INFO:colcon.colcon_core.shell:Creating package script '/home/ros/turtlebot3/turtlebot3_simulations-2.2.5/install/turtlebot3_fake_node/share/turtlebot3_fake_node/package.bash'
[1.761s] INFO:colcon.colcon_core.shell:Creating package script '/home/ros/turtlebot3/turtlebot3_simulations-2.2.5/install/turtlebot3_fake_node/share/turtlebot3_fake_node/package.zsh'
[1.762s] Level 1:colcon.colcon_core.environment:create_file_with_runtime_dependencies(/home/ros/turtlebot3/turtlebot3_simulations-2.2.5/install/turtlebot3_fake_node/share/colcon-core/packages/turtlebot3_fake_node)
[1.765s] DEBUG:colcon.colcon_core.event_handler.log_command:Invoking command in '/home/ros/turtlebot3/turtlebot3_simulations-2.2.5/build/turtlebot3_gazebo': CMAKE_PREFIX_PATH=${CMAKE_PREFIX_PATH}:/home/ros/turtlebot3/turtlebot3-2.1.5/install/turtlebot3_teleop:/home/ros/turtlebot3/turtlebot3-2.1.5/install/turtlebot3_example:/opt/ros/humble /usr/bin/cmake --install /home/ros/turtlebot3/turtlebot3_simulations-2.2.5/build/turtlebot3_gazebo
[1.807s] Level 1:colcon.colcon_core.environment:create_environment_scripts_only(turtlebot3_fake_node)
[1.822s] Level 1:colcon.colcon_core.environment:checking '/home/ros/turtlebot3/turtlebot3_simulations-2.2.5/install/turtlebot3_fake_node' for CMake module files
[1.822s] Level 1:colcon.colcon_core.environment:checking '/home/ros/turtlebot3/turtlebot3_simulations-2.2.5/install/turtlebot3_fake_node' for CMake config files
[1.823s] Level 1:colcon.colcon_core.shell:create_environment_hook('turtlebot3_fake_node', 'cmake_prefix_path')
[1.839s] INFO:colcon.colcon_core.shell:Creating environment hook '/home/ros/turtlebot3/turtlebot3_simulations-2.2.5/install/turtlebot3_fake_node/share/turtlebot3_fake_node/hook/cmake_prefix_path.ps1'
[1.839s] INFO:colcon.colcon_core.shell:Creating environment descriptor '/home/ros/turtlebot3/turtlebot3_simulations-2.2.5/install/turtlebot3_fake_node/share/turtlebot3_fake_node/hook/cmake_prefix_path.dsv'
[1.840s] INFO:colcon.colcon_core.shell:Creating environment hook '/home/ros/turtlebot3/turtlebot3_simulations-2.2.5/install/turtlebot3_fake_node/share/turtlebot3_fake_node/hook/cmake_prefix_path.sh'
[1.841s] Level 1:colcon.colcon_core.environment:checking '/home/ros/turtlebot3/turtlebot3_simulations-2.2.5/install/turtlebot3_fake_node/lib'
[1.841s] Level 1:colcon.colcon_core.environment:checking '/home/ros/turtlebot3/turtlebot3_simulations-2.2.5/install/turtlebot3_fake_node/bin'
[1.842s] Level 1:colcon.colcon_core.environment:checking '/home/ros/turtlebot3/turtlebot3_simulations-2.2.5/install/turtlebot3_fake_node/lib/pkgconfig/turtlebot3_fake_node.pc'
[1.842s] Level 1:colcon.colcon_core.environment:checking '/home/ros/turtlebot3/turtlebot3_simulations-2.2.5/install/turtlebot3_fake_node/lib/python3.10/site-packages'
[1.843s] Level 1:colcon.colcon_core.environment:checking '/home/ros/turtlebot3/turtlebot3_simulations-2.2.5/install/turtlebot3_fake_node/bin'
[1.857s] INFO:colcon.colcon_core.shell:Creating package script '/home/ros/turtlebot3/turtlebot3_simulations-2.2.5/install/turtlebot3_fake_node/share/turtlebot3_fake_node/package.ps1'
[1.858s] INFO:colcon.colcon_core.shell:Creating package descriptor '/home/ros/turtlebot3/turtlebot3_simulations-2.2.5/install/turtlebot3_fake_node/share/turtlebot3_fake_node/package.dsv'
[1.859s] INFO:colcon.colcon_core.shell:Creating package script '/home/ros/turtlebot3/turtlebot3_simulations-2.2.5/install/turtlebot3_fake_node/share/turtlebot3_fake_node/package.sh'
[1.860s] INFO:colcon.colcon_core.shell:Creating package script '/home/ros/turtlebot3/turtlebot3_simulations-2.2.5/install/turtlebot3_fake_node/share/turtlebot3_fake_node/package.bash'
[1.861s] INFO:colcon.colcon_core.shell:Creating package script '/home/ros/turtlebot3/turtlebot3_simulations-2.2.5/install/turtlebot3_fake_node/share/turtlebot3_fake_node/package.zsh'
[1.861s] Level 1:colcon.colcon_core.environment:create_file_with_runtime_dependencies(/home/ros/turtlebot3/turtlebot3_simulations-2.2.5/install/turtlebot3_fake_node/share/colcon-core/packages/turtlebot3_fake_node)
[1.862s] Level 1:colcon.colcon_core.environment:create_environment_scripts_only(turtlebot3_gazebo)
[1.863s] DEBUG:colcon.colcon_core.event_handler.log_command:Invoked command in '/home/ros/turtlebot3/turtlebot3_simulations-2.2.5/build/turtlebot3_gazebo' returned '0': CMAKE_PREFIX_PATH=${CMAKE_PREFIX_PATH}:/home/ros/turtlebot3/turtlebot3-2.1.5/install/turtlebot3_teleop:/home/ros/turtlebot3/turtlebot3-2.1.5/install/turtlebot3_example:/opt/ros/humble /usr/bin/cmake --install /home/ros/turtlebot3/turtlebot3_simulations-2.2.5/build/turtlebot3_gazebo
[1.876s] Level 1:colcon.colcon_core.environment:checking '/home/ros/turtlebot3/turtlebot3_simulations-2.2.5/install/turtlebot3_gazebo' for CMake module files
[1.876s] Level 1:colcon.colcon_core.environment:checking '/home/ros/turtlebot3/turtlebot3_simulations-2.2.5/install/turtlebot3_gazebo' for CMake config files
[1.877s] Level 1:colcon.colcon_core.shell:create_environment_hook('turtlebot3_gazebo', 'cmake_prefix_path')
[1.890s] INFO:colcon.colcon_core.shell:Creating environment hook '/home/ros/turtlebot3/turtlebot3_simulations-2.2.5/install/turtlebot3_gazebo/share/turtlebot3_gazebo/hook/cmake_prefix_path.ps1'
[1.891s] INFO:colcon.colcon_core.shell:Creating environment descriptor '/home/ros/turtlebot3/turtlebot3_simulations-2.2.5/install/turtlebot3_gazebo/share/turtlebot3_gazebo/hook/cmake_prefix_path.dsv'
[1.892s] INFO:colcon.colcon_core.shell:Creating environment hook '/home/ros/turtlebot3/turtlebot3_simulations-2.2.5/install/turtlebot3_gazebo/share/turtlebot3_gazebo/hook/cmake_prefix_path.sh'
[1.892s] Level 1:colcon.colcon_core.environment:checking '/home/ros/turtlebot3/turtlebot3_simulations-2.2.5/install/turtlebot3_gazebo/lib'
[1.892s] Level 1:colcon.colcon_core.environment:checking '/home/ros/turtlebot3/turtlebot3_simulations-2.2.5/install/turtlebot3_gazebo/bin'
[1.892s] Level 1:colcon.colcon_core.environment:checking '/home/ros/turtlebot3/turtlebot3_simulations-2.2.5/install/turtlebot3_gazebo/lib/pkgconfig/turtlebot3_gazebo.pc'
[1.893s] Level 1:colcon.colcon_core.environment:checking '/home/ros/turtlebot3/turtlebot3_simulations-2.2.5/install/turtlebot3_gazebo/lib/python3.10/site-packages'
[1.893s] Level 1:colcon.colcon_core.environment:checking '/home/ros/turtlebot3/turtlebot3_simulations-2.2.5/install/turtlebot3_gazebo/bin'
[1.908s] INFO:colcon.colcon_core.shell:Creating package script '/home/ros/turtlebot3/turtlebot3_simulations-2.2.5/install/turtlebot3_gazebo/share/turtlebot3_gazebo/package.ps1'
[1.908s] INFO:colcon.colcon_core.shell:Creating package descriptor '/home/ros/turtlebot3/turtlebot3_simulations-2.2.5/install/turtlebot3_gazebo/share/turtlebot3_gazebo/package.dsv'
[1.909s] INFO:colcon.colcon_core.shell:Creating package script '/home/ros/turtlebot3/turtlebot3_simulations-2.2.5/install/turtlebot3_gazebo/share/turtlebot3_gazebo/package.sh'
[1.909s] INFO:colcon.colcon_core.shell:Creating package script '/home/ros/turtlebot3/turtlebot3_simulations-2.2.5/install/turtlebot3_gazebo/share/turtlebot3_gazebo/package.bash'
[1.909s] INFO:colcon.colcon_core.shell:Creating package script '/home/ros/turtlebot3/turtlebot3_simulations-2.2.5/install/turtlebot3_gazebo/share/turtlebot3_gazebo/package.zsh'
[1.910s] Level 1:colcon.colcon_core.environment:create_file_with_runtime_dependencies(/home/ros/turtlebot3/turtlebot3_simulations-2.2.5/install/turtlebot3_gazebo/share/colcon-core/packages/turtlebot3_gazebo)
[1.970s] Level 1:colcon.colcon_core.environment:create_environment_scripts_only(turtlebot3_gazebo)
[1.982s] Level 1:colcon.colcon_core.environment:checking '/home/ros/turtlebot3/turtlebot3_simulations-2.2.5/install/turtlebot3_gazebo' for CMake module files
[1.983s] Level 1:colcon.colcon_core.environment:checking '/home/ros/turtlebot3/turtlebot3_simulations-2.2.5/install/turtlebot3_gazebo' for CMake config files
[1.983s] Level 1:colcon.colcon_core.shell:create_environment_hook('turtlebot3_gazebo', 'cmake_prefix_path')
[1.997s] INFO:colcon.colcon_core.shell:Creating environment hook '/home/ros/turtlebot3/turtlebot3_simulations-2.2.5/install/turtlebot3_gazebo/share/turtlebot3_gazebo/hook/cmake_prefix_path.ps1'
[1.998s] INFO:colcon.colcon_core.shell:Creating environment descriptor '/home/ros/turtlebot3/turtlebot3_simulations-2.2.5/install/turtlebot3_gazebo/share/turtlebot3_gazebo/hook/cmake_prefix_path.dsv'
[1.998s] INFO:colcon.colcon_core.shell:Creating environment hook '/home/ros/turtlebot3/turtlebot3_simulations-2.2.5/install/turtlebot3_gazebo/share/turtlebot3_gazebo/hook/cmake_prefix_path.sh'
[1.999s] Level 1:colcon.colcon_core.environment:checking '/home/ros/turtlebot3/turtlebot3_simulations-2.2.5/install/turtlebot3_gazebo/lib'
[1.999s] Level 1:colcon.colcon_core.environment:checking '/home/ros/turtlebot3/turtlebot3_simulations-2.2.5/install/turtlebot3_gazebo/bin'
[1.999s] Level 1:colcon.colcon_core.environment:checking '/home/ros/turtlebot3/turtlebot3_simulations-2.2.5/install/turtlebot3_gazebo/lib/pkgconfig/turtlebot3_gazebo.pc'
[1.999s] Level 1:colcon.colcon_core.environment:checking '/home/ros/turtlebot3/turtlebot3_simulations-2.2.5/install/turtlebot3_gazebo/lib/python3.10/site-packages'
[2.000s] Level 1:colcon.colcon_core.environment:checking '/home/ros/turtlebot3/turtlebot3_simulations-2.2.5/install/turtlebot3_gazebo/bin'
[2.011s] INFO:colcon.colcon_core.shell:Creating package script '/home/ros/turtlebot3/turtlebot3_simulations-2.2.5/install/turtlebot3_gazebo/share/turtlebot3_gazebo/package.ps1'
[2.012s] INFO:colcon.colcon_core.shell:Creating package descriptor '/home/ros/turtlebot3/turtlebot3_simulations-2.2.5/install/turtlebot3_gazebo/share/turtlebot3_gazebo/package.dsv'
[2.013s] INFO:colcon.colcon_core.shell:Creating package script '/home/ros/turtlebot3/turtlebot3_simulations-2.2.5/install/turtlebot3_gazebo/share/turtlebot3_gazebo/package.sh'
[2.013s] INFO:colcon.colcon_core.shell:Creating package script '/home/ros/turtlebot3/turtlebot3_simulations-2.2.5/install/turtlebot3_gazebo/share/turtlebot3_gazebo/package.bash'
[2.013s] INFO:colcon.colcon_core.shell:Creating package script '/home/ros/turtlebot3/turtlebot3_simulations-2.2.5/install/turtlebot3_gazebo/share/turtlebot3_gazebo/package.zsh'
[2.014s] Level 1:colcon.colcon_core.environment:create_file_with_runtime_dependencies(/home/ros/turtlebot3/turtlebot3_simulations-2.2.5/install/turtlebot3_gazebo/share/colcon-core/packages/turtlebot3_gazebo)
[2.014s] INFO:colcon.colcon_ros.task.ament_cmake.build:Building ROS package in '/home/ros/turtlebot3/turtlebot3_simulations-2.2.5/turtlebot3_simulations' with build type 'ament_cmake'
[2.014s] INFO:colcon.colcon_cmake.task.cmake.build:Building CMake package in '/home/ros/turtlebot3/turtlebot3_simulations-2.2.5/turtlebot3_simulations'
[2.027s] INFO:colcon.colcon_core.shell:Skip shell extension 'powershell' for command environment: Not usable outside of PowerShell
[2.027s] DEBUG:colcon.colcon_core.shell:Skip shell extension 'dsv' for command environment
[2.118s] DEBUG:colcon.colcon_core.event_handler.log_command:Invoking command in '/home/ros/turtlebot3/turtlebot3_simulations-2.2.5/build/turtlebot3_simulations': CMAKE_PREFIX_PATH=/home/ros/turtlebot3/turtlebot3_simulations-2.2.5/install/turtlebot3_gazebo:/home/ros/turtlebot3/turtlebot3_simulations-2.2.5/install/turtlebot3_fake_node:/home/ros/turtlebot3/DynamixelSDK/install/dynamixel_sdk_examples:/home/ros/turtlebot3/DynamixelSDK/install/dynamixel_sdk_custom_interfaces:/home/ros/turtlebot3/DynamixelSDK/install/dynamixel_sdk:/home/ros/turtlebot3/turtlebot3-2.1.5/install/turtlebot3:/home/ros/turtlebot3/turtlebot3-2.1.5/install/turtlebot3_bringup:/home/ros/turtlebot3/turtlebot3-2.1.5/install/turtlebot3_node:/home/ros/turtlebot3/turtlebot3-2.1.5/install/turtlebot3_navigation2:/home/ros/turtlebot3/turtlebot3-2.1.5/install/turtlebot3_description:/home/ros/turtlebot3/turtlebot3-2.1.5/install/turtlebot3_cartographer:/home/ros/turtlebot3/turtlebot3_msgs-2.2.3/install/turtlebot3_msgs:/home/ros/turtlebot3/turtlebot3_simulations-2.2.5/install/turtlebot3_simulations:/home/ros/turtlebot3/turtlebot3-2.1.5/install/turtlebot3_teleop:/home/ros/turtlebot3/turtlebot3-2.1.5/install/turtlebot3_example:/opt/ros/humble /usr/bin/cmake --build /home/ros/turtlebot3/turtlebot3_simulations-2.2.5/build/turtlebot3_simulations -- -j8 -l8
[2.158s] DEBUG:colcon.colcon_core.event_handler.log_command:Invoked command in '/home/ros/turtlebot3/turtlebot3_simulations-2.2.5/build/turtlebot3_simulations' returned '0': CMAKE_PREFIX_PATH=/home/ros/turtlebot3/turtlebot3_simulations-2.2.5/install/turtlebot3_gazebo:/home/ros/turtlebot3/turtlebot3_simulations-2.2.5/install/turtlebot3_fake_node:/home/ros/turtlebot3/DynamixelSDK/install/dynamixel_sdk_examples:/home/ros/turtlebot3/DynamixelSDK/install/dynamixel_sdk_custom_interfaces:/home/ros/turtlebot3/DynamixelSDK/install/dynamixel_sdk:/home/ros/turtlebot3/turtlebot3-2.1.5/install/turtlebot3:/home/ros/turtlebot3/turtlebot3-2.1.5/install/turtlebot3_bringup:/home/ros/turtlebot3/turtlebot3-2.1.5/install/turtlebot3_node:/home/ros/turtlebot3/turtlebot3-2.1.5/install/turtlebot3_navigation2:/home/ros/turtlebot3/turtlebot3-2.1.5/install/turtlebot3_description:/home/ros/turtlebot3/turtlebot3-2.1.5/install/turtlebot3_cartographer:/home/ros/turtlebot3/turtlebot3_msgs-2.2.3/install/turtlebot3_msgs:/home/ros/turtlebot3/turtlebot3_simulations-2.2.5/install/turtlebot3_simulations:/home/ros/turtlebot3/turtlebot3-2.1.5/install/turtlebot3_teleop:/home/ros/turtlebot3/turtlebot3-2.1.5/install/turtlebot3_example:/opt/ros/humble /usr/bin/cmake --build /home/ros/turtlebot3/turtlebot3_simulations-2.2.5/build/turtlebot3_simulations -- -j8 -l8
[2.180s] DEBUG:colcon.colcon_core.event_handler.log_command:Invoking command in '/home/ros/turtlebot3/turtlebot3_simulations-2.2.5/build/turtlebot3_simulations': CMAKE_PREFIX_PATH=/home/ros/turtlebot3/turtlebot3_simulations-2.2.5/install/turtlebot3_gazebo:/home/ros/turtlebot3/turtlebot3_simulations-2.2.5/install/turtlebot3_fake_node:/home/ros/turtlebot3/DynamixelSDK/install/dynamixel_sdk_examples:/home/ros/turtlebot3/DynamixelSDK/install/dynamixel_sdk_custom_interfaces:/home/ros/turtlebot3/DynamixelSDK/install/dynamixel_sdk:/home/ros/turtlebot3/turtlebot3-2.1.5/install/turtlebot3:/home/ros/turtlebot3/turtlebot3-2.1.5/install/turtlebot3_bringup:/home/ros/turtlebot3/turtlebot3-2.1.5/install/turtlebot3_node:/home/ros/turtlebot3/turtlebot3-2.1.5/install/turtlebot3_navigation2:/home/ros/turtlebot3/turtlebot3-2.1.5/install/turtlebot3_description:/home/ros/turtlebot3/turtlebot3-2.1.5/install/turtlebot3_cartographer:/home/ros/turtlebot3/turtlebot3_msgs-2.2.3/install/turtlebot3_msgs:/home/ros/turtlebot3/turtlebot3_simulations-2.2.5/install/turtlebot3_simulations:/home/ros/turtlebot3/turtlebot3-2.1.5/install/turtlebot3_teleop:/home/ros/turtlebot3/turtlebot3-2.1.5/install/turtlebot3_example:/opt/ros/humble /usr/bin/cmake --install /home/ros/turtlebot3/turtlebot3_simulations-2.2.5/build/turtlebot3_simulations
[2.200s] Level 1:colcon.colcon_core.environment:create_environment_scripts_only(turtlebot3_simulations)
[2.201s] DEBUG:colcon.colcon_core.event_handler.log_command:Invoked command in '/home/ros/turtlebot3/turtlebot3_simulations-2.2.5/build/turtlebot3_simulations' returned '0': CMAKE_PREFIX_PATH=/home/ros/turtlebot3/turtlebot3_simulations-2.2.5/install/turtlebot3_gazebo:/home/ros/turtlebot3/turtlebot3_simulations-2.2.5/install/turtlebot3_fake_node:/home/ros/turtlebot3/DynamixelSDK/install/dynamixel_sdk_examples:/home/ros/turtlebot3/DynamixelSDK/install/dynamixel_sdk_custom_interfaces:/home/ros/turtlebot3/DynamixelSDK/install/dynamixel_sdk:/home/ros/turtlebot3/turtlebot3-2.1.5/install/turtlebot3:/home/ros/turtlebot3/turtlebot3-2.1.5/install/turtlebot3_bringup:/home/ros/turtlebot3/turtlebot3-2.1.5/install/turtlebot3_node:/home/ros/turtlebot3/turtlebot3-2.1.5/install/turtlebot3_navigation2:/home/ros/turtlebot3/turtlebot3-2.1.5/install/turtlebot3_description:/home/ros/turtlebot3/turtlebot3-2.1.5/install/turtlebot3_cartographer:/home/ros/turtlebot3/turtlebot3_msgs-2.2.3/install/turtlebot3_msgs:/home/ros/turtlebot3/turtlebot3_simulations-2.2.5/install/turtlebot3_simulations:/home/ros/turtlebot3/turtlebot3-2.1.5/install/turtlebot3_teleop:/home/ros/turtlebot3/turtlebot3-2.1.5/install/turtlebot3_example:/opt/ros/humble /usr/bin/cmake --install /home/ros/turtlebot3/turtlebot3_simulations-2.2.5/build/turtlebot3_simulations
[2.214s] Level 1:colcon.colcon_core.environment:checking '/home/ros/turtlebot3/turtlebot3_simulations-2.2.5/install/turtlebot3_simulations' for CMake module files
[2.215s] Level 1:colcon.colcon_core.environment:checking '/home/ros/turtlebot3/turtlebot3_simulations-2.2.5/install/turtlebot3_simulations' for CMake config files
[2.216s] Level 1:colcon.colcon_core.shell:create_environment_hook('turtlebot3_simulations', 'cmake_prefix_path')
[2.229s] INFO:colcon.colcon_core.shell:Creating environment hook '/home/ros/turtlebot3/turtlebot3_simulations-2.2.5/install/turtlebot3_simulations/share/turtlebot3_simulations/hook/cmake_prefix_path.ps1'
[2.229s] INFO:colcon.colcon_core.shell:Creating environment descriptor '/home/ros/turtlebot3/turtlebot3_simulations-2.2.5/install/turtlebot3_simulations/share/turtlebot3_simulations/hook/cmake_prefix_path.dsv'
[2.230s] INFO:colcon.colcon_core.shell:Creating environment hook '/home/ros/turtlebot3/turtlebot3_simulations-2.2.5/install/turtlebot3_simulations/share/turtlebot3_simulations/hook/cmake_prefix_path.sh'
[2.230s] Level 1:colcon.colcon_core.environment:checking '/home/ros/turtlebot3/turtlebot3_simulations-2.2.5/install/turtlebot3_simulations/bin'
[2.230s] Level 1:colcon.colcon_core.environment:checking '/home/ros/turtlebot3/turtlebot3_simulations-2.2.5/install/turtlebot3_simulations/lib/pkgconfig/turtlebot3_simulations.pc'
[2.231s] Level 1:colcon.colcon_core.environment:checking '/home/ros/turtlebot3/turtlebot3_simulations-2.2.5/install/turtlebot3_simulations/lib/python3.10/site-packages'
[2.231s] Level 1:colcon.colcon_core.environment:checking '/home/ros/turtlebot3/turtlebot3_simulations-2.2.5/install/turtlebot3_simulations/bin'
[2.243s] INFO:colcon.colcon_core.shell:Creating package script '/home/ros/turtlebot3/turtlebot3_simulations-2.2.5/install/turtlebot3_simulations/share/turtlebot3_simulations/package.ps1'
[2.244s] INFO:colcon.colcon_core.shell:Creating package descriptor '/home/ros/turtlebot3/turtlebot3_simulations-2.2.5/install/turtlebot3_simulations/share/turtlebot3_simulations/package.dsv'
[2.244s] INFO:colcon.colcon_core.shell:Creating package script '/home/ros/turtlebot3/turtlebot3_simulations-2.2.5/install/turtlebot3_simulations/share/turtlebot3_simulations/package.sh'
[2.245s] INFO:colcon.colcon_core.shell:Creating package script '/home/ros/turtlebot3/turtlebot3_simulations-2.2.5/install/turtlebot3_simulations/share/turtlebot3_simulations/package.bash'
[2.245s] INFO:colcon.colcon_core.shell:Creating package script '/home/ros/turtlebot3/turtlebot3_simulations-2.2.5/install/turtlebot3_simulations/share/turtlebot3_simulations/package.zsh'
[2.245s] Level 1:colcon.colcon_core.environment:create_file_with_runtime_dependencies(/home/ros/turtlebot3/turtlebot3_simulations-2.2.5/install/turtlebot3_simulations/share/colcon-core/packages/turtlebot3_simulations)
[2.278s] Level 1:colcon.colcon_core.environment:create_environment_scripts_only(turtlebot3_simulations)
[2.291s] Level 1:colcon.colcon_core.environment:checking '/home/ros/turtlebot3/turtlebot3_simulations-2.2.5/install/turtlebot3_simulations' for CMake module files
[2.292s] Level 1:colcon.colcon_core.environment:checking '/home/ros/turtlebot3/turtlebot3_simulations-2.2.5/install/turtlebot3_simulations' for CMake config files
[2.292s] Level 1:colcon.colcon_core.shell:create_environment_hook('turtlebot3_simulations', 'cmake_prefix_path')
[2.303s] INFO:colcon.colcon_core.shell:Creating environment hook '/home/ros/turtlebot3/turtlebot3_simulations-2.2.5/install/turtlebot3_simulations/share/turtlebot3_simulations/hook/cmake_prefix_path.ps1'
[2.304s] INFO:colcon.colcon_core.shell:Creating environment descriptor '/home/ros/turtlebot3/turtlebot3_simulations-2.2.5/install/turtlebot3_simulations/share/turtlebot3_simulations/hook/cmake_prefix_path.dsv'
[2.304s] INFO:colcon.colcon_core.shell:Creating environment hook '/home/ros/turtlebot3/turtlebot3_simulations-2.2.5/install/turtlebot3_simulations/share/turtlebot3_simulations/hook/cmake_prefix_path.sh'
[2.305s] Level 1:colcon.colcon_core.environment:checking '/home/ros/turtlebot3/turtlebot3_simulations-2.2.5/install/turtlebot3_simulations/bin'
[2.305s] Level 1:colcon.colcon_core.environment:checking '/home/ros/turtlebot3/turtlebot3_simulations-2.2.5/install/turtlebot3_simulations/lib/pkgconfig/turtlebot3_simulations.pc'
[2.305s] Level 1:colcon.colcon_core.environment:checking '/home/ros/turtlebot3/turtlebot3_simulations-2.2.5/install/turtlebot3_simulations/lib/python3.10/site-packages'
[2.305s] Level 1:colcon.colcon_core.environment:checking '/home/ros/turtlebot3/turtlebot3_simulations-2.2.5/install/turtlebot3_simulations/bin'
[2.317s] INFO:colcon.colcon_core.shell:Creating package script '/home/ros/turtlebot3/turtlebot3_simulations-2.2.5/install/turtlebot3_simulations/share/turtlebot3_simulations/package.ps1'
[2.318s] INFO:colcon.colcon_core.shell:Creating package descriptor '/home/ros/turtlebot3/turtlebot3_simulations-2.2.5/install/turtlebot3_simulations/share/turtlebot3_simulations/package.dsv'
[2.318s] INFO:colcon.colcon_core.shell:Creating package script '/home/ros/turtlebot3/turtlebot3_simulations-2.2.5/install/turtlebot3_simulations/share/turtlebot3_simulations/package.sh'
[2.318s] INFO:colcon.colcon_core.shell:Creating package script '/home/ros/turtlebot3/turtlebot3_simulations-2.2.5/install/turtlebot3_simulations/share/turtlebot3_simulations/package.bash'
[2.319s] INFO:colcon.colcon_core.shell:Creating package script '/home/ros/turtlebot3/turtlebot3_simulations-2.2.5/install/turtlebot3_simulations/share/turtlebot3_simulations/package.zsh'
[2.319s] Level 1:colcon.colcon_core.environment:create_file_with_runtime_dependencies(/home/ros/turtlebot3/turtlebot3_simulations-2.2.5/install/turtlebot3_simulations/share/colcon-core/packages/turtlebot3_simulations)
[2.319s] DEBUG:colcon.colcon_parallel_executor.executor.parallel:closing loop
[2.320s] DEBUG:colcon.colcon_parallel_executor.executor.parallel:loop closed
[2.322s] DEBUG:colcon.colcon_parallel_executor.executor.parallel:run_until_complete finished with '0'
[2.322s] DEBUG:colcon.colcon_core.event_reactor:joining thread
[2.343s] INFO:colcon.colcon_core.plugin_system:Skipping extension 'colcon_notification.desktop_notification.notify_send': Could not find 'notify-send'
[2.343s] INFO:colcon.colcon_core.plugin_system:Skipping extension 'colcon_notification.desktop_notification.terminal_notifier': Not used on non-Darwin systems
[2.343s] INFO:colcon.colcon_core.plugin_system:Skipping extension 'colcon_notification.desktop_notification.win32': Not used on non-Windows systems
[2.343s] INFO:colcon.colcon_notification.desktop_notification:Sending desktop notification using 'notify2'
[2.346s] DEBUG:colcon.colcon_notification.desktop_notification.notify2:Failed to initialize notify2: org.freedesktop.DBus.Error.Spawn.ExecFailed: /usr/bin/dbus-launch terminated abnormally without any error message
[2.346s] DEBUG:colcon.colcon_core.event_reactor:joined thread
[2.361s] INFO:colcon.colcon_core.shell:Creating prefix script '/home/ros/turtlebot3/turtlebot3_simulations-2.2.5/install/local_setup.ps1'
[2.363s] INFO:colcon.colcon_core.shell:Creating prefix util module '/home/ros/turtlebot3/turtlebot3_simulations-2.2.5/install/_local_setup_util_ps1.py'
[2.364s] INFO:colcon.colcon_core.shell:Creating prefix chain script '/home/ros/turtlebot3/turtlebot3_simulations-2.2.5/install/setup.ps1'
[2.378s] INFO:colcon.colcon_core.shell:Creating prefix script '/home/ros/turtlebot3/turtlebot3_simulations-2.2.5/install/local_setup.sh'
[2.379s] INFO:colcon.colcon_core.shell:Creating prefix util module '/home/ros/turtlebot3/turtlebot3_simulations-2.2.5/install/_local_setup_util_sh.py'
[2.379s] INFO:colcon.colcon_core.shell:Creating prefix chain script '/home/ros/turtlebot3/turtlebot3_simulations-2.2.5/install/setup.sh'
[2.392s] INFO:colcon.colcon_core.shell:Creating prefix script '/home/ros/turtlebot3/turtlebot3_simulations-2.2.5/install/local_setup.bash'
[2.393s] INFO:colcon.colcon_core.shell:Creating prefix chain script '/home/ros/turtlebot3/turtlebot3_simulations-2.2.5/install/setup.bash'
[2.406s] INFO:colcon.colcon_core.shell:Creating prefix script '/home/ros/turtlebot3/turtlebot3_simulations-2.2.5/install/local_setup.zsh'
[2.407s] INFO:colcon.colcon_core.shell:Creating prefix chain script '/home/ros/turtlebot3/turtlebot3_simulations-2.2.5/install/setup.zsh'
