[0.110s] Invoking command in '/home/ros/turtlebot3/nav2_bringup/build/nav2_bringup': CMAKE_PREFIX_PATH=${CMAKE_PREFIX_PATH}:/home/ros/turtlebot3/turtlebot3-2.1.5/install/turtlebot3_teleop:/home/ros/turtlebot3/turtlebot3-2.1.5/install/turtlebot3_example:/opt/ros/humble /usr/bin/cmake --build /home/ros/turtlebot3/nav2_bringup/build/nav2_bringup -- -j8 -l8
[0.213s] Invoked command in '/home/ros/turtlebot3/nav2_bringup/build/nav2_bringup' returned '0': CMAKE_PREFIX_PATH=${CMAKE_PREFIX_PATH}:/home/ros/turtlebot3/turtlebot3-2.1.5/install/turtlebot3_teleop:/home/ros/turtlebot3/turtlebot3-2.1.5/install/turtlebot3_example:/opt/ros/humble /usr/bin/cmake --build /home/ros/turtlebot3/nav2_bringup/build/nav2_bringup -- -j8 -l8
[0.246s] Invoking command in '/home/ros/turtlebot3/nav2_bringup/build/nav2_bringup': CMAKE_PREFIX_PATH=${CMAKE_PREFIX_PATH}:/home/ros/turtlebot3/turtlebot3-2.1.5/install/turtlebot3_teleop:/home/ros/turtlebot3/turtlebot3-2.1.5/install/turtlebot3_example:/opt/ros/humble /usr/bin/cmake --install /home/ros/turtlebot3/nav2_bringup/build/nav2_bringup
[0.254s] -- Install configuration: "Release"
[0.254s] -- Execute custom install script
[0.255s] -- Up-to-date symlink: /home/ros/turtlebot3/nav2_bringup/install/nav2_bringup/share/nav2_bringup/launch/bringup_launch.py
[0.255s] -- Up-to-date symlink: /home/ros/turtlebot3/nav2_bringup/install/nav2_bringup/share/nav2_bringup/launch/cloned_multi_tb3_simulation_launch.py
[0.256s] -- Up-to-date symlink: /home/ros/turtlebot3/nav2_bringup/install/nav2_bringup/share/nav2_bringup/launch/localization_launch.py
[0.256s] -- Up-to-date symlink: /home/ros/turtlebot3/nav2_bringup/install/nav2_bringup/share/nav2_bringup/launch/navigation_launch.py
[0.256s] -- Up-to-date symlink: /home/ros/turtlebot3/nav2_bringup/install/nav2_bringup/share/nav2_bringup/launch/rviz_launch.py
[0.256s] -- Up-to-date symlink: /home/ros/turtlebot3/nav2_bringup/install/nav2_bringup/share/nav2_bringup/launch/slam_launch.py
[0.256s] -- Up-to-date symlink: /home/ros/turtlebot3/nav2_bringup/install/nav2_bringup/share/nav2_bringup/launch/tb3_simulation_launch.py
[0.257s] -- Up-to-date symlink: /home/ros/turtlebot3/nav2_bringup/install/nav2_bringup/share/nav2_bringup/launch/unique_multi_tb3_simulation_launch.py
[0.257s] -- Up-to-date symlink: /home/ros/turtlebot3/nav2_bringup/install/nav2_bringup/share/nav2_bringup/maps/turtlebot3_world.pgm
[0.257s] -- Up-to-date symlink: /home/ros/turtlebot3/nav2_bringup/install/nav2_bringup/share/nav2_bringup/maps/turtlebot3_world.yaml
[0.258s] -- Up-to-date symlink: /home/ros/turtlebot3/nav2_bringup/install/nav2_bringup/share/nav2_bringup/rviz/nav2_default_view.rviz
[0.258s] -- Up-to-date symlink: /home/ros/turtlebot3/nav2_bringup/install/nav2_bringup/share/nav2_bringup/rviz/nav2_namespaced_view.rviz
[0.259s] -- Up-to-date symlink: /home/ros/turtlebot3/nav2_bringup/install/nav2_bringup/share/nav2_bringup/worlds/empty_world.world
[0.259s] -- Symlinking: /home/ros/turtlebot3/nav2_bringup/install/nav2_bringup/share/nav2_bringup/worlds/turtlebot3_dqn_stage1.world
[0.267s] -- Up-to-date symlink: /home/ros/turtlebot3/nav2_bringup/install/nav2_bringup/share/nav2_bringup/worlds/waffle.model
[0.267s] -- Up-to-date symlink: /home/ros/turtlebot3/nav2_bringup/install/nav2_bringup/share/nav2_bringup/worlds/world_only.model
[0.268s] -- Up-to-date symlink: /home/ros/turtlebot3/nav2_bringup/install/nav2_bringup/share/nav2_bringup/params/nav2_multirobot_params_1.yaml
[0.268s] -- Up-to-date symlink: /home/ros/turtlebot3/nav2_bringup/install/nav2_bringup/share/nav2_bringup/params/nav2_multirobot_params_2.yaml
[0.268s] -- Up-to-date symlink: /home/ros/turtlebot3/nav2_bringup/install/nav2_bringup/share/nav2_bringup/params/nav2_multirobot_params_all.yaml
[0.268s] -- Up-to-date symlink: /home/ros/turtlebot3/nav2_bringup/install/nav2_bringup/share/nav2_bringup/params/nav2_params.yaml
[0.269s] -- Up-to-date symlink: /home/ros/turtlebot3/nav2_bringup/install/nav2_bringup/share/nav2_bringup/urdf/turtlebot3_waffle.urdf
[0.269s] -- Up-to-date symlink: /home/ros/turtlebot3/nav2_bringup/install/nav2_bringup/share/ament_index/resource_index/package_run_dependencies/nav2_bringup
[0.270s] -- Up-to-date symlink: /home/ros/turtlebot3/nav2_bringup/install/nav2_bringup/share/ament_index/resource_index/parent_prefix_path/nav2_bringup
[0.270s] -- Up-to-date symlink: /home/ros/turtlebot3/nav2_bringup/install/nav2_bringup/share/nav2_bringup/environment/ament_prefix_path.sh
[0.270s] -- Up-to-date symlink: /home/ros/turtlebot3/nav2_bringup/install/nav2_bringup/share/nav2_bringup/environment/ament_prefix_path.dsv
[0.271s] -- Up-to-date symlink: /home/ros/turtlebot3/nav2_bringup/install/nav2_bringup/share/nav2_bringup/environment/path.sh
[0.271s] -- Up-to-date symlink: /home/ros/turtlebot3/nav2_bringup/install/nav2_bringup/share/nav2_bringup/environment/path.dsv
[0.271s] -- Up-to-date symlink: /home/ros/turtlebot3/nav2_bringup/install/nav2_bringup/share/nav2_bringup/local_setup.bash
[0.271s] -- Up-to-date symlink: /home/ros/turtlebot3/nav2_bringup/install/nav2_bringup/share/nav2_bringup/local_setup.sh
[0.272s] -- Up-to-date symlink: /home/ros/turtlebot3/nav2_bringup/install/nav2_bringup/share/nav2_bringup/local_setup.zsh
[0.272s] -- Up-to-date symlink: /home/ros/turtlebot3/nav2_bringup/install/nav2_bringup/share/nav2_bringup/local_setup.dsv
[0.272s] -- Symlinking: /home/ros/turtlebot3/nav2_bringup/install/nav2_bringup/share/nav2_bringup/package.dsv
[0.280s] -- Up-to-date symlink: /home/ros/turtlebot3/nav2_bringup/install/nav2_bringup/share/ament_index/resource_index/packages/nav2_bringup
[0.281s] -- Up-to-date symlink: /home/ros/turtlebot3/nav2_bringup/install/nav2_bringup/share/nav2_bringup/cmake/nav2_bringupConfig.cmake
[0.281s] -- Up-to-date symlink: /home/ros/turtlebot3/nav2_bringup/install/nav2_bringup/share/nav2_bringup/cmake/nav2_bringupConfig-version.cmake
[0.281s] -- Up-to-date symlink: /home/ros/turtlebot3/nav2_bringup/install/nav2_bringup/share/nav2_bringup/package.xml
[0.283s] Invoked command in '/home/ros/turtlebot3/nav2_bringup/build/nav2_bringup' returned '0': CMAKE_PREFIX_PATH=${CMAKE_PREFIX_PATH}:/home/ros/turtlebot3/turtlebot3-2.1.5/install/turtlebot3_teleop:/home/ros/turtlebot3/turtlebot3-2.1.5/install/turtlebot3_example:/opt/ros/humble /usr/bin/cmake --install /home/ros/turtlebot3/nav2_bringup/build/nav2_bringup
