[0.000000] (-) TimerEvent: {}
[0.000863] (turtlebot3_cartographer) JobQueued: {'identifier': 'turtlebot3_cartographer', 'dependencies': OrderedDict()}
[0.000950] (turtlebot3_description) JobQueued: {'identifier': 'turtlebot3_description', 'dependencies': OrderedDict()}
[0.001066] (turtlebot3_example) JobQueued: {'identifier': 'turtlebot3_example', 'dependencies': OrderedDict()}
[0.001088] (turtlebot3_navigation2) JobQueued: {'identifier': 'turtlebot3_navigation2', 'dependencies': OrderedDict()}
[0.001106] (turtlebot3_node) JobQueued: {'identifier': 'turtlebot3_node', 'dependencies': OrderedDict()}
[0.001124] (turtlebot3_teleop) JobQueued: {'identifier': 'turtlebot3_teleop', 'dependencies': OrderedDict()}
[0.001142] (turtlebot3_bringup) JobQueued: {'identifier': 'turtlebot3_bringup', 'dependencies': OrderedDict([('turtlebot3_description', '/home/ros/turtlebot3/turtlebot3-2.1.5/install/turtlebot3_description'), ('turtlebot3_node', '/home/ros/turtlebot3/turtlebot3-2.1.5/install/turtlebot3_node')])}
[0.001166] (turtlebot3) JobQueued: {'identifier': 'turtlebot3', 'dependencies': OrderedDict([('turtlebot3_cartographer', '/home/ros/turtlebot3/turtlebot3-2.1.5/install/turtlebot3_cartographer'), ('turtlebot3_description', '/home/ros/turtlebot3/turtlebot3-2.1.5/install/turtlebot3_description'), ('turtlebot3_example', '/home/ros/turtlebot3/turtlebot3-2.1.5/install/turtlebot3_example'), ('turtlebot3_navigation2', '/home/ros/turtlebot3/turtlebot3-2.1.5/install/turtlebot3_navigation2'), ('turtlebot3_node', '/home/ros/turtlebot3/turtlebot3-2.1.5/install/turtlebot3_node'), ('turtlebot3_teleop', '/home/ros/turtlebot3/turtlebot3-2.1.5/install/turtlebot3_teleop'), ('turtlebot3_bringup', '/home/ros/turtlebot3/turtlebot3-2.1.5/install/turtlebot3_bringup')])}
[0.001199] (turtlebot3_description) JobStarted: {'identifier': 'turtlebot3_description'}
[0.099823] (-) TimerEvent: {}
[0.172457] (turtlebot3_node) JobStarted: {'identifier': 'turtlebot3_node'}
[0.200007] (-) TimerEvent: {}
[0.300563] (-) TimerEvent: {}
[0.335539] (turtlebot3_cartographer) JobStarted: {'identifier': 'turtlebot3_cartographer'}
[0.400759] (-) TimerEvent: {}
[0.500861] (turtlebot3_example) JobStarted: {'identifier': 'turtlebot3_example'}
[0.501708] (-) TimerEvent: {}
[0.602517] (-) TimerEvent: {}
[0.695262] (turtlebot3_navigation2) JobStarted: {'identifier': 'turtlebot3_navigation2'}
[0.702747] (-) TimerEvent: {}
[0.803280] (-) TimerEvent: {}
[0.904761] (-) TimerEvent: {}
[0.911608] (turtlebot3_teleop) JobStarted: {'identifier': 'turtlebot3_teleop'}
[1.005187] (-) TimerEvent: {}
[1.105832] (-) TimerEvent: {}
[1.163262] (turtlebot3_description) JobProgress: {'identifier': 'turtlebot3_description', 'progress': 'cmake'}
[1.163627] (turtlebot3_description) Command: {'cmd': ['/usr/bin/cmake', '/home/ros/turtlebot3/turtlebot3-2.1.5/turtlebot3_description', '-DAMENT_CMAKE_SYMLINK_INSTALL=1', '-DCMAKE_INSTALL_PREFIX=/home/ros/turtlebot3/turtlebot3-2.1.5/install/turtlebot3_description'], 'cwd': '/home/ros/turtlebot3/turtlebot3-2.1.5/build/turtlebot3_description', 'env': OrderedDict([('HOSTNAME', 'envy-13'), ('GIT_ASKPASS', '/home/ros/.vscode-server/bin/1a5daa3a0231a0fbba4f14db7ec463cf99d7768e/extensions/git/dist/askpass.sh'), ('IGNITION_VERSION', 'fortress'), ('SHLVL', '2'), ('LD_LIBRARY_PATH', '/home/ros/turtlebot3/turtlebot3_msgs-2.2.3/install/turtlebot3_msgs/lib:/usr/lib/x86_64-linux-gnu/gazebo-11/plugins:/opt/ros/humble/opt/rviz_ogre_vendor/lib:/opt/ros/humble/lib/x86_64-linux-gnu:/opt/ros/humble/lib'), ('BROWSER', '/home/ros/.vscode-server/bin/1a5daa3a0231a0fbba4f14db7ec463cf99d7768e/bin/helpers/browser.sh'), ('HOME', '/home/ros'), ('OLDPWD', '/home/ros/turtlebot3/turtlebot3_simulations-2.2.5'), ('TERM_PROGRAM_VERSION', '1.84.2'), ('VSCODE_IPC_HOOK_CLI', '/tmp/vscode-ipc-ba67ed59-943f-4679-8a74-37551b96ad15.sock'), ('ROS_PYTHON_VERSION', '3'), ('VSCODE_GIT_ASKPASS_MAIN', '/home/ros/.vscode-server/bin/1a5daa3a0231a0fbba4f14db7ec463cf99d7768e/extensions/git/dist/askpass-main.js'), ('VSCODE_GIT_ASKPASS_NODE', '/home/ros/.vscode-server/bin/1a5daa3a0231a0fbba4f14db7ec463cf99d7768e/node'), ('COLORTERM', 'truecolor'), ('REMOTE_CONTAINERS', 'true'), ('COLCON_PREFIX_PATH', '/home/ros/turtlebot3/turtlebot3_msgs-2.2.3/install:/home/ros/turtlebot3/turtlebot3-2.1.5/install:/home/ros/turtlebot3/turtlebot3_simulations-2.2.5/install'), ('ROS_DISTRO', 'humble'), ('REMOTE_CONTAINERS_IPC', '/tmp/vscode-remote-containers-ipc-5144e9ce-5ae9-42c7-b1e1-3f1de908bbdf.sock'), ('_', '/usr/bin/colcon'), ('ROS_VERSION', '2'), ('TERM', 'xterm-256color'), ('ROS_LOCALHOST_ONLY', '0'), ('QT_X11_NO_MITSHM', '1'), ('PATH', '/home/ros/.vscode-server/bin/1a5daa3a0231a0fbba4f14db7ec463cf99d7768e/bin/remote-cli:/opt/ros/humble/bin:/usr/local/sbin:/usr/local/bin:/usr/sbin:/usr/bin:/sbin:/bin'), ('RUNLEVEL', '3'), ('XDG_RUNTIME_DIR', '/tmp/runtime-ros'), ('REMOTE_CONTAINERS_SOCKETS', '["/tmp/vscode-ssh-auth-5144e9ce-5ae9-42c7-b1e1-3f1de908bbdf.sock","/tmp/.X11-unix/X4","/home/ros/.gnupg/S.gpg-agent"]'), ('DISPLAY', ':0'), ('LANG', 'C.UTF-8'), ('VSCODE_GIT_IPC_HANDLE', '/tmp/runtime-ros/vscode-git-eaaa5886d4.sock'), ('TERM_PROGRAM', 'vscode'), ('SSH_AUTH_SOCK', '/tmp/vscode-ssh-auth-5144e9ce-5ae9-42c7-b1e1-3f1de908bbdf.sock'), ('AMENT_PREFIX_PATH', '/home/ros/turtlebot3/turtlebot3-2.1.5/install/turtlebot3_teleop:/home/ros/turtlebot3/turtlebot3-2.1.5/install/turtlebot3_example:/home/ros/turtlebot3/turtlebot3_msgs-2.2.3/install/turtlebot3_msgs:/home/ros/turtlebot3/turtlebot3_simulations-2.2.5/install/turtlebot3_simulations:/home/ros/turtlebot3/turtlebot3_simulations-2.2.5/install/turtlebot3_gazebo:/home/ros/turtlebot3/turtlebot3_simulations-2.2.5/install/turtlebot3_fake_node:/opt/ros/humble'), ('REMOTE_CONTAINERS_DISPLAY_SOCK', '/tmp/.X11-unix/X4'), ('SHELL', '/bin/bash'), ('VSCODE_GIT_ASKPASS_EXTRA_ARGS', ''), ('PWD', '/home/ros/turtlebot3/turtlebot3-2.1.5/build/turtlebot3_description'), ('TURTLEBOT3_MODEL', 'burger'), ('LC_ALL', 'C.UTF-8'), ('PYTHONPATH', '/turtlebot3/turtlebot3-2.1.5/build/turtlebot3_teleop:/home/ros/turtlebot3/turtlebot3-2.1.5/install/turtlebot3_teleop/lib/python3.10/site-packages:/turtlebot3/turtlebot3-2.1.5/build/turtlebot3_example:/home/ros/turtlebot3/turtlebot3-2.1.5/install/turtlebot3_example/lib/python3.10/site-packages:/home/ros/turtlebot3/turtlebot3_msgs-2.2.3/install/turtlebot3_msgs/local/lib/python3.10/dist-packages:/opt/ros/humble/lib/python3.10/site-packages:/opt/ros/humble/local/lib/python3.10/dist-packages'), ('COLCON', '1'), ('CMAKE_PREFIX_PATH', '/home/ros/turtlebot3/turtlebot3-2.1.5/install/turtlebot3:/home/ros/turtlebot3/turtlebot3-2.1.5/install/turtlebot3_bringup:/home/ros/turtlebot3/turtlebot3-2.1.5/install/turtlebot3_node:/home/ros/turtlebot3/turtlebot3-2.1.5/install/turtlebot3_navigation2:/home/ros/turtlebot3/turtlebot3-2.1.5/install/turtlebot3_description:/home/ros/turtlebot3/turtlebot3-2.1.5/install/turtlebot3_cartographer:/home/ros/turtlebot3/turtlebot3_msgs-2.2.3/install/turtlebot3_msgs:/home/ros/turtlebot3/turtlebot3_simulations-2.2.5/install/turtlebot3_simulations:/home/ros/turtlebot3/turtlebot3_simulations-2.2.5/install/turtlebot3_gazebo:/home/ros/turtlebot3/turtlebot3_simulations-2.2.5/install/turtlebot3_fake_node:/home/ros/turtlebot3/turtlebot3-2.1.5/install/turtlebot3_teleop:/home/ros/turtlebot3/turtlebot3-2.1.5/install/turtlebot3_example:/opt/ros/humble')]), 'shell': False}
[1.167947] (turtlebot3_node) JobProgress: {'identifier': 'turtlebot3_node', 'progress': 'cmake'}
[1.169146] (turtlebot3_node) Command: {'cmd': ['/usr/bin/cmake', '/home/ros/turtlebot3/turtlebot3-2.1.5/turtlebot3_node', '-DAMENT_CMAKE_SYMLINK_INSTALL=1', '-DCMAKE_INSTALL_PREFIX=/home/ros/turtlebot3/turtlebot3-2.1.5/install/turtlebot3_node'], 'cwd': '/home/ros/turtlebot3/turtlebot3-2.1.5/build/turtlebot3_node', 'env': OrderedDict([('HOSTNAME', 'envy-13'), ('GIT_ASKPASS', '/home/ros/.vscode-server/bin/1a5daa3a0231a0fbba4f14db7ec463cf99d7768e/extensions/git/dist/askpass.sh'), ('IGNITION_VERSION', 'fortress'), ('SHLVL', '2'), ('LD_LIBRARY_PATH', '/home/ros/turtlebot3/turtlebot3_msgs-2.2.3/install/turtlebot3_msgs/lib:/usr/lib/x86_64-linux-gnu/gazebo-11/plugins:/opt/ros/humble/opt/rviz_ogre_vendor/lib:/opt/ros/humble/lib/x86_64-linux-gnu:/opt/ros/humble/lib'), ('BROWSER', '/home/ros/.vscode-server/bin/1a5daa3a0231a0fbba4f14db7ec463cf99d7768e/bin/helpers/browser.sh'), ('HOME', '/home/ros'), ('OLDPWD', '/home/ros/turtlebot3/turtlebot3_simulations-2.2.5'), ('TERM_PROGRAM_VERSION', '1.84.2'), ('VSCODE_IPC_HOOK_CLI', '/tmp/vscode-ipc-ba67ed59-943f-4679-8a74-37551b96ad15.sock'), ('ROS_PYTHON_VERSION', '3'), ('VSCODE_GIT_ASKPASS_MAIN', '/home/ros/.vscode-server/bin/1a5daa3a0231a0fbba4f14db7ec463cf99d7768e/extensions/git/dist/askpass-main.js'), ('VSCODE_GIT_ASKPASS_NODE', '/home/ros/.vscode-server/bin/1a5daa3a0231a0fbba4f14db7ec463cf99d7768e/node'), ('COLORTERM', 'truecolor'), ('REMOTE_CONTAINERS', 'true'), ('COLCON_PREFIX_PATH', '/home/ros/turtlebot3/turtlebot3_msgs-2.2.3/install:/home/ros/turtlebot3/turtlebot3-2.1.5/install:/home/ros/turtlebot3/turtlebot3_simulations-2.2.5/install'), ('ROS_DISTRO', 'humble'), ('REMOTE_CONTAINERS_IPC', '/tmp/vscode-remote-containers-ipc-5144e9ce-5ae9-42c7-b1e1-3f1de908bbdf.sock'), ('_', '/usr/bin/colcon'), ('ROS_VERSION', '2'), ('TERM', 'xterm-256color'), ('ROS_LOCALHOST_ONLY', '0'), ('QT_X11_NO_MITSHM', '1'), ('PATH', '/home/ros/.vscode-server/bin/1a5daa3a0231a0fbba4f14db7ec463cf99d7768e/bin/remote-cli:/opt/ros/humble/bin:/usr/local/sbin:/usr/local/bin:/usr/sbin:/usr/bin:/sbin:/bin'), ('RUNLEVEL', '3'), ('XDG_RUNTIME_DIR', '/tmp/runtime-ros'), ('REMOTE_CONTAINERS_SOCKETS', '["/tmp/vscode-ssh-auth-5144e9ce-5ae9-42c7-b1e1-3f1de908bbdf.sock","/tmp/.X11-unix/X4","/home/ros/.gnupg/S.gpg-agent"]'), ('DISPLAY', ':0'), ('LANG', 'C.UTF-8'), ('VSCODE_GIT_IPC_HANDLE', '/tmp/runtime-ros/vscode-git-eaaa5886d4.sock'), ('TERM_PROGRAM', 'vscode'), ('SSH_AUTH_SOCK', '/tmp/vscode-ssh-auth-5144e9ce-5ae9-42c7-b1e1-3f1de908bbdf.sock'), ('AMENT_PREFIX_PATH', '/home/ros/turtlebot3/turtlebot3-2.1.5/install/turtlebot3_teleop:/home/ros/turtlebot3/turtlebot3-2.1.5/install/turtlebot3_example:/home/ros/turtlebot3/turtlebot3_msgs-2.2.3/install/turtlebot3_msgs:/home/ros/turtlebot3/turtlebot3_simulations-2.2.5/install/turtlebot3_simulations:/home/ros/turtlebot3/turtlebot3_simulations-2.2.5/install/turtlebot3_gazebo:/home/ros/turtlebot3/turtlebot3_simulations-2.2.5/install/turtlebot3_fake_node:/opt/ros/humble'), ('REMOTE_CONTAINERS_DISPLAY_SOCK', '/tmp/.X11-unix/X4'), ('SHELL', '/bin/bash'), ('VSCODE_GIT_ASKPASS_EXTRA_ARGS', ''), ('PWD', '/home/ros/turtlebot3/turtlebot3-2.1.5/build/turtlebot3_node'), ('TURTLEBOT3_MODEL', 'burger'), ('LC_ALL', 'C.UTF-8'), ('PYTHONPATH', '/turtlebot3/turtlebot3-2.1.5/build/turtlebot3_teleop:/home/ros/turtlebot3/turtlebot3-2.1.5/install/turtlebot3_teleop/lib/python3.10/site-packages:/turtlebot3/turtlebot3-2.1.5/build/turtlebot3_example:/home/ros/turtlebot3/turtlebot3-2.1.5/install/turtlebot3_example/lib/python3.10/site-packages:/home/ros/turtlebot3/turtlebot3_msgs-2.2.3/install/turtlebot3_msgs/local/lib/python3.10/dist-packages:/opt/ros/humble/lib/python3.10/site-packages:/opt/ros/humble/local/lib/python3.10/dist-packages'), ('COLCON', '1'), ('CMAKE_PREFIX_PATH', '/home/ros/turtlebot3/turtlebot3-2.1.5/install/turtlebot3:/home/ros/turtlebot3/turtlebot3-2.1.5/install/turtlebot3_bringup:/home/ros/turtlebot3/turtlebot3-2.1.5/install/turtlebot3_node:/home/ros/turtlebot3/turtlebot3-2.1.5/install/turtlebot3_navigation2:/home/ros/turtlebot3/turtlebot3-2.1.5/install/turtlebot3_description:/home/ros/turtlebot3/turtlebot3-2.1.5/install/turtlebot3_cartographer:/home/ros/turtlebot3/turtlebot3_msgs-2.2.3/install/turtlebot3_msgs:/home/ros/turtlebot3/turtlebot3_simulations-2.2.5/install/turtlebot3_simulations:/home/ros/turtlebot3/turtlebot3_simulations-2.2.5/install/turtlebot3_gazebo:/home/ros/turtlebot3/turtlebot3_simulations-2.2.5/install/turtlebot3_fake_node:/home/ros/turtlebot3/turtlebot3-2.1.5/install/turtlebot3_teleop:/home/ros/turtlebot3/turtlebot3-2.1.5/install/turtlebot3_example:/opt/ros/humble')]), 'shell': False}
[1.172615] (turtlebot3_cartographer) JobProgress: {'identifier': 'turtlebot3_cartographer', 'progress': 'cmake'}
[1.172782] (turtlebot3_cartographer) Command: {'cmd': ['/usr/bin/cmake', '/home/ros/turtlebot3/turtlebot3-2.1.5/turtlebot3_cartographer', '-DAMENT_CMAKE_SYMLINK_INSTALL=1', '-DCMAKE_INSTALL_PREFIX=/home/ros/turtlebot3/turtlebot3-2.1.5/install/turtlebot3_cartographer'], 'cwd': '/home/ros/turtlebot3/turtlebot3-2.1.5/build/turtlebot3_cartographer', 'env': OrderedDict([('HOSTNAME', 'envy-13'), ('GIT_ASKPASS', '/home/ros/.vscode-server/bin/1a5daa3a0231a0fbba4f14db7ec463cf99d7768e/extensions/git/dist/askpass.sh'), ('IGNITION_VERSION', 'fortress'), ('SHLVL', '2'), ('LD_LIBRARY_PATH', '/home/ros/turtlebot3/turtlebot3_msgs-2.2.3/install/turtlebot3_msgs/lib:/usr/lib/x86_64-linux-gnu/gazebo-11/plugins:/opt/ros/humble/opt/rviz_ogre_vendor/lib:/opt/ros/humble/lib/x86_64-linux-gnu:/opt/ros/humble/lib'), ('BROWSER', '/home/ros/.vscode-server/bin/1a5daa3a0231a0fbba4f14db7ec463cf99d7768e/bin/helpers/browser.sh'), ('HOME', '/home/ros'), ('OLDPWD', '/home/ros/turtlebot3/turtlebot3_simulations-2.2.5'), ('TERM_PROGRAM_VERSION', '1.84.2'), ('VSCODE_IPC_HOOK_CLI', '/tmp/vscode-ipc-ba67ed59-943f-4679-8a74-37551b96ad15.sock'), ('ROS_PYTHON_VERSION', '3'), ('VSCODE_GIT_ASKPASS_MAIN', '/home/ros/.vscode-server/bin/1a5daa3a0231a0fbba4f14db7ec463cf99d7768e/extensions/git/dist/askpass-main.js'), ('VSCODE_GIT_ASKPASS_NODE', '/home/ros/.vscode-server/bin/1a5daa3a0231a0fbba4f14db7ec463cf99d7768e/node'), ('COLORTERM', 'truecolor'), ('REMOTE_CONTAINERS', 'true'), ('COLCON_PREFIX_PATH', '/home/ros/turtlebot3/turtlebot3_msgs-2.2.3/install:/home/ros/turtlebot3/turtlebot3-2.1.5/install:/home/ros/turtlebot3/turtlebot3_simulations-2.2.5/install'), ('ROS_DISTRO', 'humble'), ('REMOTE_CONTAINERS_IPC', '/tmp/vscode-remote-containers-ipc-5144e9ce-5ae9-42c7-b1e1-3f1de908bbdf.sock'), ('_', '/usr/bin/colcon'), ('ROS_VERSION', '2'), ('TERM', 'xterm-256color'), ('ROS_LOCALHOST_ONLY', '0'), ('QT_X11_NO_MITSHM', '1'), ('PATH', '/home/ros/.vscode-server/bin/1a5daa3a0231a0fbba4f14db7ec463cf99d7768e/bin/remote-cli:/opt/ros/humble/bin:/usr/local/sbin:/usr/local/bin:/usr/sbin:/usr/bin:/sbin:/bin'), ('RUNLEVEL', '3'), ('XDG_RUNTIME_DIR', '/tmp/runtime-ros'), ('REMOTE_CONTAINERS_SOCKETS', '["/tmp/vscode-ssh-auth-5144e9ce-5ae9-42c7-b1e1-3f1de908bbdf.sock","/tmp/.X11-unix/X4","/home/ros/.gnupg/S.gpg-agent"]'), ('DISPLAY', ':0'), ('LANG', 'C.UTF-8'), ('VSCODE_GIT_IPC_HANDLE', '/tmp/runtime-ros/vscode-git-eaaa5886d4.sock'), ('TERM_PROGRAM', 'vscode'), ('SSH_AUTH_SOCK', '/tmp/vscode-ssh-auth-5144e9ce-5ae9-42c7-b1e1-3f1de908bbdf.sock'), ('AMENT_PREFIX_PATH', '/home/ros/turtlebot3/turtlebot3-2.1.5/install/turtlebot3_teleop:/home/ros/turtlebot3/turtlebot3-2.1.5/install/turtlebot3_example:/home/ros/turtlebot3/turtlebot3_msgs-2.2.3/install/turtlebot3_msgs:/home/ros/turtlebot3/turtlebot3_simulations-2.2.5/install/turtlebot3_simulations:/home/ros/turtlebot3/turtlebot3_simulations-2.2.5/install/turtlebot3_gazebo:/home/ros/turtlebot3/turtlebot3_simulations-2.2.5/install/turtlebot3_fake_node:/opt/ros/humble'), ('REMOTE_CONTAINERS_DISPLAY_SOCK', '/tmp/.X11-unix/X4'), ('SHELL', '/bin/bash'), ('VSCODE_GIT_ASKPASS_EXTRA_ARGS', ''), ('PWD', '/home/ros/turtlebot3/turtlebot3-2.1.5/build/turtlebot3_cartographer'), ('TURTLEBOT3_MODEL', 'burger'), ('LC_ALL', 'C.UTF-8'), ('PYTHONPATH', '/turtlebot3/turtlebot3-2.1.5/build/turtlebot3_teleop:/home/ros/turtlebot3/turtlebot3-2.1.5/install/turtlebot3_teleop/lib/python3.10/site-packages:/turtlebot3/turtlebot3-2.1.5/build/turtlebot3_example:/home/ros/turtlebot3/turtlebot3-2.1.5/install/turtlebot3_example/lib/python3.10/site-packages:/home/ros/turtlebot3/turtlebot3_msgs-2.2.3/install/turtlebot3_msgs/local/lib/python3.10/dist-packages:/opt/ros/humble/lib/python3.10/site-packages:/opt/ros/humble/local/lib/python3.10/dist-packages'), ('COLCON', '1'), ('CMAKE_PREFIX_PATH', '/home/ros/turtlebot3/turtlebot3-2.1.5/install/turtlebot3:/home/ros/turtlebot3/turtlebot3-2.1.5/install/turtlebot3_bringup:/home/ros/turtlebot3/turtlebot3-2.1.5/install/turtlebot3_node:/home/ros/turtlebot3/turtlebot3-2.1.5/install/turtlebot3_navigation2:/home/ros/turtlebot3/turtlebot3-2.1.5/install/turtlebot3_description:/home/ros/turtlebot3/turtlebot3-2.1.5/install/turtlebot3_cartographer:/home/ros/turtlebot3/turtlebot3_msgs-2.2.3/install/turtlebot3_msgs:/home/ros/turtlebot3/turtlebot3_simulations-2.2.5/install/turtlebot3_simulations:/home/ros/turtlebot3/turtlebot3_simulations-2.2.5/install/turtlebot3_gazebo:/home/ros/turtlebot3/turtlebot3_simulations-2.2.5/install/turtlebot3_fake_node:/home/ros/turtlebot3/turtlebot3-2.1.5/install/turtlebot3_teleop:/home/ros/turtlebot3/turtlebot3-2.1.5/install/turtlebot3_example:/opt/ros/humble')]), 'shell': False}
[1.205968] (-) TimerEvent: {}
[1.306483] (-) TimerEvent: {}
[1.407026] (-) TimerEvent: {}
[1.507580] (-) TimerEvent: {}
[1.608585] (-) TimerEvent: {}
[1.714610] (-) TimerEvent: {}
[1.815309] (-) TimerEvent: {}
[1.915958] (-) TimerEvent: {}
[2.016721] (-) TimerEvent: {}
[2.117394] (-) TimerEvent: {}
[2.201734] (turtlebot3_navigation2) JobProgress: {'identifier': 'turtlebot3_navigation2', 'progress': 'cmake'}
[2.202623] (turtlebot3_navigation2) Command: {'cmd': ['/usr/bin/cmake', '/home/ros/turtlebot3/turtlebot3-2.1.5/turtlebot3_navigation2', '-DAMENT_CMAKE_SYMLINK_INSTALL=1', '-DCMAKE_INSTALL_PREFIX=/home/ros/turtlebot3/turtlebot3-2.1.5/install/turtlebot3_navigation2'], 'cwd': '/home/ros/turtlebot3/turtlebot3-2.1.5/build/turtlebot3_navigation2', 'env': OrderedDict([('HOSTNAME', 'envy-13'), ('GIT_ASKPASS', '/home/ros/.vscode-server/bin/1a5daa3a0231a0fbba4f14db7ec463cf99d7768e/extensions/git/dist/askpass.sh'), ('IGNITION_VERSION', 'fortress'), ('SHLVL', '2'), ('LD_LIBRARY_PATH', '/home/ros/turtlebot3/turtlebot3_msgs-2.2.3/install/turtlebot3_msgs/lib:/usr/lib/x86_64-linux-gnu/gazebo-11/plugins:/opt/ros/humble/opt/rviz_ogre_vendor/lib:/opt/ros/humble/lib/x86_64-linux-gnu:/opt/ros/humble/lib'), ('BROWSER', '/home/ros/.vscode-server/bin/1a5daa3a0231a0fbba4f14db7ec463cf99d7768e/bin/helpers/browser.sh'), ('HOME', '/home/ros'), ('OLDPWD', '/home/ros/turtlebot3/turtlebot3_simulations-2.2.5'), ('TERM_PROGRAM_VERSION', '1.84.2'), ('VSCODE_IPC_HOOK_CLI', '/tmp/vscode-ipc-ba67ed59-943f-4679-8a74-37551b96ad15.sock'), ('ROS_PYTHON_VERSION', '3'), ('VSCODE_GIT_ASKPASS_MAIN', '/home/ros/.vscode-server/bin/1a5daa3a0231a0fbba4f14db7ec463cf99d7768e/extensions/git/dist/askpass-main.js'), ('VSCODE_GIT_ASKPASS_NODE', '/home/ros/.vscode-server/bin/1a5daa3a0231a0fbba4f14db7ec463cf99d7768e/node'), ('COLORTERM', 'truecolor'), ('REMOTE_CONTAINERS', 'true'), ('COLCON_PREFIX_PATH', '/home/ros/turtlebot3/turtlebot3_msgs-2.2.3/install:/home/ros/turtlebot3/turtlebot3-2.1.5/install:/home/ros/turtlebot3/turtlebot3_simulations-2.2.5/install'), ('ROS_DISTRO', 'humble'), ('REMOTE_CONTAINERS_IPC', '/tmp/vscode-remote-containers-ipc-5144e9ce-5ae9-42c7-b1e1-3f1de908bbdf.sock'), ('_', '/usr/bin/colcon'), ('ROS_VERSION', '2'), ('TERM', 'xterm-256color'), ('ROS_LOCALHOST_ONLY', '0'), ('QT_X11_NO_MITSHM', '1'), ('PATH', '/home/ros/.vscode-server/bin/1a5daa3a0231a0fbba4f14db7ec463cf99d7768e/bin/remote-cli:/opt/ros/humble/bin:/usr/local/sbin:/usr/local/bin:/usr/sbin:/usr/bin:/sbin:/bin'), ('RUNLEVEL', '3'), ('XDG_RUNTIME_DIR', '/tmp/runtime-ros'), ('REMOTE_CONTAINERS_SOCKETS', '["/tmp/vscode-ssh-auth-5144e9ce-5ae9-42c7-b1e1-3f1de908bbdf.sock","/tmp/.X11-unix/X4","/home/ros/.gnupg/S.gpg-agent"]'), ('DISPLAY', ':0'), ('LANG', 'C.UTF-8'), ('VSCODE_GIT_IPC_HANDLE', '/tmp/runtime-ros/vscode-git-eaaa5886d4.sock'), ('TERM_PROGRAM', 'vscode'), ('SSH_AUTH_SOCK', '/tmp/vscode-ssh-auth-5144e9ce-5ae9-42c7-b1e1-3f1de908bbdf.sock'), ('AMENT_PREFIX_PATH', '/home/ros/turtlebot3/turtlebot3-2.1.5/install/turtlebot3_teleop:/home/ros/turtlebot3/turtlebot3-2.1.5/install/turtlebot3_example:/home/ros/turtlebot3/turtlebot3_msgs-2.2.3/install/turtlebot3_msgs:/home/ros/turtlebot3/turtlebot3_simulations-2.2.5/install/turtlebot3_simulations:/home/ros/turtlebot3/turtlebot3_simulations-2.2.5/install/turtlebot3_gazebo:/home/ros/turtlebot3/turtlebot3_simulations-2.2.5/install/turtlebot3_fake_node:/opt/ros/humble'), ('REMOTE_CONTAINERS_DISPLAY_SOCK', '/tmp/.X11-unix/X4'), ('SHELL', '/bin/bash'), ('VSCODE_GIT_ASKPASS_EXTRA_ARGS', ''), ('PWD', '/home/ros/turtlebot3/turtlebot3-2.1.5/build/turtlebot3_navigation2'), ('TURTLEBOT3_MODEL', 'burger'), ('LC_ALL', 'C.UTF-8'), ('PYTHONPATH', '/turtlebot3/turtlebot3-2.1.5/build/turtlebot3_teleop:/home/ros/turtlebot3/turtlebot3-2.1.5/install/turtlebot3_teleop/lib/python3.10/site-packages:/turtlebot3/turtlebot3-2.1.5/build/turtlebot3_example:/home/ros/turtlebot3/turtlebot3-2.1.5/install/turtlebot3_example/lib/python3.10/site-packages:/home/ros/turtlebot3/turtlebot3_msgs-2.2.3/install/turtlebot3_msgs/local/lib/python3.10/dist-packages:/opt/ros/humble/lib/python3.10/site-packages:/opt/ros/humble/local/lib/python3.10/dist-packages'), ('COLCON', '1'), ('CMAKE_PREFIX_PATH', '/home/ros/turtlebot3/turtlebot3-2.1.5/install/turtlebot3:/home/ros/turtlebot3/turtlebot3-2.1.5/install/turtlebot3_bringup:/home/ros/turtlebot3/turtlebot3-2.1.5/install/turtlebot3_node:/home/ros/turtlebot3/turtlebot3-2.1.5/install/turtlebot3_navigation2:/home/ros/turtlebot3/turtlebot3-2.1.5/install/turtlebot3_description:/home/ros/turtlebot3/turtlebot3-2.1.5/install/turtlebot3_cartographer:/home/ros/turtlebot3/turtlebot3_msgs-2.2.3/install/turtlebot3_msgs:/home/ros/turtlebot3/turtlebot3_simulations-2.2.5/install/turtlebot3_simulations:/home/ros/turtlebot3/turtlebot3_simulations-2.2.5/install/turtlebot3_gazebo:/home/ros/turtlebot3/turtlebot3_simulations-2.2.5/install/turtlebot3_fake_node:/home/ros/turtlebot3/turtlebot3-2.1.5/install/turtlebot3_teleop:/home/ros/turtlebot3/turtlebot3-2.1.5/install/turtlebot3_example:/opt/ros/humble')]), 'shell': False}
[2.210941] (turtlebot3_description) StdoutLine: {'line': b'-- The C compiler identification is GNU 11.4.0\n'}
[2.212138] (turtlebot3_description) StdoutLine: {'line': b'-- The CXX compiler identification is GNU 11.4.0\n'}
[2.212433] (turtlebot3_description) StdoutLine: {'line': b'-- Detecting C compiler ABI info\n'}
[2.214016] (turtlebot3_description) StdoutLine: {'line': b'-- Detecting C compiler ABI info - done\n'}
[2.214288] (turtlebot3_description) StdoutLine: {'line': b'-- Check for working C compiler: /usr/bin/cc - skipped\n'}
[2.214507] (turtlebot3_description) StdoutLine: {'line': b'-- Detecting C compile features\n'}
[2.215146] (turtlebot3_description) StdoutLine: {'line': b'-- Detecting C compile features - done\n'}
[2.217580] (-) TimerEvent: {}
[2.218209] (turtlebot3_description) StdoutLine: {'line': b'-- Detecting CXX compiler ABI info\n'}
[2.218569] (turtlebot3_description) StdoutLine: {'line': b'-- Detecting CXX compiler ABI info - done\n'}
[2.218905] (turtlebot3_description) StdoutLine: {'line': b'-- Check for working CXX compiler: /usr/bin/c++ - skipped\n'}
[2.219159] (turtlebot3_description) StdoutLine: {'line': b'-- Detecting CXX compile features\n'}
[2.221031] (turtlebot3_description) StdoutLine: {'line': b'-- Detecting CXX compile features - done\n'}
[2.221352] (turtlebot3_description) StdoutLine: {'line': b'-- Found ament_cmake: 1.3.5 (/opt/ros/humble/share/ament_cmake/cmake)\n'}
[2.221609] (turtlebot3_node) StdoutLine: {'line': b'-- The C compiler identification is GNU 11.4.0\n'}
[2.221932] (turtlebot3_node) StdoutLine: {'line': b'-- The CXX compiler identification is GNU 11.4.0\n'}
[2.222189] (turtlebot3_node) StdoutLine: {'line': b'-- Detecting C compiler ABI info\n'}
[2.222447] (turtlebot3_node) StdoutLine: {'line': b'-- Detecting C compiler ABI info - done\n'}
[2.222736] (turtlebot3_node) StdoutLine: {'line': b'-- Check for working C compiler: /usr/bin/cc - skipped\n'}
[2.223149] (turtlebot3_node) StdoutLine: {'line': b'-- Detecting C compile features\n'}
[2.223497] (turtlebot3_node) StdoutLine: {'line': b'-- Detecting C compile features - done\n'}
[2.223747] (turtlebot3_node) StdoutLine: {'line': b'-- Detecting CXX compiler ABI info\n'}
[2.224066] (turtlebot3_node) StdoutLine: {'line': b'-- Detecting CXX compiler ABI info - done\n'}
[2.224339] (turtlebot3_node) StdoutLine: {'line': b'-- Check for working CXX compiler: /usr/bin/c++ - skipped\n'}
[2.224609] (turtlebot3_node) StdoutLine: {'line': b'-- Detecting CXX compile features\n'}
[2.224844] (turtlebot3_node) StdoutLine: {'line': b'-- Detecting CXX compile features - done\n'}
[2.225075] (turtlebot3_node) StdoutLine: {'line': b'-- Found ament_cmake: 1.3.5 (/opt/ros/humble/share/ament_cmake/cmake)\n'}
[2.225335] (turtlebot3_cartographer) StdoutLine: {'line': b'-- The C compiler identification is GNU 11.4.0\n'}
[2.225643] (turtlebot3_cartographer) StdoutLine: {'line': b'-- The CXX compiler identification is GNU 11.4.0\n'}
[2.225882] (turtlebot3_cartographer) StdoutLine: {'line': b'-- Detecting C compiler ABI info\n'}
[2.226102] (turtlebot3_cartographer) StdoutLine: {'line': b'-- Detecting C compiler ABI info - done\n'}
[2.226322] (turtlebot3_cartographer) StdoutLine: {'line': b'-- Check for working C compiler: /usr/bin/cc - skipped\n'}
[2.226556] (turtlebot3_cartographer) StdoutLine: {'line': b'-- Detecting C compile features\n'}
[2.227358] (turtlebot3_cartographer) StdoutLine: {'line': b'-- Detecting C compile features - done\n'}
[2.227650] (turtlebot3_cartographer) StdoutLine: {'line': b'-- Detecting CXX compiler ABI info\n'}
[2.227935] (turtlebot3_cartographer) StdoutLine: {'line': b'-- Detecting CXX compiler ABI info - done\n'}
[2.228228] (turtlebot3_cartographer) StdoutLine: {'line': b'-- Check for working CXX compiler: /usr/bin/c++ - skipped\n'}
[2.228478] (turtlebot3_cartographer) StdoutLine: {'line': b'-- Detecting CXX compile features\n'}
[2.228724] (turtlebot3_cartographer) StdoutLine: {'line': b'-- Detecting CXX compile features - done\n'}
[2.228956] (turtlebot3_cartographer) StdoutLine: {'line': b'-- Found ament_cmake: 1.3.5 (/opt/ros/humble/share/ament_cmake/cmake)\n'}
[2.317749] (-) TimerEvent: {}
[2.391785] (turtlebot3_navigation2) StdoutLine: {'line': b'-- The C compiler identification is GNU 11.4.0\n'}
[2.417895] (-) TimerEvent: {}
[2.518534] (-) TimerEvent: {}
[2.525417] (turtlebot3_cartographer) StdoutLine: {'line': b'-- Found Python3: /usr/bin/python3.10 (found version "3.10.12") found components: Interpreter \n'}
[2.530575] (turtlebot3_node) StdoutLine: {'line': b'-- Found Python3: /usr/bin/python3.10 (found version "3.10.12") found components: Interpreter \n'}
[2.534176] (turtlebot3_description) StdoutLine: {'line': b'-- Found Python3: /usr/bin/python3.10 (found version "3.10.12") found components: Interpreter \n'}
[2.558400] (turtlebot3_navigation2) StdoutLine: {'line': b'-- The CXX compiler identification is GNU 11.4.0\n'}
[2.579057] (turtlebot3_navigation2) StdoutLine: {'line': b'-- Detecting C compiler ABI info\n'}
[2.618690] (-) TimerEvent: {}
[2.719817] (-) TimerEvent: {}
[2.729359] (turtlebot3_cartographer) StdoutLine: {'line': b'-- Override CMake install command with custom implementation using symlinks instead of copying resources\n'}
[2.772292] (turtlebot3_description) StdoutLine: {'line': b'-- Override CMake install command with custom implementation using symlinks instead of copying resources\n'}
[2.780686] (turtlebot3_node) StdoutLine: {'line': b'-- Override CMake install command with custom implementation using symlinks instead of copying resources\n'}
[2.811282] (turtlebot3_navigation2) StdoutLine: {'line': b'-- Detecting C compiler ABI info - done\n'}
[2.819948] (-) TimerEvent: {}
[2.841297] (turtlebot3_navigation2) StdoutLine: {'line': b'-- Check for working C compiler: /usr/bin/cc - skipped\n'}
[2.842088] (turtlebot3_navigation2) StdoutLine: {'line': b'-- Detecting C compile features\n'}
[2.843632] (turtlebot3_navigation2) StdoutLine: {'line': b'-- Detecting C compile features - done\n'}
[2.854203] (turtlebot3_navigation2) StdoutLine: {'line': b'-- Detecting CXX compiler ABI info\n'}
[2.920152] (-) TimerEvent: {}
[2.992136] (turtlebot3_description) StdoutLine: {'line': b'-- Found urdf: 2.6.0 (/opt/ros/humble/share/urdf/cmake)\n'}
[3.020353] (-) TimerEvent: {}
[3.057918] (turtlebot3_node) StderrLine: {'line': b'\x1b[31mCMake Error at CMakeLists.txt:19 (find_package):\n'}
[3.058649] (turtlebot3_node) StderrLine: {'line': b'  By not providing "Finddynamixel_sdk.cmake" in CMAKE_MODULE_PATH this\n'}
[3.059142] (turtlebot3_node) StderrLine: {'line': b'  project has asked CMake to find a package configuration file provided by\n'}
[3.059569] (turtlebot3_node) StderrLine: {'line': b'  "dynamixel_sdk", but CMake did not find one.\n'}
[3.059960] (turtlebot3_node) StderrLine: {'line': b'\n'}
[3.060362] (turtlebot3_node) StderrLine: {'line': b'  Could not find a package configuration file provided by "dynamixel_sdk"\n'}
[3.060722] (turtlebot3_node) StderrLine: {'line': b'  with any of the following names:\n'}
[3.061069] (turtlebot3_node) StderrLine: {'line': b'\n'}
[3.061444] (turtlebot3_node) StderrLine: {'line': b'    dynamixel_sdkConfig.cmake\n'}
[3.061814] (turtlebot3_node) StderrLine: {'line': b'    dynamixel_sdk-config.cmake\n'}
[3.062138] (turtlebot3_node) StderrLine: {'line': b'\n'}
[3.062486] (turtlebot3_node) StderrLine: {'line': b'  Add the installation prefix of "dynamixel_sdk" to CMAKE_PREFIX_PATH or set\n'}
[3.062889] (turtlebot3_node) StderrLine: {'line': b'  "dynamixel_sdk_DIR" to a directory containing one of the above files.  If\n'}
[3.063263] (turtlebot3_node) StderrLine: {'line': b'  "dynamixel_sdk" provides a separate development package or SDK, be sure it\n'}
[3.064457] (turtlebot3_node) StderrLine: {'line': b'  has been installed.\n'}
[3.064825] (turtlebot3_node) StderrLine: {'line': b'\n'}
[3.065056] (turtlebot3_node) StderrLine: {'line': b'\x1b[0m\n'}
[3.068198] (turtlebot3_node) StdoutLine: {'line': b'-- Configuring incomplete, errors occurred!\n'}
[3.068666] (turtlebot3_node) StdoutLine: {'line': b'See also "/home/ros/turtlebot3/turtlebot3-2.1.5/build/turtlebot3_node/CMakeFiles/CMakeOutput.log".\n'}
[3.126896] (-) TimerEvent: {}
[3.194982] (turtlebot3_cartographer) StdoutLine: {'line': b'-- Configuring done\n'}
[3.223907] (turtlebot3_cartographer) StdoutLine: {'line': b'-- Generating done\n'}
[3.224487] (turtlebot3_cartographer) StdoutLine: {'line': b'-- Build files have been written to: /home/ros/turtlebot3/turtlebot3-2.1.5/build/turtlebot3_cartographer\n'}
[3.227030] (-) TimerEvent: {}
[3.261475] (turtlebot3_navigation2) StdoutLine: {'line': b'-- Detecting CXX compiler ABI info - done\n'}
[3.305787] (turtlebot3_navigation2) StdoutLine: {'line': b'-- Check for working CXX compiler: /usr/bin/c++ - skipped\n'}
[3.306374] (turtlebot3_navigation2) StdoutLine: {'line': b'-- Detecting CXX compile features\n'}
[3.308056] (turtlebot3_navigation2) StdoutLine: {'line': b'-- Detecting CXX compile features - done\n'}
[3.334966] (-) TimerEvent: {}
[3.335534] (turtlebot3_navigation2) StdoutLine: {'line': b'-- Found ament_cmake: 1.3.5 (/opt/ros/humble/share/ament_cmake/cmake)\n'}
[3.435347] (-) TimerEvent: {}
[3.536100] (-) TimerEvent: {}
[3.599335] (turtlebot3_cartographer) CommandEnded: {'returncode': 0}
[3.600455] (turtlebot3_cartographer) JobProgress: {'identifier': 'turtlebot3_cartographer', 'progress': 'build'}
[3.600574] (turtlebot3_cartographer) Command: {'cmd': ['/usr/bin/cmake', '--build', '/home/ros/turtlebot3/turtlebot3-2.1.5/build/turtlebot3_cartographer', '--', '-j8', '-l8'], 'cwd': '/home/ros/turtlebot3/turtlebot3-2.1.5/build/turtlebot3_cartographer', 'env': OrderedDict([('HOSTNAME', 'envy-13'), ('GIT_ASKPASS', '/home/ros/.vscode-server/bin/1a5daa3a0231a0fbba4f14db7ec463cf99d7768e/extensions/git/dist/askpass.sh'), ('IGNITION_VERSION', 'fortress'), ('SHLVL', '2'), ('LD_LIBRARY_PATH', '/home/ros/turtlebot3/turtlebot3_msgs-2.2.3/install/turtlebot3_msgs/lib:/usr/lib/x86_64-linux-gnu/gazebo-11/plugins:/opt/ros/humble/opt/rviz_ogre_vendor/lib:/opt/ros/humble/lib/x86_64-linux-gnu:/opt/ros/humble/lib'), ('BROWSER', '/home/ros/.vscode-server/bin/1a5daa3a0231a0fbba4f14db7ec463cf99d7768e/bin/helpers/browser.sh'), ('HOME', '/home/ros'), ('OLDPWD', '/home/ros/turtlebot3/turtlebot3_simulations-2.2.5'), ('TERM_PROGRAM_VERSION', '1.84.2'), ('VSCODE_IPC_HOOK_CLI', '/tmp/vscode-ipc-ba67ed59-943f-4679-8a74-37551b96ad15.sock'), ('ROS_PYTHON_VERSION', '3'), ('VSCODE_GIT_ASKPASS_MAIN', '/home/ros/.vscode-server/bin/1a5daa3a0231a0fbba4f14db7ec463cf99d7768e/extensions/git/dist/askpass-main.js'), ('VSCODE_GIT_ASKPASS_NODE', '/home/ros/.vscode-server/bin/1a5daa3a0231a0fbba4f14db7ec463cf99d7768e/node'), ('COLORTERM', 'truecolor'), ('REMOTE_CONTAINERS', 'true'), ('COLCON_PREFIX_PATH', '/home/ros/turtlebot3/turtlebot3_msgs-2.2.3/install:/home/ros/turtlebot3/turtlebot3-2.1.5/install:/home/ros/turtlebot3/turtlebot3_simulations-2.2.5/install'), ('ROS_DISTRO', 'humble'), ('REMOTE_CONTAINERS_IPC', '/tmp/vscode-remote-containers-ipc-5144e9ce-5ae9-42c7-b1e1-3f1de908bbdf.sock'), ('_', '/usr/bin/colcon'), ('ROS_VERSION', '2'), ('TERM', 'xterm-256color'), ('ROS_LOCALHOST_ONLY', '0'), ('QT_X11_NO_MITSHM', '1'), ('PATH', '/home/ros/.vscode-server/bin/1a5daa3a0231a0fbba4f14db7ec463cf99d7768e/bin/remote-cli:/opt/ros/humble/bin:/usr/local/sbin:/usr/local/bin:/usr/sbin:/usr/bin:/sbin:/bin'), ('RUNLEVEL', '3'), ('XDG_RUNTIME_DIR', '/tmp/runtime-ros'), ('REMOTE_CONTAINERS_SOCKETS', '["/tmp/vscode-ssh-auth-5144e9ce-5ae9-42c7-b1e1-3f1de908bbdf.sock","/tmp/.X11-unix/X4","/home/ros/.gnupg/S.gpg-agent"]'), ('DISPLAY', ':0'), ('LANG', 'C.UTF-8'), ('VSCODE_GIT_IPC_HANDLE', '/tmp/runtime-ros/vscode-git-eaaa5886d4.sock'), ('TERM_PROGRAM', 'vscode'), ('SSH_AUTH_SOCK', '/tmp/vscode-ssh-auth-5144e9ce-5ae9-42c7-b1e1-3f1de908bbdf.sock'), ('AMENT_PREFIX_PATH', '/home/ros/turtlebot3/turtlebot3-2.1.5/install/turtlebot3_teleop:/home/ros/turtlebot3/turtlebot3-2.1.5/install/turtlebot3_example:/home/ros/turtlebot3/turtlebot3_msgs-2.2.3/install/turtlebot3_msgs:/home/ros/turtlebot3/turtlebot3_simulations-2.2.5/install/turtlebot3_simulations:/home/ros/turtlebot3/turtlebot3_simulations-2.2.5/install/turtlebot3_gazebo:/home/ros/turtlebot3/turtlebot3_simulations-2.2.5/install/turtlebot3_fake_node:/opt/ros/humble'), ('REMOTE_CONTAINERS_DISPLAY_SOCK', '/tmp/.X11-unix/X4'), ('SHELL', '/bin/bash'), ('VSCODE_GIT_ASKPASS_EXTRA_ARGS', ''), ('PWD', '/home/ros/turtlebot3/turtlebot3-2.1.5/build/turtlebot3_cartographer'), ('TURTLEBOT3_MODEL', 'burger'), ('LC_ALL', 'C.UTF-8'), ('PYTHONPATH', '/turtlebot3/turtlebot3-2.1.5/build/turtlebot3_teleop:/home/ros/turtlebot3/turtlebot3-2.1.5/install/turtlebot3_teleop/lib/python3.10/site-packages:/turtlebot3/turtlebot3-2.1.5/build/turtlebot3_example:/home/ros/turtlebot3/turtlebot3-2.1.5/install/turtlebot3_example/lib/python3.10/site-packages:/home/ros/turtlebot3/turtlebot3_msgs-2.2.3/install/turtlebot3_msgs/local/lib/python3.10/dist-packages:/opt/ros/humble/lib/python3.10/site-packages:/opt/ros/humble/local/lib/python3.10/dist-packages'), ('COLCON', '1'), ('CMAKE_PREFIX_PATH', '/home/ros/turtlebot3/turtlebot3-2.1.5/install/turtlebot3:/home/ros/turtlebot3/turtlebot3-2.1.5/install/turtlebot3_bringup:/home/ros/turtlebot3/turtlebot3-2.1.5/install/turtlebot3_node:/home/ros/turtlebot3/turtlebot3-2.1.5/install/turtlebot3_navigation2:/home/ros/turtlebot3/turtlebot3-2.1.5/install/turtlebot3_description:/home/ros/turtlebot3/turtlebot3-2.1.5/install/turtlebot3_cartographer:/home/ros/turtlebot3/turtlebot3_msgs-2.2.3/install/turtlebot3_msgs:/home/ros/turtlebot3/turtlebot3_simulations-2.2.5/install/turtlebot3_simulations:/home/ros/turtlebot3/turtlebot3_simulations-2.2.5/install/turtlebot3_gazebo:/home/ros/turtlebot3/turtlebot3_simulations-2.2.5/install/turtlebot3_fake_node:/home/ros/turtlebot3/turtlebot3-2.1.5/install/turtlebot3_teleop:/home/ros/turtlebot3/turtlebot3-2.1.5/install/turtlebot3_example:/opt/ros/humble')]), 'shell': False}
[3.611528] (turtlebot3_node) CommandEnded: {'returncode': 1}
[3.636264] (-) TimerEvent: {}
[3.737043] (-) TimerEvent: {}
[3.748333] (turtlebot3_description) StdoutLine: {'line': b'-- Configuring done\n'}
[3.763633] (turtlebot3_description) StdoutLine: {'line': b'-- Generating done\n'}
[3.766434] (turtlebot3_description) StdoutLine: {'line': b'-- Build files have been written to: /home/ros/turtlebot3/turtlebot3-2.1.5/build/turtlebot3_description\n'}
[3.837146] (-) TimerEvent: {}
[3.869364] (turtlebot3_node) JobEnded: {'identifier': 'turtlebot3_node', 'rc': 1}
[3.876183] (turtlebot3_cartographer) JobEnded: {'identifier': 'turtlebot3_cartographer', 'rc': 'SIGINT'}
[3.879652] (turtlebot3_description) JobEnded: {'identifier': 'turtlebot3_description', 'rc': 'SIGINT'}
[3.937331] (-) TimerEvent: {}
[3.971974] (turtlebot3_navigation2) StdoutLine: {'line': b'-- Found Python3: /usr/bin/python3.10 (found version "3.10.12") found components: Interpreter \n'}
[4.038627] (-) TimerEvent: {}
[4.139224] (-) TimerEvent: {}
[4.205637] (turtlebot3_navigation2) StdoutLine: {'line': b'-- Override CMake install command with custom implementation using symlinks instead of copying resources\n'}
[4.239374] (-) TimerEvent: {}
[4.340132] (-) TimerEvent: {}
[4.440700] (-) TimerEvent: {}
[4.541155] (-) TimerEvent: {}
[4.558284] (turtlebot3_navigation2) StdoutLine: {'line': b'-- Configuring done\n'}
[4.572222] (turtlebot3_navigation2) StdoutLine: {'line': b'-- Generating done\n'}
[4.573781] (turtlebot3_navigation2) StdoutLine: {'line': b'-- Build files have been written to: /home/ros/turtlebot3/turtlebot3-2.1.5/build/turtlebot3_navigation2\n'}
[4.586967] (turtlebot3_navigation2) JobEnded: {'identifier': 'turtlebot3_navigation2', 'rc': 'SIGINT'}
[4.641296] (-) TimerEvent: {}
[4.741833] (-) TimerEvent: {}
[4.842284] (-) TimerEvent: {}
[4.870607] (turtlebot3_teleop) JobEnded: {'identifier': 'turtlebot3_teleop', 'rc': 'SIGINT'}
[4.872657] (turtlebot3_example) JobEnded: {'identifier': 'turtlebot3_example', 'rc': 'SIGINT'}
[4.883999] (turtlebot3_bringup) JobSkipped: {'identifier': 'turtlebot3_bringup'}
[4.884281] (turtlebot3) JobSkipped: {'identifier': 'turtlebot3'}
[4.884411] (-) EventReactorShutdown: {}
