[1.224s] DEBUG:colcon:Command line arguments: ['/usr/bin/colcon', 'build', '--symlink-install']
[1.224s] DEBUG:colcon:Parsed command line arguments: Namespace(log_base=None, log_level=None, verb_name='build', build_base='build', install_base='install', merge_install=False, symlink_install=True, test_result_base=None, continue_on_error=False, executor='parallel', parallel_workers=8, event_handlers=None, ignore_user_meta=False, metas=['./colcon.meta'], base_paths=['.'], packages_ignore=None, packages_ignore_regex=None, paths=None, packages_up_to=None, packages_up_to_regex=None, packages_above=None, packages_above_and_dependencies=None, packages_above_depth=None, packages_select_by_dep=None, packages_skip_by_dep=None, packages_skip_up_to=None, packages_select_build_failed=False, packages_skip_build_finished=False, packages_select_test_failures=False, packages_skip_test_passed=False, packages_select=None, packages_skip=None, packages_select_regex=None, packages_skip_regex=None, packages_start=None, packages_end=None, cmake_args=None, cmake_target=None, cmake_target_skip_unavailable=False, cmake_clean_cache=False, cmake_clean_first=False, cmake_force_configure=False, ament_cmake_args=None, catkin_cmake_args=None, catkin_skip_building_tests=False, mixin_files=None, mixin=None, verb_parser=<colcon_mixin.mixin.mixin_argument.MixinArgumentDecorator object at 0x7faecec66aa0>, verb_extension=<colcon_core.verb.build.BuildVerb object at 0x7faecec65600>, main=<bound method BuildVerb.main of <colcon_core.verb.build.BuildVerb object at 0x7faecec65600>>, mixin_verb=('build',))
[1.299s] Level 1:colcon.colcon_core.package_discovery:discover_packages(colcon_meta) check parameters
[1.299s] Level 1:colcon.colcon_core.package_discovery:discover_packages(recursive) check parameters
[1.299s] Level 1:colcon.colcon_core.package_discovery:discover_packages(ignore) check parameters
[1.299s] Level 1:colcon.colcon_core.package_discovery:discover_packages(path) check parameters
[1.299s] Level 1:colcon.colcon_core.package_discovery:discover_packages(colcon_meta) discover
[1.299s] Level 1:colcon.colcon_core.package_discovery:discover_packages(recursive) discover
[1.299s] INFO:colcon.colcon_core.package_discovery:Crawling recursively for packages in '/home/ros/turtlebot3/turtlebot3-2.1.5'
[1.299s] Level 1:colcon.colcon_core.package_identification:_identify(.) by extensions ['ignore', 'ignore_ament_install']
[1.300s] Level 1:colcon.colcon_core.package_identification:_identify(.) by extension 'ignore'
[1.300s] Level 1:colcon.colcon_core.package_identification:_identify(.) by extension 'ignore_ament_install'
[1.300s] Level 1:colcon.colcon_core.package_identification:_identify(.) by extensions ['colcon_pkg']
[1.300s] Level 1:colcon.colcon_core.package_identification:_identify(.) by extension 'colcon_pkg'
[1.300s] Level 1:colcon.colcon_core.package_identification:_identify(.) by extensions ['colcon_meta']
[1.300s] Level 1:colcon.colcon_core.package_identification:_identify(.) by extension 'colcon_meta'
[1.300s] Level 1:colcon.colcon_core.package_identification:_identify(.) by extensions ['ros']
[1.300s] Level 1:colcon.colcon_core.package_identification:_identify(.) by extension 'ros'
[1.315s] Level 1:colcon.colcon_core.package_identification:_identify(.) by extensions ['cmake', 'python']
[1.315s] Level 1:colcon.colcon_core.package_identification:_identify(.) by extension 'cmake'
[1.315s] Level 1:colcon.colcon_core.package_identification:_identify(.) by extension 'python'
[1.315s] Level 1:colcon.colcon_core.package_identification:_identify(.) by extensions ['python_setup_py']
[1.315s] Level 1:colcon.colcon_core.package_identification:_identify(.) by extension 'python_setup_py'
[1.315s] Level 1:colcon.colcon_core.package_identification:_identify(build) by extensions ['ignore', 'ignore_ament_install']
[1.315s] Level 1:colcon.colcon_core.package_identification:_identify(build) by extension 'ignore'
[1.315s] Level 1:colcon.colcon_core.package_identification:_identify(build) ignored
[1.315s] Level 1:colcon.colcon_core.package_identification:_identify(install) by extensions ['ignore', 'ignore_ament_install']
[1.315s] Level 1:colcon.colcon_core.package_identification:_identify(install) by extension 'ignore'
[1.316s] Level 1:colcon.colcon_core.package_identification:_identify(install) ignored
[1.316s] Level 1:colcon.colcon_core.package_identification:_identify(log) by extensions ['ignore', 'ignore_ament_install']
[1.316s] Level 1:colcon.colcon_core.package_identification:_identify(log) by extension 'ignore'
[1.316s] Level 1:colcon.colcon_core.package_identification:_identify(log) ignored
[1.316s] Level 1:colcon.colcon_core.package_identification:_identify(turtlebot3) by extensions ['ignore', 'ignore_ament_install']
[1.316s] Level 1:colcon.colcon_core.package_identification:_identify(turtlebot3) by extension 'ignore'
[1.316s] Level 1:colcon.colcon_core.package_identification:_identify(turtlebot3) by extension 'ignore_ament_install'
[1.316s] Level 1:colcon.colcon_core.package_identification:_identify(turtlebot3) by extensions ['colcon_pkg']
[1.316s] Level 1:colcon.colcon_core.package_identification:_identify(turtlebot3) by extension 'colcon_pkg'
[1.316s] Level 1:colcon.colcon_core.package_identification:_identify(turtlebot3) by extensions ['colcon_meta']
[1.316s] Level 1:colcon.colcon_core.package_identification:_identify(turtlebot3) by extension 'colcon_meta'
[1.316s] Level 1:colcon.colcon_core.package_identification:_identify(turtlebot3) by extensions ['ros']
[1.316s] Level 1:colcon.colcon_core.package_identification:_identify(turtlebot3) by extension 'ros'
[1.320s] DEBUG:colcon.colcon_core.package_identification:Package 'turtlebot3' with type 'ros.ament_cmake' and name 'turtlebot3'
[1.320s] Level 1:colcon.colcon_core.package_identification:_identify(turtlebot3_bringup) by extensions ['ignore', 'ignore_ament_install']
[1.321s] Level 1:colcon.colcon_core.package_identification:_identify(turtlebot3_bringup) by extension 'ignore'
[1.321s] Level 1:colcon.colcon_core.package_identification:_identify(turtlebot3_bringup) by extension 'ignore_ament_install'
[1.321s] Level 1:colcon.colcon_core.package_identification:_identify(turtlebot3_bringup) by extensions ['colcon_pkg']
[1.321s] Level 1:colcon.colcon_core.package_identification:_identify(turtlebot3_bringup) by extension 'colcon_pkg'
[1.321s] Level 1:colcon.colcon_core.package_identification:_identify(turtlebot3_bringup) by extensions ['colcon_meta']
[1.321s] Level 1:colcon.colcon_core.package_identification:_identify(turtlebot3_bringup) by extension 'colcon_meta'
[1.321s] Level 1:colcon.colcon_core.package_identification:_identify(turtlebot3_bringup) by extensions ['ros']
[1.321s] Level 1:colcon.colcon_core.package_identification:_identify(turtlebot3_bringup) by extension 'ros'
[1.322s] DEBUG:colcon.colcon_core.package_identification:Package 'turtlebot3_bringup' with type 'ros.ament_cmake' and name 'turtlebot3_bringup'
[1.322s] Level 1:colcon.colcon_core.package_identification:_identify(turtlebot3_cartographer) by extensions ['ignore', 'ignore_ament_install']
[1.322s] Level 1:colcon.colcon_core.package_identification:_identify(turtlebot3_cartographer) by extension 'ignore'
[1.322s] Level 1:colcon.colcon_core.package_identification:_identify(turtlebot3_cartographer) by extension 'ignore_ament_install'
[1.322s] Level 1:colcon.colcon_core.package_identification:_identify(turtlebot3_cartographer) by extensions ['colcon_pkg']
[1.323s] Level 1:colcon.colcon_core.package_identification:_identify(turtlebot3_cartographer) by extension 'colcon_pkg'
[1.323s] Level 1:colcon.colcon_core.package_identification:_identify(turtlebot3_cartographer) by extensions ['colcon_meta']
[1.323s] Level 1:colcon.colcon_core.package_identification:_identify(turtlebot3_cartographer) by extension 'colcon_meta'
[1.323s] Level 1:colcon.colcon_core.package_identification:_identify(turtlebot3_cartographer) by extensions ['ros']
[1.323s] Level 1:colcon.colcon_core.package_identification:_identify(turtlebot3_cartographer) by extension 'ros'
[1.323s] DEBUG:colcon.colcon_core.package_identification:Package 'turtlebot3_cartographer' with type 'ros.ament_cmake' and name 'turtlebot3_cartographer'
[1.324s] Level 1:colcon.colcon_core.package_identification:_identify(turtlebot3_description) by extensions ['ignore', 'ignore_ament_install']
[1.324s] Level 1:colcon.colcon_core.package_identification:_identify(turtlebot3_description) by extension 'ignore'
[1.324s] Level 1:colcon.colcon_core.package_identification:_identify(turtlebot3_description) by extension 'ignore_ament_install'
[1.324s] Level 1:colcon.colcon_core.package_identification:_identify(turtlebot3_description) by extensions ['colcon_pkg']
[1.324s] Level 1:colcon.colcon_core.package_identification:_identify(turtlebot3_description) by extension 'colcon_pkg'
[1.324s] Level 1:colcon.colcon_core.package_identification:_identify(turtlebot3_description) by extensions ['colcon_meta']
[1.324s] Level 1:colcon.colcon_core.package_identification:_identify(turtlebot3_description) by extension 'colcon_meta'
[1.324s] Level 1:colcon.colcon_core.package_identification:_identify(turtlebot3_description) by extensions ['ros']
[1.324s] Level 1:colcon.colcon_core.package_identification:_identify(turtlebot3_description) by extension 'ros'
[1.325s] DEBUG:colcon.colcon_core.package_identification:Package 'turtlebot3_description' with type 'ros.ament_cmake' and name 'turtlebot3_description'
[1.326s] Level 1:colcon.colcon_core.package_identification:_identify(turtlebot3_example) by extensions ['ignore', 'ignore_ament_install']
[1.326s] Level 1:colcon.colcon_core.package_identification:_identify(turtlebot3_example) by extension 'ignore'
[1.326s] Level 1:colcon.colcon_core.package_identification:_identify(turtlebot3_example) by extension 'ignore_ament_install'
[1.326s] Level 1:colcon.colcon_core.package_identification:_identify(turtlebot3_example) by extensions ['colcon_pkg']
[1.326s] Level 1:colcon.colcon_core.package_identification:_identify(turtlebot3_example) by extension 'colcon_pkg'
[1.326s] Level 1:colcon.colcon_core.package_identification:_identify(turtlebot3_example) by extensions ['colcon_meta']
[1.326s] Level 1:colcon.colcon_core.package_identification:_identify(turtlebot3_example) by extension 'colcon_meta'
[1.326s] Level 1:colcon.colcon_core.package_identification:_identify(turtlebot3_example) by extensions ['ros']
[1.326s] Level 1:colcon.colcon_core.package_identification:_identify(turtlebot3_example) by extension 'ros'
[1.328s] DEBUG:colcon.colcon_core.package_identification:Package 'turtlebot3_example' with type 'ros.ament_python' and name 'turtlebot3_example'
[1.328s] Level 1:colcon.colcon_core.package_identification:_identify(turtlebot3_navigation2) by extensions ['ignore', 'ignore_ament_install']
[1.328s] Level 1:colcon.colcon_core.package_identification:_identify(turtlebot3_navigation2) by extension 'ignore'
[1.328s] Level 1:colcon.colcon_core.package_identification:_identify(turtlebot3_navigation2) by extension 'ignore_ament_install'
[1.328s] Level 1:colcon.colcon_core.package_identification:_identify(turtlebot3_navigation2) by extensions ['colcon_pkg']
[1.328s] Level 1:colcon.colcon_core.package_identification:_identify(turtlebot3_navigation2) by extension 'colcon_pkg'
[1.328s] Level 1:colcon.colcon_core.package_identification:_identify(turtlebot3_navigation2) by extensions ['colcon_meta']
[1.328s] Level 1:colcon.colcon_core.package_identification:_identify(turtlebot3_navigation2) by extension 'colcon_meta'
[1.328s] Level 1:colcon.colcon_core.package_identification:_identify(turtlebot3_navigation2) by extensions ['ros']
[1.328s] Level 1:colcon.colcon_core.package_identification:_identify(turtlebot3_navigation2) by extension 'ros'
[1.329s] DEBUG:colcon.colcon_core.package_identification:Package 'turtlebot3_navigation2' with type 'ros.ament_cmake' and name 'turtlebot3_navigation2'
[1.329s] Level 1:colcon.colcon_core.package_identification:_identify(turtlebot3_node) by extensions ['ignore', 'ignore_ament_install']
[1.330s] Level 1:colcon.colcon_core.package_identification:_identify(turtlebot3_node) by extension 'ignore'
[1.330s] Level 1:colcon.colcon_core.package_identification:_identify(turtlebot3_node) by extension 'ignore_ament_install'
[1.330s] Level 1:colcon.colcon_core.package_identification:_identify(turtlebot3_node) by extensions ['colcon_pkg']
[1.330s] Level 1:colcon.colcon_core.package_identification:_identify(turtlebot3_node) by extension 'colcon_pkg'
[1.330s] Level 1:colcon.colcon_core.package_identification:_identify(turtlebot3_node) by extensions ['colcon_meta']
[1.330s] Level 1:colcon.colcon_core.package_identification:_identify(turtlebot3_node) by extension 'colcon_meta'
[1.330s] Level 1:colcon.colcon_core.package_identification:_identify(turtlebot3_node) by extensions ['ros']
[1.330s] Level 1:colcon.colcon_core.package_identification:_identify(turtlebot3_node) by extension 'ros'
[1.332s] DEBUG:colcon.colcon_core.package_identification:Package 'turtlebot3_node' with type 'ros.ament_cmake' and name 'turtlebot3_node'
[1.332s] Level 1:colcon.colcon_core.package_identification:_identify(turtlebot3_teleop) by extensions ['ignore', 'ignore_ament_install']
[1.332s] Level 1:colcon.colcon_core.package_identification:_identify(turtlebot3_teleop) by extension 'ignore'
[1.332s] Level 1:colcon.colcon_core.package_identification:_identify(turtlebot3_teleop) by extension 'ignore_ament_install'
[1.332s] Level 1:colcon.colcon_core.package_identification:_identify(turtlebot3_teleop) by extensions ['colcon_pkg']
[1.333s] Level 1:colcon.colcon_core.package_identification:_identify(turtlebot3_teleop) by extension 'colcon_pkg'
[1.333s] Level 1:colcon.colcon_core.package_identification:_identify(turtlebot3_teleop) by extensions ['colcon_meta']
[1.333s] Level 1:colcon.colcon_core.package_identification:_identify(turtlebot3_teleop) by extension 'colcon_meta'
[1.333s] Level 1:colcon.colcon_core.package_identification:_identify(turtlebot3_teleop) by extensions ['ros']
[1.333s] Level 1:colcon.colcon_core.package_identification:_identify(turtlebot3_teleop) by extension 'ros'
[1.334s] DEBUG:colcon.colcon_core.package_identification:Package 'turtlebot3_teleop' with type 'ros.ament_python' and name 'turtlebot3_teleop'
[1.334s] Level 1:colcon.colcon_core.package_discovery:discover_packages(recursive) using defaults
[1.334s] Level 1:colcon.colcon_core.package_discovery:discover_packages(ignore) discover
[1.334s] Level 1:colcon.colcon_core.package_discovery:discover_packages(ignore) using defaults
[1.334s] Level 1:colcon.colcon_core.package_discovery:discover_packages(path) discover
[1.334s] Level 1:colcon.colcon_core.package_discovery:discover_packages(path) using defaults
[1.449s] Level 5:colcon.colcon_core.verb:set package 'turtlebot3_cartographer' build argument 'cmake_args' from command line to 'None'
[1.449s] Level 5:colcon.colcon_core.verb:set package 'turtlebot3_cartographer' build argument 'cmake_target' from command line to 'None'
[1.449s] Level 5:colcon.colcon_core.verb:set package 'turtlebot3_cartographer' build argument 'cmake_target_skip_unavailable' from command line to 'False'
[1.449s] Level 5:colcon.colcon_core.verb:set package 'turtlebot3_cartographer' build argument 'cmake_clean_cache' from command line to 'False'
[1.450s] Level 5:colcon.colcon_core.verb:set package 'turtlebot3_cartographer' build argument 'cmake_clean_first' from command line to 'False'
[1.450s] Level 5:colcon.colcon_core.verb:set package 'turtlebot3_cartographer' build argument 'cmake_force_configure' from command line to 'False'
[1.450s] Level 5:colcon.colcon_core.verb:set package 'turtlebot3_cartographer' build argument 'ament_cmake_args' from command line to 'None'
[1.450s] Level 5:colcon.colcon_core.verb:set package 'turtlebot3_cartographer' build argument 'catkin_cmake_args' from command line to 'None'
[1.450s] Level 5:colcon.colcon_core.verb:set package 'turtlebot3_cartographer' build argument 'catkin_skip_building_tests' from command line to 'False'
[1.450s] DEBUG:colcon.colcon_core.verb:Building package 'turtlebot3_cartographer' with the following arguments: {'ament_cmake_args': None, 'build_base': '/home/ros/turtlebot3/turtlebot3-2.1.5/build/turtlebot3_cartographer', 'catkin_cmake_args': None, 'catkin_skip_building_tests': False, 'cmake_args': None, 'cmake_clean_cache': False, 'cmake_clean_first': False, 'cmake_force_configure': False, 'cmake_target': None, 'cmake_target_skip_unavailable': False, 'install_base': '/home/ros/turtlebot3/turtlebot3-2.1.5/install/turtlebot3_cartographer', 'merge_install': False, 'path': '/home/ros/turtlebot3/turtlebot3-2.1.5/turtlebot3_cartographer', 'symlink_install': True, 'test_result_base': None}
[1.466s] Level 5:colcon.colcon_core.verb:set package 'turtlebot3_description' build argument 'cmake_args' from command line to 'None'
[1.466s] Level 5:colcon.colcon_core.verb:set package 'turtlebot3_description' build argument 'cmake_target' from command line to 'None'
[1.466s] Level 5:colcon.colcon_core.verb:set package 'turtlebot3_description' build argument 'cmake_target_skip_unavailable' from command line to 'False'
[1.466s] Level 5:colcon.colcon_core.verb:set package 'turtlebot3_description' build argument 'cmake_clean_cache' from command line to 'False'
[1.466s] Level 5:colcon.colcon_core.verb:set package 'turtlebot3_description' build argument 'cmake_clean_first' from command line to 'False'
[1.466s] Level 5:colcon.colcon_core.verb:set package 'turtlebot3_description' build argument 'cmake_force_configure' from command line to 'False'
[1.466s] Level 5:colcon.colcon_core.verb:set package 'turtlebot3_description' build argument 'ament_cmake_args' from command line to 'None'
[1.466s] Level 5:colcon.colcon_core.verb:set package 'turtlebot3_description' build argument 'catkin_cmake_args' from command line to 'None'
[1.466s] Level 5:colcon.colcon_core.verb:set package 'turtlebot3_description' build argument 'catkin_skip_building_tests' from command line to 'False'
[1.466s] DEBUG:colcon.colcon_core.verb:Building package 'turtlebot3_description' with the following arguments: {'ament_cmake_args': None, 'build_base': '/home/ros/turtlebot3/turtlebot3-2.1.5/build/turtlebot3_description', 'catkin_cmake_args': None, 'catkin_skip_building_tests': False, 'cmake_args': None, 'cmake_clean_cache': False, 'cmake_clean_first': False, 'cmake_force_configure': False, 'cmake_target': None, 'cmake_target_skip_unavailable': False, 'install_base': '/home/ros/turtlebot3/turtlebot3-2.1.5/install/turtlebot3_description', 'merge_install': False, 'path': '/home/ros/turtlebot3/turtlebot3-2.1.5/turtlebot3_description', 'symlink_install': True, 'test_result_base': None}
[1.484s] Level 5:colcon.colcon_core.verb:set package 'turtlebot3_example' build argument 'cmake_args' from command line to 'None'
[1.484s] Level 5:colcon.colcon_core.verb:set package 'turtlebot3_example' build argument 'cmake_target' from command line to 'None'
[1.484s] Level 5:colcon.colcon_core.verb:set package 'turtlebot3_example' build argument 'cmake_target_skip_unavailable' from command line to 'False'
[1.484s] Level 5:colcon.colcon_core.verb:set package 'turtlebot3_example' build argument 'cmake_clean_cache' from command line to 'False'
[1.484s] Level 5:colcon.colcon_core.verb:set package 'turtlebot3_example' build argument 'cmake_clean_first' from command line to 'False'
[1.484s] Level 5:colcon.colcon_core.verb:set package 'turtlebot3_example' build argument 'cmake_force_configure' from command line to 'False'
[1.484s] Level 5:colcon.colcon_core.verb:set package 'turtlebot3_example' build argument 'ament_cmake_args' from command line to 'None'
[1.484s] Level 5:colcon.colcon_core.verb:set package 'turtlebot3_example' build argument 'catkin_cmake_args' from command line to 'None'
[1.484s] Level 5:colcon.colcon_core.verb:set package 'turtlebot3_example' build argument 'catkin_skip_building_tests' from command line to 'False'
[1.484s] DEBUG:colcon.colcon_core.verb:Building package 'turtlebot3_example' with the following arguments: {'ament_cmake_args': None, 'build_base': '/home/ros/turtlebot3/turtlebot3-2.1.5/build/turtlebot3_example', 'catkin_cmake_args': None, 'catkin_skip_building_tests': False, 'cmake_args': None, 'cmake_clean_cache': False, 'cmake_clean_first': False, 'cmake_force_configure': False, 'cmake_target': None, 'cmake_target_skip_unavailable': False, 'install_base': '/home/ros/turtlebot3/turtlebot3-2.1.5/install/turtlebot3_example', 'merge_install': False, 'path': '/home/ros/turtlebot3/turtlebot3-2.1.5/turtlebot3_example', 'symlink_install': True, 'test_result_base': None}
[1.501s] Level 5:colcon.colcon_core.verb:set package 'turtlebot3_navigation2' build argument 'cmake_args' from command line to 'None'
[1.501s] Level 5:colcon.colcon_core.verb:set package 'turtlebot3_navigation2' build argument 'cmake_target' from command line to 'None'
[1.502s] Level 5:colcon.colcon_core.verb:set package 'turtlebot3_navigation2' build argument 'cmake_target_skip_unavailable' from command line to 'False'
[1.502s] Level 5:colcon.colcon_core.verb:set package 'turtlebot3_navigation2' build argument 'cmake_clean_cache' from command line to 'False'
[1.502s] Level 5:colcon.colcon_core.verb:set package 'turtlebot3_navigation2' build argument 'cmake_clean_first' from command line to 'False'
[1.502s] Level 5:colcon.colcon_core.verb:set package 'turtlebot3_navigation2' build argument 'cmake_force_configure' from command line to 'False'
[1.502s] Level 5:colcon.colcon_core.verb:set package 'turtlebot3_navigation2' build argument 'ament_cmake_args' from command line to 'None'
[1.502s] Level 5:colcon.colcon_core.verb:set package 'turtlebot3_navigation2' build argument 'catkin_cmake_args' from command line to 'None'
[1.502s] Level 5:colcon.colcon_core.verb:set package 'turtlebot3_navigation2' build argument 'catkin_skip_building_tests' from command line to 'False'
[1.502s] DEBUG:colcon.colcon_core.verb:Building package 'turtlebot3_navigation2' with the following arguments: {'ament_cmake_args': None, 'build_base': '/home/ros/turtlebot3/turtlebot3-2.1.5/build/turtlebot3_navigation2', 'catkin_cmake_args': None, 'catkin_skip_building_tests': False, 'cmake_args': None, 'cmake_clean_cache': False, 'cmake_clean_first': False, 'cmake_force_configure': False, 'cmake_target': None, 'cmake_target_skip_unavailable': False, 'install_base': '/home/ros/turtlebot3/turtlebot3-2.1.5/install/turtlebot3_navigation2', 'merge_install': False, 'path': '/home/ros/turtlebot3/turtlebot3-2.1.5/turtlebot3_navigation2', 'symlink_install': True, 'test_result_base': None}
[1.519s] Level 5:colcon.colcon_core.verb:set package 'turtlebot3_node' build argument 'cmake_args' from command line to 'None'
[1.519s] Level 5:colcon.colcon_core.verb:set package 'turtlebot3_node' build argument 'cmake_target' from command line to 'None'
[1.520s] Level 5:colcon.colcon_core.verb:set package 'turtlebot3_node' build argument 'cmake_target_skip_unavailable' from command line to 'False'
[1.520s] Level 5:colcon.colcon_core.verb:set package 'turtlebot3_node' build argument 'cmake_clean_cache' from command line to 'False'
[1.520s] Level 5:colcon.colcon_core.verb:set package 'turtlebot3_node' build argument 'cmake_clean_first' from command line to 'False'
[1.520s] Level 5:colcon.colcon_core.verb:set package 'turtlebot3_node' build argument 'cmake_force_configure' from command line to 'False'
[1.520s] Level 5:colcon.colcon_core.verb:set package 'turtlebot3_node' build argument 'ament_cmake_args' from command line to 'None'
[1.520s] Level 5:colcon.colcon_core.verb:set package 'turtlebot3_node' build argument 'catkin_cmake_args' from command line to 'None'
[1.520s] Level 5:colcon.colcon_core.verb:set package 'turtlebot3_node' build argument 'catkin_skip_building_tests' from command line to 'False'
[1.520s] DEBUG:colcon.colcon_core.verb:Building package 'turtlebot3_node' with the following arguments: {'ament_cmake_args': None, 'build_base': '/home/ros/turtlebot3/turtlebot3-2.1.5/build/turtlebot3_node', 'catkin_cmake_args': None, 'catkin_skip_building_tests': False, 'cmake_args': None, 'cmake_clean_cache': False, 'cmake_clean_first': False, 'cmake_force_configure': False, 'cmake_target': None, 'cmake_target_skip_unavailable': False, 'install_base': '/home/ros/turtlebot3/turtlebot3-2.1.5/install/turtlebot3_node', 'merge_install': False, 'path': '/home/ros/turtlebot3/turtlebot3-2.1.5/turtlebot3_node', 'symlink_install': True, 'test_result_base': None}
[1.537s] Level 5:colcon.colcon_core.verb:set package 'turtlebot3_teleop' build argument 'cmake_args' from command line to 'None'
[1.537s] Level 5:colcon.colcon_core.verb:set package 'turtlebot3_teleop' build argument 'cmake_target' from command line to 'None'
[1.537s] Level 5:colcon.colcon_core.verb:set package 'turtlebot3_teleop' build argument 'cmake_target_skip_unavailable' from command line to 'False'
[1.537s] Level 5:colcon.colcon_core.verb:set package 'turtlebot3_teleop' build argument 'cmake_clean_cache' from command line to 'False'
[1.537s] Level 5:colcon.colcon_core.verb:set package 'turtlebot3_teleop' build argument 'cmake_clean_first' from command line to 'False'
[1.537s] Level 5:colcon.colcon_core.verb:set package 'turtlebot3_teleop' build argument 'cmake_force_configure' from command line to 'False'
[1.537s] Level 5:colcon.colcon_core.verb:set package 'turtlebot3_teleop' build argument 'ament_cmake_args' from command line to 'None'
[1.537s] Level 5:colcon.colcon_core.verb:set package 'turtlebot3_teleop' build argument 'catkin_cmake_args' from command line to 'None'
[1.537s] Level 5:colcon.colcon_core.verb:set package 'turtlebot3_teleop' build argument 'catkin_skip_building_tests' from command line to 'False'
[1.537s] DEBUG:colcon.colcon_core.verb:Building package 'turtlebot3_teleop' with the following arguments: {'ament_cmake_args': None, 'build_base': '/home/ros/turtlebot3/turtlebot3-2.1.5/build/turtlebot3_teleop', 'catkin_cmake_args': None, 'catkin_skip_building_tests': False, 'cmake_args': None, 'cmake_clean_cache': False, 'cmake_clean_first': False, 'cmake_force_configure': False, 'cmake_target': None, 'cmake_target_skip_unavailable': False, 'install_base': '/home/ros/turtlebot3/turtlebot3-2.1.5/install/turtlebot3_teleop', 'merge_install': False, 'path': '/home/ros/turtlebot3/turtlebot3-2.1.5/turtlebot3_teleop', 'symlink_install': True, 'test_result_base': None}
[1.555s] Level 5:colcon.colcon_core.verb:set package 'turtlebot3_bringup' build argument 'cmake_args' from command line to 'None'
[1.555s] Level 5:colcon.colcon_core.verb:set package 'turtlebot3_bringup' build argument 'cmake_target' from command line to 'None'
[1.555s] Level 5:colcon.colcon_core.verb:set package 'turtlebot3_bringup' build argument 'cmake_target_skip_unavailable' from command line to 'False'
[1.555s] Level 5:colcon.colcon_core.verb:set package 'turtlebot3_bringup' build argument 'cmake_clean_cache' from command line to 'False'
[1.555s] Level 5:colcon.colcon_core.verb:set package 'turtlebot3_bringup' build argument 'cmake_clean_first' from command line to 'False'
[1.555s] Level 5:colcon.colcon_core.verb:set package 'turtlebot3_bringup' build argument 'cmake_force_configure' from command line to 'False'
[1.555s] Level 5:colcon.colcon_core.verb:set package 'turtlebot3_bringup' build argument 'ament_cmake_args' from command line to 'None'
[1.555s] Level 5:colcon.colcon_core.verb:set package 'turtlebot3_bringup' build argument 'catkin_cmake_args' from command line to 'None'
[1.555s] Level 5:colcon.colcon_core.verb:set package 'turtlebot3_bringup' build argument 'catkin_skip_building_tests' from command line to 'False'
[1.555s] DEBUG:colcon.colcon_core.verb:Building package 'turtlebot3_bringup' with the following arguments: {'ament_cmake_args': None, 'build_base': '/home/ros/turtlebot3/turtlebot3-2.1.5/build/turtlebot3_bringup', 'catkin_cmake_args': None, 'catkin_skip_building_tests': False, 'cmake_args': None, 'cmake_clean_cache': False, 'cmake_clean_first': False, 'cmake_force_configure': False, 'cmake_target': None, 'cmake_target_skip_unavailable': False, 'install_base': '/home/ros/turtlebot3/turtlebot3-2.1.5/install/turtlebot3_bringup', 'merge_install': False, 'path': '/home/ros/turtlebot3/turtlebot3-2.1.5/turtlebot3_bringup', 'symlink_install': True, 'test_result_base': None}
[1.573s] Level 5:colcon.colcon_core.verb:set package 'turtlebot3' build argument 'cmake_args' from command line to 'None'
[1.573s] Level 5:colcon.colcon_core.verb:set package 'turtlebot3' build argument 'cmake_target' from command line to 'None'
[1.573s] Level 5:colcon.colcon_core.verb:set package 'turtlebot3' build argument 'cmake_target_skip_unavailable' from command line to 'False'
[1.573s] Level 5:colcon.colcon_core.verb:set package 'turtlebot3' build argument 'cmake_clean_cache' from command line to 'False'
[1.573s] Level 5:colcon.colcon_core.verb:set package 'turtlebot3' build argument 'cmake_clean_first' from command line to 'False'
[1.573s] Level 5:colcon.colcon_core.verb:set package 'turtlebot3' build argument 'cmake_force_configure' from command line to 'False'
[1.573s] Level 5:colcon.colcon_core.verb:set package 'turtlebot3' build argument 'ament_cmake_args' from command line to 'None'
[1.573s] Level 5:colcon.colcon_core.verb:set package 'turtlebot3' build argument 'catkin_cmake_args' from command line to 'None'
[1.573s] Level 5:colcon.colcon_core.verb:set package 'turtlebot3' build argument 'catkin_skip_building_tests' from command line to 'False'
[1.573s] DEBUG:colcon.colcon_core.verb:Building package 'turtlebot3' with the following arguments: {'ament_cmake_args': None, 'build_base': '/home/ros/turtlebot3/turtlebot3-2.1.5/build/turtlebot3', 'catkin_cmake_args': None, 'catkin_skip_building_tests': False, 'cmake_args': None, 'cmake_clean_cache': False, 'cmake_clean_first': False, 'cmake_force_configure': False, 'cmake_target': None, 'cmake_target_skip_unavailable': False, 'install_base': '/home/ros/turtlebot3/turtlebot3-2.1.5/install/turtlebot3', 'merge_install': False, 'path': '/home/ros/turtlebot3/turtlebot3-2.1.5/turtlebot3', 'symlink_install': True, 'test_result_base': None}
[1.590s] INFO:colcon.colcon_core.executor:Executing jobs using 'parallel' executor
[1.607s] DEBUG:colcon.colcon_parallel_executor.executor.parallel:run_until_complete
[1.608s] INFO:colcon.colcon_ros.task.ament_cmake.build:Building ROS package in '/home/ros/turtlebot3/turtlebot3-2.1.5/turtlebot3_description' with build type 'ament_cmake'
[1.608s] INFO:colcon.colcon_cmake.task.cmake.build:Building CMake package in '/home/ros/turtlebot3/turtlebot3-2.1.5/turtlebot3_description'
[1.635s] INFO:colcon.colcon_core.plugin_system:Skipping extension 'colcon_core.shell.bat': Not used on non-Windows systems
[1.636s] INFO:colcon.colcon_core.shell:Skip shell extension 'powershell' for command environment: Not usable outside of PowerShell
[1.636s] DEBUG:colcon.colcon_core.shell:Skip shell extension 'dsv' for command environment
[1.661s] WARNING:colcon.colcon_ros.prefix_path.ament:The path '/home/ros/turtlebot3/turtlebot3-2.1.5/install/turtlebot3_teleop' in the environment variable AMENT_PREFIX_PATH doesn't exist
[1.661s] WARNING:colcon.colcon_ros.prefix_path.ament:The path '/home/ros/turtlebot3/turtlebot3-2.1.5/install/turtlebot3_example' in the environment variable AMENT_PREFIX_PATH doesn't exist
[1.662s] WARNING:colcon.colcon_ros.prefix_path.catkin:The path '/home/ros/turtlebot3/turtlebot3-2.1.5/install/turtlebot3' in the environment variable CMAKE_PREFIX_PATH doesn't exist
[1.662s] WARNING:colcon.colcon_ros.prefix_path.catkin:The path '/home/ros/turtlebot3/turtlebot3-2.1.5/install/turtlebot3_bringup' in the environment variable CMAKE_PREFIX_PATH doesn't exist
[1.662s] WARNING:colcon.colcon_ros.prefix_path.catkin:The path '/home/ros/turtlebot3/turtlebot3-2.1.5/install/turtlebot3_node' in the environment variable CMAKE_PREFIX_PATH doesn't exist
[1.662s] WARNING:colcon.colcon_ros.prefix_path.catkin:The path '/home/ros/turtlebot3/turtlebot3-2.1.5/install/turtlebot3_navigation2' in the environment variable CMAKE_PREFIX_PATH doesn't exist
[1.662s] WARNING:colcon.colcon_ros.prefix_path.catkin:The path '/home/ros/turtlebot3/turtlebot3-2.1.5/install/turtlebot3_description' in the environment variable CMAKE_PREFIX_PATH doesn't exist
[1.662s] WARNING:colcon.colcon_ros.prefix_path.catkin:The path '/home/ros/turtlebot3/turtlebot3-2.1.5/install/turtlebot3_cartographer' in the environment variable CMAKE_PREFIX_PATH doesn't exist
[1.772s] INFO:colcon.colcon_ros.task.ament_cmake.build:Building ROS package in '/home/ros/turtlebot3/turtlebot3-2.1.5/turtlebot3_node' with build type 'ament_cmake'
[1.772s] INFO:colcon.colcon_cmake.task.cmake.build:Building CMake package in '/home/ros/turtlebot3/turtlebot3-2.1.5/turtlebot3_node'
[1.805s] INFO:colcon.colcon_core.shell:Skip shell extension 'powershell' for command environment: Not usable outside of PowerShell
[1.805s] DEBUG:colcon.colcon_core.shell:Skip shell extension 'dsv' for command environment
[1.943s] INFO:colcon.colcon_ros.task.ament_cmake.build:Building ROS package in '/home/ros/turtlebot3/turtlebot3-2.1.5/turtlebot3_cartographer' with build type 'ament_cmake'
[1.943s] INFO:colcon.colcon_cmake.task.cmake.build:Building CMake package in '/home/ros/turtlebot3/turtlebot3-2.1.5/turtlebot3_cartographer'
[1.970s] INFO:colcon.colcon_core.shell:Skip shell extension 'powershell' for command environment: Not usable outside of PowerShell
[1.971s] DEBUG:colcon.colcon_core.shell:Skip shell extension 'dsv' for command environment
[2.108s] INFO:colcon.colcon_ros.task.ament_python.build:Building ROS package in '/home/ros/turtlebot3/turtlebot3-2.1.5/turtlebot3_example' with build type 'ament_python'
[2.108s] Level 1:colcon.colcon_core.shell:create_environment_hook('turtlebot3_example', 'ament_prefix_path')
[2.134s] INFO:colcon.colcon_core.shell:Creating environment hook '/home/ros/turtlebot3/turtlebot3-2.1.5/install/turtlebot3_example/share/turtlebot3_example/hook/ament_prefix_path.ps1'
[2.136s] INFO:colcon.colcon_core.shell:Creating environment descriptor '/home/ros/turtlebot3/turtlebot3-2.1.5/install/turtlebot3_example/share/turtlebot3_example/hook/ament_prefix_path.dsv'
[2.137s] INFO:colcon.colcon_core.shell:Creating environment hook '/home/ros/turtlebot3/turtlebot3-2.1.5/install/turtlebot3_example/share/turtlebot3_example/hook/ament_prefix_path.sh'
[2.164s] INFO:colcon.colcon_core.shell:Skip shell extension 'powershell' for command environment: Not usable outside of PowerShell
[2.165s] DEBUG:colcon.colcon_core.shell:Skip shell extension 'dsv' for command environment
[2.302s] INFO:colcon.colcon_ros.task.ament_cmake.build:Building ROS package in '/home/ros/turtlebot3/turtlebot3-2.1.5/turtlebot3_navigation2' with build type 'ament_cmake'
[2.303s] INFO:colcon.colcon_cmake.task.cmake.build:Building CMake package in '/home/ros/turtlebot3/turtlebot3-2.1.5/turtlebot3_navigation2'
[2.337s] INFO:colcon.colcon_core.shell:Skip shell extension 'powershell' for command environment: Not usable outside of PowerShell
[2.337s] DEBUG:colcon.colcon_core.shell:Skip shell extension 'dsv' for command environment
[2.519s] INFO:colcon.colcon_ros.task.ament_python.build:Building ROS package in '/home/ros/turtlebot3/turtlebot3-2.1.5/turtlebot3_teleop' with build type 'ament_python'
[2.519s] Level 1:colcon.colcon_core.shell:create_environment_hook('turtlebot3_teleop', 'ament_prefix_path')
[2.561s] INFO:colcon.colcon_core.shell:Creating environment hook '/home/ros/turtlebot3/turtlebot3-2.1.5/install/turtlebot3_teleop/share/turtlebot3_teleop/hook/ament_prefix_path.ps1'
[2.562s] INFO:colcon.colcon_core.shell:Creating environment descriptor '/home/ros/turtlebot3/turtlebot3-2.1.5/install/turtlebot3_teleop/share/turtlebot3_teleop/hook/ament_prefix_path.dsv'
[2.563s] INFO:colcon.colcon_core.shell:Creating environment hook '/home/ros/turtlebot3/turtlebot3-2.1.5/install/turtlebot3_teleop/share/turtlebot3_teleop/hook/ament_prefix_path.sh'
[2.604s] INFO:colcon.colcon_core.shell:Skip shell extension 'powershell' for command environment: Not usable outside of PowerShell
[2.604s] DEBUG:colcon.colcon_core.shell:Skip shell extension 'dsv' for command environment
[2.772s] DEBUG:colcon.colcon_core.event_handler.log_command:Invoking command in '/home/ros/turtlebot3/turtlebot3-2.1.5/build/turtlebot3_description': CMAKE_PREFIX_PATH=${CMAKE_PREFIX_PATH}:/home/ros/turtlebot3/turtlebot3-2.1.5/install/turtlebot3_teleop:/home/ros/turtlebot3/turtlebot3-2.1.5/install/turtlebot3_example:/opt/ros/humble /usr/bin/cmake /home/ros/turtlebot3/turtlebot3-2.1.5/turtlebot3_description -DAMENT_CMAKE_SYMLINK_INSTALL=1 -DCMAKE_INSTALL_PREFIX=/home/ros/turtlebot3/turtlebot3-2.1.5/install/turtlebot3_description
[2.779s] DEBUG:colcon.colcon_core.event_handler.log_command:Invoking command in '/home/ros/turtlebot3/turtlebot3-2.1.5/build/turtlebot3_node': CMAKE_PREFIX_PATH=${CMAKE_PREFIX_PATH}:/home/ros/turtlebot3/turtlebot3-2.1.5/install/turtlebot3_teleop:/home/ros/turtlebot3/turtlebot3-2.1.5/install/turtlebot3_example:/opt/ros/humble /usr/bin/cmake /home/ros/turtlebot3/turtlebot3-2.1.5/turtlebot3_node -DAMENT_CMAKE_SYMLINK_INSTALL=1 -DCMAKE_INSTALL_PREFIX=/home/ros/turtlebot3/turtlebot3-2.1.5/install/turtlebot3_node
[2.783s] DEBUG:colcon.colcon_core.event_handler.log_command:Invoking command in '/home/ros/turtlebot3/turtlebot3-2.1.5/build/turtlebot3_cartographer': CMAKE_PREFIX_PATH=${CMAKE_PREFIX_PATH}:/home/ros/turtlebot3/turtlebot3-2.1.5/install/turtlebot3_teleop:/home/ros/turtlebot3/turtlebot3-2.1.5/install/turtlebot3_example:/opt/ros/humble /usr/bin/cmake /home/ros/turtlebot3/turtlebot3-2.1.5/turtlebot3_cartographer -DAMENT_CMAKE_SYMLINK_INSTALL=1 -DCMAKE_INSTALL_PREFIX=/home/ros/turtlebot3/turtlebot3-2.1.5/install/turtlebot3_cartographer
[3.531s] INFO:colcon.colcon_core.task.python.build:Building Python package in '/home/ros/turtlebot3/turtlebot3-2.1.5/turtlebot3_example'
[3.583s] INFO:colcon.colcon_core.shell:Skip shell extension 'powershell' for command environment: Not usable outside of PowerShell
[3.583s] DEBUG:colcon.colcon_core.shell:Skip shell extension 'dsv' for command environment
[3.818s] DEBUG:colcon.colcon_core.event_handler.log_command:Invoking command in '/home/ros/turtlebot3/turtlebot3-2.1.5/build/turtlebot3_navigation2': CMAKE_PREFIX_PATH=${CMAKE_PREFIX_PATH}:/home/ros/turtlebot3/turtlebot3-2.1.5/install/turtlebot3_teleop:/home/ros/turtlebot3/turtlebot3-2.1.5/install/turtlebot3_example:/opt/ros/humble /usr/bin/cmake /home/ros/turtlebot3/turtlebot3-2.1.5/turtlebot3_navigation2 -DAMENT_CMAKE_SYMLINK_INSTALL=1 -DCMAKE_INSTALL_PREFIX=/home/ros/turtlebot3/turtlebot3-2.1.5/install/turtlebot3_navigation2
[4.818s] INFO:colcon.colcon_core.task.python.build:Building Python package in '/home/ros/turtlebot3/turtlebot3-2.1.5/turtlebot3_teleop'
[4.886s] INFO:colcon.colcon_core.shell:Skip shell extension 'powershell' for command environment: Not usable outside of PowerShell
[4.886s] DEBUG:colcon.colcon_core.shell:Skip shell extension 'dsv' for command environment
[5.207s] DEBUG:colcon.colcon_core.event_handler.log_command:Invoked command in '/home/ros/turtlebot3/turtlebot3-2.1.5/build/turtlebot3_cartographer' returned '0': CMAKE_PREFIX_PATH=${CMAKE_PREFIX_PATH}:/home/ros/turtlebot3/turtlebot3-2.1.5/install/turtlebot3_teleop:/home/ros/turtlebot3/turtlebot3-2.1.5/install/turtlebot3_example:/opt/ros/humble /usr/bin/cmake /home/ros/turtlebot3/turtlebot3-2.1.5/turtlebot3_cartographer -DAMENT_CMAKE_SYMLINK_INSTALL=1 -DCMAKE_INSTALL_PREFIX=/home/ros/turtlebot3/turtlebot3-2.1.5/install/turtlebot3_cartographer
[5.209s] DEBUG:colcon.colcon_core.event_handler.log_command:Invoking command in '/home/ros/turtlebot3/turtlebot3-2.1.5/build/turtlebot3_cartographer': CMAKE_PREFIX_PATH=${CMAKE_PREFIX_PATH}:/home/ros/turtlebot3/turtlebot3-2.1.5/install/turtlebot3_teleop:/home/ros/turtlebot3/turtlebot3-2.1.5/install/turtlebot3_example:/opt/ros/humble /usr/bin/cmake --build /home/ros/turtlebot3/turtlebot3-2.1.5/build/turtlebot3_cartographer -- -j8 -l8
[5.220s] DEBUG:colcon.colcon_core.event_handler.log_command:Invoked command in '/home/ros/turtlebot3/turtlebot3-2.1.5/build/turtlebot3_node' returned '1': CMAKE_PREFIX_PATH=${CMAKE_PREFIX_PATH}:/home/ros/turtlebot3/turtlebot3-2.1.5/install/turtlebot3_teleop:/home/ros/turtlebot3/turtlebot3-2.1.5/install/turtlebot3_example:/opt/ros/humble /usr/bin/cmake /home/ros/turtlebot3/turtlebot3-2.1.5/turtlebot3_node -DAMENT_CMAKE_SYMLINK_INSTALL=1 -DCMAKE_INSTALL_PREFIX=/home/ros/turtlebot3/turtlebot3-2.1.5/install/turtlebot3_node
[5.284s] Level 1:colcon.colcon_core.environment:create_environment_scripts_only(turtlebot3_node)
[5.397s] Level 1:colcon.colcon_core.environment:checking '/home/ros/turtlebot3/turtlebot3-2.1.5/install/turtlebot3_node' for CMake module files
[5.398s] Level 1:colcon.colcon_core.environment:checking '/home/ros/turtlebot3/turtlebot3-2.1.5/install/turtlebot3_node' for CMake config files
[5.399s] Level 1:colcon.colcon_core.environment:checking '/home/ros/turtlebot3/turtlebot3-2.1.5/install/turtlebot3_node/bin'
[5.400s] Level 1:colcon.colcon_core.environment:checking '/home/ros/turtlebot3/turtlebot3-2.1.5/install/turtlebot3_node/lib/pkgconfig/turtlebot3_node.pc'
[5.401s] Level 1:colcon.colcon_core.environment:checking '/home/ros/turtlebot3/turtlebot3-2.1.5/install/turtlebot3_node/lib/python3.10/site-packages'
[5.402s] Level 1:colcon.colcon_core.environment:checking '/home/ros/turtlebot3/turtlebot3-2.1.5/install/turtlebot3_node/bin'
[5.463s] INFO:colcon.colcon_core.shell:Creating package script '/home/ros/turtlebot3/turtlebot3-2.1.5/install/turtlebot3_node/share/turtlebot3_node/package.ps1'
[5.466s] INFO:colcon.colcon_core.shell:Creating package descriptor '/home/ros/turtlebot3/turtlebot3-2.1.5/install/turtlebot3_node/share/turtlebot3_node/package.dsv'
[5.467s] INFO:colcon.colcon_core.shell:Creating package script '/home/ros/turtlebot3/turtlebot3-2.1.5/install/turtlebot3_node/share/turtlebot3_node/package.sh'
[5.470s] INFO:colcon.colcon_core.shell:Creating package script '/home/ros/turtlebot3/turtlebot3-2.1.5/install/turtlebot3_node/share/turtlebot3_node/package.bash'
[5.473s] INFO:colcon.colcon_core.shell:Creating package script '/home/ros/turtlebot3/turtlebot3-2.1.5/install/turtlebot3_node/share/turtlebot3_node/package.zsh'
[5.475s] Level 1:colcon.colcon_core.environment:create_file_with_runtime_dependencies(/home/ros/turtlebot3/turtlebot3-2.1.5/install/turtlebot3_node/share/colcon-core/packages/turtlebot3_node)
[6.490s] DEBUG:colcon.colcon_parallel_executor.executor.parallel:closing loop
[6.491s] DEBUG:colcon.colcon_parallel_executor.executor.parallel:loop closed
[6.491s] DEBUG:colcon.colcon_parallel_executor.executor.parallel:run_until_complete finished with '1'
[6.491s] DEBUG:colcon.colcon_core.event_reactor:joining thread
[6.548s] INFO:colcon.colcon_core.plugin_system:Skipping extension 'colcon_notification.desktop_notification.notify_send': Could not find 'notify-send'
[6.549s] INFO:colcon.colcon_core.plugin_system:Skipping extension 'colcon_notification.desktop_notification.terminal_notifier': Not used on non-Darwin systems
[6.549s] INFO:colcon.colcon_core.plugin_system:Skipping extension 'colcon_notification.desktop_notification.win32': Not used on non-Windows systems
[6.549s] INFO:colcon.colcon_notification.desktop_notification:Sending desktop notification using 'notify2'
[6.555s] DEBUG:colcon.colcon_notification.desktop_notification.notify2:Failed to initialize notify2: org.freedesktop.DBus.Error.Spawn.ExecFailed: /usr/bin/dbus-launch terminated abnormally without any error message
[6.556s] DEBUG:colcon.colcon_core.event_reactor:joined thread
[6.596s] INFO:colcon.colcon_core.shell:Creating prefix script '/home/ros/turtlebot3/turtlebot3-2.1.5/install/local_setup.ps1'
[6.598s] INFO:colcon.colcon_core.shell:Creating prefix util module '/home/ros/turtlebot3/turtlebot3-2.1.5/install/_local_setup_util_ps1.py'
[6.601s] INFO:colcon.colcon_core.shell:Creating prefix chain script '/home/ros/turtlebot3/turtlebot3-2.1.5/install/setup.ps1'
[6.640s] INFO:colcon.colcon_core.shell:Creating prefix script '/home/ros/turtlebot3/turtlebot3-2.1.5/install/local_setup.sh'
[6.641s] INFO:colcon.colcon_core.shell:Creating prefix util module '/home/ros/turtlebot3/turtlebot3-2.1.5/install/_local_setup_util_sh.py'
[6.642s] INFO:colcon.colcon_core.shell:Creating prefix chain script '/home/ros/turtlebot3/turtlebot3-2.1.5/install/setup.sh'
[6.680s] INFO:colcon.colcon_core.shell:Creating prefix script '/home/ros/turtlebot3/turtlebot3-2.1.5/install/local_setup.bash'
[6.681s] INFO:colcon.colcon_core.shell:Creating prefix chain script '/home/ros/turtlebot3/turtlebot3-2.1.5/install/setup.bash'
[6.712s] INFO:colcon.colcon_core.shell:Creating prefix script '/home/ros/turtlebot3/turtlebot3-2.1.5/install/local_setup.zsh'
[6.714s] INFO:colcon.colcon_core.shell:Creating prefix chain script '/home/ros/turtlebot3/turtlebot3-2.1.5/install/setup.zsh'
