[5.270s] Invoking command in '/home/ros/turtlebot3/turtlebot3-2.1.5/build/turtlebot3_example': PYTHONPATH=/home/ros/turtlebot3/turtlebot3-2.1.5/build/turtlebot3_example/prefix_override:/home/ros/turtlebot3/turtlebot3-2.1.5/install/turtlebot3_example/lib/python3.10/site-packages:${PYTHONPATH} /usr/bin/python3 setup.py develop --editable --build-directory /home/ros/turtlebot3/turtlebot3-2.1.5/build/turtlebot3_example/build --no-deps install_data
[6.489s] running develop
[6.493s] /usr/lib/python3/dist-packages/setuptools/command/easy_install.py:158: EasyInstallDeprecationWarning: easy_install command is deprecated. Use build and pip and other standards-based tools.
[6.494s]   warnings.warn(
[6.499s] /usr/lib/python3/dist-packages/setuptools/command/install.py:34: SetuptoolsDeprecationWarning: setup.py install is deprecated. Use build and pip and other standards-based tools.
[6.500s]   warnings.warn(
[7.116s] running egg_info
[7.117s] creating turtlebot3_example.egg-info
[7.117s] writing turtlebot3_example.egg-info/PKG-INFO
[7.118s] writing dependency_links to turtlebot3_example.egg-info/dependency_links.txt
[7.118s] writing entry points to turtlebot3_example.egg-info/entry_points.txt
[7.119s] writing requirements to turtlebot3_example.egg-info/requires.txt
[7.119s] writing top-level names to turtlebot3_example.egg-info/top_level.txt
[7.120s] writing manifest file 'turtlebot3_example.egg-info/SOURCES.txt'
[7.125s] reading manifest file 'turtlebot3_example.egg-info/SOURCES.txt'
[7.127s] writing manifest file 'turtlebot3_example.egg-info/SOURCES.txt'
[7.134s] running build_ext
[7.137s] Creating /home/ros/turtlebot3/turtlebot3-2.1.5/install/turtlebot3_example/lib/python3.10/site-packages/turtlebot3-example.egg-link (link to .)
[7.141s] Installing turtlebot3_obstacle_detection script to /home/ros/turtlebot3/turtlebot3-2.1.5/install/turtlebot3_example/lib/turtlebot3_example
[7.141s] Installing turtlebot3_patrol_client script to /home/ros/turtlebot3/turtlebot3-2.1.5/install/turtlebot3_example/lib/turtlebot3_example
[7.143s] Installing turtlebot3_patrol_server script to /home/ros/turtlebot3/turtlebot3-2.1.5/install/turtlebot3_example/lib/turtlebot3_example
[7.147s] Installing turtlebot3_position_control script to /home/ros/turtlebot3/turtlebot3-2.1.5/install/turtlebot3_example/lib/turtlebot3_example
[7.153s] 
[7.153s] Installed /home/ros/turtlebot3/turtlebot3-2.1.5/build/turtlebot3_example
[7.154s] running install_data
[7.156s] creating /home/ros/turtlebot3/turtlebot3-2.1.5/install/turtlebot3_example/share/ament_index
[7.157s] creating /home/ros/turtlebot3/turtlebot3-2.1.5/install/turtlebot3_example/share/ament_index/resource_index
[7.158s] creating /home/ros/turtlebot3/turtlebot3-2.1.5/install/turtlebot3_example/share/ament_index/resource_index/packages
[7.158s] copying resource/turtlebot3_example -> /home/ros/turtlebot3/turtlebot3-2.1.5/install/turtlebot3_example/share/ament_index/resource_index/packages
[7.158s] copying package.xml -> /home/ros/turtlebot3/turtlebot3-2.1.5/install/turtlebot3_example/share/turtlebot3_example
[7.255s] Invoked command in '/home/ros/turtlebot3/turtlebot3-2.1.5/build/turtlebot3_example' returned '0': PYTHONPATH=/home/ros/turtlebot3/turtlebot3-2.1.5/build/turtlebot3_example/prefix_override:/home/ros/turtlebot3/turtlebot3-2.1.5/install/turtlebot3_example/lib/python3.10/site-packages:${PYTHONPATH} /usr/bin/python3 setup.py develop --editable --build-directory /home/ros/turtlebot3/turtlebot3-2.1.5/build/turtlebot3_example/build --no-deps install_data
