[0.481s] Invoking command in '/home/ros/turtlebot3/turtlebot3-2.1.5/build/turtlebot3_node': CMAKE_PREFIX_PATH=${CMAKE_PREFIX_PATH}:/opt/ros/humble /usr/bin/cmake --build /home/ros/turtlebot3/turtlebot3-2.1.5/build/turtlebot3_node -- -j8 -l8
[0.836s] [35m[1mConsolidate compiler generated dependencies of target turtlebot3_node_lib[0m
[0.836s] [ 85%] Built target turtlebot3_node_lib
[0.837s] [35m[1mConsolidate compiler generated dependencies of target turtlebot3_ros[0m
[0.837s] [100%] Built target turtlebot3_ros
[1.140s] Invoked command in '/home/ros/turtlebot3/turtlebot3-2.1.5/build/turtlebot3_node' returned '0': CMAKE_PREFIX_PATH=${CMAKE_PREFIX_PATH}:/opt/ros/humble /usr/bin/cmake --build /home/ros/turtlebot3/turtlebot3-2.1.5/build/turtlebot3_node -- -j8 -l8
[1.287s] Invoking command in '/home/ros/turtlebot3/turtlebot3-2.1.5/build/turtlebot3_node': CMAKE_PREFIX_PATH=${CMAKE_PREFIX_PATH}:/opt/ros/humble /usr/bin/cmake --install /home/ros/turtlebot3/turtlebot3-2.1.5/build/turtlebot3_node
[1.301s] -- Install configuration: ""
[1.301s] -- Execute custom install script
[1.301s] -- Up-to-date symlink: /home/ros/turtlebot3/turtlebot3-2.1.5/install/turtlebot3_node/share/turtlebot3_node/param/burger.yaml
[1.302s] -- Up-to-date symlink: /home/ros/turtlebot3/turtlebot3-2.1.5/install/turtlebot3_node/share/turtlebot3_node/param/waffle.yaml
[1.302s] -- Up-to-date symlink: /home/ros/turtlebot3/turtlebot3-2.1.5/install/turtlebot3_node/share/turtlebot3_node/param/waffle_pi.yaml
[1.302s] -- Up-to-date symlink: /home/ros/turtlebot3/turtlebot3-2.1.5/install/turtlebot3_node/lib/turtlebot3_node/turtlebot3_ros
[1.302s] -- Up-to-date symlink: /home/ros/turtlebot3/turtlebot3-2.1.5/install/turtlebot3_node/share/ament_index/resource_index/package_run_dependencies/turtlebot3_node
[1.303s] -- Up-to-date symlink: /home/ros/turtlebot3/turtlebot3-2.1.5/install/turtlebot3_node/share/ament_index/resource_index/parent_prefix_path/turtlebot3_node
[1.303s] -- Up-to-date symlink: /home/ros/turtlebot3/turtlebot3-2.1.5/install/turtlebot3_node/share/turtlebot3_node/environment/ament_prefix_path.sh
[1.303s] -- Up-to-date symlink: /home/ros/turtlebot3/turtlebot3-2.1.5/install/turtlebot3_node/share/turtlebot3_node/environment/ament_prefix_path.dsv
[1.303s] -- Up-to-date symlink: /home/ros/turtlebot3/turtlebot3-2.1.5/install/turtlebot3_node/share/turtlebot3_node/environment/path.sh
[1.303s] -- Up-to-date symlink: /home/ros/turtlebot3/turtlebot3-2.1.5/install/turtlebot3_node/share/turtlebot3_node/environment/path.dsv
[1.303s] -- Up-to-date symlink: /home/ros/turtlebot3/turtlebot3-2.1.5/install/turtlebot3_node/share/turtlebot3_node/local_setup.bash
[1.303s] -- Up-to-date symlink: /home/ros/turtlebot3/turtlebot3-2.1.5/install/turtlebot3_node/share/turtlebot3_node/local_setup.sh
[1.303s] -- Up-to-date symlink: /home/ros/turtlebot3/turtlebot3-2.1.5/install/turtlebot3_node/share/turtlebot3_node/local_setup.zsh
[1.304s] -- Up-to-date symlink: /home/ros/turtlebot3/turtlebot3-2.1.5/install/turtlebot3_node/share/turtlebot3_node/local_setup.dsv
[1.304s] -- Symlinking: /home/ros/turtlebot3/turtlebot3-2.1.5/install/turtlebot3_node/share/turtlebot3_node/package.dsv
[1.310s] -- Up-to-date symlink: /home/ros/turtlebot3/turtlebot3-2.1.5/install/turtlebot3_node/share/ament_index/resource_index/packages/turtlebot3_node
[1.310s] -- Up-to-date symlink: /home/ros/turtlebot3/turtlebot3-2.1.5/install/turtlebot3_node/share/turtlebot3_node/cmake/ament_cmake_export_include_directories-extras.cmake
[1.311s] -- Up-to-date symlink: /home/ros/turtlebot3/turtlebot3-2.1.5/install/turtlebot3_node/share/turtlebot3_node/cmake/turtlebot3_nodeConfig.cmake
[1.311s] -- Up-to-date symlink: /home/ros/turtlebot3/turtlebot3-2.1.5/install/turtlebot3_node/share/turtlebot3_node/cmake/turtlebot3_nodeConfig-version.cmake
[1.311s] -- Up-to-date symlink: /home/ros/turtlebot3/turtlebot3-2.1.5/install/turtlebot3_node/share/turtlebot3_node/package.xml
[1.495s] Invoked command in '/home/ros/turtlebot3/turtlebot3-2.1.5/build/turtlebot3_node' returned '0': CMAKE_PREFIX_PATH=${CMAKE_PREFIX_PATH}:/opt/ros/humble /usr/bin/cmake --install /home/ros/turtlebot3/turtlebot3-2.1.5/build/turtlebot3_node
