[0.403s] Invoking command in '/home/ros/turtlebot3/turtlebot3-2.1.5/build/turtlebot3_cartographer': CMAKE_PREFIX_PATH=${CMAKE_PREFIX_PATH}:/opt/ros/humble /usr/bin/cmake --build /home/ros/turtlebot3/turtlebot3-2.1.5/build/turtlebot3_cartographer -- -j8 -l8
[0.756s] Invoked command in '/home/ros/turtlebot3/turtlebot3-2.1.5/build/turtlebot3_cartographer' returned '0': CMAKE_PREFIX_PATH=${CMAKE_PREFIX_PATH}:/opt/ros/humble /usr/bin/cmake --build /home/ros/turtlebot3/turtlebot3-2.1.5/build/turtlebot3_cartographer -- -j8 -l8
[1.089s] Invoking command in '/home/ros/turtlebot3/turtlebot3-2.1.5/build/turtlebot3_cartographer': CMAKE_PREFIX_PATH=${CMAKE_PREFIX_PATH}:/opt/ros/humble /usr/bin/cmake --install /home/ros/turtlebot3/turtlebot3-2.1.5/build/turtlebot3_cartographer
[1.100s] -- Install configuration: ""
[1.101s] -- Execute custom install script
[1.102s] -- Up-to-date symlink: /home/ros/turtlebot3/turtlebot3-2.1.5/install/turtlebot3_cartographer/share/turtlebot3_cartographer/config/turtlebot3_lds_2d.lua
[1.102s] -- Up-to-date symlink: /home/ros/turtlebot3/turtlebot3-2.1.5/install/turtlebot3_cartographer/share/turtlebot3_cartographer/launch/cartographer.launch.py
[1.102s] -- Up-to-date symlink: /home/ros/turtlebot3/turtlebot3-2.1.5/install/turtlebot3_cartographer/share/turtlebot3_cartographer/launch/occupancy_grid.launch.py
[1.103s] -- Up-to-date symlink: /home/ros/turtlebot3/turtlebot3-2.1.5/install/turtlebot3_cartographer/share/turtlebot3_cartographer/rviz/tb3_cartographer.rviz
[1.103s] -- Up-to-date symlink: /home/ros/turtlebot3/turtlebot3-2.1.5/install/turtlebot3_cartographer/share/ament_index/resource_index/package_run_dependencies/turtlebot3_cartographer
[1.103s] -- Up-to-date symlink: /home/ros/turtlebot3/turtlebot3-2.1.5/install/turtlebot3_cartographer/share/ament_index/resource_index/parent_prefix_path/turtlebot3_cartographer
[1.104s] -- Up-to-date symlink: /home/ros/turtlebot3/turtlebot3-2.1.5/install/turtlebot3_cartographer/share/turtlebot3_cartographer/environment/ament_prefix_path.sh
[1.104s] -- Up-to-date symlink: /home/ros/turtlebot3/turtlebot3-2.1.5/install/turtlebot3_cartographer/share/turtlebot3_cartographer/environment/ament_prefix_path.dsv
[1.104s] -- Up-to-date symlink: /home/ros/turtlebot3/turtlebot3-2.1.5/install/turtlebot3_cartographer/share/turtlebot3_cartographer/environment/path.sh
[1.105s] -- Up-to-date symlink: /home/ros/turtlebot3/turtlebot3-2.1.5/install/turtlebot3_cartographer/share/turtlebot3_cartographer/environment/path.dsv
[1.105s] -- Up-to-date symlink: /home/ros/turtlebot3/turtlebot3-2.1.5/install/turtlebot3_cartographer/share/turtlebot3_cartographer/local_setup.bash
[1.105s] -- Up-to-date symlink: /home/ros/turtlebot3/turtlebot3-2.1.5/install/turtlebot3_cartographer/share/turtlebot3_cartographer/local_setup.sh
[1.105s] -- Up-to-date symlink: /home/ros/turtlebot3/turtlebot3-2.1.5/install/turtlebot3_cartographer/share/turtlebot3_cartographer/local_setup.zsh
[1.105s] -- Up-to-date symlink: /home/ros/turtlebot3/turtlebot3-2.1.5/install/turtlebot3_cartographer/share/turtlebot3_cartographer/local_setup.dsv
[1.105s] -- Symlinking: /home/ros/turtlebot3/turtlebot3-2.1.5/install/turtlebot3_cartographer/share/turtlebot3_cartographer/package.dsv
[1.119s] -- Up-to-date symlink: /home/ros/turtlebot3/turtlebot3-2.1.5/install/turtlebot3_cartographer/share/ament_index/resource_index/packages/turtlebot3_cartographer
[1.120s] -- Up-to-date symlink: /home/ros/turtlebot3/turtlebot3-2.1.5/install/turtlebot3_cartographer/share/turtlebot3_cartographer/cmake/turtlebot3_cartographerConfig.cmake
[1.121s] -- Up-to-date symlink: /home/ros/turtlebot3/turtlebot3-2.1.5/install/turtlebot3_cartographer/share/turtlebot3_cartographer/cmake/turtlebot3_cartographerConfig-version.cmake
[1.121s] -- Up-to-date symlink: /home/ros/turtlebot3/turtlebot3-2.1.5/install/turtlebot3_cartographer/share/turtlebot3_cartographer/package.xml
[1.125s] Invoked command in '/home/ros/turtlebot3/turtlebot3-2.1.5/build/turtlebot3_cartographer' returned '0': CMAKE_PREFIX_PATH=${CMAKE_PREFIX_PATH}:/opt/ros/humble /usr/bin/cmake --install /home/ros/turtlebot3/turtlebot3-2.1.5/build/turtlebot3_cartographer
