[0.281s] Invoking command in '/home/ros/turtlebot3/DynamixelSDK/build/dynamixel_sdk': CMAKE_PREFIX_PATH=${CMAKE_PREFIX_PATH}:/opt/ros/humble /usr/bin/cmake /home/ros/turtlebot3/DynamixelSDK/dynamixel_sdk -DAMENT_CMAKE_SYMLINK_INSTALL=1 -DCMAKE_INSTALL_PREFIX=/home/ros/turtlebot3/DynamixelSDK/install/dynamixel_sdk
[0.374s] -- The C compiler identification is GNU 11.4.0
[0.466s] -- The CXX compiler identification is GNU 11.4.0
[0.482s] -- Detecting C compiler ABI info
[0.598s] -- Detecting C compiler ABI info - done
[0.611s] -- Check for working C compiler: /usr/bin/cc - skipped
[0.612s] -- Detecting C compile features
[0.612s] -- Detecting C compile features - done
[0.618s] -- Detecting CXX compiler ABI info
[0.759s] -- Detecting CXX compiler ABI info - done
[0.783s] -- Check for working CXX compiler: /usr/bin/c++ - skipped
[0.784s] -- Detecting CXX compile features
[0.785s] -- Detecting CXX compile features - done
[0.796s] -- Found ament_cmake: 1.3.5 (/opt/ros/humble/share/ament_cmake/cmake)
[1.158s] -- Found Python3: /usr/bin/python3.10 (found version "3.10.12") found components: Interpreter 
[1.282s] -- Override CMake install command with custom implementation using symlinks instead of copying resources
[1.493s] -- Configuring done
[1.507s] -- Generating done
[1.509s] -- Build files have been written to: /home/ros/turtlebot3/DynamixelSDK/build/dynamixel_sdk
[1.518s] Invoked command in '/home/ros/turtlebot3/DynamixelSDK/build/dynamixel_sdk' returned '0': CMAKE_PREFIX_PATH=${CMAKE_PREFIX_PATH}:/opt/ros/humble /usr/bin/cmake /home/ros/turtlebot3/DynamixelSDK/dynamixel_sdk -DAMENT_CMAKE_SYMLINK_INSTALL=1 -DCMAKE_INSTALL_PREFIX=/home/ros/turtlebot3/DynamixelSDK/install/dynamixel_sdk
[1.522s] Invoking command in '/home/ros/turtlebot3/DynamixelSDK/build/dynamixel_sdk': CMAKE_PREFIX_PATH=${CMAKE_PREFIX_PATH}:/opt/ros/humble /usr/bin/cmake --build /home/ros/turtlebot3/DynamixelSDK/build/dynamixel_sdk -- -j8 -l8
[1.620s] [ 20%] [32mBuilding CXX object CMakeFiles/dynamixel_sdk.dir/src/dynamixel_sdk/group_bulk_read.cpp.o[0m
[1.620s] [ 20%] [32mBuilding CXX object CMakeFiles/dynamixel_sdk.dir/src/dynamixel_sdk/group_sync_write.cpp.o[0m
[1.620s] [ 30%] [32mBuilding CXX object CMakeFiles/dynamixel_sdk.dir/src/dynamixel_sdk/group_sync_read.cpp.o[0m
[1.621s] [ 40%] [32mBuilding CXX object CMakeFiles/dynamixel_sdk.dir/src/dynamixel_sdk/group_bulk_write.cpp.o[0m
[1.621s] [ 50%] [32mBuilding CXX object CMakeFiles/dynamixel_sdk.dir/src/dynamixel_sdk/protocol1_packet_handler.cpp.o[0m
[1.625s] [ 60%] [32mBuilding CXX object CMakeFiles/dynamixel_sdk.dir/src/dynamixel_sdk/packet_handler.cpp.o[0m
[1.636s] [ 70%] [32mBuilding CXX object CMakeFiles/dynamixel_sdk.dir/src/dynamixel_sdk/port_handler.cpp.o[0m
[1.639s] [ 80%] [32mBuilding CXX object CMakeFiles/dynamixel_sdk.dir/src/dynamixel_sdk/protocol2_packet_handler.cpp.o[0m
[1.924s] [ 90%] [32mBuilding CXX object CMakeFiles/dynamixel_sdk.dir/src/dynamixel_sdk/port_handler_linux.cpp.o[0m
[3.354s] [100%] [32m[1mLinking CXX shared library libdynamixel_sdk.so[0m
[3.543s] [100%] Built target dynamixel_sdk
[3.566s] Invoked command in '/home/ros/turtlebot3/DynamixelSDK/build/dynamixel_sdk' returned '0': CMAKE_PREFIX_PATH=${CMAKE_PREFIX_PATH}:/opt/ros/humble /usr/bin/cmake --build /home/ros/turtlebot3/DynamixelSDK/build/dynamixel_sdk -- -j8 -l8
[3.666s] Invoking command in '/home/ros/turtlebot3/DynamixelSDK/build/dynamixel_sdk': CMAKE_PREFIX_PATH=${CMAKE_PREFIX_PATH}:/opt/ros/humble /usr/bin/cmake --install /home/ros/turtlebot3/DynamixelSDK/build/dynamixel_sdk
[3.682s] -- Install configuration: ""
[3.682s] -- Execute custom install script
[3.683s] -- Symlinking: /home/ros/turtlebot3/DynamixelSDK/install/dynamixel_sdk/include//dynamixel_sdk/dynamixel_sdk.h
[3.699s] -- Symlinking: /home/ros/turtlebot3/DynamixelSDK/install/dynamixel_sdk/include//dynamixel_sdk/group_bulk_read.h
[3.716s] -- Symlinking: /home/ros/turtlebot3/DynamixelSDK/install/dynamixel_sdk/include//dynamixel_sdk/group_bulk_write.h
[3.731s] -- Symlinking: /home/ros/turtlebot3/DynamixelSDK/install/dynamixel_sdk/include//dynamixel_sdk/group_sync_read.h
[3.749s] -- Symlinking: /home/ros/turtlebot3/DynamixelSDK/install/dynamixel_sdk/include//dynamixel_sdk/group_sync_write.h
[3.763s] -- Symlinking: /home/ros/turtlebot3/DynamixelSDK/install/dynamixel_sdk/include//dynamixel_sdk/packet_handler.h
[3.781s] -- Symlinking: /home/ros/turtlebot3/DynamixelSDK/install/dynamixel_sdk/include//dynamixel_sdk/port_handler.h
[3.795s] -- Symlinking: /home/ros/turtlebot3/DynamixelSDK/install/dynamixel_sdk/include//dynamixel_sdk/port_handler_arduino.h
[3.812s] -- Symlinking: /home/ros/turtlebot3/DynamixelSDK/install/dynamixel_sdk/include//dynamixel_sdk/port_handler_linux.h
[3.827s] -- Symlinking: /home/ros/turtlebot3/DynamixelSDK/install/dynamixel_sdk/include//dynamixel_sdk/port_handler_mac.h
[3.844s] -- Symlinking: /home/ros/turtlebot3/DynamixelSDK/install/dynamixel_sdk/include//dynamixel_sdk/port_handler_windows.h
[3.859s] -- Symlinking: /home/ros/turtlebot3/DynamixelSDK/install/dynamixel_sdk/include//dynamixel_sdk/protocol1_packet_handler.h
[3.876s] -- Symlinking: /home/ros/turtlebot3/DynamixelSDK/install/dynamixel_sdk/include//dynamixel_sdk/protocol2_packet_handler.h
[3.891s] -- Symlinking: /home/ros/turtlebot3/DynamixelSDK/install/dynamixel_sdk/lib/libdynamixel_sdk.so
[3.908s] -- Symlinking: /home/ros/turtlebot3/DynamixelSDK/install/dynamixel_sdk/share/dynamixel_sdk/environment/library_path.sh
[3.924s] -- Symlinking: /home/ros/turtlebot3/DynamixelSDK/install/dynamixel_sdk/share/dynamixel_sdk/environment/library_path.dsv
[3.941s] -- Symlinking: /home/ros/turtlebot3/DynamixelSDK/install/dynamixel_sdk/share/ament_index/resource_index/package_run_dependencies/dynamixel_sdk
[3.957s] -- Symlinking: /home/ros/turtlebot3/DynamixelSDK/install/dynamixel_sdk/share/ament_index/resource_index/parent_prefix_path/dynamixel_sdk
[3.973s] -- Symlinking: /home/ros/turtlebot3/DynamixelSDK/install/dynamixel_sdk/share/dynamixel_sdk/environment/ament_prefix_path.sh
[3.988s] -- Symlinking: /home/ros/turtlebot3/DynamixelSDK/install/dynamixel_sdk/share/dynamixel_sdk/environment/ament_prefix_path.dsv
[4.004s] -- Symlinking: /home/ros/turtlebot3/DynamixelSDK/install/dynamixel_sdk/share/dynamixel_sdk/environment/path.sh
[4.019s] -- Symlinking: /home/ros/turtlebot3/DynamixelSDK/install/dynamixel_sdk/share/dynamixel_sdk/environment/path.dsv
[4.033s] -- Symlinking: /home/ros/turtlebot3/DynamixelSDK/install/dynamixel_sdk/share/dynamixel_sdk/local_setup.bash
[4.050s] -- Symlinking: /home/ros/turtlebot3/DynamixelSDK/install/dynamixel_sdk/share/dynamixel_sdk/local_setup.sh
[4.065s] -- Symlinking: /home/ros/turtlebot3/DynamixelSDK/install/dynamixel_sdk/share/dynamixel_sdk/local_setup.zsh
[4.082s] -- Symlinking: /home/ros/turtlebot3/DynamixelSDK/install/dynamixel_sdk/share/dynamixel_sdk/local_setup.dsv
[4.097s] -- Symlinking: /home/ros/turtlebot3/DynamixelSDK/install/dynamixel_sdk/share/dynamixel_sdk/package.dsv
[4.120s] -- Symlinking: /home/ros/turtlebot3/DynamixelSDK/install/dynamixel_sdk/share/ament_index/resource_index/packages/dynamixel_sdk
[4.135s] -- Symlinking: /home/ros/turtlebot3/DynamixelSDK/install/dynamixel_sdk/share/dynamixel_sdk/cmake/ament_cmake_export_include_directories-extras.cmake
[4.153s] -- Symlinking: /home/ros/turtlebot3/DynamixelSDK/install/dynamixel_sdk/share/dynamixel_sdk/cmake/ament_cmake_export_libraries-extras.cmake
[4.169s] -- Symlinking: /home/ros/turtlebot3/DynamixelSDK/install/dynamixel_sdk/share/dynamixel_sdk/cmake/dynamixel_sdkConfig.cmake
[4.190s] -- Symlinking: /home/ros/turtlebot3/DynamixelSDK/install/dynamixel_sdk/share/dynamixel_sdk/cmake/dynamixel_sdkConfig-version.cmake
[4.212s] -- Symlinking: /home/ros/turtlebot3/DynamixelSDK/install/dynamixel_sdk/share/dynamixel_sdk/package.xml
[4.246s] Invoked command in '/home/ros/turtlebot3/DynamixelSDK/build/dynamixel_sdk' returned '0': CMAKE_PREFIX_PATH=${CMAKE_PREFIX_PATH}:/opt/ros/humble /usr/bin/cmake --install /home/ros/turtlebot3/DynamixelSDK/build/dynamixel_sdk
