[1.163s] Invoking command in '/home/ros/turtlebot3/turtlebot3-2.1.5/build/turtlebot3_description': CMAKE_PREFIX_PATH=${CMAKE_PREFIX_PATH}:/home/ros/turtlebot3/turtlebot3-2.1.5/install/turtlebot3_teleop:/home/ros/turtlebot3/turtlebot3-2.1.5/install/turtlebot3_example:/opt/ros/humble /usr/bin/cmake /home/ros/turtlebot3/turtlebot3-2.1.5/turtlebot3_description -DAMENT_CMAKE_SYMLINK_INSTALL=1 -DCMAKE_INSTALL_PREFIX=/home/ros/turtlebot3/turtlebot3-2.1.5/install/turtlebot3_description
[2.211s] -- The C compiler identification is GNU 11.4.0
[2.211s] -- The CXX compiler identification is GNU 11.4.0
[2.213s] -- Detecting C compiler ABI info
[2.213s] -- Detecting C compiler ABI info - done
[2.213s] -- Check for working C compiler: /usr/bin/cc - skipped
[2.214s] -- Detecting C compile features
[2.215s] -- Detecting C compile features - done
[2.217s] -- Detecting CXX compiler ABI info
[2.218s] -- Detecting CXX compiler ABI info - done
[2.218s] -- Check for working CXX compiler: /usr/bin/c++ - skipped
[2.220s] -- Detecting CXX compile features
[2.220s] -- Detecting CXX compile features - done
[2.220s] -- Found ament_cmake: 1.3.5 (/opt/ros/humble/share/ament_cmake/cmake)
[2.533s] -- Found Python3: /usr/bin/python3.10 (found version "3.10.12") found components: Interpreter 
[2.771s] -- Override CMake install command with custom implementation using symlinks instead of copying resources
[2.991s] -- Found urdf: 2.6.0 (/opt/ros/humble/share/urdf/cmake)
[3.747s] -- Configuring done
[3.763s] -- Generating done
[3.766s] -- Build files have been written to: /home/ros/turtlebot3/turtlebot3-2.1.5/build/turtlebot3_description
