[1.116s] DEBUG:colcon:Command line arguments: ['/usr/bin/colcon', 'build', '--symlink-install']
[1.116s] DEBUG:colcon:Parsed command line arguments: Namespace(log_base=None, log_level=None, verb_name='build', build_base='build', install_base='install', merge_install=False, symlink_install=True, test_result_base=None, continue_on_error=False, executor='parallel', parallel_workers=8, event_handlers=None, ignore_user_meta=False, metas=['./colcon.meta'], base_paths=['.'], packages_ignore=None, packages_ignore_regex=None, paths=None, packages_up_to=None, packages_up_to_regex=None, packages_above=None, packages_above_and_dependencies=None, packages_above_depth=None, packages_select_by_dep=None, packages_skip_by_dep=None, packages_skip_up_to=None, packages_select_build_failed=False, packages_skip_build_finished=False, packages_select_test_failures=False, packages_skip_test_passed=False, packages_select=None, packages_skip=None, packages_select_regex=None, packages_skip_regex=None, packages_start=None, packages_end=None, cmake_args=None, cmake_target=None, cmake_target_skip_unavailable=False, cmake_clean_cache=False, cmake_clean_first=False, cmake_force_configure=False, ament_cmake_args=None, catkin_cmake_args=None, catkin_skip_building_tests=False, mixin_files=None, mixin=None, verb_parser=<colcon_mixin.mixin.mixin_argument.MixinArgumentDecorator object at 0x7fd602310850>, verb_extension=<colcon_core.verb.build.BuildVerb object at 0x7fd602355c60>, main=<bound method BuildVerb.main of <colcon_core.verb.build.BuildVerb object at 0x7fd602355c60>>, mixin_verb=('build',))
[1.190s] Level 1:colcon.colcon_core.package_discovery:discover_packages(colcon_meta) check parameters
[1.190s] Level 1:colcon.colcon_core.package_discovery:discover_packages(recursive) check parameters
[1.190s] Level 1:colcon.colcon_core.package_discovery:discover_packages(ignore) check parameters
[1.190s] Level 1:colcon.colcon_core.package_discovery:discover_packages(path) check parameters
[1.190s] Level 1:colcon.colcon_core.package_discovery:discover_packages(colcon_meta) discover
[1.190s] Level 1:colcon.colcon_core.package_discovery:discover_packages(recursive) discover
[1.190s] INFO:colcon.colcon_core.package_discovery:Crawling recursively for packages in '/home/ros/turtlebot3/turtlebot3_simulations-2.2.5'
[1.191s] Level 1:colcon.colcon_core.package_identification:_identify(.) by extensions ['ignore', 'ignore_ament_install']
[1.191s] Level 1:colcon.colcon_core.package_identification:_identify(.) by extension 'ignore'
[1.191s] Level 1:colcon.colcon_core.package_identification:_identify(.) by extension 'ignore_ament_install'
[1.191s] Level 1:colcon.colcon_core.package_identification:_identify(.) by extensions ['colcon_pkg']
[1.191s] Level 1:colcon.colcon_core.package_identification:_identify(.) by extension 'colcon_pkg'
[1.191s] Level 1:colcon.colcon_core.package_identification:_identify(.) by extensions ['colcon_meta']
[1.191s] Level 1:colcon.colcon_core.package_identification:_identify(.) by extension 'colcon_meta'
[1.191s] Level 1:colcon.colcon_core.package_identification:_identify(.) by extensions ['ros']
[1.191s] Level 1:colcon.colcon_core.package_identification:_identify(.) by extension 'ros'
[1.203s] Level 1:colcon.colcon_core.package_identification:_identify(.) by extensions ['cmake', 'python']
[1.203s] Level 1:colcon.colcon_core.package_identification:_identify(.) by extension 'cmake'
[1.203s] Level 1:colcon.colcon_core.package_identification:_identify(.) by extension 'python'
[1.203s] Level 1:colcon.colcon_core.package_identification:_identify(.) by extensions ['python_setup_py']
[1.203s] Level 1:colcon.colcon_core.package_identification:_identify(.) by extension 'python_setup_py'
[1.203s] Level 1:colcon.colcon_core.package_identification:_identify(build) by extensions ['ignore', 'ignore_ament_install']
[1.204s] Level 1:colcon.colcon_core.package_identification:_identify(build) by extension 'ignore'
[1.204s] Level 1:colcon.colcon_core.package_identification:_identify(build) ignored
[1.204s] Level 1:colcon.colcon_core.package_identification:_identify(install) by extensions ['ignore', 'ignore_ament_install']
[1.204s] Level 1:colcon.colcon_core.package_identification:_identify(install) by extension 'ignore'
[1.204s] Level 1:colcon.colcon_core.package_identification:_identify(install) ignored
[1.204s] Level 1:colcon.colcon_core.package_identification:_identify(log) by extensions ['ignore', 'ignore_ament_install']
[1.204s] Level 1:colcon.colcon_core.package_identification:_identify(log) by extension 'ignore'
[1.204s] Level 1:colcon.colcon_core.package_identification:_identify(log) ignored
[1.204s] Level 1:colcon.colcon_core.package_identification:_identify(turtlebot3_fake_node) by extensions ['ignore', 'ignore_ament_install']
[1.204s] Level 1:colcon.colcon_core.package_identification:_identify(turtlebot3_fake_node) by extension 'ignore'
[1.204s] Level 1:colcon.colcon_core.package_identification:_identify(turtlebot3_fake_node) by extension 'ignore_ament_install'
[1.204s] Level 1:colcon.colcon_core.package_identification:_identify(turtlebot3_fake_node) by extensions ['colcon_pkg']
[1.204s] Level 1:colcon.colcon_core.package_identification:_identify(turtlebot3_fake_node) by extension 'colcon_pkg'
[1.204s] Level 1:colcon.colcon_core.package_identification:_identify(turtlebot3_fake_node) by extensions ['colcon_meta']
[1.204s] Level 1:colcon.colcon_core.package_identification:_identify(turtlebot3_fake_node) by extension 'colcon_meta'
[1.204s] Level 1:colcon.colcon_core.package_identification:_identify(turtlebot3_fake_node) by extensions ['ros']
[1.205s] Level 1:colcon.colcon_core.package_identification:_identify(turtlebot3_fake_node) by extension 'ros'
[1.208s] DEBUG:colcon.colcon_core.package_identification:Package 'turtlebot3_fake_node' with type 'ros.ament_cmake' and name 'turtlebot3_fake_node'
[1.208s] Level 1:colcon.colcon_core.package_identification:_identify(turtlebot3_gazebo) by extensions ['ignore', 'ignore_ament_install']
[1.208s] Level 1:colcon.colcon_core.package_identification:_identify(turtlebot3_gazebo) by extension 'ignore'
[1.208s] Level 1:colcon.colcon_core.package_identification:_identify(turtlebot3_gazebo) by extension 'ignore_ament_install'
[1.208s] Level 1:colcon.colcon_core.package_identification:_identify(turtlebot3_gazebo) by extensions ['colcon_pkg']
[1.208s] Level 1:colcon.colcon_core.package_identification:_identify(turtlebot3_gazebo) by extension 'colcon_pkg'
[1.208s] Level 1:colcon.colcon_core.package_identification:_identify(turtlebot3_gazebo) by extensions ['colcon_meta']
[1.208s] Level 1:colcon.colcon_core.package_identification:_identify(turtlebot3_gazebo) by extension 'colcon_meta'
[1.209s] Level 1:colcon.colcon_core.package_identification:_identify(turtlebot3_gazebo) by extensions ['ros']
[1.209s] Level 1:colcon.colcon_core.package_identification:_identify(turtlebot3_gazebo) by extension 'ros'
[1.209s] DEBUG:colcon.colcon_core.package_identification:Package 'turtlebot3_gazebo' with type 'ros.ament_cmake' and name 'turtlebot3_gazebo'
[1.210s] Level 1:colcon.colcon_core.package_identification:_identify(turtlebot3_simulations) by extensions ['ignore', 'ignore_ament_install']
[1.210s] Level 1:colcon.colcon_core.package_identification:_identify(turtlebot3_simulations) by extension 'ignore'
[1.210s] Level 1:colcon.colcon_core.package_identification:_identify(turtlebot3_simulations) by extension 'ignore_ament_install'
[1.210s] Level 1:colcon.colcon_core.package_identification:_identify(turtlebot3_simulations) by extensions ['colcon_pkg']
[1.210s] Level 1:colcon.colcon_core.package_identification:_identify(turtlebot3_simulations) by extension 'colcon_pkg'
[1.210s] Level 1:colcon.colcon_core.package_identification:_identify(turtlebot3_simulations) by extensions ['colcon_meta']
[1.210s] Level 1:colcon.colcon_core.package_identification:_identify(turtlebot3_simulations) by extension 'colcon_meta'
[1.210s] Level 1:colcon.colcon_core.package_identification:_identify(turtlebot3_simulations) by extensions ['ros']
[1.210s] Level 1:colcon.colcon_core.package_identification:_identify(turtlebot3_simulations) by extension 'ros'
[1.210s] DEBUG:colcon.colcon_core.package_identification:Package 'turtlebot3_simulations' with type 'ros.ament_cmake' and name 'turtlebot3_simulations'
[1.211s] Level 1:colcon.colcon_core.package_discovery:discover_packages(recursive) using defaults
[1.211s] Level 1:colcon.colcon_core.package_discovery:discover_packages(ignore) discover
[1.211s] Level 1:colcon.colcon_core.package_discovery:discover_packages(ignore) using defaults
[1.211s] Level 1:colcon.colcon_core.package_discovery:discover_packages(path) discover
[1.211s] Level 1:colcon.colcon_core.package_discovery:discover_packages(path) using defaults
[1.290s] Level 5:colcon.colcon_core.verb:set package 'turtlebot3_fake_node' build argument 'cmake_args' from command line to 'None'
[1.290s] Level 5:colcon.colcon_core.verb:set package 'turtlebot3_fake_node' build argument 'cmake_target' from command line to 'None'
[1.290s] Level 5:colcon.colcon_core.verb:set package 'turtlebot3_fake_node' build argument 'cmake_target_skip_unavailable' from command line to 'False'
[1.290s] Level 5:colcon.colcon_core.verb:set package 'turtlebot3_fake_node' build argument 'cmake_clean_cache' from command line to 'False'
[1.290s] Level 5:colcon.colcon_core.verb:set package 'turtlebot3_fake_node' build argument 'cmake_clean_first' from command line to 'False'
[1.290s] Level 5:colcon.colcon_core.verb:set package 'turtlebot3_fake_node' build argument 'cmake_force_configure' from command line to 'False'
[1.290s] Level 5:colcon.colcon_core.verb:set package 'turtlebot3_fake_node' build argument 'ament_cmake_args' from command line to 'None'
[1.290s] Level 5:colcon.colcon_core.verb:set package 'turtlebot3_fake_node' build argument 'catkin_cmake_args' from command line to 'None'
[1.290s] Level 5:colcon.colcon_core.verb:set package 'turtlebot3_fake_node' build argument 'catkin_skip_building_tests' from command line to 'False'
[1.290s] DEBUG:colcon.colcon_core.verb:Building package 'turtlebot3_fake_node' with the following arguments: {'ament_cmake_args': None, 'build_base': '/home/ros/turtlebot3/turtlebot3_simulations-2.2.5/build/turtlebot3_fake_node', 'catkin_cmake_args': None, 'catkin_skip_building_tests': False, 'cmake_args': None, 'cmake_clean_cache': False, 'cmake_clean_first': False, 'cmake_force_configure': False, 'cmake_target': None, 'cmake_target_skip_unavailable': False, 'install_base': '/home/ros/turtlebot3/turtlebot3_simulations-2.2.5/install/turtlebot3_fake_node', 'merge_install': False, 'path': '/home/ros/turtlebot3/turtlebot3_simulations-2.2.5/turtlebot3_fake_node', 'symlink_install': True, 'test_result_base': None}
[1.303s] Level 5:colcon.colcon_core.verb:set package 'turtlebot3_gazebo' build argument 'cmake_args' from command line to 'None'
[1.303s] Level 5:colcon.colcon_core.verb:set package 'turtlebot3_gazebo' build argument 'cmake_target' from command line to 'None'
[1.303s] Level 5:colcon.colcon_core.verb:set package 'turtlebot3_gazebo' build argument 'cmake_target_skip_unavailable' from command line to 'False'
[1.303s] Level 5:colcon.colcon_core.verb:set package 'turtlebot3_gazebo' build argument 'cmake_clean_cache' from command line to 'False'
[1.303s] Level 5:colcon.colcon_core.verb:set package 'turtlebot3_gazebo' build argument 'cmake_clean_first' from command line to 'False'
[1.303s] Level 5:colcon.colcon_core.verb:set package 'turtlebot3_gazebo' build argument 'cmake_force_configure' from command line to 'False'
[1.303s] Level 5:colcon.colcon_core.verb:set package 'turtlebot3_gazebo' build argument 'ament_cmake_args' from command line to 'None'
[1.303s] Level 5:colcon.colcon_core.verb:set package 'turtlebot3_gazebo' build argument 'catkin_cmake_args' from command line to 'None'
[1.303s] Level 5:colcon.colcon_core.verb:set package 'turtlebot3_gazebo' build argument 'catkin_skip_building_tests' from command line to 'False'
[1.303s] DEBUG:colcon.colcon_core.verb:Building package 'turtlebot3_gazebo' with the following arguments: {'ament_cmake_args': None, 'build_base': '/home/ros/turtlebot3/turtlebot3_simulations-2.2.5/build/turtlebot3_gazebo', 'catkin_cmake_args': None, 'catkin_skip_building_tests': False, 'cmake_args': None, 'cmake_clean_cache': False, 'cmake_clean_first': False, 'cmake_force_configure': False, 'cmake_target': None, 'cmake_target_skip_unavailable': False, 'install_base': '/home/ros/turtlebot3/turtlebot3_simulations-2.2.5/install/turtlebot3_gazebo', 'merge_install': False, 'path': '/home/ros/turtlebot3/turtlebot3_simulations-2.2.5/turtlebot3_gazebo', 'symlink_install': True, 'test_result_base': None}
[1.317s] Level 5:colcon.colcon_core.verb:set package 'turtlebot3_simulations' build argument 'cmake_args' from command line to 'None'
[1.317s] Level 5:colcon.colcon_core.verb:set package 'turtlebot3_simulations' build argument 'cmake_target' from command line to 'None'
[1.317s] Level 5:colcon.colcon_core.verb:set package 'turtlebot3_simulations' build argument 'cmake_target_skip_unavailable' from command line to 'False'
[1.317s] Level 5:colcon.colcon_core.verb:set package 'turtlebot3_simulations' build argument 'cmake_clean_cache' from command line to 'False'
[1.317s] Level 5:colcon.colcon_core.verb:set package 'turtlebot3_simulations' build argument 'cmake_clean_first' from command line to 'False'
[1.317s] Level 5:colcon.colcon_core.verb:set package 'turtlebot3_simulations' build argument 'cmake_force_configure' from command line to 'False'
[1.317s] Level 5:colcon.colcon_core.verb:set package 'turtlebot3_simulations' build argument 'ament_cmake_args' from command line to 'None'
[1.317s] Level 5:colcon.colcon_core.verb:set package 'turtlebot3_simulations' build argument 'catkin_cmake_args' from command line to 'None'
[1.317s] Level 5:colcon.colcon_core.verb:set package 'turtlebot3_simulations' build argument 'catkin_skip_building_tests' from command line to 'False'
[1.317s] DEBUG:colcon.colcon_core.verb:Building package 'turtlebot3_simulations' with the following arguments: {'ament_cmake_args': None, 'build_base': '/home/ros/turtlebot3/turtlebot3_simulations-2.2.5/build/turtlebot3_simulations', 'catkin_cmake_args': None, 'catkin_skip_building_tests': False, 'cmake_args': None, 'cmake_clean_cache': False, 'cmake_clean_first': False, 'cmake_force_configure': False, 'cmake_target': None, 'cmake_target_skip_unavailable': False, 'install_base': '/home/ros/turtlebot3/turtlebot3_simulations-2.2.5/install/turtlebot3_simulations', 'merge_install': False, 'path': '/home/ros/turtlebot3/turtlebot3_simulations-2.2.5/turtlebot3_simulations', 'symlink_install': True, 'test_result_base': None}
[1.329s] INFO:colcon.colcon_core.executor:Executing jobs using 'parallel' executor
[1.349s] DEBUG:colcon.colcon_parallel_executor.executor.parallel:run_until_complete
[1.349s] INFO:colcon.colcon_ros.task.ament_cmake.build:Building ROS package in '/home/ros/turtlebot3/turtlebot3_simulations-2.2.5/turtlebot3_fake_node' with build type 'ament_cmake'
[1.349s] INFO:colcon.colcon_cmake.task.cmake.build:Building CMake package in '/home/ros/turtlebot3/turtlebot3_simulations-2.2.5/turtlebot3_fake_node'
[1.375s] INFO:colcon.colcon_core.plugin_system:Skipping extension 'colcon_core.shell.bat': Not used on non-Windows systems
[1.375s] INFO:colcon.colcon_core.shell:Skip shell extension 'powershell' for command environment: Not usable outside of PowerShell
[1.375s] DEBUG:colcon.colcon_core.shell:Skip shell extension 'dsv' for command environment
[1.460s] INFO:colcon.colcon_ros.task.ament_cmake.build:Building ROS package in '/home/ros/turtlebot3/turtlebot3_simulations-2.2.5/turtlebot3_gazebo' with build type 'ament_cmake'
[1.460s] INFO:colcon.colcon_cmake.task.cmake.build:Building CMake package in '/home/ros/turtlebot3/turtlebot3_simulations-2.2.5/turtlebot3_gazebo'
[1.476s] INFO:colcon.colcon_core.shell:Skip shell extension 'powershell' for command environment: Not usable outside of PowerShell
[1.477s] DEBUG:colcon.colcon_core.shell:Skip shell extension 'dsv' for command environment
[1.568s] DEBUG:colcon.colcon_core.event_handler.log_command:Invoking command in '/home/ros/turtlebot3/turtlebot3_simulations-2.2.5/build/turtlebot3_fake_node': CMAKE_PREFIX_PATH=${CMAKE_PREFIX_PATH}:/opt/ros/humble /usr/bin/cmake --build /home/ros/turtlebot3/turtlebot3_simulations-2.2.5/build/turtlebot3_fake_node -- -j8 -l8
[1.581s] DEBUG:colcon.colcon_core.event_handler.log_command:Invoking command in '/home/ros/turtlebot3/turtlebot3_simulations-2.2.5/build/turtlebot3_gazebo': CMAKE_PREFIX_PATH=${CMAKE_PREFIX_PATH}:/opt/ros/humble /usr/bin/cmake --build /home/ros/turtlebot3/turtlebot3_simulations-2.2.5/build/turtlebot3_gazebo -- -j8 -l8
[1.917s] DEBUG:colcon.colcon_core.event_handler.log_command:Invoked command in '/home/ros/turtlebot3/turtlebot3_simulations-2.2.5/build/turtlebot3_fake_node' returned '0': CMAKE_PREFIX_PATH=${CMAKE_PREFIX_PATH}:/opt/ros/humble /usr/bin/cmake --build /home/ros/turtlebot3/turtlebot3_simulations-2.2.5/build/turtlebot3_fake_node -- -j8 -l8
[1.953s] DEBUG:colcon.colcon_core.event_handler.log_command:Invoking command in '/home/ros/turtlebot3/turtlebot3_simulations-2.2.5/build/turtlebot3_fake_node': CMAKE_PREFIX_PATH=${CMAKE_PREFIX_PATH}:/opt/ros/humble /usr/bin/cmake --install /home/ros/turtlebot3/turtlebot3_simulations-2.2.5/build/turtlebot3_fake_node
[2.002s] Level 1:colcon.colcon_core.environment:create_environment_scripts_only(turtlebot3_fake_node)
[2.002s] DEBUG:colcon.colcon_core.event_handler.log_command:Invoked command in '/home/ros/turtlebot3/turtlebot3_simulations-2.2.5/build/turtlebot3_fake_node' returned '0': CMAKE_PREFIX_PATH=${CMAKE_PREFIX_PATH}:/opt/ros/humble /usr/bin/cmake --install /home/ros/turtlebot3/turtlebot3_simulations-2.2.5/build/turtlebot3_fake_node
[2.034s] Level 1:colcon.colcon_core.environment:checking '/home/ros/turtlebot3/turtlebot3_simulations-2.2.5/install/turtlebot3_fake_node' for CMake module files
[2.035s] Level 1:colcon.colcon_core.environment:checking '/home/ros/turtlebot3/turtlebot3_simulations-2.2.5/install/turtlebot3_fake_node' for CMake config files
[2.035s] Level 1:colcon.colcon_core.shell:create_environment_hook('turtlebot3_fake_node', 'cmake_prefix_path')
[2.052s] INFO:colcon.colcon_core.shell:Creating environment hook '/home/ros/turtlebot3/turtlebot3_simulations-2.2.5/install/turtlebot3_fake_node/share/turtlebot3_fake_node/hook/cmake_prefix_path.ps1'
[2.053s] INFO:colcon.colcon_core.shell:Creating environment descriptor '/home/ros/turtlebot3/turtlebot3_simulations-2.2.5/install/turtlebot3_fake_node/share/turtlebot3_fake_node/hook/cmake_prefix_path.dsv'
[2.053s] INFO:colcon.colcon_core.shell:Creating environment hook '/home/ros/turtlebot3/turtlebot3_simulations-2.2.5/install/turtlebot3_fake_node/share/turtlebot3_fake_node/hook/cmake_prefix_path.sh'
[2.054s] Level 1:colcon.colcon_core.environment:checking '/home/ros/turtlebot3/turtlebot3_simulations-2.2.5/install/turtlebot3_fake_node/lib'
[2.055s] Level 1:colcon.colcon_core.environment:checking '/home/ros/turtlebot3/turtlebot3_simulations-2.2.5/install/turtlebot3_fake_node/bin'
[2.055s] Level 1:colcon.colcon_core.environment:checking '/home/ros/turtlebot3/turtlebot3_simulations-2.2.5/install/turtlebot3_fake_node/lib/pkgconfig/turtlebot3_fake_node.pc'
[2.056s] Level 1:colcon.colcon_core.environment:checking '/home/ros/turtlebot3/turtlebot3_simulations-2.2.5/install/turtlebot3_fake_node/lib/python3.10/site-packages'
[2.057s] Level 1:colcon.colcon_core.environment:checking '/home/ros/turtlebot3/turtlebot3_simulations-2.2.5/install/turtlebot3_fake_node/bin'
[2.074s] INFO:colcon.colcon_core.shell:Creating package script '/home/ros/turtlebot3/turtlebot3_simulations-2.2.5/install/turtlebot3_fake_node/share/turtlebot3_fake_node/package.ps1'
[2.076s] INFO:colcon.colcon_core.shell:Creating package descriptor '/home/ros/turtlebot3/turtlebot3_simulations-2.2.5/install/turtlebot3_fake_node/share/turtlebot3_fake_node/package.dsv'
[2.079s] INFO:colcon.colcon_core.shell:Creating package script '/home/ros/turtlebot3/turtlebot3_simulations-2.2.5/install/turtlebot3_fake_node/share/turtlebot3_fake_node/package.sh'
[2.080s] INFO:colcon.colcon_core.shell:Creating package script '/home/ros/turtlebot3/turtlebot3_simulations-2.2.5/install/turtlebot3_fake_node/share/turtlebot3_fake_node/package.bash'
[2.083s] INFO:colcon.colcon_core.shell:Creating package script '/home/ros/turtlebot3/turtlebot3_simulations-2.2.5/install/turtlebot3_fake_node/share/turtlebot3_fake_node/package.zsh'
[2.084s] Level 1:colcon.colcon_core.environment:create_file_with_runtime_dependencies(/home/ros/turtlebot3/turtlebot3_simulations-2.2.5/install/turtlebot3_fake_node/share/colcon-core/packages/turtlebot3_fake_node)
[2.086s] DEBUG:colcon.colcon_core.event_handler.log_command:Invoked command in '/home/ros/turtlebot3/turtlebot3_simulations-2.2.5/build/turtlebot3_gazebo' returned '0': CMAKE_PREFIX_PATH=${CMAKE_PREFIX_PATH}:/opt/ros/humble /usr/bin/cmake --build /home/ros/turtlebot3/turtlebot3_simulations-2.2.5/build/turtlebot3_gazebo -- -j8 -l8
[2.125s] Level 1:colcon.colcon_core.environment:create_environment_scripts_only(turtlebot3_fake_node)
[2.137s] Level 1:colcon.colcon_core.environment:checking '/home/ros/turtlebot3/turtlebot3_simulations-2.2.5/install/turtlebot3_fake_node' for CMake module files
[2.137s] Level 1:colcon.colcon_core.environment:checking '/home/ros/turtlebot3/turtlebot3_simulations-2.2.5/install/turtlebot3_fake_node' for CMake config files
[2.138s] Level 1:colcon.colcon_core.shell:create_environment_hook('turtlebot3_fake_node', 'cmake_prefix_path')
[2.153s] INFO:colcon.colcon_core.shell:Creating environment hook '/home/ros/turtlebot3/turtlebot3_simulations-2.2.5/install/turtlebot3_fake_node/share/turtlebot3_fake_node/hook/cmake_prefix_path.ps1'
[2.153s] INFO:colcon.colcon_core.shell:Creating environment descriptor '/home/ros/turtlebot3/turtlebot3_simulations-2.2.5/install/turtlebot3_fake_node/share/turtlebot3_fake_node/hook/cmake_prefix_path.dsv'
[2.154s] INFO:colcon.colcon_core.shell:Creating environment hook '/home/ros/turtlebot3/turtlebot3_simulations-2.2.5/install/turtlebot3_fake_node/share/turtlebot3_fake_node/hook/cmake_prefix_path.sh'
[2.154s] Level 1:colcon.colcon_core.environment:checking '/home/ros/turtlebot3/turtlebot3_simulations-2.2.5/install/turtlebot3_fake_node/lib'
[2.154s] Level 1:colcon.colcon_core.environment:checking '/home/ros/turtlebot3/turtlebot3_simulations-2.2.5/install/turtlebot3_fake_node/bin'
[2.154s] Level 1:colcon.colcon_core.environment:checking '/home/ros/turtlebot3/turtlebot3_simulations-2.2.5/install/turtlebot3_fake_node/lib/pkgconfig/turtlebot3_fake_node.pc'
[2.155s] Level 1:colcon.colcon_core.environment:checking '/home/ros/turtlebot3/turtlebot3_simulations-2.2.5/install/turtlebot3_fake_node/lib/python3.10/site-packages'
[2.155s] Level 1:colcon.colcon_core.environment:checking '/home/ros/turtlebot3/turtlebot3_simulations-2.2.5/install/turtlebot3_fake_node/bin'
[2.172s] INFO:colcon.colcon_core.shell:Creating package script '/home/ros/turtlebot3/turtlebot3_simulations-2.2.5/install/turtlebot3_fake_node/share/turtlebot3_fake_node/package.ps1'
[2.172s] INFO:colcon.colcon_core.shell:Creating package descriptor '/home/ros/turtlebot3/turtlebot3_simulations-2.2.5/install/turtlebot3_fake_node/share/turtlebot3_fake_node/package.dsv'
[2.173s] INFO:colcon.colcon_core.shell:Creating package script '/home/ros/turtlebot3/turtlebot3_simulations-2.2.5/install/turtlebot3_fake_node/share/turtlebot3_fake_node/package.sh'
[2.173s] INFO:colcon.colcon_core.shell:Creating package script '/home/ros/turtlebot3/turtlebot3_simulations-2.2.5/install/turtlebot3_fake_node/share/turtlebot3_fake_node/package.bash'
[2.174s] INFO:colcon.colcon_core.shell:Creating package script '/home/ros/turtlebot3/turtlebot3_simulations-2.2.5/install/turtlebot3_fake_node/share/turtlebot3_fake_node/package.zsh'
[2.174s] Level 1:colcon.colcon_core.environment:create_file_with_runtime_dependencies(/home/ros/turtlebot3/turtlebot3_simulations-2.2.5/install/turtlebot3_fake_node/share/colcon-core/packages/turtlebot3_fake_node)
[2.177s] DEBUG:colcon.colcon_core.event_handler.log_command:Invoking command in '/home/ros/turtlebot3/turtlebot3_simulations-2.2.5/build/turtlebot3_gazebo': CMAKE_PREFIX_PATH=${CMAKE_PREFIX_PATH}:/opt/ros/humble /usr/bin/cmake --install /home/ros/turtlebot3/turtlebot3_simulations-2.2.5/build/turtlebot3_gazebo
[2.215s] Level 1:colcon.colcon_core.environment:create_environment_scripts_only(turtlebot3_gazebo)
[2.216s] DEBUG:colcon.colcon_core.event_handler.log_command:Invoked command in '/home/ros/turtlebot3/turtlebot3_simulations-2.2.5/build/turtlebot3_gazebo' returned '0': CMAKE_PREFIX_PATH=${CMAKE_PREFIX_PATH}:/opt/ros/humble /usr/bin/cmake --install /home/ros/turtlebot3/turtlebot3_simulations-2.2.5/build/turtlebot3_gazebo
[2.231s] Level 1:colcon.colcon_core.environment:checking '/home/ros/turtlebot3/turtlebot3_simulations-2.2.5/install/turtlebot3_gazebo' for CMake module files
[2.232s] Level 1:colcon.colcon_core.environment:checking '/home/ros/turtlebot3/turtlebot3_simulations-2.2.5/install/turtlebot3_gazebo' for CMake config files
[2.232s] Level 1:colcon.colcon_core.shell:create_environment_hook('turtlebot3_gazebo', 'cmake_prefix_path')
[2.248s] INFO:colcon.colcon_core.shell:Creating environment hook '/home/ros/turtlebot3/turtlebot3_simulations-2.2.5/install/turtlebot3_gazebo/share/turtlebot3_gazebo/hook/cmake_prefix_path.ps1'
[2.248s] INFO:colcon.colcon_core.shell:Creating environment descriptor '/home/ros/turtlebot3/turtlebot3_simulations-2.2.5/install/turtlebot3_gazebo/share/turtlebot3_gazebo/hook/cmake_prefix_path.dsv'
[2.249s] INFO:colcon.colcon_core.shell:Creating environment hook '/home/ros/turtlebot3/turtlebot3_simulations-2.2.5/install/turtlebot3_gazebo/share/turtlebot3_gazebo/hook/cmake_prefix_path.sh'
[2.249s] Level 1:colcon.colcon_core.environment:checking '/home/ros/turtlebot3/turtlebot3_simulations-2.2.5/install/turtlebot3_gazebo/lib'
[2.249s] Level 1:colcon.colcon_core.environment:checking '/home/ros/turtlebot3/turtlebot3_simulations-2.2.5/install/turtlebot3_gazebo/bin'
[2.249s] Level 1:colcon.colcon_core.environment:checking '/home/ros/turtlebot3/turtlebot3_simulations-2.2.5/install/turtlebot3_gazebo/lib/pkgconfig/turtlebot3_gazebo.pc'
[2.250s] Level 1:colcon.colcon_core.environment:checking '/home/ros/turtlebot3/turtlebot3_simulations-2.2.5/install/turtlebot3_gazebo/lib/python3.10/site-packages'
[2.250s] Level 1:colcon.colcon_core.environment:checking '/home/ros/turtlebot3/turtlebot3_simulations-2.2.5/install/turtlebot3_gazebo/bin'
[2.271s] INFO:colcon.colcon_core.shell:Creating package script '/home/ros/turtlebot3/turtlebot3_simulations-2.2.5/install/turtlebot3_gazebo/share/turtlebot3_gazebo/package.ps1'
[2.272s] INFO:colcon.colcon_core.shell:Creating package descriptor '/home/ros/turtlebot3/turtlebot3_simulations-2.2.5/install/turtlebot3_gazebo/share/turtlebot3_gazebo/package.dsv'
[2.273s] INFO:colcon.colcon_core.shell:Creating package script '/home/ros/turtlebot3/turtlebot3_simulations-2.2.5/install/turtlebot3_gazebo/share/turtlebot3_gazebo/package.sh'
[2.274s] INFO:colcon.colcon_core.shell:Creating package script '/home/ros/turtlebot3/turtlebot3_simulations-2.2.5/install/turtlebot3_gazebo/share/turtlebot3_gazebo/package.bash'
[2.275s] INFO:colcon.colcon_core.shell:Creating package script '/home/ros/turtlebot3/turtlebot3_simulations-2.2.5/install/turtlebot3_gazebo/share/turtlebot3_gazebo/package.zsh'
[2.275s] Level 1:colcon.colcon_core.environment:create_file_with_runtime_dependencies(/home/ros/turtlebot3/turtlebot3_simulations-2.2.5/install/turtlebot3_gazebo/share/colcon-core/packages/turtlebot3_gazebo)
[2.324s] Level 1:colcon.colcon_core.environment:create_environment_scripts_only(turtlebot3_gazebo)
[2.339s] Level 1:colcon.colcon_core.environment:checking '/home/ros/turtlebot3/turtlebot3_simulations-2.2.5/install/turtlebot3_gazebo' for CMake module files
[2.340s] Level 1:colcon.colcon_core.environment:checking '/home/ros/turtlebot3/turtlebot3_simulations-2.2.5/install/turtlebot3_gazebo' for CMake config files
[2.341s] Level 1:colcon.colcon_core.shell:create_environment_hook('turtlebot3_gazebo', 'cmake_prefix_path')
[2.373s] INFO:colcon.colcon_core.shell:Creating environment hook '/home/ros/turtlebot3/turtlebot3_simulations-2.2.5/install/turtlebot3_gazebo/share/turtlebot3_gazebo/hook/cmake_prefix_path.ps1'
[2.374s] INFO:colcon.colcon_core.shell:Creating environment descriptor '/home/ros/turtlebot3/turtlebot3_simulations-2.2.5/install/turtlebot3_gazebo/share/turtlebot3_gazebo/hook/cmake_prefix_path.dsv'
[2.374s] INFO:colcon.colcon_core.shell:Creating environment hook '/home/ros/turtlebot3/turtlebot3_simulations-2.2.5/install/turtlebot3_gazebo/share/turtlebot3_gazebo/hook/cmake_prefix_path.sh'
[2.376s] Level 1:colcon.colcon_core.environment:checking '/home/ros/turtlebot3/turtlebot3_simulations-2.2.5/install/turtlebot3_gazebo/lib'
[2.376s] Level 1:colcon.colcon_core.environment:checking '/home/ros/turtlebot3/turtlebot3_simulations-2.2.5/install/turtlebot3_gazebo/bin'
[2.376s] Level 1:colcon.colcon_core.environment:checking '/home/ros/turtlebot3/turtlebot3_simulations-2.2.5/install/turtlebot3_gazebo/lib/pkgconfig/turtlebot3_gazebo.pc'
[2.377s] Level 1:colcon.colcon_core.environment:checking '/home/ros/turtlebot3/turtlebot3_simulations-2.2.5/install/turtlebot3_gazebo/lib/python3.10/site-packages'
[2.377s] Level 1:colcon.colcon_core.environment:checking '/home/ros/turtlebot3/turtlebot3_simulations-2.2.5/install/turtlebot3_gazebo/bin'
[2.391s] INFO:colcon.colcon_core.shell:Creating package script '/home/ros/turtlebot3/turtlebot3_simulations-2.2.5/install/turtlebot3_gazebo/share/turtlebot3_gazebo/package.ps1'
[2.391s] INFO:colcon.colcon_core.shell:Creating package descriptor '/home/ros/turtlebot3/turtlebot3_simulations-2.2.5/install/turtlebot3_gazebo/share/turtlebot3_gazebo/package.dsv'
[2.392s] INFO:colcon.colcon_core.shell:Creating package script '/home/ros/turtlebot3/turtlebot3_simulations-2.2.5/install/turtlebot3_gazebo/share/turtlebot3_gazebo/package.sh'
[2.392s] INFO:colcon.colcon_core.shell:Creating package script '/home/ros/turtlebot3/turtlebot3_simulations-2.2.5/install/turtlebot3_gazebo/share/turtlebot3_gazebo/package.bash'
[2.392s] INFO:colcon.colcon_core.shell:Creating package script '/home/ros/turtlebot3/turtlebot3_simulations-2.2.5/install/turtlebot3_gazebo/share/turtlebot3_gazebo/package.zsh'
[2.393s] Level 1:colcon.colcon_core.environment:create_file_with_runtime_dependencies(/home/ros/turtlebot3/turtlebot3_simulations-2.2.5/install/turtlebot3_gazebo/share/colcon-core/packages/turtlebot3_gazebo)
[2.393s] INFO:colcon.colcon_ros.task.ament_cmake.build:Building ROS package in '/home/ros/turtlebot3/turtlebot3_simulations-2.2.5/turtlebot3_simulations' with build type 'ament_cmake'
[2.393s] INFO:colcon.colcon_cmake.task.cmake.build:Building CMake package in '/home/ros/turtlebot3/turtlebot3_simulations-2.2.5/turtlebot3_simulations'
[2.407s] INFO:colcon.colcon_core.shell:Skip shell extension 'powershell' for command environment: Not usable outside of PowerShell
[2.408s] DEBUG:colcon.colcon_core.shell:Skip shell extension 'dsv' for command environment
[2.517s] DEBUG:colcon.colcon_core.event_handler.log_command:Invoking command in '/home/ros/turtlebot3/turtlebot3_simulations-2.2.5/build/turtlebot3_simulations': CMAKE_PREFIX_PATH=/home/ros/turtlebot3/turtlebot3_simulations-2.2.5/install/turtlebot3_gazebo:/home/ros/turtlebot3/turtlebot3_simulations-2.2.5/install/turtlebot3_fake_node:/home/ros/turtlebot3/DynamixelSDK/install/dynamixel_sdk_examples:/home/ros/turtlebot3/DynamixelSDK/install/dynamixel_sdk_custom_interfaces:/home/ros/turtlebot3/DynamixelSDK/install/dynamixel_sdk:/home/ros/turtlebot3/turtlebot3_msgs-2.2.3/install/turtlebot3_msgs:/home/ros/turtlebot3/turtlebot3_simulations-2.2.5/install/turtlebot3_simulations:/opt/ros/humble /usr/bin/cmake --build /home/ros/turtlebot3/turtlebot3_simulations-2.2.5/build/turtlebot3_simulations -- -j8 -l8
[2.558s] DEBUG:colcon.colcon_core.event_handler.log_command:Invoked command in '/home/ros/turtlebot3/turtlebot3_simulations-2.2.5/build/turtlebot3_simulations' returned '0': CMAKE_PREFIX_PATH=/home/ros/turtlebot3/turtlebot3_simulations-2.2.5/install/turtlebot3_gazebo:/home/ros/turtlebot3/turtlebot3_simulations-2.2.5/install/turtlebot3_fake_node:/home/ros/turtlebot3/DynamixelSDK/install/dynamixel_sdk_examples:/home/ros/turtlebot3/DynamixelSDK/install/dynamixel_sdk_custom_interfaces:/home/ros/turtlebot3/DynamixelSDK/install/dynamixel_sdk:/home/ros/turtlebot3/turtlebot3_msgs-2.2.3/install/turtlebot3_msgs:/home/ros/turtlebot3/turtlebot3_simulations-2.2.5/install/turtlebot3_simulations:/opt/ros/humble /usr/bin/cmake --build /home/ros/turtlebot3/turtlebot3_simulations-2.2.5/build/turtlebot3_simulations -- -j8 -l8
[2.587s] DEBUG:colcon.colcon_core.event_handler.log_command:Invoking command in '/home/ros/turtlebot3/turtlebot3_simulations-2.2.5/build/turtlebot3_simulations': CMAKE_PREFIX_PATH=/home/ros/turtlebot3/turtlebot3_simulations-2.2.5/install/turtlebot3_gazebo:/home/ros/turtlebot3/turtlebot3_simulations-2.2.5/install/turtlebot3_fake_node:/home/ros/turtlebot3/DynamixelSDK/install/dynamixel_sdk_examples:/home/ros/turtlebot3/DynamixelSDK/install/dynamixel_sdk_custom_interfaces:/home/ros/turtlebot3/DynamixelSDK/install/dynamixel_sdk:/home/ros/turtlebot3/turtlebot3_msgs-2.2.3/install/turtlebot3_msgs:/home/ros/turtlebot3/turtlebot3_simulations-2.2.5/install/turtlebot3_simulations:/opt/ros/humble /usr/bin/cmake --install /home/ros/turtlebot3/turtlebot3_simulations-2.2.5/build/turtlebot3_simulations
[2.610s] Level 1:colcon.colcon_core.environment:create_environment_scripts_only(turtlebot3_simulations)
[2.610s] DEBUG:colcon.colcon_core.event_handler.log_command:Invoked command in '/home/ros/turtlebot3/turtlebot3_simulations-2.2.5/build/turtlebot3_simulations' returned '0': CMAKE_PREFIX_PATH=/home/ros/turtlebot3/turtlebot3_simulations-2.2.5/install/turtlebot3_gazebo:/home/ros/turtlebot3/turtlebot3_simulations-2.2.5/install/turtlebot3_fake_node:/home/ros/turtlebot3/DynamixelSDK/install/dynamixel_sdk_examples:/home/ros/turtlebot3/DynamixelSDK/install/dynamixel_sdk_custom_interfaces:/home/ros/turtlebot3/DynamixelSDK/install/dynamixel_sdk:/home/ros/turtlebot3/turtlebot3_msgs-2.2.3/install/turtlebot3_msgs:/home/ros/turtlebot3/turtlebot3_simulations-2.2.5/install/turtlebot3_simulations:/opt/ros/humble /usr/bin/cmake --install /home/ros/turtlebot3/turtlebot3_simulations-2.2.5/build/turtlebot3_simulations
[2.624s] Level 1:colcon.colcon_core.environment:checking '/home/ros/turtlebot3/turtlebot3_simulations-2.2.5/install/turtlebot3_simulations' for CMake module files
[2.624s] Level 1:colcon.colcon_core.environment:checking '/home/ros/turtlebot3/turtlebot3_simulations-2.2.5/install/turtlebot3_simulations' for CMake config files
[2.625s] Level 1:colcon.colcon_core.shell:create_environment_hook('turtlebot3_simulations', 'cmake_prefix_path')
[2.637s] INFO:colcon.colcon_core.shell:Creating environment hook '/home/ros/turtlebot3/turtlebot3_simulations-2.2.5/install/turtlebot3_simulations/share/turtlebot3_simulations/hook/cmake_prefix_path.ps1'
[2.637s] INFO:colcon.colcon_core.shell:Creating environment descriptor '/home/ros/turtlebot3/turtlebot3_simulations-2.2.5/install/turtlebot3_simulations/share/turtlebot3_simulations/hook/cmake_prefix_path.dsv'
[2.637s] INFO:colcon.colcon_core.shell:Creating environment hook '/home/ros/turtlebot3/turtlebot3_simulations-2.2.5/install/turtlebot3_simulations/share/turtlebot3_simulations/hook/cmake_prefix_path.sh'
[2.638s] Level 1:colcon.colcon_core.environment:checking '/home/ros/turtlebot3/turtlebot3_simulations-2.2.5/install/turtlebot3_simulations/bin'
[2.638s] Level 1:colcon.colcon_core.environment:checking '/home/ros/turtlebot3/turtlebot3_simulations-2.2.5/install/turtlebot3_simulations/lib/pkgconfig/turtlebot3_simulations.pc'
[2.638s] Level 1:colcon.colcon_core.environment:checking '/home/ros/turtlebot3/turtlebot3_simulations-2.2.5/install/turtlebot3_simulations/lib/python3.10/site-packages'
[2.638s] Level 1:colcon.colcon_core.environment:checking '/home/ros/turtlebot3/turtlebot3_simulations-2.2.5/install/turtlebot3_simulations/bin'
[2.653s] INFO:colcon.colcon_core.shell:Creating package script '/home/ros/turtlebot3/turtlebot3_simulations-2.2.5/install/turtlebot3_simulations/share/turtlebot3_simulations/package.ps1'
[2.654s] INFO:colcon.colcon_core.shell:Creating package descriptor '/home/ros/turtlebot3/turtlebot3_simulations-2.2.5/install/turtlebot3_simulations/share/turtlebot3_simulations/package.dsv'
[2.654s] INFO:colcon.colcon_core.shell:Creating package script '/home/ros/turtlebot3/turtlebot3_simulations-2.2.5/install/turtlebot3_simulations/share/turtlebot3_simulations/package.sh'
[2.654s] INFO:colcon.colcon_core.shell:Creating package script '/home/ros/turtlebot3/turtlebot3_simulations-2.2.5/install/turtlebot3_simulations/share/turtlebot3_simulations/package.bash'
[2.655s] INFO:colcon.colcon_core.shell:Creating package script '/home/ros/turtlebot3/turtlebot3_simulations-2.2.5/install/turtlebot3_simulations/share/turtlebot3_simulations/package.zsh'
[2.655s] Level 1:colcon.colcon_core.environment:create_file_with_runtime_dependencies(/home/ros/turtlebot3/turtlebot3_simulations-2.2.5/install/turtlebot3_simulations/share/colcon-core/packages/turtlebot3_simulations)
[2.720s] Level 1:colcon.colcon_core.environment:create_environment_scripts_only(turtlebot3_simulations)
[2.733s] Level 1:colcon.colcon_core.environment:checking '/home/ros/turtlebot3/turtlebot3_simulations-2.2.5/install/turtlebot3_simulations' for CMake module files
[2.733s] Level 1:colcon.colcon_core.environment:checking '/home/ros/turtlebot3/turtlebot3_simulations-2.2.5/install/turtlebot3_simulations' for CMake config files
[2.734s] Level 1:colcon.colcon_core.shell:create_environment_hook('turtlebot3_simulations', 'cmake_prefix_path')
[2.747s] INFO:colcon.colcon_core.shell:Creating environment hook '/home/ros/turtlebot3/turtlebot3_simulations-2.2.5/install/turtlebot3_simulations/share/turtlebot3_simulations/hook/cmake_prefix_path.ps1'
[2.747s] INFO:colcon.colcon_core.shell:Creating environment descriptor '/home/ros/turtlebot3/turtlebot3_simulations-2.2.5/install/turtlebot3_simulations/share/turtlebot3_simulations/hook/cmake_prefix_path.dsv'
[2.747s] INFO:colcon.colcon_core.shell:Creating environment hook '/home/ros/turtlebot3/turtlebot3_simulations-2.2.5/install/turtlebot3_simulations/share/turtlebot3_simulations/hook/cmake_prefix_path.sh'
[2.748s] Level 1:colcon.colcon_core.environment:checking '/home/ros/turtlebot3/turtlebot3_simulations-2.2.5/install/turtlebot3_simulations/bin'
[2.748s] Level 1:colcon.colcon_core.environment:checking '/home/ros/turtlebot3/turtlebot3_simulations-2.2.5/install/turtlebot3_simulations/lib/pkgconfig/turtlebot3_simulations.pc'
[2.748s] Level 1:colcon.colcon_core.environment:checking '/home/ros/turtlebot3/turtlebot3_simulations-2.2.5/install/turtlebot3_simulations/lib/python3.10/site-packages'
[2.748s] Level 1:colcon.colcon_core.environment:checking '/home/ros/turtlebot3/turtlebot3_simulations-2.2.5/install/turtlebot3_simulations/bin'
[2.762s] INFO:colcon.colcon_core.shell:Creating package script '/home/ros/turtlebot3/turtlebot3_simulations-2.2.5/install/turtlebot3_simulations/share/turtlebot3_simulations/package.ps1'
[2.762s] INFO:colcon.colcon_core.shell:Creating package descriptor '/home/ros/turtlebot3/turtlebot3_simulations-2.2.5/install/turtlebot3_simulations/share/turtlebot3_simulations/package.dsv'
[2.763s] INFO:colcon.colcon_core.shell:Creating package script '/home/ros/turtlebot3/turtlebot3_simulations-2.2.5/install/turtlebot3_simulations/share/turtlebot3_simulations/package.sh'
[2.764s] INFO:colcon.colcon_core.shell:Creating package script '/home/ros/turtlebot3/turtlebot3_simulations-2.2.5/install/turtlebot3_simulations/share/turtlebot3_simulations/package.bash'
[2.765s] INFO:colcon.colcon_core.shell:Creating package script '/home/ros/turtlebot3/turtlebot3_simulations-2.2.5/install/turtlebot3_simulations/share/turtlebot3_simulations/package.zsh'
[2.766s] Level 1:colcon.colcon_core.environment:create_file_with_runtime_dependencies(/home/ros/turtlebot3/turtlebot3_simulations-2.2.5/install/turtlebot3_simulations/share/colcon-core/packages/turtlebot3_simulations)
[2.766s] DEBUG:colcon.colcon_parallel_executor.executor.parallel:closing loop
[2.767s] DEBUG:colcon.colcon_parallel_executor.executor.parallel:loop closed
[2.768s] DEBUG:colcon.colcon_parallel_executor.executor.parallel:run_until_complete finished with '0'
[2.768s] DEBUG:colcon.colcon_core.event_reactor:joining thread
[2.804s] INFO:colcon.colcon_core.plugin_system:Skipping extension 'colcon_notification.desktop_notification.notify_send': Could not find 'notify-send'
[2.804s] INFO:colcon.colcon_core.plugin_system:Skipping extension 'colcon_notification.desktop_notification.terminal_notifier': Not used on non-Darwin systems
[2.804s] INFO:colcon.colcon_core.plugin_system:Skipping extension 'colcon_notification.desktop_notification.win32': Not used on non-Windows systems
[2.804s] INFO:colcon.colcon_notification.desktop_notification:Sending desktop notification using 'notify2'
[2.806s] DEBUG:colcon.colcon_notification.desktop_notification.notify2:Failed to initialize notify2: org.freedesktop.DBus.Error.Spawn.ExecFailed: /usr/bin/dbus-launch terminated abnormally without any error message
[2.807s] DEBUG:colcon.colcon_core.event_reactor:joined thread
[2.821s] INFO:colcon.colcon_core.shell:Creating prefix script '/home/ros/turtlebot3/turtlebot3_simulations-2.2.5/install/local_setup.ps1'
[2.822s] INFO:colcon.colcon_core.shell:Creating prefix util module '/home/ros/turtlebot3/turtlebot3_simulations-2.2.5/install/_local_setup_util_ps1.py'
[2.823s] INFO:colcon.colcon_core.shell:Creating prefix chain script '/home/ros/turtlebot3/turtlebot3_simulations-2.2.5/install/setup.ps1'
[2.837s] INFO:colcon.colcon_core.shell:Creating prefix script '/home/ros/turtlebot3/turtlebot3_simulations-2.2.5/install/local_setup.sh'
[2.837s] INFO:colcon.colcon_core.shell:Creating prefix util module '/home/ros/turtlebot3/turtlebot3_simulations-2.2.5/install/_local_setup_util_sh.py'
[2.838s] INFO:colcon.colcon_core.shell:Creating prefix chain script '/home/ros/turtlebot3/turtlebot3_simulations-2.2.5/install/setup.sh'
[2.853s] INFO:colcon.colcon_core.shell:Creating prefix script '/home/ros/turtlebot3/turtlebot3_simulations-2.2.5/install/local_setup.bash'
[2.854s] INFO:colcon.colcon_core.shell:Creating prefix chain script '/home/ros/turtlebot3/turtlebot3_simulations-2.2.5/install/setup.bash'
[2.867s] INFO:colcon.colcon_core.shell:Creating prefix script '/home/ros/turtlebot3/turtlebot3_simulations-2.2.5/install/local_setup.zsh'
[2.867s] INFO:colcon.colcon_core.shell:Creating prefix chain script '/home/ros/turtlebot3/turtlebot3_simulations-2.2.5/install/setup.zsh'
