[0.000000] (-) TimerEvent: {}
[0.000557] (nav2_bringup) JobQueued: {'identifier': 'nav2_bringup', 'dependencies': OrderedDict()}
[0.000598] (nav2_bringup) JobStarted: {'identifier': 'nav2_bringup'}
[0.100185] (-) TimerEvent: {}
[0.104973] (nav2_bringup) JobProgress: {'identifier': 'nav2_bringup', 'progress': 'cmake'}
[0.105188] (nav2_bringup) Command: {'cmd': ['/usr/bin/cmake', '/home/ros/turtlebot3/nav2_bringup', '-DAMENT_CMAKE_SYMLINK_INSTALL=1', '-DCMAKE_INSTALL_PREFIX=/home/ros/turtlebot3/nav2_bringup/install/nav2_bringup'], 'cwd': '/home/ros/turtlebot3/nav2_bringup/build/nav2_bringup', 'env': OrderedDict([('HOSTNAME', 'envy-13'), ('IGNITION_VERSION', 'fortress'), ('SHLVL', '1'), ('LD_LIBRARY_PATH', '/home/ros/turtlebot3/DynamixelSDK/install/dynamixel_sdk_custom_interfaces/lib:/home/ros/turtlebot3/DynamixelSDK/install/dynamixel_sdk/lib:/home/ros/turtlebot3/turtlebot3_msgs-2.2.3/install/turtlebot3_msgs/lib:/usr/lib/x86_64-linux-gnu/gazebo-11/plugins:/opt/ros/humble/opt/rviz_ogre_vendor/lib:/opt/ros/humble/lib/x86_64-linux-gnu:/opt/ros/humble/lib'), ('HOME', '/home/ros'), ('OLDPWD', '/home/ros/turtlebot3'), ('ROS_PYTHON_VERSION', '3'), ('COLCON_PREFIX_PATH', '/home/ros/turtlebot3/turtlebot3-2.1.5/install:/home/ros/turtlebot3/turtlebot3_msgs-2.2.3/install:/home/ros/turtlebot3/turtlebot3_simulations-2.2.5/install:/home/ros/turtlebot3/DynamixelSDK/install'), ('ROS_DISTRO', 'humble'), ('_', '/usr/bin/colcon'), ('ROS_VERSION', '2'), ('TERM', 'xterm'), ('GAZEBO_MODEL_PATH', ':/opt/ros/humble/share/turtlebot3_gazebo/models:/home/ros/turtlebot3/turtlebot3_simulations-2.2.5/turtlebot3_gazebo/models'), ('ROS_LOCALHOST_ONLY', '0'), ('QT_X11_NO_MITSHM', '1'), ('PATH', '/opt/ros/humble/bin:/usr/local/sbin:/usr/local/bin:/usr/sbin:/usr/bin:/sbin:/bin'), ('RUNLEVEL', '3'), ('XDG_RUNTIME_DIR', '/tmp/runtime-ros'), ('DISPLAY', 'unix:0'), ('LANG', 'C.UTF-8'), ('AMENT_PREFIX_PATH', '/home/ros/turtlebot3/DynamixelSDK/install/dynamixel_sdk_examples:/home/ros/turtlebot3/DynamixelSDK/install/dynamixel_sdk_custom_interfaces:/home/ros/turtlebot3/DynamixelSDK/install/dynamixel_sdk:/home/ros/turtlebot3/turtlebot3-2.1.5/install/turtlebot3:/home/ros/turtlebot3/turtlebot3-2.1.5/install/turtlebot3_teleop:/home/ros/turtlebot3/turtlebot3-2.1.5/install/turtlebot3_bringup:/home/ros/turtlebot3/turtlebot3-2.1.5/install/turtlebot3_node:/home/ros/turtlebot3/turtlebot3-2.1.5/install/turtlebot3_navigation2:/home/ros/turtlebot3/turtlebot3-2.1.5/install/turtlebot3_example:/home/ros/turtlebot3/turtlebot3-2.1.5/install/turtlebot3_description:/home/ros/turtlebot3/turtlebot3-2.1.5/install/turtlebot3_cartographer:/home/ros/turtlebot3/turtlebot3_msgs-2.2.3/install/turtlebot3_msgs:/home/ros/turtlebot3/turtlebot3_simulations-2.2.5/install/turtlebot3_simulations:/home/ros/turtlebot3/turtlebot3_simulations-2.2.5/install/turtlebot3_gazebo:/home/ros/turtlebot3/turtlebot3_simulations-2.2.5/install/turtlebot3_fake_node:/opt/ros/humble'), ('PWD', '/home/ros/turtlebot3/nav2_bringup/build/nav2_bringup'), ('TURTLEBOT3_MODEL', 'waffle'), ('LC_ALL', 'C.UTF-8'), ('PYTHONPATH', '/home/ros/turtlebot3/DynamixelSDK/install/dynamixel_sdk_custom_interfaces/local/lib/python3.10/dist-packages:/home/ros/turtlebot3/turtlebot3-2.1.5/build/turtlebot3_teleop:/home/ros/turtlebot3/turtlebot3-2.1.5/install/turtlebot3_teleop/lib/python3.10/site-packages:/home/ros/turtlebot3/turtlebot3-2.1.5/build/turtlebot3_example:/home/ros/turtlebot3/turtlebot3-2.1.5/install/turtlebot3_example/lib/python3.10/site-packages:/home/ros/turtlebot3/turtlebot3_msgs-2.2.3/install/turtlebot3_msgs/local/lib/python3.10/dist-packages:/opt/ros/humble/lib/python3.10/site-packages:/opt/ros/humble/local/lib/python3.10/dist-packages'), ('COLCON', '1'), ('CMAKE_PREFIX_PATH', '/home/ros/turtlebot3/DynamixelSDK/install/dynamixel_sdk_examples:/home/ros/turtlebot3/DynamixelSDK/install/dynamixel_sdk_custom_interfaces:/home/ros/turtlebot3/DynamixelSDK/install/dynamixel_sdk:/home/ros/turtlebot3/turtlebot3-2.1.5/install/turtlebot3:/home/ros/turtlebot3/turtlebot3-2.1.5/install/turtlebot3_bringup:/home/ros/turtlebot3/turtlebot3-2.1.5/install/turtlebot3_node:/home/ros/turtlebot3/turtlebot3-2.1.5/install/turtlebot3_navigation2:/home/ros/turtlebot3/turtlebot3-2.1.5/install/turtlebot3_description:/home/ros/turtlebot3/turtlebot3-2.1.5/install/turtlebot3_cartographer:/home/ros/turtlebot3/turtlebot3_msgs-2.2.3/install/turtlebot3_msgs:/home/ros/turtlebot3/turtlebot3_simulations-2.2.5/install/turtlebot3_simulations:/home/ros/turtlebot3/turtlebot3_simulations-2.2.5/install/turtlebot3_gazebo:/home/ros/turtlebot3/turtlebot3_simulations-2.2.5/install/turtlebot3_fake_node:/home/ros/turtlebot3/turtlebot3-2.1.5/install/turtlebot3_teleop:/home/ros/turtlebot3/turtlebot3-2.1.5/install/turtlebot3_example:/opt/ros/humble')]), 'shell': False}
[0.200351] (-) TimerEvent: {}
[0.264940] (nav2_bringup) StdoutLine: {'line': b'-- The C compiler identification is GNU 11.4.0\n'}
[0.300446] (-) TimerEvent: {}
[0.380006] (nav2_bringup) StdoutLine: {'line': b'-- The CXX compiler identification is GNU 11.4.0\n'}
[0.394019] (nav2_bringup) StdoutLine: {'line': b'-- Detecting C compiler ABI info\n'}
[0.400557] (-) TimerEvent: {}
[0.471708] (nav2_bringup) StdoutLine: {'line': b'-- Detecting C compiler ABI info - done\n'}
[0.479663] (nav2_bringup) StdoutLine: {'line': b'-- Check for working C compiler: /usr/bin/cc - skipped\n'}
[0.480190] (nav2_bringup) StdoutLine: {'line': b'-- Detecting C compile features\n'}
[0.480859] (nav2_bringup) StdoutLine: {'line': b'-- Detecting C compile features - done\n'}
[0.484149] (nav2_bringup) StdoutLine: {'line': b'-- Detecting CXX compiler ABI info\n'}
[0.500681] (-) TimerEvent: {}
[0.563646] (nav2_bringup) StdoutLine: {'line': b'-- Detecting CXX compiler ABI info - done\n'}
[0.570678] (nav2_bringup) StdoutLine: {'line': b'-- Check for working CXX compiler: /usr/bin/c++ - skipped\n'}
[0.570985] (nav2_bringup) StdoutLine: {'line': b'-- Detecting CXX compile features\n'}
[0.571459] (nav2_bringup) StdoutLine: {'line': b'-- Detecting CXX compile features - done\n'}
[0.582289] (nav2_bringup) StdoutLine: {'line': b'-- Found ament_cmake: 1.3.5 (/opt/ros/humble/share/ament_cmake/cmake)\n'}
[0.600776] (-) TimerEvent: {}
[0.701111] (-) TimerEvent: {}
[0.750211] (nav2_bringup) StdoutLine: {'line': b'-- Found Python3: /usr/bin/python3.10 (found version "3.10.12") found components: Interpreter \n'}
[0.801205] (-) TimerEvent: {}
[0.811293] (nav2_bringup) StdoutLine: {'line': b'-- Override CMake install command with custom implementation using symlinks instead of copying resources\n'}
[0.870675] (nav2_bringup) StdoutLine: {'line': b'-- Found nav2_common: 1.1.12 (/opt/ros/humble/share/nav2_common/cmake)\n'}
[0.874787] (nav2_bringup) StdoutLine: {'line': b'-- Found navigation2: 1.1.12 (/opt/ros/humble/share/navigation2/cmake)\n'}
[0.874895] (nav2_bringup) StdoutLine: {'line': b'-- Setting build type to Release as none was specified.\n'}
[0.879408] (nav2_bringup) StdoutLine: {'line': b'-- Found ament_lint_auto: 0.12.8 (/opt/ros/humble/share/ament_lint_auto/cmake)\n'}
[0.901344] (-) TimerEvent: {}
[1.001587] (-) TimerEvent: {}
[1.023692] (nav2_bringup) StdoutLine: {'line': b"-- Added test 'copyright' to check source files copyright and LICENSE\n"}
[1.029844] (nav2_bringup) StdoutLine: {'line': b"-- Added test 'cppcheck' to perform static code analysis on C / C++ code\n"}
[1.030026] (nav2_bringup) StdoutLine: {'line': b'-- Configured cppcheck include dirs: \n'}
[1.030088] (nav2_bringup) StdoutLine: {'line': b'-- Configured cppcheck exclude dirs and/or files: \n'}
[1.036060] (nav2_bringup) StdoutLine: {'line': b"-- Added test 'cpplint' to check C / C++ code against the Google style\n"}
[1.036217] (nav2_bringup) StdoutLine: {'line': b'-- Configured cpplint exclude dirs and/or files: \n'}
[1.037437] (nav2_bringup) StdoutLine: {'line': b"-- Added test 'flake8' to check Python code syntax and style conventions\n"}
[1.039578] (nav2_bringup) StdoutLine: {'line': b"-- Added test 'lint_cmake' to check CMake code style\n"}
[1.041036] (nav2_bringup) StdoutLine: {'line': b"-- Added test 'pep257' to check Python code against some of the docstring style conventions in PEP 257\n"}
[1.047310] (nav2_bringup) StdoutLine: {'line': b"-- Added test 'uncrustify' to check C / C++ code style\n"}
[1.047550] (nav2_bringup) StdoutLine: {'line': b'-- Configured uncrustify additional arguments: \n'}
[1.049099] (nav2_bringup) StdoutLine: {'line': b"-- Added test 'xmllint' to check XML markup files\n"}
[1.051525] (nav2_bringup) StdoutLine: {'line': b'-- Configuring done\n'}
[1.054448] (nav2_bringup) StdoutLine: {'line': b'-- Generating done\n'}
[1.055346] (nav2_bringup) StdoutLine: {'line': b'-- Build files have been written to: /home/ros/turtlebot3/nav2_bringup/build/nav2_bringup\n'}
[1.059284] (nav2_bringup) CommandEnded: {'returncode': 0}
[1.059745] (nav2_bringup) JobProgress: {'identifier': 'nav2_bringup', 'progress': 'build'}
[1.060303] (nav2_bringup) Command: {'cmd': ['/usr/bin/cmake', '--build', '/home/ros/turtlebot3/nav2_bringup/build/nav2_bringup', '--', '-j8', '-l8'], 'cwd': '/home/ros/turtlebot3/nav2_bringup/build/nav2_bringup', 'env': OrderedDict([('HOSTNAME', 'envy-13'), ('IGNITION_VERSION', 'fortress'), ('SHLVL', '1'), ('LD_LIBRARY_PATH', '/home/ros/turtlebot3/DynamixelSDK/install/dynamixel_sdk_custom_interfaces/lib:/home/ros/turtlebot3/DynamixelSDK/install/dynamixel_sdk/lib:/home/ros/turtlebot3/turtlebot3_msgs-2.2.3/install/turtlebot3_msgs/lib:/usr/lib/x86_64-linux-gnu/gazebo-11/plugins:/opt/ros/humble/opt/rviz_ogre_vendor/lib:/opt/ros/humble/lib/x86_64-linux-gnu:/opt/ros/humble/lib'), ('HOME', '/home/ros'), ('OLDPWD', '/home/ros/turtlebot3'), ('ROS_PYTHON_VERSION', '3'), ('COLCON_PREFIX_PATH', '/home/ros/turtlebot3/turtlebot3-2.1.5/install:/home/ros/turtlebot3/turtlebot3_msgs-2.2.3/install:/home/ros/turtlebot3/turtlebot3_simulations-2.2.5/install:/home/ros/turtlebot3/DynamixelSDK/install'), ('ROS_DISTRO', 'humble'), ('_', '/usr/bin/colcon'), ('ROS_VERSION', '2'), ('TERM', 'xterm'), ('GAZEBO_MODEL_PATH', ':/opt/ros/humble/share/turtlebot3_gazebo/models:/home/ros/turtlebot3/turtlebot3_simulations-2.2.5/turtlebot3_gazebo/models'), ('ROS_LOCALHOST_ONLY', '0'), ('QT_X11_NO_MITSHM', '1'), ('PATH', '/opt/ros/humble/bin:/usr/local/sbin:/usr/local/bin:/usr/sbin:/usr/bin:/sbin:/bin'), ('RUNLEVEL', '3'), ('XDG_RUNTIME_DIR', '/tmp/runtime-ros'), ('DISPLAY', 'unix:0'), ('LANG', 'C.UTF-8'), ('AMENT_PREFIX_PATH', '/home/ros/turtlebot3/DynamixelSDK/install/dynamixel_sdk_examples:/home/ros/turtlebot3/DynamixelSDK/install/dynamixel_sdk_custom_interfaces:/home/ros/turtlebot3/DynamixelSDK/install/dynamixel_sdk:/home/ros/turtlebot3/turtlebot3-2.1.5/install/turtlebot3:/home/ros/turtlebot3/turtlebot3-2.1.5/install/turtlebot3_teleop:/home/ros/turtlebot3/turtlebot3-2.1.5/install/turtlebot3_bringup:/home/ros/turtlebot3/turtlebot3-2.1.5/install/turtlebot3_node:/home/ros/turtlebot3/turtlebot3-2.1.5/install/turtlebot3_navigation2:/home/ros/turtlebot3/turtlebot3-2.1.5/install/turtlebot3_example:/home/ros/turtlebot3/turtlebot3-2.1.5/install/turtlebot3_description:/home/ros/turtlebot3/turtlebot3-2.1.5/install/turtlebot3_cartographer:/home/ros/turtlebot3/turtlebot3_msgs-2.2.3/install/turtlebot3_msgs:/home/ros/turtlebot3/turtlebot3_simulations-2.2.5/install/turtlebot3_simulations:/home/ros/turtlebot3/turtlebot3_simulations-2.2.5/install/turtlebot3_gazebo:/home/ros/turtlebot3/turtlebot3_simulations-2.2.5/install/turtlebot3_fake_node:/opt/ros/humble'), ('PWD', '/home/ros/turtlebot3/nav2_bringup/build/nav2_bringup'), ('TURTLEBOT3_MODEL', 'waffle'), ('LC_ALL', 'C.UTF-8'), ('PYTHONPATH', '/home/ros/turtlebot3/DynamixelSDK/install/dynamixel_sdk_custom_interfaces/local/lib/python3.10/dist-packages:/home/ros/turtlebot3/turtlebot3-2.1.5/build/turtlebot3_teleop:/home/ros/turtlebot3/turtlebot3-2.1.5/install/turtlebot3_teleop/lib/python3.10/site-packages:/home/ros/turtlebot3/turtlebot3-2.1.5/build/turtlebot3_example:/home/ros/turtlebot3/turtlebot3-2.1.5/install/turtlebot3_example/lib/python3.10/site-packages:/home/ros/turtlebot3/turtlebot3_msgs-2.2.3/install/turtlebot3_msgs/local/lib/python3.10/dist-packages:/opt/ros/humble/lib/python3.10/site-packages:/opt/ros/humble/local/lib/python3.10/dist-packages'), ('COLCON', '1'), ('CMAKE_PREFIX_PATH', '/home/ros/turtlebot3/DynamixelSDK/install/dynamixel_sdk_examples:/home/ros/turtlebot3/DynamixelSDK/install/dynamixel_sdk_custom_interfaces:/home/ros/turtlebot3/DynamixelSDK/install/dynamixel_sdk:/home/ros/turtlebot3/turtlebot3-2.1.5/install/turtlebot3:/home/ros/turtlebot3/turtlebot3-2.1.5/install/turtlebot3_bringup:/home/ros/turtlebot3/turtlebot3-2.1.5/install/turtlebot3_node:/home/ros/turtlebot3/turtlebot3-2.1.5/install/turtlebot3_navigation2:/home/ros/turtlebot3/turtlebot3-2.1.5/install/turtlebot3_description:/home/ros/turtlebot3/turtlebot3-2.1.5/install/turtlebot3_cartographer:/home/ros/turtlebot3/turtlebot3_msgs-2.2.3/install/turtlebot3_msgs:/home/ros/turtlebot3/turtlebot3_simulations-2.2.5/install/turtlebot3_simulations:/home/ros/turtlebot3/turtlebot3_simulations-2.2.5/install/turtlebot3_gazebo:/home/ros/turtlebot3/turtlebot3_simulations-2.2.5/install/turtlebot3_fake_node:/home/ros/turtlebot3/turtlebot3-2.1.5/install/turtlebot3_teleop:/home/ros/turtlebot3/turtlebot3-2.1.5/install/turtlebot3_example:/opt/ros/humble')]), 'shell': False}
[1.096797] (nav2_bringup) CommandEnded: {'returncode': 0}
[1.101788] (-) TimerEvent: {}
[1.121824] (nav2_bringup) JobProgress: {'identifier': 'nav2_bringup', 'progress': 'install'}
[1.130996] (nav2_bringup) Command: {'cmd': ['/usr/bin/cmake', '--install', '/home/ros/turtlebot3/nav2_bringup/build/nav2_bringup'], 'cwd': '/home/ros/turtlebot3/nav2_bringup/build/nav2_bringup', 'env': OrderedDict([('HOSTNAME', 'envy-13'), ('IGNITION_VERSION', 'fortress'), ('SHLVL', '1'), ('LD_LIBRARY_PATH', '/home/ros/turtlebot3/DynamixelSDK/install/dynamixel_sdk_custom_interfaces/lib:/home/ros/turtlebot3/DynamixelSDK/install/dynamixel_sdk/lib:/home/ros/turtlebot3/turtlebot3_msgs-2.2.3/install/turtlebot3_msgs/lib:/usr/lib/x86_64-linux-gnu/gazebo-11/plugins:/opt/ros/humble/opt/rviz_ogre_vendor/lib:/opt/ros/humble/lib/x86_64-linux-gnu:/opt/ros/humble/lib'), ('HOME', '/home/ros'), ('OLDPWD', '/home/ros/turtlebot3'), ('ROS_PYTHON_VERSION', '3'), ('COLCON_PREFIX_PATH', '/home/ros/turtlebot3/turtlebot3-2.1.5/install:/home/ros/turtlebot3/turtlebot3_msgs-2.2.3/install:/home/ros/turtlebot3/turtlebot3_simulations-2.2.5/install:/home/ros/turtlebot3/DynamixelSDK/install'), ('ROS_DISTRO', 'humble'), ('_', '/usr/bin/colcon'), ('ROS_VERSION', '2'), ('TERM', 'xterm'), ('GAZEBO_MODEL_PATH', ':/opt/ros/humble/share/turtlebot3_gazebo/models:/home/ros/turtlebot3/turtlebot3_simulations-2.2.5/turtlebot3_gazebo/models'), ('ROS_LOCALHOST_ONLY', '0'), ('QT_X11_NO_MITSHM', '1'), ('PATH', '/opt/ros/humble/bin:/usr/local/sbin:/usr/local/bin:/usr/sbin:/usr/bin:/sbin:/bin'), ('RUNLEVEL', '3'), ('XDG_RUNTIME_DIR', '/tmp/runtime-ros'), ('DISPLAY', 'unix:0'), ('LANG', 'C.UTF-8'), ('AMENT_PREFIX_PATH', '/home/ros/turtlebot3/DynamixelSDK/install/dynamixel_sdk_examples:/home/ros/turtlebot3/DynamixelSDK/install/dynamixel_sdk_custom_interfaces:/home/ros/turtlebot3/DynamixelSDK/install/dynamixel_sdk:/home/ros/turtlebot3/turtlebot3-2.1.5/install/turtlebot3:/home/ros/turtlebot3/turtlebot3-2.1.5/install/turtlebot3_teleop:/home/ros/turtlebot3/turtlebot3-2.1.5/install/turtlebot3_bringup:/home/ros/turtlebot3/turtlebot3-2.1.5/install/turtlebot3_node:/home/ros/turtlebot3/turtlebot3-2.1.5/install/turtlebot3_navigation2:/home/ros/turtlebot3/turtlebot3-2.1.5/install/turtlebot3_example:/home/ros/turtlebot3/turtlebot3-2.1.5/install/turtlebot3_description:/home/ros/turtlebot3/turtlebot3-2.1.5/install/turtlebot3_cartographer:/home/ros/turtlebot3/turtlebot3_msgs-2.2.3/install/turtlebot3_msgs:/home/ros/turtlebot3/turtlebot3_simulations-2.2.5/install/turtlebot3_simulations:/home/ros/turtlebot3/turtlebot3_simulations-2.2.5/install/turtlebot3_gazebo:/home/ros/turtlebot3/turtlebot3_simulations-2.2.5/install/turtlebot3_fake_node:/opt/ros/humble'), ('PWD', '/home/ros/turtlebot3/nav2_bringup/build/nav2_bringup'), ('TURTLEBOT3_MODEL', 'waffle'), ('LC_ALL', 'C.UTF-8'), ('PYTHONPATH', '/home/ros/turtlebot3/DynamixelSDK/install/dynamixel_sdk_custom_interfaces/local/lib/python3.10/dist-packages:/home/ros/turtlebot3/turtlebot3-2.1.5/build/turtlebot3_teleop:/home/ros/turtlebot3/turtlebot3-2.1.5/install/turtlebot3_teleop/lib/python3.10/site-packages:/home/ros/turtlebot3/turtlebot3-2.1.5/build/turtlebot3_example:/home/ros/turtlebot3/turtlebot3-2.1.5/install/turtlebot3_example/lib/python3.10/site-packages:/home/ros/turtlebot3/turtlebot3_msgs-2.2.3/install/turtlebot3_msgs/local/lib/python3.10/dist-packages:/opt/ros/humble/lib/python3.10/site-packages:/opt/ros/humble/local/lib/python3.10/dist-packages'), ('COLCON', '1'), ('CMAKE_PREFIX_PATH', '/home/ros/turtlebot3/DynamixelSDK/install/dynamixel_sdk_examples:/home/ros/turtlebot3/DynamixelSDK/install/dynamixel_sdk_custom_interfaces:/home/ros/turtlebot3/DynamixelSDK/install/dynamixel_sdk:/home/ros/turtlebot3/turtlebot3-2.1.5/install/turtlebot3:/home/ros/turtlebot3/turtlebot3-2.1.5/install/turtlebot3_bringup:/home/ros/turtlebot3/turtlebot3-2.1.5/install/turtlebot3_node:/home/ros/turtlebot3/turtlebot3-2.1.5/install/turtlebot3_navigation2:/home/ros/turtlebot3/turtlebot3-2.1.5/install/turtlebot3_description:/home/ros/turtlebot3/turtlebot3-2.1.5/install/turtlebot3_cartographer:/home/ros/turtlebot3/turtlebot3_msgs-2.2.3/install/turtlebot3_msgs:/home/ros/turtlebot3/turtlebot3_simulations-2.2.5/install/turtlebot3_simulations:/home/ros/turtlebot3/turtlebot3_simulations-2.2.5/install/turtlebot3_gazebo:/home/ros/turtlebot3/turtlebot3_simulations-2.2.5/install/turtlebot3_fake_node:/home/ros/turtlebot3/turtlebot3-2.1.5/install/turtlebot3_teleop:/home/ros/turtlebot3/turtlebot3-2.1.5/install/turtlebot3_example:/opt/ros/humble')]), 'shell': False}
[1.138228] (nav2_bringup) StdoutLine: {'line': b'-- Install configuration: "Release"\n'}
[1.138549] (nav2_bringup) StdoutLine: {'line': b'-- Execute custom install script\n'}
[1.139059] (nav2_bringup) StdoutLine: {'line': b'-- Symlinking: /home/ros/turtlebot3/nav2_bringup/install/nav2_bringup/share/nav2_bringup/launch/bringup_launch.py\n'}
[1.147604] (nav2_bringup) StdoutLine: {'line': b'-- Symlinking: /home/ros/turtlebot3/nav2_bringup/install/nav2_bringup/share/nav2_bringup/launch/cloned_multi_tb3_simulation_launch.py\n'}
[1.155817] (nav2_bringup) StdoutLine: {'line': b'-- Symlinking: /home/ros/turtlebot3/nav2_bringup/install/nav2_bringup/share/nav2_bringup/launch/localization_launch.py\n'}
[1.163357] (nav2_bringup) StdoutLine: {'line': b'-- Symlinking: /home/ros/turtlebot3/nav2_bringup/install/nav2_bringup/share/nav2_bringup/launch/navigation_launch.py\n'}
[1.171435] (nav2_bringup) StdoutLine: {'line': b'-- Symlinking: /home/ros/turtlebot3/nav2_bringup/install/nav2_bringup/share/nav2_bringup/launch/rviz_launch.py\n'}
[1.179647] (nav2_bringup) StdoutLine: {'line': b'-- Symlinking: /home/ros/turtlebot3/nav2_bringup/install/nav2_bringup/share/nav2_bringup/launch/slam_launch.py\n'}
[1.189334] (nav2_bringup) StdoutLine: {'line': b'-- Symlinking: /home/ros/turtlebot3/nav2_bringup/install/nav2_bringup/share/nav2_bringup/launch/tb3_simulation_launch.py\n'}
[1.200403] (nav2_bringup) StdoutLine: {'line': b'-- Symlinking: /home/ros/turtlebot3/nav2_bringup/install/nav2_bringup/share/nav2_bringup/launch/unique_multi_tb3_simulation_launch.py\n'}
[1.201880] (-) TimerEvent: {}
[1.210014] (nav2_bringup) StdoutLine: {'line': b'-- Symlinking: /home/ros/turtlebot3/nav2_bringup/install/nav2_bringup/share/nav2_bringup/maps/turtlebot3_world.pgm\n'}
[1.218803] (nav2_bringup) StdoutLine: {'line': b'-- Symlinking: /home/ros/turtlebot3/nav2_bringup/install/nav2_bringup/share/nav2_bringup/maps/turtlebot3_world.yaml\n'}
[1.227424] (nav2_bringup) StdoutLine: {'line': b'-- Symlinking: /home/ros/turtlebot3/nav2_bringup/install/nav2_bringup/share/nav2_bringup/rviz/nav2_default_view.rviz\n'}
[1.236840] (nav2_bringup) StdoutLine: {'line': b'-- Symlinking: /home/ros/turtlebot3/nav2_bringup/install/nav2_bringup/share/nav2_bringup/rviz/nav2_namespaced_view.rviz\n'}
[1.244943] (nav2_bringup) StdoutLine: {'line': b'-- Symlinking: /home/ros/turtlebot3/nav2_bringup/install/nav2_bringup/share/nav2_bringup/worlds/waffle.model\n'}
[1.254004] (nav2_bringup) StdoutLine: {'line': b'-- Symlinking: /home/ros/turtlebot3/nav2_bringup/install/nav2_bringup/share/nav2_bringup/worlds/world_only.model\n'}
[1.262247] (nav2_bringup) StdoutLine: {'line': b'-- Symlinking: /home/ros/turtlebot3/nav2_bringup/install/nav2_bringup/share/nav2_bringup/params/nav2_multirobot_params_1.yaml\n'}
[1.269626] (nav2_bringup) StdoutLine: {'line': b'-- Symlinking: /home/ros/turtlebot3/nav2_bringup/install/nav2_bringup/share/nav2_bringup/params/nav2_multirobot_params_2.yaml\n'}
[1.277495] (nav2_bringup) StdoutLine: {'line': b'-- Symlinking: /home/ros/turtlebot3/nav2_bringup/install/nav2_bringup/share/nav2_bringup/params/nav2_multirobot_params_all.yaml\n'}
[1.285271] (nav2_bringup) StdoutLine: {'line': b'-- Symlinking: /home/ros/turtlebot3/nav2_bringup/install/nav2_bringup/share/nav2_bringup/params/nav2_params.yaml\n'}
[1.292728] (nav2_bringup) StdoutLine: {'line': b'-- Symlinking: /home/ros/turtlebot3/nav2_bringup/install/nav2_bringup/share/nav2_bringup/urdf/turtlebot3_waffle.urdf\n'}
[1.300047] (nav2_bringup) StdoutLine: {'line': b'-- Symlinking: /home/ros/turtlebot3/nav2_bringup/install/nav2_bringup/share/ament_index/resource_index/package_run_dependencies/nav2_bringup\n'}
[1.301948] (-) TimerEvent: {}
[1.308308] (nav2_bringup) StdoutLine: {'line': b'-- Symlinking: /home/ros/turtlebot3/nav2_bringup/install/nav2_bringup/share/ament_index/resource_index/parent_prefix_path/nav2_bringup\n'}
[1.315637] (nav2_bringup) StdoutLine: {'line': b'-- Symlinking: /home/ros/turtlebot3/nav2_bringup/install/nav2_bringup/share/nav2_bringup/environment/ament_prefix_path.sh\n'}
[1.323162] (nav2_bringup) StdoutLine: {'line': b'-- Symlinking: /home/ros/turtlebot3/nav2_bringup/install/nav2_bringup/share/nav2_bringup/environment/ament_prefix_path.dsv\n'}
[1.332734] (nav2_bringup) StdoutLine: {'line': b'-- Symlinking: /home/ros/turtlebot3/nav2_bringup/install/nav2_bringup/share/nav2_bringup/environment/path.sh\n'}
[1.341684] (nav2_bringup) StdoutLine: {'line': b'-- Symlinking: /home/ros/turtlebot3/nav2_bringup/install/nav2_bringup/share/nav2_bringup/environment/path.dsv\n'}
[1.350531] (nav2_bringup) StdoutLine: {'line': b'-- Symlinking: /home/ros/turtlebot3/nav2_bringup/install/nav2_bringup/share/nav2_bringup/local_setup.bash\n'}
[1.358704] (nav2_bringup) StdoutLine: {'line': b'-- Symlinking: /home/ros/turtlebot3/nav2_bringup/install/nav2_bringup/share/nav2_bringup/local_setup.sh\n'}
[1.366301] (nav2_bringup) StdoutLine: {'line': b'-- Symlinking: /home/ros/turtlebot3/nav2_bringup/install/nav2_bringup/share/nav2_bringup/local_setup.zsh\n'}
[1.375119] (nav2_bringup) StdoutLine: {'line': b'-- Symlinking: /home/ros/turtlebot3/nav2_bringup/install/nav2_bringup/share/nav2_bringup/local_setup.dsv\n'}
[1.383133] (nav2_bringup) StdoutLine: {'line': b'-- Symlinking: /home/ros/turtlebot3/nav2_bringup/install/nav2_bringup/share/nav2_bringup/package.dsv\n'}
[1.390579] (nav2_bringup) StdoutLine: {'line': b'-- Symlinking: /home/ros/turtlebot3/nav2_bringup/install/nav2_bringup/share/ament_index/resource_index/packages/nav2_bringup\n'}
[1.398426] (nav2_bringup) StdoutLine: {'line': b'-- Symlinking: /home/ros/turtlebot3/nav2_bringup/install/nav2_bringup/share/nav2_bringup/cmake/nav2_bringupConfig.cmake\n'}
[1.402046] (-) TimerEvent: {}
[1.406578] (nav2_bringup) StdoutLine: {'line': b'-- Symlinking: /home/ros/turtlebot3/nav2_bringup/install/nav2_bringup/share/nav2_bringup/cmake/nav2_bringupConfig-version.cmake\n'}
[1.413856] (nav2_bringup) StdoutLine: {'line': b'-- Symlinking: /home/ros/turtlebot3/nav2_bringup/install/nav2_bringup/share/nav2_bringup/package.xml\n'}
[1.423463] (nav2_bringup) CommandEnded: {'returncode': 0}
[1.502392] (-) TimerEvent: {}
[1.543022] (nav2_bringup) JobEnded: {'identifier': 'nav2_bringup', 'rc': 0}
[1.543623] (-) EventReactorShutdown: {}
