[1.711s] DEBUG:colcon:Command line arguments: ['/usr/bin/colcon', 'build', '--symlink-install']
[1.711s] DEBUG:colcon:Parsed command line arguments: Namespace(log_base=None, log_level=None, verb_name='build', build_base='build', install_base='install', merge_install=False, symlink_install=True, test_result_base=None, continue_on_error=False, executor='parallel', parallel_workers=8, event_handlers=None, ignore_user_meta=False, metas=['./colcon.meta'], base_paths=['.'], packages_ignore=None, packages_ignore_regex=None, paths=None, packages_up_to=None, packages_up_to_regex=None, packages_above=None, packages_above_and_dependencies=None, packages_above_depth=None, packages_select_by_dep=None, packages_skip_by_dep=None, packages_skip_up_to=None, packages_select_build_failed=False, packages_skip_build_finished=False, packages_select_test_failures=False, packages_skip_test_passed=False, packages_select=None, packages_skip=None, packages_select_regex=None, packages_skip_regex=None, packages_start=None, packages_end=None, cmake_args=None, cmake_target=None, cmake_target_skip_unavailable=False, cmake_clean_cache=False, cmake_clean_first=False, cmake_force_configure=False, ament_cmake_args=None, catkin_cmake_args=None, catkin_skip_building_tests=False, mixin_files=None, mixin=None, verb_parser=<colcon_mixin.mixin.mixin_argument.MixinArgumentDecorator object at 0x7fda2f282050>, verb_extension=<colcon_core.verb.build.BuildVerb object at 0x7fda2f282350>, main=<bound method BuildVerb.main of <colcon_core.verb.build.BuildVerb object at 0x7fda2f282350>>, mixin_verb=('build',))
[1.785s] Level 1:colcon.colcon_core.package_discovery:discover_packages(colcon_meta) check parameters
[1.785s] Level 1:colcon.colcon_core.package_discovery:discover_packages(recursive) check parameters
[1.785s] Level 1:colcon.colcon_core.package_discovery:discover_packages(ignore) check parameters
[1.785s] Level 1:colcon.colcon_core.package_discovery:discover_packages(path) check parameters
[1.785s] Level 1:colcon.colcon_core.package_discovery:discover_packages(colcon_meta) discover
[1.785s] Level 1:colcon.colcon_core.package_discovery:discover_packages(recursive) discover
[1.785s] INFO:colcon.colcon_core.package_discovery:Crawling recursively for packages in '/home/ros/turtlebot3/DynamixelSDK'
[1.785s] Level 1:colcon.colcon_core.package_identification:_identify(.) by extensions ['ignore', 'ignore_ament_install']
[1.786s] Level 1:colcon.colcon_core.package_identification:_identify(.) by extension 'ignore'
[1.786s] Level 1:colcon.colcon_core.package_identification:_identify(.) by extension 'ignore_ament_install'
[1.786s] Level 1:colcon.colcon_core.package_identification:_identify(.) by extensions ['colcon_pkg']
[1.786s] Level 1:colcon.colcon_core.package_identification:_identify(.) by extension 'colcon_pkg'
[1.786s] Level 1:colcon.colcon_core.package_identification:_identify(.) by extensions ['colcon_meta']
[1.786s] Level 1:colcon.colcon_core.package_identification:_identify(.) by extension 'colcon_meta'
[1.786s] Level 1:colcon.colcon_core.package_identification:_identify(.) by extensions ['ros']
[1.786s] Level 1:colcon.colcon_core.package_identification:_identify(.) by extension 'ros'
[1.805s] Level 1:colcon.colcon_core.package_identification:_identify(.) by extensions ['cmake', 'python']
[1.805s] Level 1:colcon.colcon_core.package_identification:_identify(.) by extension 'cmake'
[1.805s] Level 1:colcon.colcon_core.package_identification:_identify(.) by extension 'python'
[1.805s] Level 1:colcon.colcon_core.package_identification:_identify(.) by extensions ['python_setup_py']
[1.805s] Level 1:colcon.colcon_core.package_identification:_identify(.) by extension 'python_setup_py'
[1.805s] Level 1:colcon.colcon_core.package_identification:_identify(build) by extensions ['ignore', 'ignore_ament_install']
[1.805s] Level 1:colcon.colcon_core.package_identification:_identify(build) by extension 'ignore'
[1.806s] Level 1:colcon.colcon_core.package_identification:_identify(build) ignored
[1.806s] Level 1:colcon.colcon_core.package_identification:_identify(dynamixel_sdk) by extensions ['ignore', 'ignore_ament_install']
[1.806s] Level 1:colcon.colcon_core.package_identification:_identify(dynamixel_sdk) by extension 'ignore'
[1.806s] Level 1:colcon.colcon_core.package_identification:_identify(dynamixel_sdk) by extension 'ignore_ament_install'
[1.806s] Level 1:colcon.colcon_core.package_identification:_identify(dynamixel_sdk) by extensions ['colcon_pkg']
[1.806s] Level 1:colcon.colcon_core.package_identification:_identify(dynamixel_sdk) by extension 'colcon_pkg'
[1.806s] Level 1:colcon.colcon_core.package_identification:_identify(dynamixel_sdk) by extensions ['colcon_meta']
[1.806s] Level 1:colcon.colcon_core.package_identification:_identify(dynamixel_sdk) by extension 'colcon_meta'
[1.806s] Level 1:colcon.colcon_core.package_identification:_identify(dynamixel_sdk) by extensions ['ros']
[1.806s] Level 1:colcon.colcon_core.package_identification:_identify(dynamixel_sdk) by extension 'ros'
[1.811s] DEBUG:colcon.colcon_core.package_identification:Package 'dynamixel_sdk' with type 'ros.ament_cmake' and name 'dynamixel_sdk'
[1.811s] Level 1:colcon.colcon_core.package_identification:_identify(dynamixel_sdk_custom_interfaces) by extensions ['ignore', 'ignore_ament_install']
[1.811s] Level 1:colcon.colcon_core.package_identification:_identify(dynamixel_sdk_custom_interfaces) by extension 'ignore'
[1.811s] Level 1:colcon.colcon_core.package_identification:_identify(dynamixel_sdk_custom_interfaces) by extension 'ignore_ament_install'
[1.811s] Level 1:colcon.colcon_core.package_identification:_identify(dynamixel_sdk_custom_interfaces) by extensions ['colcon_pkg']
[1.811s] Level 1:colcon.colcon_core.package_identification:_identify(dynamixel_sdk_custom_interfaces) by extension 'colcon_pkg'
[1.811s] Level 1:colcon.colcon_core.package_identification:_identify(dynamixel_sdk_custom_interfaces) by extensions ['colcon_meta']
[1.811s] Level 1:colcon.colcon_core.package_identification:_identify(dynamixel_sdk_custom_interfaces) by extension 'colcon_meta'
[1.811s] Level 1:colcon.colcon_core.package_identification:_identify(dynamixel_sdk_custom_interfaces) by extensions ['ros']
[1.811s] Level 1:colcon.colcon_core.package_identification:_identify(dynamixel_sdk_custom_interfaces) by extension 'ros'
[1.812s] DEBUG:colcon.colcon_core.package_identification:Package 'dynamixel_sdk_custom_interfaces' with type 'ros.ament_cmake' and name 'dynamixel_sdk_custom_interfaces'
[1.812s] Level 1:colcon.colcon_core.package_identification:_identify(dynamixel_sdk_examples) by extensions ['ignore', 'ignore_ament_install']
[1.813s] Level 1:colcon.colcon_core.package_identification:_identify(dynamixel_sdk_examples) by extension 'ignore'
[1.813s] Level 1:colcon.colcon_core.package_identification:_identify(dynamixel_sdk_examples) by extension 'ignore_ament_install'
[1.813s] Level 1:colcon.colcon_core.package_identification:_identify(dynamixel_sdk_examples) by extensions ['colcon_pkg']
[1.813s] Level 1:colcon.colcon_core.package_identification:_identify(dynamixel_sdk_examples) by extension 'colcon_pkg'
[1.813s] Level 1:colcon.colcon_core.package_identification:_identify(dynamixel_sdk_examples) by extensions ['colcon_meta']
[1.813s] Level 1:colcon.colcon_core.package_identification:_identify(dynamixel_sdk_examples) by extension 'colcon_meta'
[1.813s] Level 1:colcon.colcon_core.package_identification:_identify(dynamixel_sdk_examples) by extensions ['ros']
[1.813s] Level 1:colcon.colcon_core.package_identification:_identify(dynamixel_sdk_examples) by extension 'ros'
[1.814s] DEBUG:colcon.colcon_core.package_identification:Package 'dynamixel_sdk_examples' with type 'ros.ament_cmake' and name 'dynamixel_sdk_examples'
[1.815s] Level 1:colcon.colcon_core.package_identification:_identify(install) by extensions ['ignore', 'ignore_ament_install']
[1.815s] Level 1:colcon.colcon_core.package_identification:_identify(install) by extension 'ignore'
[1.815s] Level 1:colcon.colcon_core.package_identification:_identify(install) ignored
[1.815s] Level 1:colcon.colcon_core.package_identification:_identify(log) by extensions ['ignore', 'ignore_ament_install']
[1.815s] Level 1:colcon.colcon_core.package_identification:_identify(log) by extension 'ignore'
[1.815s] Level 1:colcon.colcon_core.package_identification:_identify(log) ignored
[1.815s] Level 1:colcon.colcon_core.package_discovery:discover_packages(recursive) using defaults
[1.816s] Level 1:colcon.colcon_core.package_discovery:discover_packages(ignore) discover
[1.816s] Level 1:colcon.colcon_core.package_discovery:discover_packages(ignore) using defaults
[1.816s] Level 1:colcon.colcon_core.package_discovery:discover_packages(path) discover
[1.816s] Level 1:colcon.colcon_core.package_discovery:discover_packages(path) using defaults
[1.928s] Level 5:colcon.colcon_core.verb:set package 'dynamixel_sdk' build argument 'cmake_args' from command line to 'None'
[1.928s] Level 5:colcon.colcon_core.verb:set package 'dynamixel_sdk' build argument 'cmake_target' from command line to 'None'
[1.928s] Level 5:colcon.colcon_core.verb:set package 'dynamixel_sdk' build argument 'cmake_target_skip_unavailable' from command line to 'False'
[1.928s] Level 5:colcon.colcon_core.verb:set package 'dynamixel_sdk' build argument 'cmake_clean_cache' from command line to 'False'
[1.928s] Level 5:colcon.colcon_core.verb:set package 'dynamixel_sdk' build argument 'cmake_clean_first' from command line to 'False'
[1.928s] Level 5:colcon.colcon_core.verb:set package 'dynamixel_sdk' build argument 'cmake_force_configure' from command line to 'False'
[1.928s] Level 5:colcon.colcon_core.verb:set package 'dynamixel_sdk' build argument 'ament_cmake_args' from command line to 'None'
[1.928s] Level 5:colcon.colcon_core.verb:set package 'dynamixel_sdk' build argument 'catkin_cmake_args' from command line to 'None'
[1.929s] Level 5:colcon.colcon_core.verb:set package 'dynamixel_sdk' build argument 'catkin_skip_building_tests' from command line to 'False'
[1.929s] DEBUG:colcon.colcon_core.verb:Building package 'dynamixel_sdk' with the following arguments: {'ament_cmake_args': None, 'build_base': '/home/ros/turtlebot3/DynamixelSDK/build/dynamixel_sdk', 'catkin_cmake_args': None, 'catkin_skip_building_tests': False, 'cmake_args': None, 'cmake_clean_cache': False, 'cmake_clean_first': False, 'cmake_force_configure': False, 'cmake_target': None, 'cmake_target_skip_unavailable': False, 'install_base': '/home/ros/turtlebot3/DynamixelSDK/install/dynamixel_sdk', 'merge_install': False, 'path': '/home/ros/turtlebot3/DynamixelSDK/dynamixel_sdk', 'symlink_install': True, 'test_result_base': None}
[1.949s] Level 5:colcon.colcon_core.verb:set package 'dynamixel_sdk_custom_interfaces' build argument 'cmake_args' from command line to 'None'
[1.950s] Level 5:colcon.colcon_core.verb:set package 'dynamixel_sdk_custom_interfaces' build argument 'cmake_target' from command line to 'None'
[1.950s] Level 5:colcon.colcon_core.verb:set package 'dynamixel_sdk_custom_interfaces' build argument 'cmake_target_skip_unavailable' from command line to 'False'
[1.950s] Level 5:colcon.colcon_core.verb:set package 'dynamixel_sdk_custom_interfaces' build argument 'cmake_clean_cache' from command line to 'False'
[1.950s] Level 5:colcon.colcon_core.verb:set package 'dynamixel_sdk_custom_interfaces' build argument 'cmake_clean_first' from command line to 'False'
[1.950s] Level 5:colcon.colcon_core.verb:set package 'dynamixel_sdk_custom_interfaces' build argument 'cmake_force_configure' from command line to 'False'
[1.950s] Level 5:colcon.colcon_core.verb:set package 'dynamixel_sdk_custom_interfaces' build argument 'ament_cmake_args' from command line to 'None'
[1.950s] Level 5:colcon.colcon_core.verb:set package 'dynamixel_sdk_custom_interfaces' build argument 'catkin_cmake_args' from command line to 'None'
[1.950s] Level 5:colcon.colcon_core.verb:set package 'dynamixel_sdk_custom_interfaces' build argument 'catkin_skip_building_tests' from command line to 'False'
[1.950s] DEBUG:colcon.colcon_core.verb:Building package 'dynamixel_sdk_custom_interfaces' with the following arguments: {'ament_cmake_args': None, 'build_base': '/home/ros/turtlebot3/DynamixelSDK/build/dynamixel_sdk_custom_interfaces', 'catkin_cmake_args': None, 'catkin_skip_building_tests': False, 'cmake_args': None, 'cmake_clean_cache': False, 'cmake_clean_first': False, 'cmake_force_configure': False, 'cmake_target': None, 'cmake_target_skip_unavailable': False, 'install_base': '/home/ros/turtlebot3/DynamixelSDK/install/dynamixel_sdk_custom_interfaces', 'merge_install': False, 'path': '/home/ros/turtlebot3/DynamixelSDK/dynamixel_sdk_custom_interfaces', 'symlink_install': True, 'test_result_base': None}
[1.969s] Level 5:colcon.colcon_core.verb:set package 'dynamixel_sdk_examples' build argument 'cmake_args' from command line to 'None'
[1.970s] Level 5:colcon.colcon_core.verb:set package 'dynamixel_sdk_examples' build argument 'cmake_target' from command line to 'None'
[1.970s] Level 5:colcon.colcon_core.verb:set package 'dynamixel_sdk_examples' build argument 'cmake_target_skip_unavailable' from command line to 'False'
[1.970s] Level 5:colcon.colcon_core.verb:set package 'dynamixel_sdk_examples' build argument 'cmake_clean_cache' from command line to 'False'
[1.970s] Level 5:colcon.colcon_core.verb:set package 'dynamixel_sdk_examples' build argument 'cmake_clean_first' from command line to 'False'
[1.970s] Level 5:colcon.colcon_core.verb:set package 'dynamixel_sdk_examples' build argument 'cmake_force_configure' from command line to 'False'
[1.970s] Level 5:colcon.colcon_core.verb:set package 'dynamixel_sdk_examples' build argument 'ament_cmake_args' from command line to 'None'
[1.970s] Level 5:colcon.colcon_core.verb:set package 'dynamixel_sdk_examples' build argument 'catkin_cmake_args' from command line to 'None'
[1.970s] Level 5:colcon.colcon_core.verb:set package 'dynamixel_sdk_examples' build argument 'catkin_skip_building_tests' from command line to 'False'
[1.970s] DEBUG:colcon.colcon_core.verb:Building package 'dynamixel_sdk_examples' with the following arguments: {'ament_cmake_args': None, 'build_base': '/home/ros/turtlebot3/DynamixelSDK/build/dynamixel_sdk_examples', 'catkin_cmake_args': None, 'catkin_skip_building_tests': False, 'cmake_args': None, 'cmake_clean_cache': False, 'cmake_clean_first': False, 'cmake_force_configure': False, 'cmake_target': None, 'cmake_target_skip_unavailable': False, 'install_base': '/home/ros/turtlebot3/DynamixelSDK/install/dynamixel_sdk_examples', 'merge_install': False, 'path': '/home/ros/turtlebot3/DynamixelSDK/dynamixel_sdk_examples', 'symlink_install': True, 'test_result_base': None}
[1.991s] INFO:colcon.colcon_core.executor:Executing jobs using 'parallel' executor
[2.013s] DEBUG:colcon.colcon_parallel_executor.executor.parallel:run_until_complete
[2.013s] INFO:colcon.colcon_ros.task.ament_cmake.build:Building ROS package in '/home/ros/turtlebot3/DynamixelSDK/dynamixel_sdk' with build type 'ament_cmake'
[2.014s] INFO:colcon.colcon_cmake.task.cmake.build:Building CMake package in '/home/ros/turtlebot3/DynamixelSDK/dynamixel_sdk'
[2.038s] INFO:colcon.colcon_core.plugin_system:Skipping extension 'colcon_core.shell.bat': Not used on non-Windows systems
[2.038s] INFO:colcon.colcon_core.shell:Skip shell extension 'powershell' for command environment: Not usable outside of PowerShell
[2.039s] DEBUG:colcon.colcon_core.shell:Skip shell extension 'dsv' for command environment
[2.155s] INFO:colcon.colcon_ros.task.ament_cmake.build:Building ROS package in '/home/ros/turtlebot3/DynamixelSDK/dynamixel_sdk_custom_interfaces' with build type 'ament_cmake'
[2.155s] INFO:colcon.colcon_cmake.task.cmake.build:Building CMake package in '/home/ros/turtlebot3/DynamixelSDK/dynamixel_sdk_custom_interfaces'
[2.177s] INFO:colcon.colcon_core.shell:Skip shell extension 'powershell' for command environment: Not usable outside of PowerShell
[2.177s] DEBUG:colcon.colcon_core.shell:Skip shell extension 'dsv' for command environment
[2.295s] DEBUG:colcon.colcon_core.event_handler.log_command:Invoking command in '/home/ros/turtlebot3/DynamixelSDK/build/dynamixel_sdk': CMAKE_PREFIX_PATH=${CMAKE_PREFIX_PATH}:/opt/ros/humble /usr/bin/cmake /home/ros/turtlebot3/DynamixelSDK/dynamixel_sdk -DAMENT_CMAKE_SYMLINK_INSTALL=1 -DCMAKE_INSTALL_PREFIX=/home/ros/turtlebot3/DynamixelSDK/install/dynamixel_sdk
[2.301s] DEBUG:colcon.colcon_core.event_handler.log_command:Invoking command in '/home/ros/turtlebot3/DynamixelSDK/build/dynamixel_sdk_custom_interfaces': CMAKE_PREFIX_PATH=${CMAKE_PREFIX_PATH}:/opt/ros/humble /usr/bin/cmake /home/ros/turtlebot3/DynamixelSDK/dynamixel_sdk_custom_interfaces -DAMENT_CMAKE_SYMLINK_INSTALL=1 -DCMAKE_INSTALL_PREFIX=/home/ros/turtlebot3/DynamixelSDK/install/dynamixel_sdk_custom_interfaces
[3.532s] DEBUG:colcon.colcon_core.event_handler.log_command:Invoked command in '/home/ros/turtlebot3/DynamixelSDK/build/dynamixel_sdk' returned '0': CMAKE_PREFIX_PATH=${CMAKE_PREFIX_PATH}:/opt/ros/humble /usr/bin/cmake /home/ros/turtlebot3/DynamixelSDK/dynamixel_sdk -DAMENT_CMAKE_SYMLINK_INSTALL=1 -DCMAKE_INSTALL_PREFIX=/home/ros/turtlebot3/DynamixelSDK/install/dynamixel_sdk
[3.536s] DEBUG:colcon.colcon_core.event_handler.log_command:Invoking command in '/home/ros/turtlebot3/DynamixelSDK/build/dynamixel_sdk': CMAKE_PREFIX_PATH=${CMAKE_PREFIX_PATH}:/opt/ros/humble /usr/bin/cmake --build /home/ros/turtlebot3/DynamixelSDK/build/dynamixel_sdk -- -j8 -l8
[5.580s] DEBUG:colcon.colcon_core.event_handler.log_command:Invoked command in '/home/ros/turtlebot3/DynamixelSDK/build/dynamixel_sdk' returned '0': CMAKE_PREFIX_PATH=${CMAKE_PREFIX_PATH}:/opt/ros/humble /usr/bin/cmake --build /home/ros/turtlebot3/DynamixelSDK/build/dynamixel_sdk -- -j8 -l8
[5.680s] DEBUG:colcon.colcon_core.event_handler.log_command:Invoking command in '/home/ros/turtlebot3/DynamixelSDK/build/dynamixel_sdk': CMAKE_PREFIX_PATH=${CMAKE_PREFIX_PATH}:/opt/ros/humble /usr/bin/cmake --install /home/ros/turtlebot3/DynamixelSDK/build/dynamixel_sdk
[6.122s] DEBUG:colcon.colcon_core.event_handler.log_command:Invoked command in '/home/ros/turtlebot3/DynamixelSDK/build/dynamixel_sdk_custom_interfaces' returned '0': CMAKE_PREFIX_PATH=${CMAKE_PREFIX_PATH}:/opt/ros/humble /usr/bin/cmake /home/ros/turtlebot3/DynamixelSDK/dynamixel_sdk_custom_interfaces -DAMENT_CMAKE_SYMLINK_INSTALL=1 -DCMAKE_INSTALL_PREFIX=/home/ros/turtlebot3/DynamixelSDK/install/dynamixel_sdk_custom_interfaces
[6.124s] DEBUG:colcon.colcon_core.event_handler.log_command:Invoking command in '/home/ros/turtlebot3/DynamixelSDK/build/dynamixel_sdk_custom_interfaces': CMAKE_PREFIX_PATH=${CMAKE_PREFIX_PATH}:/opt/ros/humble /usr/bin/cmake --build /home/ros/turtlebot3/DynamixelSDK/build/dynamixel_sdk_custom_interfaces -- -j8 -l8
[6.253s] Level 1:colcon.colcon_core.environment:create_environment_scripts_only(dynamixel_sdk)
[6.260s] DEBUG:colcon.colcon_core.event_handler.log_command:Invoked command in '/home/ros/turtlebot3/DynamixelSDK/build/dynamixel_sdk' returned '0': CMAKE_PREFIX_PATH=${CMAKE_PREFIX_PATH}:/opt/ros/humble /usr/bin/cmake --install /home/ros/turtlebot3/DynamixelSDK/build/dynamixel_sdk
[6.323s] Level 1:colcon.colcon_core.environment:checking '/home/ros/turtlebot3/DynamixelSDK/install/dynamixel_sdk' for CMake module files
[6.325s] Level 1:colcon.colcon_core.environment:checking '/home/ros/turtlebot3/DynamixelSDK/install/dynamixel_sdk' for CMake config files
[6.326s] Level 1:colcon.colcon_core.shell:create_environment_hook('dynamixel_sdk', 'cmake_prefix_path')
[6.379s] INFO:colcon.colcon_core.shell:Creating environment hook '/home/ros/turtlebot3/DynamixelSDK/install/dynamixel_sdk/share/dynamixel_sdk/hook/cmake_prefix_path.ps1'
[6.381s] INFO:colcon.colcon_core.shell:Creating environment descriptor '/home/ros/turtlebot3/DynamixelSDK/install/dynamixel_sdk/share/dynamixel_sdk/hook/cmake_prefix_path.dsv'
[6.383s] INFO:colcon.colcon_core.shell:Creating environment hook '/home/ros/turtlebot3/DynamixelSDK/install/dynamixel_sdk/share/dynamixel_sdk/hook/cmake_prefix_path.sh'
[6.386s] Level 1:colcon.colcon_core.environment:checking '/home/ros/turtlebot3/DynamixelSDK/install/dynamixel_sdk/lib'
[6.387s] Level 1:colcon.colcon_core.shell:create_environment_hook('dynamixel_sdk', 'ld_library_path_lib')
[6.443s] INFO:colcon.colcon_core.shell:Creating environment hook '/home/ros/turtlebot3/DynamixelSDK/install/dynamixel_sdk/share/dynamixel_sdk/hook/ld_library_path_lib.ps1'
[6.444s] INFO:colcon.colcon_core.shell:Creating environment descriptor '/home/ros/turtlebot3/DynamixelSDK/install/dynamixel_sdk/share/dynamixel_sdk/hook/ld_library_path_lib.dsv'
[6.445s] INFO:colcon.colcon_core.shell:Creating environment hook '/home/ros/turtlebot3/DynamixelSDK/install/dynamixel_sdk/share/dynamixel_sdk/hook/ld_library_path_lib.sh'
[6.446s] Level 1:colcon.colcon_core.environment:checking '/home/ros/turtlebot3/DynamixelSDK/install/dynamixel_sdk/bin'
[6.447s] Level 1:colcon.colcon_core.environment:checking '/home/ros/turtlebot3/DynamixelSDK/install/dynamixel_sdk/lib/pkgconfig/dynamixel_sdk.pc'
[6.453s] Level 1:colcon.colcon_core.environment:checking '/home/ros/turtlebot3/DynamixelSDK/install/dynamixel_sdk/lib/python3.10/site-packages'
[6.454s] Level 1:colcon.colcon_core.environment:checking '/home/ros/turtlebot3/DynamixelSDK/install/dynamixel_sdk/bin'
[6.506s] INFO:colcon.colcon_core.shell:Creating package script '/home/ros/turtlebot3/DynamixelSDK/install/dynamixel_sdk/share/dynamixel_sdk/package.ps1'
[6.509s] INFO:colcon.colcon_core.shell:Creating package descriptor '/home/ros/turtlebot3/DynamixelSDK/install/dynamixel_sdk/share/dynamixel_sdk/package.dsv'
[6.511s] INFO:colcon.colcon_core.shell:Creating package script '/home/ros/turtlebot3/DynamixelSDK/install/dynamixel_sdk/share/dynamixel_sdk/package.sh'
[6.514s] INFO:colcon.colcon_core.shell:Creating package script '/home/ros/turtlebot3/DynamixelSDK/install/dynamixel_sdk/share/dynamixel_sdk/package.bash'
[6.517s] INFO:colcon.colcon_core.shell:Creating package script '/home/ros/turtlebot3/DynamixelSDK/install/dynamixel_sdk/share/dynamixel_sdk/package.zsh'
[6.519s] Level 1:colcon.colcon_core.environment:create_file_with_runtime_dependencies(/home/ros/turtlebot3/DynamixelSDK/install/dynamixel_sdk/share/colcon-core/packages/dynamixel_sdk)
[6.712s] Level 1:colcon.colcon_core.environment:create_environment_scripts_only(dynamixel_sdk)
[6.767s] Level 1:colcon.colcon_core.environment:checking '/home/ros/turtlebot3/DynamixelSDK/install/dynamixel_sdk' for CMake module files
[6.769s] Level 1:colcon.colcon_core.environment:checking '/home/ros/turtlebot3/DynamixelSDK/install/dynamixel_sdk' for CMake config files
[6.769s] Level 1:colcon.colcon_core.shell:create_environment_hook('dynamixel_sdk', 'cmake_prefix_path')
[6.841s] INFO:colcon.colcon_core.shell:Creating environment hook '/home/ros/turtlebot3/DynamixelSDK/install/dynamixel_sdk/share/dynamixel_sdk/hook/cmake_prefix_path.ps1'
[6.842s] INFO:colcon.colcon_core.shell:Creating environment descriptor '/home/ros/turtlebot3/DynamixelSDK/install/dynamixel_sdk/share/dynamixel_sdk/hook/cmake_prefix_path.dsv'
[6.843s] INFO:colcon.colcon_core.shell:Creating environment hook '/home/ros/turtlebot3/DynamixelSDK/install/dynamixel_sdk/share/dynamixel_sdk/hook/cmake_prefix_path.sh'
[6.845s] Level 1:colcon.colcon_core.environment:checking '/home/ros/turtlebot3/DynamixelSDK/install/dynamixel_sdk/lib'
[6.845s] Level 1:colcon.colcon_core.shell:create_environment_hook('dynamixel_sdk', 'ld_library_path_lib')
[6.878s] INFO:colcon.colcon_core.shell:Creating environment hook '/home/ros/turtlebot3/DynamixelSDK/install/dynamixel_sdk/share/dynamixel_sdk/hook/ld_library_path_lib.ps1'
[6.879s] INFO:colcon.colcon_core.shell:Creating environment descriptor '/home/ros/turtlebot3/DynamixelSDK/install/dynamixel_sdk/share/dynamixel_sdk/hook/ld_library_path_lib.dsv'
[6.880s] INFO:colcon.colcon_core.shell:Creating environment hook '/home/ros/turtlebot3/DynamixelSDK/install/dynamixel_sdk/share/dynamixel_sdk/hook/ld_library_path_lib.sh'
[6.881s] Level 1:colcon.colcon_core.environment:checking '/home/ros/turtlebot3/DynamixelSDK/install/dynamixel_sdk/bin'
[6.881s] Level 1:colcon.colcon_core.environment:checking '/home/ros/turtlebot3/DynamixelSDK/install/dynamixel_sdk/lib/pkgconfig/dynamixel_sdk.pc'
[6.883s] Level 1:colcon.colcon_core.environment:checking '/home/ros/turtlebot3/DynamixelSDK/install/dynamixel_sdk/lib/python3.10/site-packages'
[6.883s] Level 1:colcon.colcon_core.environment:checking '/home/ros/turtlebot3/DynamixelSDK/install/dynamixel_sdk/bin'
[6.917s] INFO:colcon.colcon_core.shell:Creating package script '/home/ros/turtlebot3/DynamixelSDK/install/dynamixel_sdk/share/dynamixel_sdk/package.ps1'
[6.918s] INFO:colcon.colcon_core.shell:Creating package descriptor '/home/ros/turtlebot3/DynamixelSDK/install/dynamixel_sdk/share/dynamixel_sdk/package.dsv'
[6.920s] INFO:colcon.colcon_core.shell:Creating package script '/home/ros/turtlebot3/DynamixelSDK/install/dynamixel_sdk/share/dynamixel_sdk/package.sh'
[6.922s] INFO:colcon.colcon_core.shell:Creating package script '/home/ros/turtlebot3/DynamixelSDK/install/dynamixel_sdk/share/dynamixel_sdk/package.bash'
[6.922s] INFO:colcon.colcon_core.shell:Creating package script '/home/ros/turtlebot3/DynamixelSDK/install/dynamixel_sdk/share/dynamixel_sdk/package.zsh'
[6.924s] Level 1:colcon.colcon_core.environment:create_file_with_runtime_dependencies(/home/ros/turtlebot3/DynamixelSDK/install/dynamixel_sdk/share/colcon-core/packages/dynamixel_sdk)
[12.407s] DEBUG:colcon.colcon_core.event_handler.log_command:Invoked command in '/home/ros/turtlebot3/DynamixelSDK/build/dynamixel_sdk_custom_interfaces' returned '0': CMAKE_PREFIX_PATH=${CMAKE_PREFIX_PATH}:/opt/ros/humble /usr/bin/cmake --build /home/ros/turtlebot3/DynamixelSDK/build/dynamixel_sdk_custom_interfaces -- -j8 -l8
[12.557s] DEBUG:colcon.colcon_core.event_handler.log_command:Invoking command in '/home/ros/turtlebot3/DynamixelSDK/build/dynamixel_sdk_custom_interfaces': CMAKE_PREFIX_PATH=${CMAKE_PREFIX_PATH}:/opt/ros/humble /usr/bin/cmake --install /home/ros/turtlebot3/DynamixelSDK/build/dynamixel_sdk_custom_interfaces
[13.708s] Level 1:colcon.colcon_core.environment:create_environment_scripts_only(dynamixel_sdk_custom_interfaces)
[13.708s] DEBUG:colcon.colcon_core.event_handler.log_command:Invoked command in '/home/ros/turtlebot3/DynamixelSDK/build/dynamixel_sdk_custom_interfaces' returned '0': CMAKE_PREFIX_PATH=${CMAKE_PREFIX_PATH}:/opt/ros/humble /usr/bin/cmake --install /home/ros/turtlebot3/DynamixelSDK/build/dynamixel_sdk_custom_interfaces
[13.731s] Level 1:colcon.colcon_core.environment:checking '/home/ros/turtlebot3/DynamixelSDK/install/dynamixel_sdk_custom_interfaces' for CMake module files
[13.732s] Level 1:colcon.colcon_core.environment:checking '/home/ros/turtlebot3/DynamixelSDK/install/dynamixel_sdk_custom_interfaces' for CMake config files
[13.733s] Level 1:colcon.colcon_core.shell:create_environment_hook('dynamixel_sdk_custom_interfaces', 'cmake_prefix_path')
[13.753s] INFO:colcon.colcon_core.shell:Creating environment hook '/home/ros/turtlebot3/DynamixelSDK/install/dynamixel_sdk_custom_interfaces/share/dynamixel_sdk_custom_interfaces/hook/cmake_prefix_path.ps1'
[13.754s] INFO:colcon.colcon_core.shell:Creating environment descriptor '/home/ros/turtlebot3/DynamixelSDK/install/dynamixel_sdk_custom_interfaces/share/dynamixel_sdk_custom_interfaces/hook/cmake_prefix_path.dsv'
[13.755s] INFO:colcon.colcon_core.shell:Creating environment hook '/home/ros/turtlebot3/DynamixelSDK/install/dynamixel_sdk_custom_interfaces/share/dynamixel_sdk_custom_interfaces/hook/cmake_prefix_path.sh'
[13.757s] Level 1:colcon.colcon_core.environment:checking '/home/ros/turtlebot3/DynamixelSDK/install/dynamixel_sdk_custom_interfaces/lib'
[13.757s] Level 1:colcon.colcon_core.shell:create_environment_hook('dynamixel_sdk_custom_interfaces', 'ld_library_path_lib')
[13.779s] INFO:colcon.colcon_core.shell:Creating environment hook '/home/ros/turtlebot3/DynamixelSDK/install/dynamixel_sdk_custom_interfaces/share/dynamixel_sdk_custom_interfaces/hook/ld_library_path_lib.ps1'
[13.780s] INFO:colcon.colcon_core.shell:Creating environment descriptor '/home/ros/turtlebot3/DynamixelSDK/install/dynamixel_sdk_custom_interfaces/share/dynamixel_sdk_custom_interfaces/hook/ld_library_path_lib.dsv'
[13.780s] INFO:colcon.colcon_core.shell:Creating environment hook '/home/ros/turtlebot3/DynamixelSDK/install/dynamixel_sdk_custom_interfaces/share/dynamixel_sdk_custom_interfaces/hook/ld_library_path_lib.sh'
[13.781s] Level 1:colcon.colcon_core.environment:checking '/home/ros/turtlebot3/DynamixelSDK/install/dynamixel_sdk_custom_interfaces/bin'
[13.781s] Level 1:colcon.colcon_core.environment:checking '/home/ros/turtlebot3/DynamixelSDK/install/dynamixel_sdk_custom_interfaces/lib/pkgconfig/dynamixel_sdk_custom_interfaces.pc'
[13.781s] Level 1:colcon.colcon_core.environment:checking '/home/ros/turtlebot3/DynamixelSDK/install/dynamixel_sdk_custom_interfaces/lib/python3.10/site-packages'
[13.782s] Level 1:colcon.colcon_core.environment:checking '/home/ros/turtlebot3/DynamixelSDK/install/dynamixel_sdk_custom_interfaces/bin'
[13.804s] INFO:colcon.colcon_core.shell:Creating package script '/home/ros/turtlebot3/DynamixelSDK/install/dynamixel_sdk_custom_interfaces/share/dynamixel_sdk_custom_interfaces/package.ps1'
[13.805s] INFO:colcon.colcon_core.shell:Creating package descriptor '/home/ros/turtlebot3/DynamixelSDK/install/dynamixel_sdk_custom_interfaces/share/dynamixel_sdk_custom_interfaces/package.dsv'
[13.805s] INFO:colcon.colcon_core.shell:Creating package script '/home/ros/turtlebot3/DynamixelSDK/install/dynamixel_sdk_custom_interfaces/share/dynamixel_sdk_custom_interfaces/package.sh'
[13.806s] INFO:colcon.colcon_core.shell:Creating package script '/home/ros/turtlebot3/DynamixelSDK/install/dynamixel_sdk_custom_interfaces/share/dynamixel_sdk_custom_interfaces/package.bash'
[13.806s] INFO:colcon.colcon_core.shell:Creating package script '/home/ros/turtlebot3/DynamixelSDK/install/dynamixel_sdk_custom_interfaces/share/dynamixel_sdk_custom_interfaces/package.zsh'
[13.807s] Level 1:colcon.colcon_core.environment:create_file_with_runtime_dependencies(/home/ros/turtlebot3/DynamixelSDK/install/dynamixel_sdk_custom_interfaces/share/colcon-core/packages/dynamixel_sdk_custom_interfaces)
[13.949s] Level 1:colcon.colcon_core.environment:create_environment_scripts_only(dynamixel_sdk_custom_interfaces)
[13.971s] Level 1:colcon.colcon_core.environment:checking '/home/ros/turtlebot3/DynamixelSDK/install/dynamixel_sdk_custom_interfaces' for CMake module files
[13.972s] Level 1:colcon.colcon_core.environment:checking '/home/ros/turtlebot3/DynamixelSDK/install/dynamixel_sdk_custom_interfaces' for CMake config files
[13.973s] Level 1:colcon.colcon_core.shell:create_environment_hook('dynamixel_sdk_custom_interfaces', 'cmake_prefix_path')
[13.995s] INFO:colcon.colcon_core.shell:Creating environment hook '/home/ros/turtlebot3/DynamixelSDK/install/dynamixel_sdk_custom_interfaces/share/dynamixel_sdk_custom_interfaces/hook/cmake_prefix_path.ps1'
[13.996s] INFO:colcon.colcon_core.shell:Creating environment descriptor '/home/ros/turtlebot3/DynamixelSDK/install/dynamixel_sdk_custom_interfaces/share/dynamixel_sdk_custom_interfaces/hook/cmake_prefix_path.dsv'
[13.997s] INFO:colcon.colcon_core.shell:Creating environment hook '/home/ros/turtlebot3/DynamixelSDK/install/dynamixel_sdk_custom_interfaces/share/dynamixel_sdk_custom_interfaces/hook/cmake_prefix_path.sh'
[13.997s] Level 1:colcon.colcon_core.environment:checking '/home/ros/turtlebot3/DynamixelSDK/install/dynamixel_sdk_custom_interfaces/lib'
[13.998s] Level 1:colcon.colcon_core.shell:create_environment_hook('dynamixel_sdk_custom_interfaces', 'ld_library_path_lib')
[14.018s] INFO:colcon.colcon_core.shell:Creating environment hook '/home/ros/turtlebot3/DynamixelSDK/install/dynamixel_sdk_custom_interfaces/share/dynamixel_sdk_custom_interfaces/hook/ld_library_path_lib.ps1'
[14.019s] INFO:colcon.colcon_core.shell:Creating environment descriptor '/home/ros/turtlebot3/DynamixelSDK/install/dynamixel_sdk_custom_interfaces/share/dynamixel_sdk_custom_interfaces/hook/ld_library_path_lib.dsv'
[14.019s] INFO:colcon.colcon_core.shell:Creating environment hook '/home/ros/turtlebot3/DynamixelSDK/install/dynamixel_sdk_custom_interfaces/share/dynamixel_sdk_custom_interfaces/hook/ld_library_path_lib.sh'
[14.020s] Level 1:colcon.colcon_core.environment:checking '/home/ros/turtlebot3/DynamixelSDK/install/dynamixel_sdk_custom_interfaces/bin'
[14.021s] Level 1:colcon.colcon_core.environment:checking '/home/ros/turtlebot3/DynamixelSDK/install/dynamixel_sdk_custom_interfaces/lib/pkgconfig/dynamixel_sdk_custom_interfaces.pc'
[14.021s] Level 1:colcon.colcon_core.environment:checking '/home/ros/turtlebot3/DynamixelSDK/install/dynamixel_sdk_custom_interfaces/lib/python3.10/site-packages'
[14.022s] Level 1:colcon.colcon_core.environment:checking '/home/ros/turtlebot3/DynamixelSDK/install/dynamixel_sdk_custom_interfaces/bin'
[14.043s] INFO:colcon.colcon_core.shell:Creating package script '/home/ros/turtlebot3/DynamixelSDK/install/dynamixel_sdk_custom_interfaces/share/dynamixel_sdk_custom_interfaces/package.ps1'
[14.043s] INFO:colcon.colcon_core.shell:Creating package descriptor '/home/ros/turtlebot3/DynamixelSDK/install/dynamixel_sdk_custom_interfaces/share/dynamixel_sdk_custom_interfaces/package.dsv'
[14.044s] INFO:colcon.colcon_core.shell:Creating package script '/home/ros/turtlebot3/DynamixelSDK/install/dynamixel_sdk_custom_interfaces/share/dynamixel_sdk_custom_interfaces/package.sh'
[14.045s] INFO:colcon.colcon_core.shell:Creating package script '/home/ros/turtlebot3/DynamixelSDK/install/dynamixel_sdk_custom_interfaces/share/dynamixel_sdk_custom_interfaces/package.bash'
[14.045s] INFO:colcon.colcon_core.shell:Creating package script '/home/ros/turtlebot3/DynamixelSDK/install/dynamixel_sdk_custom_interfaces/share/dynamixel_sdk_custom_interfaces/package.zsh'
[14.046s] Level 1:colcon.colcon_core.environment:create_file_with_runtime_dependencies(/home/ros/turtlebot3/DynamixelSDK/install/dynamixel_sdk_custom_interfaces/share/colcon-core/packages/dynamixel_sdk_custom_interfaces)
[14.046s] INFO:colcon.colcon_ros.task.ament_cmake.build:Building ROS package in '/home/ros/turtlebot3/DynamixelSDK/dynamixel_sdk_examples' with build type 'ament_cmake'
[14.046s] INFO:colcon.colcon_cmake.task.cmake.build:Building CMake package in '/home/ros/turtlebot3/DynamixelSDK/dynamixel_sdk_examples'
[14.071s] INFO:colcon.colcon_core.shell:Skip shell extension 'powershell' for command environment: Not usable outside of PowerShell
[14.071s] DEBUG:colcon.colcon_core.shell:Skip shell extension 'dsv' for command environment
[14.205s] DEBUG:colcon.colcon_core.event_handler.log_command:Invoking command in '/home/ros/turtlebot3/DynamixelSDK/build/dynamixel_sdk_examples': AMENT_PREFIX_PATH=/home/ros/turtlebot3/DynamixelSDK/install/dynamixel_sdk_custom_interfaces:/home/ros/turtlebot3/DynamixelSDK/install/dynamixel_sdk:${AMENT_PREFIX_PATH} CMAKE_PREFIX_PATH=/home/ros/turtlebot3/DynamixelSDK/install/dynamixel_sdk_custom_interfaces:/home/ros/turtlebot3/DynamixelSDK/install/dynamixel_sdk:/home/ros/turtlebot3/turtlebot3_simulations-2.2.5/install/turtlebot3_simulations:/home/ros/turtlebot3/turtlebot3_simulations-2.2.5/install/turtlebot3_gazebo:/home/ros/turtlebot3/turtlebot3_simulations-2.2.5/install/turtlebot3_fake_node:/home/ros/turtlebot3/turtlebot3_msgs-2.2.3/install/turtlebot3_msgs:/opt/ros/humble LD_LIBRARY_PATH=/home/ros/turtlebot3/DynamixelSDK/install/dynamixel_sdk_custom_interfaces/lib:/home/ros/turtlebot3/DynamixelSDK/install/dynamixel_sdk/lib:${LD_LIBRARY_PATH} PYTHONPATH=/home/ros/turtlebot3/DynamixelSDK/install/dynamixel_sdk_custom_interfaces/local/lib/python3.10/dist-packages:${PYTHONPATH} /usr/bin/cmake /home/ros/turtlebot3/DynamixelSDK/dynamixel_sdk_examples -DAMENT_CMAKE_SYMLINK_INSTALL=1 -DCMAKE_INSTALL_PREFIX=/home/ros/turtlebot3/DynamixelSDK/install/dynamixel_sdk_examples
[16.704s] DEBUG:colcon.colcon_core.event_handler.log_command:Invoked command in '/home/ros/turtlebot3/DynamixelSDK/build/dynamixel_sdk_examples' returned '0': AMENT_PREFIX_PATH=/home/ros/turtlebot3/DynamixelSDK/install/dynamixel_sdk_custom_interfaces:/home/ros/turtlebot3/DynamixelSDK/install/dynamixel_sdk:${AMENT_PREFIX_PATH} CMAKE_PREFIX_PATH=/home/ros/turtlebot3/DynamixelSDK/install/dynamixel_sdk_custom_interfaces:/home/ros/turtlebot3/DynamixelSDK/install/dynamixel_sdk:/home/ros/turtlebot3/turtlebot3_simulations-2.2.5/install/turtlebot3_simulations:/home/ros/turtlebot3/turtlebot3_simulations-2.2.5/install/turtlebot3_gazebo:/home/ros/turtlebot3/turtlebot3_simulations-2.2.5/install/turtlebot3_fake_node:/home/ros/turtlebot3/turtlebot3_msgs-2.2.3/install/turtlebot3_msgs:/opt/ros/humble LD_LIBRARY_PATH=/home/ros/turtlebot3/DynamixelSDK/install/dynamixel_sdk_custom_interfaces/lib:/home/ros/turtlebot3/DynamixelSDK/install/dynamixel_sdk/lib:${LD_LIBRARY_PATH} PYTHONPATH=/home/ros/turtlebot3/DynamixelSDK/install/dynamixel_sdk_custom_interfaces/local/lib/python3.10/dist-packages:${PYTHONPATH} /usr/bin/cmake /home/ros/turtlebot3/DynamixelSDK/dynamixel_sdk_examples -DAMENT_CMAKE_SYMLINK_INSTALL=1 -DCMAKE_INSTALL_PREFIX=/home/ros/turtlebot3/DynamixelSDK/install/dynamixel_sdk_examples
[16.706s] DEBUG:colcon.colcon_core.event_handler.log_command:Invoking command in '/home/ros/turtlebot3/DynamixelSDK/build/dynamixel_sdk_examples': AMENT_PREFIX_PATH=/home/ros/turtlebot3/DynamixelSDK/install/dynamixel_sdk_custom_interfaces:/home/ros/turtlebot3/DynamixelSDK/install/dynamixel_sdk:${AMENT_PREFIX_PATH} CMAKE_PREFIX_PATH=/home/ros/turtlebot3/DynamixelSDK/install/dynamixel_sdk_custom_interfaces:/home/ros/turtlebot3/DynamixelSDK/install/dynamixel_sdk:/home/ros/turtlebot3/turtlebot3_simulations-2.2.5/install/turtlebot3_simulations:/home/ros/turtlebot3/turtlebot3_simulations-2.2.5/install/turtlebot3_gazebo:/home/ros/turtlebot3/turtlebot3_simulations-2.2.5/install/turtlebot3_fake_node:/home/ros/turtlebot3/turtlebot3_msgs-2.2.3/install/turtlebot3_msgs:/opt/ros/humble LD_LIBRARY_PATH=/home/ros/turtlebot3/DynamixelSDK/install/dynamixel_sdk_custom_interfaces/lib:/home/ros/turtlebot3/DynamixelSDK/install/dynamixel_sdk/lib:${LD_LIBRARY_PATH} PYTHONPATH=/home/ros/turtlebot3/DynamixelSDK/install/dynamixel_sdk_custom_interfaces/local/lib/python3.10/dist-packages:${PYTHONPATH} /usr/bin/cmake --build /home/ros/turtlebot3/DynamixelSDK/build/dynamixel_sdk_examples -- -j8 -l8
[30.464s] DEBUG:colcon.colcon_core.event_handler.log_command:Invoked command in '/home/ros/turtlebot3/DynamixelSDK/build/dynamixel_sdk_examples' returned '0': AMENT_PREFIX_PATH=/home/ros/turtlebot3/DynamixelSDK/install/dynamixel_sdk_custom_interfaces:/home/ros/turtlebot3/DynamixelSDK/install/dynamixel_sdk:${AMENT_PREFIX_PATH} CMAKE_PREFIX_PATH=/home/ros/turtlebot3/DynamixelSDK/install/dynamixel_sdk_custom_interfaces:/home/ros/turtlebot3/DynamixelSDK/install/dynamixel_sdk:/home/ros/turtlebot3/turtlebot3_simulations-2.2.5/install/turtlebot3_simulations:/home/ros/turtlebot3/turtlebot3_simulations-2.2.5/install/turtlebot3_gazebo:/home/ros/turtlebot3/turtlebot3_simulations-2.2.5/install/turtlebot3_fake_node:/home/ros/turtlebot3/turtlebot3_msgs-2.2.3/install/turtlebot3_msgs:/opt/ros/humble LD_LIBRARY_PATH=/home/ros/turtlebot3/DynamixelSDK/install/dynamixel_sdk_custom_interfaces/lib:/home/ros/turtlebot3/DynamixelSDK/install/dynamixel_sdk/lib:${LD_LIBRARY_PATH} PYTHONPATH=/home/ros/turtlebot3/DynamixelSDK/install/dynamixel_sdk_custom_interfaces/local/lib/python3.10/dist-packages:${PYTHONPATH} /usr/bin/cmake --build /home/ros/turtlebot3/DynamixelSDK/build/dynamixel_sdk_examples -- -j8 -l8
[30.503s] DEBUG:colcon.colcon_core.event_handler.log_command:Invoking command in '/home/ros/turtlebot3/DynamixelSDK/build/dynamixel_sdk_examples': AMENT_PREFIX_PATH=/home/ros/turtlebot3/DynamixelSDK/install/dynamixel_sdk_custom_interfaces:/home/ros/turtlebot3/DynamixelSDK/install/dynamixel_sdk:${AMENT_PREFIX_PATH} CMAKE_PREFIX_PATH=/home/ros/turtlebot3/DynamixelSDK/install/dynamixel_sdk_custom_interfaces:/home/ros/turtlebot3/DynamixelSDK/install/dynamixel_sdk:/home/ros/turtlebot3/turtlebot3_simulations-2.2.5/install/turtlebot3_simulations:/home/ros/turtlebot3/turtlebot3_simulations-2.2.5/install/turtlebot3_gazebo:/home/ros/turtlebot3/turtlebot3_simulations-2.2.5/install/turtlebot3_fake_node:/home/ros/turtlebot3/turtlebot3_msgs-2.2.3/install/turtlebot3_msgs:/opt/ros/humble LD_LIBRARY_PATH=/home/ros/turtlebot3/DynamixelSDK/install/dynamixel_sdk_custom_interfaces/lib:/home/ros/turtlebot3/DynamixelSDK/install/dynamixel_sdk/lib:${LD_LIBRARY_PATH} PYTHONPATH=/home/ros/turtlebot3/DynamixelSDK/install/dynamixel_sdk_custom_interfaces/local/lib/python3.10/dist-packages:${PYTHONPATH} /usr/bin/cmake --install /home/ros/turtlebot3/DynamixelSDK/build/dynamixel_sdk_examples
[30.744s] Level 1:colcon.colcon_core.environment:create_environment_scripts_only(dynamixel_sdk_examples)
[30.745s] DEBUG:colcon.colcon_core.event_handler.log_command:Invoked command in '/home/ros/turtlebot3/DynamixelSDK/build/dynamixel_sdk_examples' returned '0': AMENT_PREFIX_PATH=/home/ros/turtlebot3/DynamixelSDK/install/dynamixel_sdk_custom_interfaces:/home/ros/turtlebot3/DynamixelSDK/install/dynamixel_sdk:${AMENT_PREFIX_PATH} CMAKE_PREFIX_PATH=/home/ros/turtlebot3/DynamixelSDK/install/dynamixel_sdk_custom_interfaces:/home/ros/turtlebot3/DynamixelSDK/install/dynamixel_sdk:/home/ros/turtlebot3/turtlebot3_simulations-2.2.5/install/turtlebot3_simulations:/home/ros/turtlebot3/turtlebot3_simulations-2.2.5/install/turtlebot3_gazebo:/home/ros/turtlebot3/turtlebot3_simulations-2.2.5/install/turtlebot3_fake_node:/home/ros/turtlebot3/turtlebot3_msgs-2.2.3/install/turtlebot3_msgs:/opt/ros/humble LD_LIBRARY_PATH=/home/ros/turtlebot3/DynamixelSDK/install/dynamixel_sdk_custom_interfaces/lib:/home/ros/turtlebot3/DynamixelSDK/install/dynamixel_sdk/lib:${LD_LIBRARY_PATH} PYTHONPATH=/home/ros/turtlebot3/DynamixelSDK/install/dynamixel_sdk_custom_interfaces/local/lib/python3.10/dist-packages:${PYTHONPATH} /usr/bin/cmake --install /home/ros/turtlebot3/DynamixelSDK/build/dynamixel_sdk_examples
[30.778s] Level 1:colcon.colcon_core.environment:checking '/home/ros/turtlebot3/DynamixelSDK/install/dynamixel_sdk_examples' for CMake module files
[30.779s] Level 1:colcon.colcon_core.environment:checking '/home/ros/turtlebot3/DynamixelSDK/install/dynamixel_sdk_examples' for CMake config files
[30.779s] Level 1:colcon.colcon_core.shell:create_environment_hook('dynamixel_sdk_examples', 'cmake_prefix_path')
[30.801s] INFO:colcon.colcon_core.shell:Creating environment hook '/home/ros/turtlebot3/DynamixelSDK/install/dynamixel_sdk_examples/share/dynamixel_sdk_examples/hook/cmake_prefix_path.ps1'
[30.801s] INFO:colcon.colcon_core.shell:Creating environment descriptor '/home/ros/turtlebot3/DynamixelSDK/install/dynamixel_sdk_examples/share/dynamixel_sdk_examples/hook/cmake_prefix_path.dsv'
[30.802s] INFO:colcon.colcon_core.shell:Creating environment hook '/home/ros/turtlebot3/DynamixelSDK/install/dynamixel_sdk_examples/share/dynamixel_sdk_examples/hook/cmake_prefix_path.sh'
[30.803s] Level 1:colcon.colcon_core.environment:checking '/home/ros/turtlebot3/DynamixelSDK/install/dynamixel_sdk_examples/lib'
[30.803s] Level 1:colcon.colcon_core.environment:checking '/home/ros/turtlebot3/DynamixelSDK/install/dynamixel_sdk_examples/bin'
[30.803s] Level 1:colcon.colcon_core.environment:checking '/home/ros/turtlebot3/DynamixelSDK/install/dynamixel_sdk_examples/lib/pkgconfig/dynamixel_sdk_examples.pc'
[30.804s] Level 1:colcon.colcon_core.environment:checking '/home/ros/turtlebot3/DynamixelSDK/install/dynamixel_sdk_examples/lib/python3.10/site-packages'
[30.804s] Level 1:colcon.colcon_core.environment:checking '/home/ros/turtlebot3/DynamixelSDK/install/dynamixel_sdk_examples/bin'
[30.825s] INFO:colcon.colcon_core.shell:Creating package script '/home/ros/turtlebot3/DynamixelSDK/install/dynamixel_sdk_examples/share/dynamixel_sdk_examples/package.ps1'
[30.826s] INFO:colcon.colcon_core.shell:Creating package descriptor '/home/ros/turtlebot3/DynamixelSDK/install/dynamixel_sdk_examples/share/dynamixel_sdk_examples/package.dsv'
[30.827s] INFO:colcon.colcon_core.shell:Creating package script '/home/ros/turtlebot3/DynamixelSDK/install/dynamixel_sdk_examples/share/dynamixel_sdk_examples/package.sh'
[30.827s] INFO:colcon.colcon_core.shell:Creating package script '/home/ros/turtlebot3/DynamixelSDK/install/dynamixel_sdk_examples/share/dynamixel_sdk_examples/package.bash'
[30.828s] INFO:colcon.colcon_core.shell:Creating package script '/home/ros/turtlebot3/DynamixelSDK/install/dynamixel_sdk_examples/share/dynamixel_sdk_examples/package.zsh'
[30.828s] Level 1:colcon.colcon_core.environment:create_file_with_runtime_dependencies(/home/ros/turtlebot3/DynamixelSDK/install/dynamixel_sdk_examples/share/colcon-core/packages/dynamixel_sdk_examples)
[30.888s] Level 1:colcon.colcon_core.environment:create_environment_scripts_only(dynamixel_sdk_examples)
[30.909s] Level 1:colcon.colcon_core.environment:checking '/home/ros/turtlebot3/DynamixelSDK/install/dynamixel_sdk_examples' for CMake module files
[30.910s] Level 1:colcon.colcon_core.environment:checking '/home/ros/turtlebot3/DynamixelSDK/install/dynamixel_sdk_examples' for CMake config files
[30.911s] Level 1:colcon.colcon_core.shell:create_environment_hook('dynamixel_sdk_examples', 'cmake_prefix_path')
[30.931s] INFO:colcon.colcon_core.shell:Creating environment hook '/home/ros/turtlebot3/DynamixelSDK/install/dynamixel_sdk_examples/share/dynamixel_sdk_examples/hook/cmake_prefix_path.ps1'
[30.932s] INFO:colcon.colcon_core.shell:Creating environment descriptor '/home/ros/turtlebot3/DynamixelSDK/install/dynamixel_sdk_examples/share/dynamixel_sdk_examples/hook/cmake_prefix_path.dsv'
[30.932s] INFO:colcon.colcon_core.shell:Creating environment hook '/home/ros/turtlebot3/DynamixelSDK/install/dynamixel_sdk_examples/share/dynamixel_sdk_examples/hook/cmake_prefix_path.sh'
[30.933s] Level 1:colcon.colcon_core.environment:checking '/home/ros/turtlebot3/DynamixelSDK/install/dynamixel_sdk_examples/lib'
[30.933s] Level 1:colcon.colcon_core.environment:checking '/home/ros/turtlebot3/DynamixelSDK/install/dynamixel_sdk_examples/bin'
[30.933s] Level 1:colcon.colcon_core.environment:checking '/home/ros/turtlebot3/DynamixelSDK/install/dynamixel_sdk_examples/lib/pkgconfig/dynamixel_sdk_examples.pc'
[30.933s] Level 1:colcon.colcon_core.environment:checking '/home/ros/turtlebot3/DynamixelSDK/install/dynamixel_sdk_examples/lib/python3.10/site-packages'
[30.934s] Level 1:colcon.colcon_core.environment:checking '/home/ros/turtlebot3/DynamixelSDK/install/dynamixel_sdk_examples/bin'
[30.957s] INFO:colcon.colcon_core.shell:Creating package script '/home/ros/turtlebot3/DynamixelSDK/install/dynamixel_sdk_examples/share/dynamixel_sdk_examples/package.ps1'
[30.957s] INFO:colcon.colcon_core.shell:Creating package descriptor '/home/ros/turtlebot3/DynamixelSDK/install/dynamixel_sdk_examples/share/dynamixel_sdk_examples/package.dsv'
[30.959s] INFO:colcon.colcon_core.shell:Creating package script '/home/ros/turtlebot3/DynamixelSDK/install/dynamixel_sdk_examples/share/dynamixel_sdk_examples/package.sh'
[30.960s] INFO:colcon.colcon_core.shell:Creating package script '/home/ros/turtlebot3/DynamixelSDK/install/dynamixel_sdk_examples/share/dynamixel_sdk_examples/package.bash'
[30.961s] INFO:colcon.colcon_core.shell:Creating package script '/home/ros/turtlebot3/DynamixelSDK/install/dynamixel_sdk_examples/share/dynamixel_sdk_examples/package.zsh'
[30.961s] Level 1:colcon.colcon_core.environment:create_file_with_runtime_dependencies(/home/ros/turtlebot3/DynamixelSDK/install/dynamixel_sdk_examples/share/colcon-core/packages/dynamixel_sdk_examples)
[30.962s] DEBUG:colcon.colcon_parallel_executor.executor.parallel:closing loop
[30.962s] DEBUG:colcon.colcon_parallel_executor.executor.parallel:loop closed
[30.963s] DEBUG:colcon.colcon_parallel_executor.executor.parallel:run_until_complete finished with '0'
[30.963s] DEBUG:colcon.colcon_core.event_reactor:joining thread
[30.995s] INFO:colcon.colcon_core.plugin_system:Skipping extension 'colcon_notification.desktop_notification.notify_send': Could not find 'notify-send'
[30.995s] INFO:colcon.colcon_core.plugin_system:Skipping extension 'colcon_notification.desktop_notification.terminal_notifier': Not used on non-Darwin systems
[30.996s] INFO:colcon.colcon_core.plugin_system:Skipping extension 'colcon_notification.desktop_notification.win32': Not used on non-Windows systems
[30.996s] INFO:colcon.colcon_notification.desktop_notification:Sending desktop notification using 'notify2'
[30.999s] DEBUG:colcon.colcon_notification.desktop_notification.notify2:Failed to initialize notify2: org.freedesktop.DBus.Error.Spawn.ExecFailed: /usr/bin/dbus-launch terminated abnormally without any error message
[30.999s] DEBUG:colcon.colcon_core.event_reactor:joined thread
[31.035s] INFO:colcon.colcon_core.shell:Creating prefix script '/home/ros/turtlebot3/DynamixelSDK/install/local_setup.ps1'
[31.037s] INFO:colcon.colcon_core.shell:Creating prefix util module '/home/ros/turtlebot3/DynamixelSDK/install/_local_setup_util_ps1.py'
[31.039s] INFO:colcon.colcon_core.shell:Creating prefix chain script '/home/ros/turtlebot3/DynamixelSDK/install/setup.ps1'
[31.062s] INFO:colcon.colcon_core.shell:Creating prefix script '/home/ros/turtlebot3/DynamixelSDK/install/local_setup.sh'
[31.063s] INFO:colcon.colcon_core.shell:Creating prefix util module '/home/ros/turtlebot3/DynamixelSDK/install/_local_setup_util_sh.py'
[31.064s] INFO:colcon.colcon_core.shell:Creating prefix chain script '/home/ros/turtlebot3/DynamixelSDK/install/setup.sh'
[31.088s] INFO:colcon.colcon_core.shell:Creating prefix script '/home/ros/turtlebot3/DynamixelSDK/install/local_setup.bash'
[31.089s] INFO:colcon.colcon_core.shell:Creating prefix chain script '/home/ros/turtlebot3/DynamixelSDK/install/setup.bash'
[31.113s] INFO:colcon.colcon_core.shell:Creating prefix script '/home/ros/turtlebot3/DynamixelSDK/install/local_setup.zsh'
[31.114s] INFO:colcon.colcon_core.shell:Creating prefix chain script '/home/ros/turtlebot3/DynamixelSDK/install/setup.zsh'
