[0.113s] Invoking command in '/home/ros/turtlebot3/turtlebot3-2.1.5/build/turtlebot3_bringup': AMENT_PREFIX_PATH=/home/ros/turtlebot3/turtlebot3-2.1.5/install/turtlebot3_node:/home/ros/turtlebot3/turtlebot3-2.1.5/install/turtlebot3_description:${AMENT_PREFIX_PATH} CMAKE_PREFIX_PATH=/home/ros/turtlebot3/turtlebot3-2.1.5/install/turtlebot3_node:/home/ros/turtlebot3/turtlebot3-2.1.5/install/turtlebot3_description:/home/ros/turtlebot3/DynamixelSDK/install/dynamixel_sdk_examples:/home/ros/turtlebot3/DynamixelSDK/install/dynamixel_sdk_custom_interfaces:/home/ros/turtlebot3/DynamixelSDK/install/dynamixel_sdk:/home/ros/turtlebot3/turtlebot3_msgs-2.2.3/install/turtlebot3_msgs:/home/ros/turtlebot3/turtlebot3_simulations-2.2.5/install/turtlebot3_simulations:/home/ros/turtlebot3/turtlebot3_simulations-2.2.5/install/turtlebot3_gazebo:/home/ros/turtlebot3/turtlebot3_simulations-2.2.5/install/turtlebot3_fake_node:/opt/ros/humble /usr/bin/cmake --build /home/ros/turtlebot3/turtlebot3-2.1.5/build/turtlebot3_bringup -- -j8 -l8
[0.150s] Invoked command in '/home/ros/turtlebot3/turtlebot3-2.1.5/build/turtlebot3_bringup' returned '0': AMENT_PREFIX_PATH=/home/ros/turtlebot3/turtlebot3-2.1.5/install/turtlebot3_node:/home/ros/turtlebot3/turtlebot3-2.1.5/install/turtlebot3_description:${AMENT_PREFIX_PATH} CMAKE_PREFIX_PATH=/home/ros/turtlebot3/turtlebot3-2.1.5/install/turtlebot3_node:/home/ros/turtlebot3/turtlebot3-2.1.5/install/turtlebot3_description:/home/ros/turtlebot3/DynamixelSDK/install/dynamixel_sdk_examples:/home/ros/turtlebot3/DynamixelSDK/install/dynamixel_sdk_custom_interfaces:/home/ros/turtlebot3/DynamixelSDK/install/dynamixel_sdk:/home/ros/turtlebot3/turtlebot3_msgs-2.2.3/install/turtlebot3_msgs:/home/ros/turtlebot3/turtlebot3_simulations-2.2.5/install/turtlebot3_simulations:/home/ros/turtlebot3/turtlebot3_simulations-2.2.5/install/turtlebot3_gazebo:/home/ros/turtlebot3/turtlebot3_simulations-2.2.5/install/turtlebot3_fake_node:/opt/ros/humble /usr/bin/cmake --build /home/ros/turtlebot3/turtlebot3-2.1.5/build/turtlebot3_bringup -- -j8 -l8
[0.175s] Invoking command in '/home/ros/turtlebot3/turtlebot3-2.1.5/build/turtlebot3_bringup': AMENT_PREFIX_PATH=/home/ros/turtlebot3/turtlebot3-2.1.5/install/turtlebot3_node:/home/ros/turtlebot3/turtlebot3-2.1.5/install/turtlebot3_description:${AMENT_PREFIX_PATH} CMAKE_PREFIX_PATH=/home/ros/turtlebot3/turtlebot3-2.1.5/install/turtlebot3_node:/home/ros/turtlebot3/turtlebot3-2.1.5/install/turtlebot3_description:/home/ros/turtlebot3/DynamixelSDK/install/dynamixel_sdk_examples:/home/ros/turtlebot3/DynamixelSDK/install/dynamixel_sdk_custom_interfaces:/home/ros/turtlebot3/DynamixelSDK/install/dynamixel_sdk:/home/ros/turtlebot3/turtlebot3_msgs-2.2.3/install/turtlebot3_msgs:/home/ros/turtlebot3/turtlebot3_simulations-2.2.5/install/turtlebot3_simulations:/home/ros/turtlebot3/turtlebot3_simulations-2.2.5/install/turtlebot3_gazebo:/home/ros/turtlebot3/turtlebot3_simulations-2.2.5/install/turtlebot3_fake_node:/opt/ros/humble /usr/bin/cmake --install /home/ros/turtlebot3/turtlebot3-2.1.5/build/turtlebot3_bringup
[0.182s] -- Install configuration: ""
[0.183s] -- Execute custom install script
[0.183s] -- Up-to-date symlink: /home/ros/turtlebot3/turtlebot3-2.1.5/install/turtlebot3_bringup/share/turtlebot3_bringup/launch/robot.launch.py
[0.183s] -- Up-to-date symlink: /home/ros/turtlebot3/turtlebot3-2.1.5/install/turtlebot3_bringup/share/turtlebot3_bringup/launch/rviz2.launch.py
[0.183s] -- Up-to-date symlink: /home/ros/turtlebot3/turtlebot3-2.1.5/install/turtlebot3_bringup/share/turtlebot3_bringup/launch/turtlebot3_state_publisher.launch.py
[0.184s] -- Up-to-date symlink: /home/ros/turtlebot3/turtlebot3-2.1.5/install/turtlebot3_bringup/share/turtlebot3_bringup/param/burger.yaml
[0.184s] -- Up-to-date symlink: /home/ros/turtlebot3/turtlebot3-2.1.5/install/turtlebot3_bringup/share/turtlebot3_bringup/param/waffle.yaml
[0.184s] -- Up-to-date symlink: /home/ros/turtlebot3/turtlebot3-2.1.5/install/turtlebot3_bringup/share/turtlebot3_bringup/param/waffle_pi.yaml
[0.184s] -- Up-to-date symlink: /home/ros/turtlebot3/turtlebot3-2.1.5/install/turtlebot3_bringup/share/turtlebot3_bringup/script/99-turtlebot3-cdc.rules
[0.184s] -- Up-to-date symlink: /home/ros/turtlebot3/turtlebot3-2.1.5/install/turtlebot3_bringup/share/turtlebot3_bringup/script/create_udev_rules
[0.184s] -- Up-to-date symlink: /home/ros/turtlebot3/turtlebot3-2.1.5/install/turtlebot3_bringup/share/ament_index/resource_index/package_run_dependencies/turtlebot3_bringup
[0.184s] -- Up-to-date symlink: /home/ros/turtlebot3/turtlebot3-2.1.5/install/turtlebot3_bringup/share/ament_index/resource_index/parent_prefix_path/turtlebot3_bringup
[0.185s] -- Up-to-date symlink: /home/ros/turtlebot3/turtlebot3-2.1.5/install/turtlebot3_bringup/share/turtlebot3_bringup/environment/ament_prefix_path.sh
[0.185s] -- Up-to-date symlink: /home/ros/turtlebot3/turtlebot3-2.1.5/install/turtlebot3_bringup/share/turtlebot3_bringup/environment/ament_prefix_path.dsv
[0.185s] -- Up-to-date symlink: /home/ros/turtlebot3/turtlebot3-2.1.5/install/turtlebot3_bringup/share/turtlebot3_bringup/environment/path.sh
[0.185s] -- Up-to-date symlink: /home/ros/turtlebot3/turtlebot3-2.1.5/install/turtlebot3_bringup/share/turtlebot3_bringup/environment/path.dsv
[0.185s] -- Up-to-date symlink: /home/ros/turtlebot3/turtlebot3-2.1.5/install/turtlebot3_bringup/share/turtlebot3_bringup/local_setup.bash
[0.185s] -- Up-to-date symlink: /home/ros/turtlebot3/turtlebot3-2.1.5/install/turtlebot3_bringup/share/turtlebot3_bringup/local_setup.sh
[0.185s] -- Up-to-date symlink: /home/ros/turtlebot3/turtlebot3-2.1.5/install/turtlebot3_bringup/share/turtlebot3_bringup/local_setup.zsh
[0.186s] -- Up-to-date symlink: /home/ros/turtlebot3/turtlebot3-2.1.5/install/turtlebot3_bringup/share/turtlebot3_bringup/local_setup.dsv
[0.186s] -- Symlinking: /home/ros/turtlebot3/turtlebot3-2.1.5/install/turtlebot3_bringup/share/turtlebot3_bringup/package.dsv
[0.194s] -- Up-to-date symlink: /home/ros/turtlebot3/turtlebot3-2.1.5/install/turtlebot3_bringup/share/ament_index/resource_index/packages/turtlebot3_bringup
[0.195s] -- Up-to-date symlink: /home/ros/turtlebot3/turtlebot3-2.1.5/install/turtlebot3_bringup/share/turtlebot3_bringup/cmake/turtlebot3_bringupConfig.cmake
[0.195s] -- Up-to-date symlink: /home/ros/turtlebot3/turtlebot3-2.1.5/install/turtlebot3_bringup/share/turtlebot3_bringup/cmake/turtlebot3_bringupConfig-version.cmake
[0.195s] -- Up-to-date symlink: /home/ros/turtlebot3/turtlebot3-2.1.5/install/turtlebot3_bringup/share/turtlebot3_bringup/package.xml
[0.197s] Invoked command in '/home/ros/turtlebot3/turtlebot3-2.1.5/build/turtlebot3_bringup' returned '0': AMENT_PREFIX_PATH=/home/ros/turtlebot3/turtlebot3-2.1.5/install/turtlebot3_node:/home/ros/turtlebot3/turtlebot3-2.1.5/install/turtlebot3_description:${AMENT_PREFIX_PATH} CMAKE_PREFIX_PATH=/home/ros/turtlebot3/turtlebot3-2.1.5/install/turtlebot3_node:/home/ros/turtlebot3/turtlebot3-2.1.5/install/turtlebot3_description:/home/ros/turtlebot3/DynamixelSDK/install/dynamixel_sdk_examples:/home/ros/turtlebot3/DynamixelSDK/install/dynamixel_sdk_custom_interfaces:/home/ros/turtlebot3/DynamixelSDK/install/dynamixel_sdk:/home/ros/turtlebot3/turtlebot3_msgs-2.2.3/install/turtlebot3_msgs:/home/ros/turtlebot3/turtlebot3_simulations-2.2.5/install/turtlebot3_simulations:/home/ros/turtlebot3/turtlebot3_simulations-2.2.5/install/turtlebot3_gazebo:/home/ros/turtlebot3/turtlebot3_simulations-2.2.5/install/turtlebot3_fake_node:/opt/ros/humble /usr/bin/cmake --install /home/ros/turtlebot3/turtlebot3-2.1.5/build/turtlebot3_bringup
