[0.182s] Invoking command in '/home/ros/turtlebot3/turtlebot3_simulations-2.2.5/build/turtlebot3_fake_node': CMAKE_PREFIX_PATH=${CMAKE_PREFIX_PATH}:/home/ros/turtlebot3/turtlebot3-2.1.5/install/turtlebot3_teleop:/home/ros/turtlebot3/turtlebot3-2.1.5/install/turtlebot3_example:/opt/ros/humble /usr/bin/cmake --build /home/ros/turtlebot3/turtlebot3_simulations-2.2.5/build/turtlebot3_fake_node -- -j8 -l8
[0.303s] [100%] Built target turtlebot3_fake_node
[0.315s] Invoked command in '/home/ros/turtlebot3/turtlebot3_simulations-2.2.5/build/turtlebot3_fake_node' returned '0': CMAKE_PREFIX_PATH=${CMAKE_PREFIX_PATH}:/home/ros/turtlebot3/turtlebot3-2.1.5/install/turtlebot3_teleop:/home/ros/turtlebot3/turtlebot3-2.1.5/install/turtlebot3_example:/opt/ros/humble /usr/bin/cmake --build /home/ros/turtlebot3/turtlebot3_simulations-2.2.5/build/turtlebot3_fake_node -- -j8 -l8
[0.354s] Invoking command in '/home/ros/turtlebot3/turtlebot3_simulations-2.2.5/build/turtlebot3_fake_node': CMAKE_PREFIX_PATH=${CMAKE_PREFIX_PATH}:/home/ros/turtlebot3/turtlebot3-2.1.5/install/turtlebot3_teleop:/home/ros/turtlebot3/turtlebot3-2.1.5/install/turtlebot3_example:/opt/ros/humble /usr/bin/cmake --install /home/ros/turtlebot3/turtlebot3_simulations-2.2.5/build/turtlebot3_fake_node
[0.365s] -- Install configuration: ""
[0.366s] -- Execute custom install script
[0.367s] -- Up-to-date symlink: /home/ros/turtlebot3/turtlebot3_simulations-2.2.5/install/turtlebot3_fake_node/lib/turtlebot3_fake_node/turtlebot3_fake_node
[0.368s] -- Up-to-date symlink: /home/ros/turtlebot3/turtlebot3_simulations-2.2.5/install/turtlebot3_fake_node/share/turtlebot3_fake_node/launch/rviz2.launch.py
[0.368s] -- Up-to-date symlink: /home/ros/turtlebot3/turtlebot3_simulations-2.2.5/install/turtlebot3_fake_node/share/turtlebot3_fake_node/launch/turtlebot3_fake_node.launch.py
[0.368s] -- Up-to-date symlink: /home/ros/turtlebot3/turtlebot3_simulations-2.2.5/install/turtlebot3_fake_node/share/turtlebot3_fake_node/param/burger.yaml
[0.369s] -- Up-to-date symlink: /home/ros/turtlebot3/turtlebot3_simulations-2.2.5/install/turtlebot3_fake_node/share/turtlebot3_fake_node/param/waffle.yaml
[0.369s] -- Up-to-date symlink: /home/ros/turtlebot3/turtlebot3_simulations-2.2.5/install/turtlebot3_fake_node/share/turtlebot3_fake_node/param/waffle_pi.yaml
[0.369s] -- Up-to-date symlink: /home/ros/turtlebot3/turtlebot3_simulations-2.2.5/install/turtlebot3_fake_node/include//turtlebot3_fake_node/turtlebot3_fake_node.hpp
[0.369s] -- Up-to-date symlink: /home/ros/turtlebot3/turtlebot3_simulations-2.2.5/install/turtlebot3_fake_node/share/ament_index/resource_index/package_run_dependencies/turtlebot3_fake_node
[0.370s] -- Up-to-date symlink: /home/ros/turtlebot3/turtlebot3_simulations-2.2.5/install/turtlebot3_fake_node/share/ament_index/resource_index/parent_prefix_path/turtlebot3_fake_node
[0.370s] -- Up-to-date symlink: /home/ros/turtlebot3/turtlebot3_simulations-2.2.5/install/turtlebot3_fake_node/share/turtlebot3_fake_node/environment/ament_prefix_path.sh
[0.370s] -- Up-to-date symlink: /home/ros/turtlebot3/turtlebot3_simulations-2.2.5/install/turtlebot3_fake_node/share/turtlebot3_fake_node/environment/ament_prefix_path.dsv
[0.370s] -- Up-to-date symlink: /home/ros/turtlebot3/turtlebot3_simulations-2.2.5/install/turtlebot3_fake_node/share/turtlebot3_fake_node/environment/path.sh
[0.371s] -- Up-to-date symlink: /home/ros/turtlebot3/turtlebot3_simulations-2.2.5/install/turtlebot3_fake_node/share/turtlebot3_fake_node/environment/path.dsv
[0.371s] -- Up-to-date symlink: /home/ros/turtlebot3/turtlebot3_simulations-2.2.5/install/turtlebot3_fake_node/share/turtlebot3_fake_node/local_setup.bash
[0.371s] -- Up-to-date symlink: /home/ros/turtlebot3/turtlebot3_simulations-2.2.5/install/turtlebot3_fake_node/share/turtlebot3_fake_node/local_setup.sh
[0.371s] -- Up-to-date symlink: /home/ros/turtlebot3/turtlebot3_simulations-2.2.5/install/turtlebot3_fake_node/share/turtlebot3_fake_node/local_setup.zsh
[0.371s] -- Up-to-date symlink: /home/ros/turtlebot3/turtlebot3_simulations-2.2.5/install/turtlebot3_fake_node/share/turtlebot3_fake_node/local_setup.dsv
[0.371s] -- Symlinking: /home/ros/turtlebot3/turtlebot3_simulations-2.2.5/install/turtlebot3_fake_node/share/turtlebot3_fake_node/package.dsv
[0.382s] -- Up-to-date symlink: /home/ros/turtlebot3/turtlebot3_simulations-2.2.5/install/turtlebot3_fake_node/share/ament_index/resource_index/packages/turtlebot3_fake_node
[0.382s] -- Up-to-date symlink: /home/ros/turtlebot3/turtlebot3_simulations-2.2.5/install/turtlebot3_fake_node/share/turtlebot3_fake_node/cmake/ament_cmake_export_include_directories-extras.cmake
[0.382s] -- Up-to-date symlink: /home/ros/turtlebot3/turtlebot3_simulations-2.2.5/install/turtlebot3_fake_node/share/turtlebot3_fake_node/cmake/ament_cmake_export_dependencies-extras.cmake
[0.382s] -- Up-to-date symlink: /home/ros/turtlebot3/turtlebot3_simulations-2.2.5/install/turtlebot3_fake_node/share/turtlebot3_fake_node/cmake/turtlebot3_fake_nodeConfig.cmake
[0.383s] -- Up-to-date symlink: /home/ros/turtlebot3/turtlebot3_simulations-2.2.5/install/turtlebot3_fake_node/share/turtlebot3_fake_node/cmake/turtlebot3_fake_nodeConfig-version.cmake
[0.383s] -- Up-to-date symlink: /home/ros/turtlebot3/turtlebot3_simulations-2.2.5/install/turtlebot3_fake_node/share/turtlebot3_fake_node/package.xml
[0.385s] Invoked command in '/home/ros/turtlebot3/turtlebot3_simulations-2.2.5/build/turtlebot3_fake_node' returned '0': CMAKE_PREFIX_PATH=${CMAKE_PREFIX_PATH}:/home/ros/turtlebot3/turtlebot3-2.1.5/install/turtlebot3_teleop:/home/ros/turtlebot3/turtlebot3-2.1.5/install/turtlebot3_example:/opt/ros/humble /usr/bin/cmake --install /home/ros/turtlebot3/turtlebot3_simulations-2.2.5/build/turtlebot3_fake_node
