[0.121s] Invoking command in '/home/ros/turtlebot3/turtlebot3_simulations-2.2.5/build/turtlebot3_gazebo': CMAKE_PREFIX_PATH=${CMAKE_PREFIX_PATH}:/home/ros/turtlebot3/turtlebot3-2.1.5/install/turtlebot3_teleop:/home/ros/turtlebot3/turtlebot3-2.1.5/install/turtlebot3_example:/opt/ros/humble /usr/bin/cmake /home/ros/turtlebot3/turtlebot3_simulations-2.2.5/turtlebot3_gazebo -DAMENT_CMAKE_SYMLINK_INSTALL=1 -DCMAKE_INSTALL_PREFIX=/home/ros/turtlebot3/turtlebot3_simulations-2.2.5/install/turtlebot3_gazebo
[0.175s] -- The C compiler identification is GNU 11.4.0
[0.237s] -- The CXX compiler identification is GNU 11.4.0
[0.245s] -- Detecting C compiler ABI info
[0.316s] -- Detecting C compiler ABI info - done
[0.325s] -- Check for working C compiler: /usr/bin/cc - skipped
[0.326s] -- Detecting C compile features
[0.326s] -- Detecting C compile features - done
[0.331s] -- Detecting CXX compiler ABI info
[0.410s] -- Detecting CXX compiler ABI info - done
[0.417s] -- Check for working CXX compiler: /usr/bin/c++ - skipped
[0.417s] -- Detecting CXX compile features
[0.417s] -- Detecting CXX compile features - done
[0.421s] -- Found ament_cmake: 1.3.5 (/opt/ros/humble/share/ament_cmake/cmake)
[0.607s] -- Found Python3: /usr/bin/python3.10 (found version "3.10.12") found components: Interpreter 
[0.681s] -- Override CMake install command with custom implementation using symlinks instead of copying resources
[0.734s] [33mCMake Warning (dev) at /usr/share/cmake-3.22/Modules/FindPackageHandleStandardArgs.cmake:438 (message):
[0.734s]   The package name passed to `find_package_handle_standard_args` (PkgConfig)
[0.734s]   does not match the name of the calling package (gazebo).  This can lead to
[0.734s]   problems in calling code that expects `find_package` result variables
[0.734s]   (e.g., `_FOUND`) to follow a certain pattern.
[0.735s] Call Stack (most recent call first):
[0.735s]   /usr/share/cmake-3.22/Modules/FindPkgConfig.cmake:99 (find_package_handle_standard_args)
[0.735s]   /usr/lib/x86_64-linux-gnu/cmake/gazebo/gazebo-config.cmake:72 (include)
[0.735s]   CMakeLists.txt:23 (find_package)
[0.735s] This warning is for project developers.  Use -Wno-dev to suppress it.
[0.735s] [0m
[0.735s] -- Found PkgConfig: /usr/bin/pkg-config (found version "0.29.2") 
[0.742s] -- Checking for module 'bullet>=2.82'
[0.763s] --   Found bullet, version 3.05
[0.945s] -- Found fcl: /usr/include (found suitable version "0.7.0", minimum required is "0.5.0") 
[1.017s] -- Found assimp: /usr/include (found version "5.2.0") 
[1.072s] -- Found DART: /usr/include (Required is at least version "6.6") found components: dart 
[1.411s] -- Found Boost: /usr/lib/x86_64-linux-gnu/cmake/Boost-1.74.0/BoostConfig.cmake (found suitable version "1.74.0", minimum required is "1.40.0") found components: thread system filesystem program_options regex iostreams date_time 
[1.464s] -- Found Protobuf: /usr/lib/x86_64-linux-gnu/libprotobuf.so (found version "3.12.4") 
[1.481s] -- Looking for ignition-math6 -- found version 6.15.0
[1.499s] -- Searching for dependencies of ignition-math6
[1.503s] -- Looking for OGRE...
[1.503s] -- OGRE_PREFIX_WATCH changed.
[1.512s] -- Checking for module 'OGRE'
[1.538s] --   Found OGRE, version 1.9.0
[1.604s] -- Found Ogre Ghadamon (1.9.0)
[1.626s] -- Found OGRE: optimized;/usr/lib/x86_64-linux-gnu/libOgreMain.so;debug;/usr/lib/x86_64-linux-gnu/libOgreMain.so
[1.646s] -- Looking for OGRE_Paging...
[1.657s] -- Found OGRE_Paging: optimized;/usr/lib/x86_64-linux-gnu/libOgrePaging.so;debug;/usr/lib/x86_64-linux-gnu/libOgrePaging.so
[1.657s] -- Looking for OGRE_Terrain...
[1.667s] -- Found OGRE_Terrain: optimized;/usr/lib/x86_64-linux-gnu/libOgreTerrain.so;debug;/usr/lib/x86_64-linux-gnu/libOgreTerrain.so
[1.667s] -- Looking for OGRE_Property...
[1.678s] -- Found OGRE_Property: optimized;/usr/lib/x86_64-linux-gnu/libOgreProperty.so;debug;/usr/lib/x86_64-linux-gnu/libOgreProperty.so
[1.678s] -- Looking for OGRE_RTShaderSystem...
[1.688s] -- Found OGRE_RTShaderSystem: optimized;/usr/lib/x86_64-linux-gnu/libOgreRTShaderSystem.so;debug;/usr/lib/x86_64-linux-gnu/libOgreRTShaderSystem.so
[1.688s] -- Looking for OGRE_Volume...
[1.700s] -- Found OGRE_Volume: optimized;/usr/lib/x86_64-linux-gnu/libOgreVolume.so;debug;/usr/lib/x86_64-linux-gnu/libOgreVolume.so
[1.700s] -- Looking for OGRE_Overlay...
[1.709s] -- Found OGRE_Overlay: optimized;/usr/lib/x86_64-linux-gnu/libOgreOverlay.so;debug;/usr/lib/x86_64-linux-gnu/libOgreOverlay.so
[1.963s] -- Looking for ignition-math6 -- found version 6.15.0
[1.970s] -- Looking for ignition-transport8 -- found version 8.2.1
[1.970s] -- Searching for dependencies of ignition-transport8
[2.017s] -- Found Protobuf: /usr/lib/x86_64-linux-gnu/libprotobuf.so (found suitable version "3.12.4", minimum required is "3") 
[2.056s] -- Config-file not installed for ZeroMQ -- checking for pkg-config
[2.065s] -- Checking for module 'libzmq >= 4'
[2.095s] --   Found libzmq , version 4.3.4
[2.173s] -- Found ZeroMQ: TRUE (Required is at least version "4") 
[2.189s] -- Checking for module 'uuid'
[2.220s] --   Found uuid, version 2.37.2
[2.291s] -- Found UUID: TRUE  
[2.298s] -- Looking for ignition-msgs5 -- found version 5.8.1
[2.298s] -- Searching for dependencies of ignition-msgs5
[2.348s] -- Looking for ignition-math6 -- found version 6.15.0
[2.360s] -- Checking for module 'tinyxml2'
[2.389s] --   Found tinyxml2, version 9.0.0
[2.459s] -- Looking for ignition-msgs5 -- found version 5.8.1
[2.467s] -- Looking for ignition-common3 -- found version 3.14.0
[2.467s] -- Searching for dependencies of ignition-common3
[2.469s] -- Looking for dlfcn.h - found
[2.470s] -- Looking for libdl - found
[2.472s] -- Found DL: TRUE  
[2.502s] -- Found tinyobjloader: /usr/lib/x86_64-linux-gnu/cmake/tinyobjloader/tinyobjloader-config.cmake (found version "2.0.0") 
[2.504s] -- Searching for <ignition-common3> component [graphics]
[2.512s] -- Looking for ignition-common3-graphics -- found version 3.14.0
[2.513s] -- Searching for dependencies of ignition-common3-graphics
[2.514s] -- Looking for ignition-math6 -- found version 6.15.0
[2.522s] -- Looking for ignition-fuel_tools4 -- found version 4.4.0
[2.523s] -- Searching for dependencies of ignition-fuel_tools4
[2.687s] -- Found CURL: /usr/lib/x86_64-linux-gnu/libcurl.so (found version "7.81.0")  
[2.705s] -- Checking for module 'jsoncpp'
[2.730s] --   Found jsoncpp, version 1.9.5
[2.791s] -- Found JSONCPP: TRUE  
[2.802s] -- Checking for module 'libzip'
[2.825s] --   Found libzip, version 1.7.3
[2.887s] -- Found ZIP: TRUE  
[2.887s] -- Looking for ignition-common3 -- found version 3.14.0
[2.888s] -- Looking for ignition-math6 -- found version 6.15.0
[2.889s] -- Looking for ignition-msgs5 -- found version 5.8.1
[2.904s] -- Found gazebo_ros_pkgs: 3.7.0 (/opt/ros/humble/share/gazebo_ros_pkgs/cmake)
[2.909s] -- Found geometry_msgs: 4.2.3 (/opt/ros/humble/share/geometry_msgs/cmake)
[2.989s] -- Found rosidl_generator_c: 3.1.5 (/opt/ros/humble/share/rosidl_generator_c/cmake)
[3.000s] -- Found rosidl_adapter: 3.1.5 (/opt/ros/humble/share/rosidl_adapter/cmake)
[3.018s] -- Found rosidl_generator_cpp: 3.1.5 (/opt/ros/humble/share/rosidl_generator_cpp/cmake)
[3.049s] -- Using all available rosidl_typesupport_c: rosidl_typesupport_fastrtps_c;rosidl_typesupport_introspection_c
[3.091s] -- Using all available rosidl_typesupport_cpp: rosidl_typesupport_fastrtps_cpp;rosidl_typesupport_introspection_cpp
[3.352s] -- Found nav_msgs: 4.2.3 (/opt/ros/humble/share/nav_msgs/cmake)
[3.539s] -- Found rclcpp: 16.0.6 (/opt/ros/humble/share/rclcpp/cmake)
[3.727s] -- Found rmw_implementation_cmake: 6.1.1 (/opt/ros/humble/share/rmw_implementation_cmake/cmake)
[3.735s] -- Found rmw_fastrtps_cpp: 6.2.4 (/opt/ros/humble/share/rmw_fastrtps_cpp/cmake)
[3.961s] -- Found OpenSSL: /usr/lib/x86_64-linux-gnu/libcrypto.so (found version "3.0.2")  
[4.017s] -- Found FastRTPS: /opt/ros/humble/include  
[4.125s] -- Using RMW implementation 'rmw_fastrtps_cpp' as default
[4.151s] -- Found Threads: TRUE  
[4.395s] -- Found sensor_msgs: 4.2.3 (/opt/ros/humble/share/sensor_msgs/cmake)
[4.552s] -- Found tf2: 0.25.4 (/opt/ros/humble/share/tf2/cmake)
[4.726s] -- Configuring done
[4.814s] -- Generating done
[4.819s] -- Build files have been written to: /home/ros/turtlebot3/turtlebot3_simulations-2.2.5/build/turtlebot3_gazebo
[4.845s] Invoked command in '/home/ros/turtlebot3/turtlebot3_simulations-2.2.5/build/turtlebot3_gazebo' returned '0': CMAKE_PREFIX_PATH=${CMAKE_PREFIX_PATH}:/home/ros/turtlebot3/turtlebot3-2.1.5/install/turtlebot3_teleop:/home/ros/turtlebot3/turtlebot3-2.1.5/install/turtlebot3_example:/opt/ros/humble /usr/bin/cmake /home/ros/turtlebot3/turtlebot3_simulations-2.2.5/turtlebot3_gazebo -DAMENT_CMAKE_SYMLINK_INSTALL=1 -DCMAKE_INSTALL_PREFIX=/home/ros/turtlebot3/turtlebot3_simulations-2.2.5/install/turtlebot3_gazebo
[4.850s] Invoking command in '/home/ros/turtlebot3/turtlebot3_simulations-2.2.5/build/turtlebot3_gazebo': CMAKE_PREFIX_PATH=${CMAKE_PREFIX_PATH}:/home/ros/turtlebot3/turtlebot3-2.1.5/install/turtlebot3_teleop:/home/ros/turtlebot3/turtlebot3-2.1.5/install/turtlebot3_example:/opt/ros/humble /usr/bin/cmake --build /home/ros/turtlebot3/turtlebot3_simulations-2.2.5/build/turtlebot3_gazebo -- -j8 -l8
[4.961s] [ 25%] [32mBuilding CXX object CMakeFiles/turtlebot3_drive.dir/src/turtlebot3_drive.cpp.o[0m
[4.962s] [ 25%] [32mBuilding CXX object CMakeFiles/obstacle1.dir/models/turtlebot3_dqn_world/obstacle_plugin/obstacle1.cc.o[0m
[4.964s] [ 37%] [32mBuilding CXX object CMakeFiles/obstacle2.dir/models/turtlebot3_dqn_world/obstacle_plugin/obstacle2.cc.o[0m
[4.968s] [ 50%] [32mBuilding CXX object CMakeFiles/obstacles.dir/models/turtlebot3_dqn_world/obstacle_plugin/obstacles.cc.o[0m
[39.343s] [ 62%] [32m[1mLinking CXX executable turtlebot3_drive[0m
[39.385s] [ 75%] [32m[1mLinking CXX shared library libobstacles.so[0m
[39.507s] [ 87%] [32m[1mLinking CXX shared library libobstacle1.so[0m
[40.256s] [ 87%] Built target obstacle1
[40.262s] [ 87%] Built target obstacles
[40.776s] [ 87%] Built target turtlebot3_drive
[40.801s] [100%] [32m[1mLinking CXX shared library libobstacle2.so[0m
[41.187s] [100%] Built target obstacle2
[41.237s] Invoked command in '/home/ros/turtlebot3/turtlebot3_simulations-2.2.5/build/turtlebot3_gazebo' returned '0': CMAKE_PREFIX_PATH=${CMAKE_PREFIX_PATH}:/home/ros/turtlebot3/turtlebot3-2.1.5/install/turtlebot3_teleop:/home/ros/turtlebot3/turtlebot3-2.1.5/install/turtlebot3_example:/opt/ros/humble /usr/bin/cmake --build /home/ros/turtlebot3/turtlebot3_simulations-2.2.5/build/turtlebot3_gazebo -- -j8 -l8
[41.294s] Invoking command in '/home/ros/turtlebot3/turtlebot3_simulations-2.2.5/build/turtlebot3_gazebo': CMAKE_PREFIX_PATH=${CMAKE_PREFIX_PATH}:/home/ros/turtlebot3/turtlebot3-2.1.5/install/turtlebot3_teleop:/home/ros/turtlebot3/turtlebot3-2.1.5/install/turtlebot3_example:/opt/ros/humble /usr/bin/cmake --install /home/ros/turtlebot3/turtlebot3_simulations-2.2.5/build/turtlebot3_gazebo
[41.304s] -- Install configuration: ""
[41.305s] -- Execute custom install script
[41.306s] -- Symlinking: /home/ros/turtlebot3/turtlebot3_simulations-2.2.5/install/turtlebot3_gazebo/lib/turtlebot3_gazebo/turtlebot3_drive
[41.322s] -- Symlinking: /home/ros/turtlebot3/turtlebot3_simulations-2.2.5/install/turtlebot3_gazebo/share/turtlebot3_gazebo//launch/empty_world.launch.py
[41.334s] -- Symlinking: /home/ros/turtlebot3/turtlebot3_simulations-2.2.5/install/turtlebot3_gazebo/share/turtlebot3_gazebo//launch/robot_state_publisher.launch.py
[41.347s] -- Symlinking: /home/ros/turtlebot3/turtlebot3_simulations-2.2.5/install/turtlebot3_gazebo/share/turtlebot3_gazebo//launch/spawn_turtlebot3.launch.py
[41.359s] -- Symlinking: /home/ros/turtlebot3/turtlebot3_simulations-2.2.5/install/turtlebot3_gazebo/share/turtlebot3_gazebo//launch/turtlebot3_dqn_stage1.launch.py
[41.371s] -- Symlinking: /home/ros/turtlebot3/turtlebot3_simulations-2.2.5/install/turtlebot3_gazebo/share/turtlebot3_gazebo//launch/turtlebot3_dqn_stage2.launch.py
[41.383s] -- Symlinking: /home/ros/turtlebot3/turtlebot3_simulations-2.2.5/install/turtlebot3_gazebo/share/turtlebot3_gazebo//launch/turtlebot3_dqn_stage3.launch.py
[41.398s] -- Symlinking: /home/ros/turtlebot3/turtlebot3_simulations-2.2.5/install/turtlebot3_gazebo/share/turtlebot3_gazebo//launch/turtlebot3_dqn_stage4.launch.py
[41.414s] -- Symlinking: /home/ros/turtlebot3/turtlebot3_simulations-2.2.5/install/turtlebot3_gazebo/share/turtlebot3_gazebo//launch/turtlebot3_house.launch.py
[41.427s] -- Symlinking: /home/ros/turtlebot3/turtlebot3_simulations-2.2.5/install/turtlebot3_gazebo/share/turtlebot3_gazebo//launch/turtlebot3_world.launch.py
[41.442s] -- Symlinking: /home/ros/turtlebot3/turtlebot3_simulations-2.2.5/install/turtlebot3_gazebo/share/turtlebot3_gazebo//models/turtlebot3_burger/model-1_4.sdf
[41.455s] -- Symlinking: /home/ros/turtlebot3/turtlebot3_simulations-2.2.5/install/turtlebot3_gazebo/share/turtlebot3_gazebo//models/turtlebot3_burger/model.config
[41.467s] -- Symlinking: /home/ros/turtlebot3/turtlebot3_simulations-2.2.5/install/turtlebot3_gazebo/share/turtlebot3_gazebo//models/turtlebot3_burger/model.sdf
[41.479s] -- Symlinking: /home/ros/turtlebot3/turtlebot3_simulations-2.2.5/install/turtlebot3_gazebo/share/turtlebot3_gazebo//models/turtlebot3_common/meshes/burger_base.dae
[41.493s] -- Symlinking: /home/ros/turtlebot3/turtlebot3_simulations-2.2.5/install/turtlebot3_gazebo/share/turtlebot3_gazebo//models/turtlebot3_common/meshes/lds.dae
[41.506s] -- Symlinking: /home/ros/turtlebot3/turtlebot3_simulations-2.2.5/install/turtlebot3_gazebo/share/turtlebot3_gazebo//models/turtlebot3_common/meshes/r200.dae
[41.520s] -- Symlinking: /home/ros/turtlebot3/turtlebot3_simulations-2.2.5/install/turtlebot3_gazebo/share/turtlebot3_gazebo//models/turtlebot3_common/meshes/tire.dae
[41.532s] -- Symlinking: /home/ros/turtlebot3/turtlebot3_simulations-2.2.5/install/turtlebot3_gazebo/share/turtlebot3_gazebo//models/turtlebot3_common/meshes/waffle_base.dae
[41.544s] -- Symlinking: /home/ros/turtlebot3/turtlebot3_simulations-2.2.5/install/turtlebot3_gazebo/share/turtlebot3_gazebo//models/turtlebot3_common/meshes/waffle_pi_base.dae
[41.557s] -- Symlinking: /home/ros/turtlebot3/turtlebot3_simulations-2.2.5/install/turtlebot3_gazebo/share/turtlebot3_gazebo//models/turtlebot3_common/model.config
[41.569s] -- Symlinking: /home/ros/turtlebot3/turtlebot3_simulations-2.2.5/install/turtlebot3_gazebo/share/turtlebot3_gazebo//models/turtlebot3_dqn_world/goal_box/model.config
[41.581s] -- Symlinking: /home/ros/turtlebot3/turtlebot3_simulations-2.2.5/install/turtlebot3_gazebo/share/turtlebot3_gazebo//models/turtlebot3_dqn_world/goal_box/model.sdf
[41.595s] -- Symlinking: /home/ros/turtlebot3/turtlebot3_simulations-2.2.5/install/turtlebot3_gazebo/share/turtlebot3_gazebo//models/turtlebot3_dqn_world/inner_walls/model.config
[41.608s] -- Symlinking: /home/ros/turtlebot3/turtlebot3_simulations-2.2.5/install/turtlebot3_gazebo/share/turtlebot3_gazebo//models/turtlebot3_dqn_world/inner_walls/model.sdf
[41.621s] -- Symlinking: /home/ros/turtlebot3/turtlebot3_simulations-2.2.5/install/turtlebot3_gazebo/share/turtlebot3_gazebo//models/turtlebot3_dqn_world/model.config
[41.633s] -- Symlinking: /home/ros/turtlebot3/turtlebot3_simulations-2.2.5/install/turtlebot3_gazebo/share/turtlebot3_gazebo//models/turtlebot3_dqn_world/model.sdf
[41.645s] -- Symlinking: /home/ros/turtlebot3/turtlebot3_simulations-2.2.5/install/turtlebot3_gazebo/share/turtlebot3_gazebo//models/turtlebot3_dqn_world/obstacle1/model.config
[41.658s] -- Symlinking: /home/ros/turtlebot3/turtlebot3_simulations-2.2.5/install/turtlebot3_gazebo/share/turtlebot3_gazebo//models/turtlebot3_dqn_world/obstacle1/model.sdf
[41.671s] -- Symlinking: /home/ros/turtlebot3/turtlebot3_simulations-2.2.5/install/turtlebot3_gazebo/share/turtlebot3_gazebo//models/turtlebot3_dqn_world/obstacle2/model.config
[41.684s] -- Symlinking: /home/ros/turtlebot3/turtlebot3_simulations-2.2.5/install/turtlebot3_gazebo/share/turtlebot3_gazebo//models/turtlebot3_dqn_world/obstacle2/model.sdf
[41.698s] -- Symlinking: /home/ros/turtlebot3/turtlebot3_simulations-2.2.5/install/turtlebot3_gazebo/share/turtlebot3_gazebo//models/turtlebot3_dqn_world/obstacle_plugin/CMakeLists.txt
[41.711s] -- Symlinking: /home/ros/turtlebot3/turtlebot3_simulations-2.2.5/install/turtlebot3_gazebo/share/turtlebot3_gazebo//models/turtlebot3_dqn_world/obstacle_plugin/obstacle1.cc
[41.723s] -- Symlinking: /home/ros/turtlebot3/turtlebot3_simulations-2.2.5/install/turtlebot3_gazebo/share/turtlebot3_gazebo//models/turtlebot3_dqn_world/obstacle_plugin/obstacle2.cc
[41.735s] -- Symlinking: /home/ros/turtlebot3/turtlebot3_simulations-2.2.5/install/turtlebot3_gazebo/share/turtlebot3_gazebo//models/turtlebot3_dqn_world/obstacle_plugin/obstacles.cc
[41.748s] -- Symlinking: /home/ros/turtlebot3/turtlebot3_simulations-2.2.5/install/turtlebot3_gazebo/share/turtlebot3_gazebo//models/turtlebot3_dqn_world/obstacles/model.config
[41.761s] -- Symlinking: /home/ros/turtlebot3/turtlebot3_simulations-2.2.5/install/turtlebot3_gazebo/share/turtlebot3_gazebo//models/turtlebot3_dqn_world/obstacles/model.sdf
[41.774s] -- Symlinking: /home/ros/turtlebot3/turtlebot3_simulations-2.2.5/install/turtlebot3_gazebo/share/turtlebot3_gazebo//models/turtlebot3_house/model.config
[41.786s] -- Symlinking: /home/ros/turtlebot3/turtlebot3_simulations-2.2.5/install/turtlebot3_gazebo/share/turtlebot3_gazebo//models/turtlebot3_house/model.sdf
[41.801s] -- Symlinking: /home/ros/turtlebot3/turtlebot3_simulations-2.2.5/install/turtlebot3_gazebo/share/turtlebot3_gazebo//models/turtlebot3_waffle/model-1_4.sdf
[41.815s] -- Symlinking: /home/ros/turtlebot3/turtlebot3_simulations-2.2.5/install/turtlebot3_gazebo/share/turtlebot3_gazebo//models/turtlebot3_waffle/model.config
[41.831s] -- Symlinking: /home/ros/turtlebot3/turtlebot3_simulations-2.2.5/install/turtlebot3_gazebo/share/turtlebot3_gazebo//models/turtlebot3_waffle/model.sdf
[41.844s] -- Symlinking: /home/ros/turtlebot3/turtlebot3_simulations-2.2.5/install/turtlebot3_gazebo/share/turtlebot3_gazebo//models/turtlebot3_waffle_pi/model-1_4_.sdf
[41.857s] -- Symlinking: /home/ros/turtlebot3/turtlebot3_simulations-2.2.5/install/turtlebot3_gazebo/share/turtlebot3_gazebo//models/turtlebot3_waffle_pi/model.config
[41.871s] -- Symlinking: /home/ros/turtlebot3/turtlebot3_simulations-2.2.5/install/turtlebot3_gazebo/share/turtlebot3_gazebo//models/turtlebot3_waffle_pi/model.sdf
[41.885s] -- Symlinking: /home/ros/turtlebot3/turtlebot3_simulations-2.2.5/install/turtlebot3_gazebo/share/turtlebot3_gazebo//models/turtlebot3_world/meshes/hexagon.dae
[41.900s] -- Symlinking: /home/ros/turtlebot3/turtlebot3_simulations-2.2.5/install/turtlebot3_gazebo/share/turtlebot3_gazebo//models/turtlebot3_world/meshes/wall.dae
[41.913s] -- Symlinking: /home/ros/turtlebot3/turtlebot3_simulations-2.2.5/install/turtlebot3_gazebo/share/turtlebot3_gazebo//models/turtlebot3_world/model-1_4.sdf
[41.927s] -- Symlinking: /home/ros/turtlebot3/turtlebot3_simulations-2.2.5/install/turtlebot3_gazebo/share/turtlebot3_gazebo//models/turtlebot3_world/model.config
[41.941s] -- Symlinking: /home/ros/turtlebot3/turtlebot3_simulations-2.2.5/install/turtlebot3_gazebo/share/turtlebot3_gazebo//models/turtlebot3_world/model.sdf
[41.954s] -- Symlinking: /home/ros/turtlebot3/turtlebot3_simulations-2.2.5/install/turtlebot3_gazebo/share/turtlebot3_gazebo//rviz/tb3_gazebo.rviz
[41.967s] -- Symlinking: /home/ros/turtlebot3/turtlebot3_simulations-2.2.5/install/turtlebot3_gazebo/share/turtlebot3_gazebo//urdf/common_properties.urdf
[41.980s] -- Symlinking: /home/ros/turtlebot3/turtlebot3_simulations-2.2.5/install/turtlebot3_gazebo/share/turtlebot3_gazebo//urdf/turtlebot3_burger.urdf
[41.995s] -- Symlinking: /home/ros/turtlebot3/turtlebot3_simulations-2.2.5/install/turtlebot3_gazebo/share/turtlebot3_gazebo//urdf/turtlebot3_waffle.urdf
[42.008s] -- Symlinking: /home/ros/turtlebot3/turtlebot3_simulations-2.2.5/install/turtlebot3_gazebo/share/turtlebot3_gazebo//urdf/turtlebot3_waffle_pi.urdf
[42.021s] -- Symlinking: /home/ros/turtlebot3/turtlebot3_simulations-2.2.5/install/turtlebot3_gazebo/share/turtlebot3_gazebo//worlds/empty_world.world
[42.034s] -- Symlinking: /home/ros/turtlebot3/turtlebot3_simulations-2.2.5/install/turtlebot3_gazebo/share/turtlebot3_gazebo//worlds/turtlebot3_dqn_stage1.world
[42.046s] -- Symlinking: /home/ros/turtlebot3/turtlebot3_simulations-2.2.5/install/turtlebot3_gazebo/share/turtlebot3_gazebo//worlds/turtlebot3_dqn_stage2.world
[42.059s] -- Symlinking: /home/ros/turtlebot3/turtlebot3_simulations-2.2.5/install/turtlebot3_gazebo/share/turtlebot3_gazebo//worlds/turtlebot3_dqn_stage3.world
[42.071s] -- Symlinking: /home/ros/turtlebot3/turtlebot3_simulations-2.2.5/install/turtlebot3_gazebo/share/turtlebot3_gazebo//worlds/turtlebot3_dqn_stage4.world
[42.084s] -- Symlinking: /home/ros/turtlebot3/turtlebot3_simulations-2.2.5/install/turtlebot3_gazebo/share/turtlebot3_gazebo//worlds/turtlebot3_house.world
[42.100s] -- Symlinking: /home/ros/turtlebot3/turtlebot3_simulations-2.2.5/install/turtlebot3_gazebo/share/turtlebot3_gazebo//worlds/turtlebot3_world.world
[42.114s] -- Symlinking: /home/ros/turtlebot3/turtlebot3_simulations-2.2.5/install/turtlebot3_gazebo/include//turtlebot3_gazebo/turtlebot3_drive.hpp
[42.127s] -- Symlinking: /home/ros/turtlebot3/turtlebot3_simulations-2.2.5/install/turtlebot3_gazebo/share/ament_index/resource_index/package_run_dependencies/turtlebot3_gazebo
[42.141s] -- Symlinking: /home/ros/turtlebot3/turtlebot3_simulations-2.2.5/install/turtlebot3_gazebo/share/ament_index/resource_index/parent_prefix_path/turtlebot3_gazebo
[42.158s] -- Symlinking: /home/ros/turtlebot3/turtlebot3_simulations-2.2.5/install/turtlebot3_gazebo/share/turtlebot3_gazebo/environment/ament_prefix_path.sh
[42.173s] -- Symlinking: /home/ros/turtlebot3/turtlebot3_simulations-2.2.5/install/turtlebot3_gazebo/share/turtlebot3_gazebo/environment/ament_prefix_path.dsv
[42.185s] -- Symlinking: /home/ros/turtlebot3/turtlebot3_simulations-2.2.5/install/turtlebot3_gazebo/share/turtlebot3_gazebo/environment/path.sh
[42.199s] -- Symlinking: /home/ros/turtlebot3/turtlebot3_simulations-2.2.5/install/turtlebot3_gazebo/share/turtlebot3_gazebo/environment/path.dsv
[42.213s] -- Symlinking: /home/ros/turtlebot3/turtlebot3_simulations-2.2.5/install/turtlebot3_gazebo/share/turtlebot3_gazebo/local_setup.bash
[42.226s] -- Symlinking: /home/ros/turtlebot3/turtlebot3_simulations-2.2.5/install/turtlebot3_gazebo/share/turtlebot3_gazebo/local_setup.sh
[42.238s] -- Symlinking: /home/ros/turtlebot3/turtlebot3_simulations-2.2.5/install/turtlebot3_gazebo/share/turtlebot3_gazebo/local_setup.zsh
[42.251s] -- Symlinking: /home/ros/turtlebot3/turtlebot3_simulations-2.2.5/install/turtlebot3_gazebo/share/turtlebot3_gazebo/local_setup.dsv
[42.265s] -- Symlinking: /home/ros/turtlebot3/turtlebot3_simulations-2.2.5/install/turtlebot3_gazebo/share/turtlebot3_gazebo/package.dsv
[42.278s] -- Symlinking: /home/ros/turtlebot3/turtlebot3_simulations-2.2.5/install/turtlebot3_gazebo/share/ament_index/resource_index/packages/turtlebot3_gazebo
[42.295s] -- Symlinking: /home/ros/turtlebot3/turtlebot3_simulations-2.2.5/install/turtlebot3_gazebo/share/turtlebot3_gazebo/cmake/ament_cmake_export_include_directories-extras.cmake
[42.309s] -- Symlinking: /home/ros/turtlebot3/turtlebot3_simulations-2.2.5/install/turtlebot3_gazebo/share/turtlebot3_gazebo/cmake/ament_cmake_export_dependencies-extras.cmake
[42.322s] -- Symlinking: /home/ros/turtlebot3/turtlebot3_simulations-2.2.5/install/turtlebot3_gazebo/share/turtlebot3_gazebo/cmake/turtlebot3_gazeboConfig.cmake
[42.334s] -- Symlinking: /home/ros/turtlebot3/turtlebot3_simulations-2.2.5/install/turtlebot3_gazebo/share/turtlebot3_gazebo/cmake/turtlebot3_gazeboConfig-version.cmake
[42.348s] -- Symlinking: /home/ros/turtlebot3/turtlebot3_simulations-2.2.5/install/turtlebot3_gazebo/share/turtlebot3_gazebo/package.xml
[42.365s] Invoked command in '/home/ros/turtlebot3/turtlebot3_simulations-2.2.5/build/turtlebot3_gazebo' returned '0': CMAKE_PREFIX_PATH=${CMAKE_PREFIX_PATH}:/home/ros/turtlebot3/turtlebot3-2.1.5/install/turtlebot3_teleop:/home/ros/turtlebot3/turtlebot3-2.1.5/install/turtlebot3_example:/opt/ros/humble /usr/bin/cmake --install /home/ros/turtlebot3/turtlebot3_simulations-2.2.5/build/turtlebot3_gazebo
