[0.959s] DEBUG:colcon:Command line arguments: ['/usr/bin/colcon', 'build', '--symlink-install']
[0.959s] DEBUG:colcon:Parsed command line arguments: Namespace(log_base=None, log_level=None, verb_name='build', build_base='build', install_base='install', merge_install=False, symlink_install=True, test_result_base=None, continue_on_error=False, executor='parallel', parallel_workers=8, event_handlers=None, ignore_user_meta=False, metas=['./colcon.meta'], base_paths=['.'], packages_ignore=None, packages_ignore_regex=None, paths=None, packages_up_to=None, packages_up_to_regex=None, packages_above=None, packages_above_and_dependencies=None, packages_above_depth=None, packages_select_by_dep=None, packages_skip_by_dep=None, packages_skip_up_to=None, packages_select_build_failed=False, packages_skip_build_finished=False, packages_select_test_failures=False, packages_skip_test_passed=False, packages_select=None, packages_skip=None, packages_select_regex=None, packages_skip_regex=None, packages_start=None, packages_end=None, cmake_args=None, cmake_target=None, cmake_target_skip_unavailable=False, cmake_clean_cache=False, cmake_clean_first=False, cmake_force_configure=False, ament_cmake_args=None, catkin_cmake_args=None, catkin_skip_building_tests=False, mixin_files=None, mixin=None, verb_parser=<colcon_mixin.mixin.mixin_argument.MixinArgumentDecorator object at 0x7f58527c2b30>, verb_extension=<colcon_core.verb.build.BuildVerb object at 0x7f58527fdb40>, main=<bound method BuildVerb.main of <colcon_core.verb.build.BuildVerb object at 0x7f58527fdb40>>, mixin_verb=('build',))
[1.005s] Level 1:colcon.colcon_core.package_discovery:discover_packages(colcon_meta) check parameters
[1.005s] Level 1:colcon.colcon_core.package_discovery:discover_packages(recursive) check parameters
[1.005s] Level 1:colcon.colcon_core.package_discovery:discover_packages(ignore) check parameters
[1.005s] Level 1:colcon.colcon_core.package_discovery:discover_packages(path) check parameters
[1.005s] Level 1:colcon.colcon_core.package_discovery:discover_packages(colcon_meta) discover
[1.006s] Level 1:colcon.colcon_core.package_discovery:discover_packages(recursive) discover
[1.006s] INFO:colcon.colcon_core.package_discovery:Crawling recursively for packages in '/home/ros/turtlebot3/turtlebot3-2.1.5'
[1.006s] Level 1:colcon.colcon_core.package_identification:_identify(.) by extensions ['ignore', 'ignore_ament_install']
[1.006s] Level 1:colcon.colcon_core.package_identification:_identify(.) by extension 'ignore'
[1.006s] Level 1:colcon.colcon_core.package_identification:_identify(.) by extension 'ignore_ament_install'
[1.006s] Level 1:colcon.colcon_core.package_identification:_identify(.) by extensions ['colcon_pkg']
[1.006s] Level 1:colcon.colcon_core.package_identification:_identify(.) by extension 'colcon_pkg'
[1.006s] Level 1:colcon.colcon_core.package_identification:_identify(.) by extensions ['colcon_meta']
[1.006s] Level 1:colcon.colcon_core.package_identification:_identify(.) by extension 'colcon_meta'
[1.006s] Level 1:colcon.colcon_core.package_identification:_identify(.) by extensions ['ros']
[1.006s] Level 1:colcon.colcon_core.package_identification:_identify(.) by extension 'ros'
[1.016s] Level 1:colcon.colcon_core.package_identification:_identify(.) by extensions ['cmake', 'python']
[1.016s] Level 1:colcon.colcon_core.package_identification:_identify(.) by extension 'cmake'
[1.016s] Level 1:colcon.colcon_core.package_identification:_identify(.) by extension 'python'
[1.016s] Level 1:colcon.colcon_core.package_identification:_identify(.) by extensions ['python_setup_py']
[1.016s] Level 1:colcon.colcon_core.package_identification:_identify(.) by extension 'python_setup_py'
[1.016s] Level 1:colcon.colcon_core.package_identification:_identify(build) by extensions ['ignore', 'ignore_ament_install']
[1.016s] Level 1:colcon.colcon_core.package_identification:_identify(build) by extension 'ignore'
[1.016s] Level 1:colcon.colcon_core.package_identification:_identify(build) ignored
[1.017s] Level 1:colcon.colcon_core.package_identification:_identify(install) by extensions ['ignore', 'ignore_ament_install']
[1.017s] Level 1:colcon.colcon_core.package_identification:_identify(install) by extension 'ignore'
[1.017s] Level 1:colcon.colcon_core.package_identification:_identify(install) ignored
[1.017s] Level 1:colcon.colcon_core.package_identification:_identify(log) by extensions ['ignore', 'ignore_ament_install']
[1.017s] Level 1:colcon.colcon_core.package_identification:_identify(log) by extension 'ignore'
[1.017s] Level 1:colcon.colcon_core.package_identification:_identify(log) ignored
[1.017s] Level 1:colcon.colcon_core.package_identification:_identify(turtlebot3) by extensions ['ignore', 'ignore_ament_install']
[1.018s] Level 1:colcon.colcon_core.package_identification:_identify(turtlebot3) by extension 'ignore'
[1.018s] Level 1:colcon.colcon_core.package_identification:_identify(turtlebot3) by extension 'ignore_ament_install'
[1.018s] Level 1:colcon.colcon_core.package_identification:_identify(turtlebot3) by extensions ['colcon_pkg']
[1.018s] Level 1:colcon.colcon_core.package_identification:_identify(turtlebot3) by extension 'colcon_pkg'
[1.018s] Level 1:colcon.colcon_core.package_identification:_identify(turtlebot3) by extensions ['colcon_meta']
[1.018s] Level 1:colcon.colcon_core.package_identification:_identify(turtlebot3) by extension 'colcon_meta'
[1.018s] Level 1:colcon.colcon_core.package_identification:_identify(turtlebot3) by extensions ['ros']
[1.018s] Level 1:colcon.colcon_core.package_identification:_identify(turtlebot3) by extension 'ros'
[1.020s] DEBUG:colcon.colcon_core.package_identification:Package 'turtlebot3' with type 'ros.ament_cmake' and name 'turtlebot3'
[1.020s] Level 1:colcon.colcon_core.package_identification:_identify(turtlebot3_bringup) by extensions ['ignore', 'ignore_ament_install']
[1.020s] Level 1:colcon.colcon_core.package_identification:_identify(turtlebot3_bringup) by extension 'ignore'
[1.020s] Level 1:colcon.colcon_core.package_identification:_identify(turtlebot3_bringup) by extension 'ignore_ament_install'
[1.020s] Level 1:colcon.colcon_core.package_identification:_identify(turtlebot3_bringup) by extensions ['colcon_pkg']
[1.020s] Level 1:colcon.colcon_core.package_identification:_identify(turtlebot3_bringup) by extension 'colcon_pkg'
[1.020s] Level 1:colcon.colcon_core.package_identification:_identify(turtlebot3_bringup) by extensions ['colcon_meta']
[1.020s] Level 1:colcon.colcon_core.package_identification:_identify(turtlebot3_bringup) by extension 'colcon_meta'
[1.020s] Level 1:colcon.colcon_core.package_identification:_identify(turtlebot3_bringup) by extensions ['ros']
[1.021s] Level 1:colcon.colcon_core.package_identification:_identify(turtlebot3_bringup) by extension 'ros'
[1.021s] DEBUG:colcon.colcon_core.package_identification:Package 'turtlebot3_bringup' with type 'ros.ament_cmake' and name 'turtlebot3_bringup'
[1.021s] Level 1:colcon.colcon_core.package_identification:_identify(turtlebot3_cartographer) by extensions ['ignore', 'ignore_ament_install']
[1.021s] Level 1:colcon.colcon_core.package_identification:_identify(turtlebot3_cartographer) by extension 'ignore'
[1.021s] Level 1:colcon.colcon_core.package_identification:_identify(turtlebot3_cartographer) by extension 'ignore_ament_install'
[1.021s] Level 1:colcon.colcon_core.package_identification:_identify(turtlebot3_cartographer) by extensions ['colcon_pkg']
[1.021s] Level 1:colcon.colcon_core.package_identification:_identify(turtlebot3_cartographer) by extension 'colcon_pkg'
[1.021s] Level 1:colcon.colcon_core.package_identification:_identify(turtlebot3_cartographer) by extensions ['colcon_meta']
[1.021s] Level 1:colcon.colcon_core.package_identification:_identify(turtlebot3_cartographer) by extension 'colcon_meta'
[1.021s] Level 1:colcon.colcon_core.package_identification:_identify(turtlebot3_cartographer) by extensions ['ros']
[1.022s] Level 1:colcon.colcon_core.package_identification:_identify(turtlebot3_cartographer) by extension 'ros'
[1.022s] DEBUG:colcon.colcon_core.package_identification:Package 'turtlebot3_cartographer' with type 'ros.ament_cmake' and name 'turtlebot3_cartographer'
[1.022s] Level 1:colcon.colcon_core.package_identification:_identify(turtlebot3_description) by extensions ['ignore', 'ignore_ament_install']
[1.022s] Level 1:colcon.colcon_core.package_identification:_identify(turtlebot3_description) by extension 'ignore'
[1.022s] Level 1:colcon.colcon_core.package_identification:_identify(turtlebot3_description) by extension 'ignore_ament_install'
[1.022s] Level 1:colcon.colcon_core.package_identification:_identify(turtlebot3_description) by extensions ['colcon_pkg']
[1.022s] Level 1:colcon.colcon_core.package_identification:_identify(turtlebot3_description) by extension 'colcon_pkg'
[1.022s] Level 1:colcon.colcon_core.package_identification:_identify(turtlebot3_description) by extensions ['colcon_meta']
[1.022s] Level 1:colcon.colcon_core.package_identification:_identify(turtlebot3_description) by extension 'colcon_meta'
[1.022s] Level 1:colcon.colcon_core.package_identification:_identify(turtlebot3_description) by extensions ['ros']
[1.022s] Level 1:colcon.colcon_core.package_identification:_identify(turtlebot3_description) by extension 'ros'
[1.023s] DEBUG:colcon.colcon_core.package_identification:Package 'turtlebot3_description' with type 'ros.ament_cmake' and name 'turtlebot3_description'
[1.023s] Level 1:colcon.colcon_core.package_identification:_identify(turtlebot3_example) by extensions ['ignore', 'ignore_ament_install']
[1.023s] Level 1:colcon.colcon_core.package_identification:_identify(turtlebot3_example) by extension 'ignore'
[1.023s] Level 1:colcon.colcon_core.package_identification:_identify(turtlebot3_example) by extension 'ignore_ament_install'
[1.023s] Level 1:colcon.colcon_core.package_identification:_identify(turtlebot3_example) by extensions ['colcon_pkg']
[1.023s] Level 1:colcon.colcon_core.package_identification:_identify(turtlebot3_example) by extension 'colcon_pkg'
[1.023s] Level 1:colcon.colcon_core.package_identification:_identify(turtlebot3_example) by extensions ['colcon_meta']
[1.023s] Level 1:colcon.colcon_core.package_identification:_identify(turtlebot3_example) by extension 'colcon_meta'
[1.023s] Level 1:colcon.colcon_core.package_identification:_identify(turtlebot3_example) by extensions ['ros']
[1.023s] Level 1:colcon.colcon_core.package_identification:_identify(turtlebot3_example) by extension 'ros'
[1.024s] DEBUG:colcon.colcon_core.package_identification:Package 'turtlebot3_example' with type 'ros.ament_python' and name 'turtlebot3_example'
[1.024s] Level 1:colcon.colcon_core.package_identification:_identify(turtlebot3_navigation2) by extensions ['ignore', 'ignore_ament_install']
[1.024s] Level 1:colcon.colcon_core.package_identification:_identify(turtlebot3_navigation2) by extension 'ignore'
[1.024s] Level 1:colcon.colcon_core.package_identification:_identify(turtlebot3_navigation2) by extension 'ignore_ament_install'
[1.024s] Level 1:colcon.colcon_core.package_identification:_identify(turtlebot3_navigation2) by extensions ['colcon_pkg']
[1.024s] Level 1:colcon.colcon_core.package_identification:_identify(turtlebot3_navigation2) by extension 'colcon_pkg'
[1.024s] Level 1:colcon.colcon_core.package_identification:_identify(turtlebot3_navigation2) by extensions ['colcon_meta']
[1.024s] Level 1:colcon.colcon_core.package_identification:_identify(turtlebot3_navigation2) by extension 'colcon_meta'
[1.024s] Level 1:colcon.colcon_core.package_identification:_identify(turtlebot3_navigation2) by extensions ['ros']
[1.024s] Level 1:colcon.colcon_core.package_identification:_identify(turtlebot3_navigation2) by extension 'ros'
[1.025s] DEBUG:colcon.colcon_core.package_identification:Package 'turtlebot3_navigation2' with type 'ros.ament_cmake' and name 'turtlebot3_navigation2'
[1.025s] Level 1:colcon.colcon_core.package_identification:_identify(turtlebot3_node) by extensions ['ignore', 'ignore_ament_install']
[1.025s] Level 1:colcon.colcon_core.package_identification:_identify(turtlebot3_node) by extension 'ignore'
[1.025s] Level 1:colcon.colcon_core.package_identification:_identify(turtlebot3_node) by extension 'ignore_ament_install'
[1.025s] Level 1:colcon.colcon_core.package_identification:_identify(turtlebot3_node) by extensions ['colcon_pkg']
[1.025s] Level 1:colcon.colcon_core.package_identification:_identify(turtlebot3_node) by extension 'colcon_pkg'
[1.025s] Level 1:colcon.colcon_core.package_identification:_identify(turtlebot3_node) by extensions ['colcon_meta']
[1.025s] Level 1:colcon.colcon_core.package_identification:_identify(turtlebot3_node) by extension 'colcon_meta'
[1.025s] Level 1:colcon.colcon_core.package_identification:_identify(turtlebot3_node) by extensions ['ros']
[1.025s] Level 1:colcon.colcon_core.package_identification:_identify(turtlebot3_node) by extension 'ros'
[1.027s] DEBUG:colcon.colcon_core.package_identification:Package 'turtlebot3_node' with type 'ros.ament_cmake' and name 'turtlebot3_node'
[1.027s] Level 1:colcon.colcon_core.package_identification:_identify(turtlebot3_teleop) by extensions ['ignore', 'ignore_ament_install']
[1.027s] Level 1:colcon.colcon_core.package_identification:_identify(turtlebot3_teleop) by extension 'ignore'
[1.027s] Level 1:colcon.colcon_core.package_identification:_identify(turtlebot3_teleop) by extension 'ignore_ament_install'
[1.027s] Level 1:colcon.colcon_core.package_identification:_identify(turtlebot3_teleop) by extensions ['colcon_pkg']
[1.027s] Level 1:colcon.colcon_core.package_identification:_identify(turtlebot3_teleop) by extension 'colcon_pkg'
[1.027s] Level 1:colcon.colcon_core.package_identification:_identify(turtlebot3_teleop) by extensions ['colcon_meta']
[1.027s] Level 1:colcon.colcon_core.package_identification:_identify(turtlebot3_teleop) by extension 'colcon_meta'
[1.027s] Level 1:colcon.colcon_core.package_identification:_identify(turtlebot3_teleop) by extensions ['ros']
[1.027s] Level 1:colcon.colcon_core.package_identification:_identify(turtlebot3_teleop) by extension 'ros'
[1.028s] DEBUG:colcon.colcon_core.package_identification:Package 'turtlebot3_teleop' with type 'ros.ament_python' and name 'turtlebot3_teleop'
[1.028s] Level 1:colcon.colcon_core.package_discovery:discover_packages(recursive) using defaults
[1.028s] Level 1:colcon.colcon_core.package_discovery:discover_packages(ignore) discover
[1.028s] Level 1:colcon.colcon_core.package_discovery:discover_packages(ignore) using defaults
[1.028s] Level 1:colcon.colcon_core.package_discovery:discover_packages(path) discover
[1.028s] Level 1:colcon.colcon_core.package_discovery:discover_packages(path) using defaults
[1.096s] Level 5:colcon.colcon_core.verb:set package 'turtlebot3_cartographer' build argument 'cmake_args' from command line to 'None'
[1.096s] Level 5:colcon.colcon_core.verb:set package 'turtlebot3_cartographer' build argument 'cmake_target' from command line to 'None'
[1.096s] Level 5:colcon.colcon_core.verb:set package 'turtlebot3_cartographer' build argument 'cmake_target_skip_unavailable' from command line to 'False'
[1.096s] Level 5:colcon.colcon_core.verb:set package 'turtlebot3_cartographer' build argument 'cmake_clean_cache' from command line to 'False'
[1.096s] Level 5:colcon.colcon_core.verb:set package 'turtlebot3_cartographer' build argument 'cmake_clean_first' from command line to 'False'
[1.096s] Level 5:colcon.colcon_core.verb:set package 'turtlebot3_cartographer' build argument 'cmake_force_configure' from command line to 'False'
[1.096s] Level 5:colcon.colcon_core.verb:set package 'turtlebot3_cartographer' build argument 'ament_cmake_args' from command line to 'None'
[1.096s] Level 5:colcon.colcon_core.verb:set package 'turtlebot3_cartographer' build argument 'catkin_cmake_args' from command line to 'None'
[1.096s] Level 5:colcon.colcon_core.verb:set package 'turtlebot3_cartographer' build argument 'catkin_skip_building_tests' from command line to 'False'
[1.096s] DEBUG:colcon.colcon_core.verb:Building package 'turtlebot3_cartographer' with the following arguments: {'ament_cmake_args': None, 'build_base': '/home/ros/turtlebot3/turtlebot3-2.1.5/build/turtlebot3_cartographer', 'catkin_cmake_args': None, 'catkin_skip_building_tests': False, 'cmake_args': None, 'cmake_clean_cache': False, 'cmake_clean_first': False, 'cmake_force_configure': False, 'cmake_target': None, 'cmake_target_skip_unavailable': False, 'install_base': '/home/ros/turtlebot3/turtlebot3-2.1.5/install/turtlebot3_cartographer', 'merge_install': False, 'path': '/home/ros/turtlebot3/turtlebot3-2.1.5/turtlebot3_cartographer', 'symlink_install': True, 'test_result_base': None}
[1.107s] Level 5:colcon.colcon_core.verb:set package 'turtlebot3_description' build argument 'cmake_args' from command line to 'None'
[1.107s] Level 5:colcon.colcon_core.verb:set package 'turtlebot3_description' build argument 'cmake_target' from command line to 'None'
[1.107s] Level 5:colcon.colcon_core.verb:set package 'turtlebot3_description' build argument 'cmake_target_skip_unavailable' from command line to 'False'
[1.107s] Level 5:colcon.colcon_core.verb:set package 'turtlebot3_description' build argument 'cmake_clean_cache' from command line to 'False'
[1.107s] Level 5:colcon.colcon_core.verb:set package 'turtlebot3_description' build argument 'cmake_clean_first' from command line to 'False'
[1.107s] Level 5:colcon.colcon_core.verb:set package 'turtlebot3_description' build argument 'cmake_force_configure' from command line to 'False'
[1.107s] Level 5:colcon.colcon_core.verb:set package 'turtlebot3_description' build argument 'ament_cmake_args' from command line to 'None'
[1.107s] Level 5:colcon.colcon_core.verb:set package 'turtlebot3_description' build argument 'catkin_cmake_args' from command line to 'None'
[1.107s] Level 5:colcon.colcon_core.verb:set package 'turtlebot3_description' build argument 'catkin_skip_building_tests' from command line to 'False'
[1.108s] DEBUG:colcon.colcon_core.verb:Building package 'turtlebot3_description' with the following arguments: {'ament_cmake_args': None, 'build_base': '/home/ros/turtlebot3/turtlebot3-2.1.5/build/turtlebot3_description', 'catkin_cmake_args': None, 'catkin_skip_building_tests': False, 'cmake_args': None, 'cmake_clean_cache': False, 'cmake_clean_first': False, 'cmake_force_configure': False, 'cmake_target': None, 'cmake_target_skip_unavailable': False, 'install_base': '/home/ros/turtlebot3/turtlebot3-2.1.5/install/turtlebot3_description', 'merge_install': False, 'path': '/home/ros/turtlebot3/turtlebot3-2.1.5/turtlebot3_description', 'symlink_install': True, 'test_result_base': None}
[1.118s] Level 5:colcon.colcon_core.verb:set package 'turtlebot3_example' build argument 'cmake_args' from command line to 'None'
[1.118s] Level 5:colcon.colcon_core.verb:set package 'turtlebot3_example' build argument 'cmake_target' from command line to 'None'
[1.118s] Level 5:colcon.colcon_core.verb:set package 'turtlebot3_example' build argument 'cmake_target_skip_unavailable' from command line to 'False'
[1.118s] Level 5:colcon.colcon_core.verb:set package 'turtlebot3_example' build argument 'cmake_clean_cache' from command line to 'False'
[1.118s] Level 5:colcon.colcon_core.verb:set package 'turtlebot3_example' build argument 'cmake_clean_first' from command line to 'False'
[1.118s] Level 5:colcon.colcon_core.verb:set package 'turtlebot3_example' build argument 'cmake_force_configure' from command line to 'False'
[1.118s] Level 5:colcon.colcon_core.verb:set package 'turtlebot3_example' build argument 'ament_cmake_args' from command line to 'None'
[1.118s] Level 5:colcon.colcon_core.verb:set package 'turtlebot3_example' build argument 'catkin_cmake_args' from command line to 'None'
[1.119s] Level 5:colcon.colcon_core.verb:set package 'turtlebot3_example' build argument 'catkin_skip_building_tests' from command line to 'False'
[1.119s] DEBUG:colcon.colcon_core.verb:Building package 'turtlebot3_example' with the following arguments: {'ament_cmake_args': None, 'build_base': '/home/ros/turtlebot3/turtlebot3-2.1.5/build/turtlebot3_example', 'catkin_cmake_args': None, 'catkin_skip_building_tests': False, 'cmake_args': None, 'cmake_clean_cache': False, 'cmake_clean_first': False, 'cmake_force_configure': False, 'cmake_target': None, 'cmake_target_skip_unavailable': False, 'install_base': '/home/ros/turtlebot3/turtlebot3-2.1.5/install/turtlebot3_example', 'merge_install': False, 'path': '/home/ros/turtlebot3/turtlebot3-2.1.5/turtlebot3_example', 'symlink_install': True, 'test_result_base': None}
[1.130s] Level 5:colcon.colcon_core.verb:set package 'turtlebot3_navigation2' build argument 'cmake_args' from command line to 'None'
[1.130s] Level 5:colcon.colcon_core.verb:set package 'turtlebot3_navigation2' build argument 'cmake_target' from command line to 'None'
[1.130s] Level 5:colcon.colcon_core.verb:set package 'turtlebot3_navigation2' build argument 'cmake_target_skip_unavailable' from command line to 'False'
[1.130s] Level 5:colcon.colcon_core.verb:set package 'turtlebot3_navigation2' build argument 'cmake_clean_cache' from command line to 'False'
[1.130s] Level 5:colcon.colcon_core.verb:set package 'turtlebot3_navigation2' build argument 'cmake_clean_first' from command line to 'False'
[1.130s] Level 5:colcon.colcon_core.verb:set package 'turtlebot3_navigation2' build argument 'cmake_force_configure' from command line to 'False'
[1.130s] Level 5:colcon.colcon_core.verb:set package 'turtlebot3_navigation2' build argument 'ament_cmake_args' from command line to 'None'
[1.130s] Level 5:colcon.colcon_core.verb:set package 'turtlebot3_navigation2' build argument 'catkin_cmake_args' from command line to 'None'
[1.130s] Level 5:colcon.colcon_core.verb:set package 'turtlebot3_navigation2' build argument 'catkin_skip_building_tests' from command line to 'False'
[1.130s] DEBUG:colcon.colcon_core.verb:Building package 'turtlebot3_navigation2' with the following arguments: {'ament_cmake_args': None, 'build_base': '/home/ros/turtlebot3/turtlebot3-2.1.5/build/turtlebot3_navigation2', 'catkin_cmake_args': None, 'catkin_skip_building_tests': False, 'cmake_args': None, 'cmake_clean_cache': False, 'cmake_clean_first': False, 'cmake_force_configure': False, 'cmake_target': None, 'cmake_target_skip_unavailable': False, 'install_base': '/home/ros/turtlebot3/turtlebot3-2.1.5/install/turtlebot3_navigation2', 'merge_install': False, 'path': '/home/ros/turtlebot3/turtlebot3-2.1.5/turtlebot3_navigation2', 'symlink_install': True, 'test_result_base': None}
[1.140s] Level 5:colcon.colcon_core.verb:set package 'turtlebot3_node' build argument 'cmake_args' from command line to 'None'
[1.140s] Level 5:colcon.colcon_core.verb:set package 'turtlebot3_node' build argument 'cmake_target' from command line to 'None'
[1.140s] Level 5:colcon.colcon_core.verb:set package 'turtlebot3_node' build argument 'cmake_target_skip_unavailable' from command line to 'False'
[1.140s] Level 5:colcon.colcon_core.verb:set package 'turtlebot3_node' build argument 'cmake_clean_cache' from command line to 'False'
[1.140s] Level 5:colcon.colcon_core.verb:set package 'turtlebot3_node' build argument 'cmake_clean_first' from command line to 'False'
[1.140s] Level 5:colcon.colcon_core.verb:set package 'turtlebot3_node' build argument 'cmake_force_configure' from command line to 'False'
[1.140s] Level 5:colcon.colcon_core.verb:set package 'turtlebot3_node' build argument 'ament_cmake_args' from command line to 'None'
[1.140s] Level 5:colcon.colcon_core.verb:set package 'turtlebot3_node' build argument 'catkin_cmake_args' from command line to 'None'
[1.140s] Level 5:colcon.colcon_core.verb:set package 'turtlebot3_node' build argument 'catkin_skip_building_tests' from command line to 'False'
[1.140s] DEBUG:colcon.colcon_core.verb:Building package 'turtlebot3_node' with the following arguments: {'ament_cmake_args': None, 'build_base': '/home/ros/turtlebot3/turtlebot3-2.1.5/build/turtlebot3_node', 'catkin_cmake_args': None, 'catkin_skip_building_tests': False, 'cmake_args': None, 'cmake_clean_cache': False, 'cmake_clean_first': False, 'cmake_force_configure': False, 'cmake_target': None, 'cmake_target_skip_unavailable': False, 'install_base': '/home/ros/turtlebot3/turtlebot3-2.1.5/install/turtlebot3_node', 'merge_install': False, 'path': '/home/ros/turtlebot3/turtlebot3-2.1.5/turtlebot3_node', 'symlink_install': True, 'test_result_base': None}
[1.151s] Level 5:colcon.colcon_core.verb:set package 'turtlebot3_teleop' build argument 'cmake_args' from command line to 'None'
[1.151s] Level 5:colcon.colcon_core.verb:set package 'turtlebot3_teleop' build argument 'cmake_target' from command line to 'None'
[1.151s] Level 5:colcon.colcon_core.verb:set package 'turtlebot3_teleop' build argument 'cmake_target_skip_unavailable' from command line to 'False'
[1.151s] Level 5:colcon.colcon_core.verb:set package 'turtlebot3_teleop' build argument 'cmake_clean_cache' from command line to 'False'
[1.151s] Level 5:colcon.colcon_core.verb:set package 'turtlebot3_teleop' build argument 'cmake_clean_first' from command line to 'False'
[1.151s] Level 5:colcon.colcon_core.verb:set package 'turtlebot3_teleop' build argument 'cmake_force_configure' from command line to 'False'
[1.151s] Level 5:colcon.colcon_core.verb:set package 'turtlebot3_teleop' build argument 'ament_cmake_args' from command line to 'None'
[1.151s] Level 5:colcon.colcon_core.verb:set package 'turtlebot3_teleop' build argument 'catkin_cmake_args' from command line to 'None'
[1.151s] Level 5:colcon.colcon_core.verb:set package 'turtlebot3_teleop' build argument 'catkin_skip_building_tests' from command line to 'False'
[1.151s] DEBUG:colcon.colcon_core.verb:Building package 'turtlebot3_teleop' with the following arguments: {'ament_cmake_args': None, 'build_base': '/home/ros/turtlebot3/turtlebot3-2.1.5/build/turtlebot3_teleop', 'catkin_cmake_args': None, 'catkin_skip_building_tests': False, 'cmake_args': None, 'cmake_clean_cache': False, 'cmake_clean_first': False, 'cmake_force_configure': False, 'cmake_target': None, 'cmake_target_skip_unavailable': False, 'install_base': '/home/ros/turtlebot3/turtlebot3-2.1.5/install/turtlebot3_teleop', 'merge_install': False, 'path': '/home/ros/turtlebot3/turtlebot3-2.1.5/turtlebot3_teleop', 'symlink_install': True, 'test_result_base': None}
[1.163s] Level 5:colcon.colcon_core.verb:set package 'turtlebot3_bringup' build argument 'cmake_args' from command line to 'None'
[1.163s] Level 5:colcon.colcon_core.verb:set package 'turtlebot3_bringup' build argument 'cmake_target' from command line to 'None'
[1.163s] Level 5:colcon.colcon_core.verb:set package 'turtlebot3_bringup' build argument 'cmake_target_skip_unavailable' from command line to 'False'
[1.163s] Level 5:colcon.colcon_core.verb:set package 'turtlebot3_bringup' build argument 'cmake_clean_cache' from command line to 'False'
[1.163s] Level 5:colcon.colcon_core.verb:set package 'turtlebot3_bringup' build argument 'cmake_clean_first' from command line to 'False'
[1.164s] Level 5:colcon.colcon_core.verb:set package 'turtlebot3_bringup' build argument 'cmake_force_configure' from command line to 'False'
[1.164s] Level 5:colcon.colcon_core.verb:set package 'turtlebot3_bringup' build argument 'ament_cmake_args' from command line to 'None'
[1.164s] Level 5:colcon.colcon_core.verb:set package 'turtlebot3_bringup' build argument 'catkin_cmake_args' from command line to 'None'
[1.164s] Level 5:colcon.colcon_core.verb:set package 'turtlebot3_bringup' build argument 'catkin_skip_building_tests' from command line to 'False'
[1.164s] DEBUG:colcon.colcon_core.verb:Building package 'turtlebot3_bringup' with the following arguments: {'ament_cmake_args': None, 'build_base': '/home/ros/turtlebot3/turtlebot3-2.1.5/build/turtlebot3_bringup', 'catkin_cmake_args': None, 'catkin_skip_building_tests': False, 'cmake_args': None, 'cmake_clean_cache': False, 'cmake_clean_first': False, 'cmake_force_configure': False, 'cmake_target': None, 'cmake_target_skip_unavailable': False, 'install_base': '/home/ros/turtlebot3/turtlebot3-2.1.5/install/turtlebot3_bringup', 'merge_install': False, 'path': '/home/ros/turtlebot3/turtlebot3-2.1.5/turtlebot3_bringup', 'symlink_install': True, 'test_result_base': None}
[1.174s] Level 5:colcon.colcon_core.verb:set package 'turtlebot3' build argument 'cmake_args' from command line to 'None'
[1.175s] Level 5:colcon.colcon_core.verb:set package 'turtlebot3' build argument 'cmake_target' from command line to 'None'
[1.175s] Level 5:colcon.colcon_core.verb:set package 'turtlebot3' build argument 'cmake_target_skip_unavailable' from command line to 'False'
[1.175s] Level 5:colcon.colcon_core.verb:set package 'turtlebot3' build argument 'cmake_clean_cache' from command line to 'False'
[1.175s] Level 5:colcon.colcon_core.verb:set package 'turtlebot3' build argument 'cmake_clean_first' from command line to 'False'
[1.175s] Level 5:colcon.colcon_core.verb:set package 'turtlebot3' build argument 'cmake_force_configure' from command line to 'False'
[1.175s] Level 5:colcon.colcon_core.verb:set package 'turtlebot3' build argument 'ament_cmake_args' from command line to 'None'
[1.175s] Level 5:colcon.colcon_core.verb:set package 'turtlebot3' build argument 'catkin_cmake_args' from command line to 'None'
[1.175s] Level 5:colcon.colcon_core.verb:set package 'turtlebot3' build argument 'catkin_skip_building_tests' from command line to 'False'
[1.175s] DEBUG:colcon.colcon_core.verb:Building package 'turtlebot3' with the following arguments: {'ament_cmake_args': None, 'build_base': '/home/ros/turtlebot3/turtlebot3-2.1.5/build/turtlebot3', 'catkin_cmake_args': None, 'catkin_skip_building_tests': False, 'cmake_args': None, 'cmake_clean_cache': False, 'cmake_clean_first': False, 'cmake_force_configure': False, 'cmake_target': None, 'cmake_target_skip_unavailable': False, 'install_base': '/home/ros/turtlebot3/turtlebot3-2.1.5/install/turtlebot3', 'merge_install': False, 'path': '/home/ros/turtlebot3/turtlebot3-2.1.5/turtlebot3', 'symlink_install': True, 'test_result_base': None}
[1.185s] INFO:colcon.colcon_core.executor:Executing jobs using 'parallel' executor
[1.196s] DEBUG:colcon.colcon_parallel_executor.executor.parallel:run_until_complete
[1.197s] INFO:colcon.colcon_ros.task.ament_cmake.build:Building ROS package in '/home/ros/turtlebot3/turtlebot3-2.1.5/turtlebot3_description' with build type 'ament_cmake'
[1.197s] INFO:colcon.colcon_cmake.task.cmake.build:Building CMake package in '/home/ros/turtlebot3/turtlebot3-2.1.5/turtlebot3_description'
[1.248s] INFO:colcon.colcon_core.plugin_system:Skipping extension 'colcon_core.shell.bat': Not used on non-Windows systems
[1.248s] INFO:colcon.colcon_core.shell:Skip shell extension 'powershell' for command environment: Not usable outside of PowerShell
[1.249s] DEBUG:colcon.colcon_core.shell:Skip shell extension 'dsv' for command environment
[1.317s] INFO:colcon.colcon_ros.task.ament_cmake.build:Building ROS package in '/home/ros/turtlebot3/turtlebot3-2.1.5/turtlebot3_node' with build type 'ament_cmake'
[1.317s] INFO:colcon.colcon_cmake.task.cmake.build:Building CMake package in '/home/ros/turtlebot3/turtlebot3-2.1.5/turtlebot3_node'
[1.330s] INFO:colcon.colcon_core.shell:Skip shell extension 'powershell' for command environment: Not usable outside of PowerShell
[1.330s] DEBUG:colcon.colcon_core.shell:Skip shell extension 'dsv' for command environment
[1.398s] INFO:colcon.colcon_ros.task.ament_cmake.build:Building ROS package in '/home/ros/turtlebot3/turtlebot3-2.1.5/turtlebot3_cartographer' with build type 'ament_cmake'
[1.399s] INFO:colcon.colcon_cmake.task.cmake.build:Building CMake package in '/home/ros/turtlebot3/turtlebot3-2.1.5/turtlebot3_cartographer'
[1.410s] INFO:colcon.colcon_core.shell:Skip shell extension 'powershell' for command environment: Not usable outside of PowerShell
[1.410s] DEBUG:colcon.colcon_core.shell:Skip shell extension 'dsv' for command environment
[1.480s] INFO:colcon.colcon_ros.task.ament_python.build:Building ROS package in '/home/ros/turtlebot3/turtlebot3-2.1.5/turtlebot3_example' with build type 'ament_python'
[1.481s] Level 1:colcon.colcon_core.shell:create_environment_hook('turtlebot3_example', 'ament_prefix_path')
[1.492s] INFO:colcon.colcon_core.shell:Creating environment hook '/home/ros/turtlebot3/turtlebot3-2.1.5/install/turtlebot3_example/share/turtlebot3_example/hook/ament_prefix_path.ps1'
[1.493s] INFO:colcon.colcon_core.shell:Creating environment descriptor '/home/ros/turtlebot3/turtlebot3-2.1.5/install/turtlebot3_example/share/turtlebot3_example/hook/ament_prefix_path.dsv'
[1.494s] INFO:colcon.colcon_core.shell:Creating environment hook '/home/ros/turtlebot3/turtlebot3-2.1.5/install/turtlebot3_example/share/turtlebot3_example/hook/ament_prefix_path.sh'
[1.507s] INFO:colcon.colcon_core.shell:Skip shell extension 'powershell' for command environment: Not usable outside of PowerShell
[1.507s] DEBUG:colcon.colcon_core.shell:Skip shell extension 'dsv' for command environment
[1.608s] INFO:colcon.colcon_ros.task.ament_cmake.build:Building ROS package in '/home/ros/turtlebot3/turtlebot3-2.1.5/turtlebot3_navigation2' with build type 'ament_cmake'
[1.609s] INFO:colcon.colcon_cmake.task.cmake.build:Building CMake package in '/home/ros/turtlebot3/turtlebot3-2.1.5/turtlebot3_navigation2'
[1.620s] INFO:colcon.colcon_core.shell:Skip shell extension 'powershell' for command environment: Not usable outside of PowerShell
[1.620s] DEBUG:colcon.colcon_core.shell:Skip shell extension 'dsv' for command environment
[1.690s] INFO:colcon.colcon_ros.task.ament_python.build:Building ROS package in '/home/ros/turtlebot3/turtlebot3-2.1.5/turtlebot3_teleop' with build type 'ament_python'
[1.691s] Level 1:colcon.colcon_core.shell:create_environment_hook('turtlebot3_teleop', 'ament_prefix_path')
[1.702s] INFO:colcon.colcon_core.shell:Creating environment hook '/home/ros/turtlebot3/turtlebot3-2.1.5/install/turtlebot3_teleop/share/turtlebot3_teleop/hook/ament_prefix_path.ps1'
[1.703s] INFO:colcon.colcon_core.shell:Creating environment descriptor '/home/ros/turtlebot3/turtlebot3-2.1.5/install/turtlebot3_teleop/share/turtlebot3_teleop/hook/ament_prefix_path.dsv'
[1.703s] INFO:colcon.colcon_core.shell:Creating environment hook '/home/ros/turtlebot3/turtlebot3-2.1.5/install/turtlebot3_teleop/share/turtlebot3_teleop/hook/ament_prefix_path.sh'
[1.717s] INFO:colcon.colcon_core.shell:Skip shell extension 'powershell' for command environment: Not usable outside of PowerShell
[1.717s] DEBUG:colcon.colcon_core.shell:Skip shell extension 'dsv' for command environment
[1.794s] DEBUG:colcon.colcon_core.event_handler.log_command:Invoking command in '/home/ros/turtlebot3/turtlebot3-2.1.5/build/turtlebot3_description': CMAKE_PREFIX_PATH=${CMAKE_PREFIX_PATH}:/opt/ros/humble /usr/bin/cmake --build /home/ros/turtlebot3/turtlebot3-2.1.5/build/turtlebot3_description -- -j8 -l8
[1.798s] DEBUG:colcon.colcon_core.event_handler.log_command:Invoking command in '/home/ros/turtlebot3/turtlebot3-2.1.5/build/turtlebot3_node': CMAKE_PREFIX_PATH=${CMAKE_PREFIX_PATH}:/opt/ros/humble /usr/bin/cmake --build /home/ros/turtlebot3/turtlebot3-2.1.5/build/turtlebot3_node -- -j8 -l8
[1.801s] DEBUG:colcon.colcon_core.event_handler.log_command:Invoking command in '/home/ros/turtlebot3/turtlebot3-2.1.5/build/turtlebot3_cartographer': CMAKE_PREFIX_PATH=${CMAKE_PREFIX_PATH}:/opt/ros/humble /usr/bin/cmake --build /home/ros/turtlebot3/turtlebot3-2.1.5/build/turtlebot3_cartographer -- -j8 -l8
[2.053s] INFO:colcon.colcon_core.task.python.build:Building Python package in '/home/ros/turtlebot3/turtlebot3-2.1.5/turtlebot3_example'
[2.063s] INFO:colcon.colcon_core.shell:Skip shell extension 'powershell' for command environment: Not usable outside of PowerShell
[2.064s] DEBUG:colcon.colcon_core.shell:Skip shell extension 'dsv' for command environment
[2.152s] DEBUG:colcon.colcon_core.event_handler.log_command:Invoking command in '/home/ros/turtlebot3/turtlebot3-2.1.5/build/turtlebot3_navigation2': CMAKE_PREFIX_PATH=${CMAKE_PREFIX_PATH}:/opt/ros/humble /usr/bin/cmake --build /home/ros/turtlebot3/turtlebot3-2.1.5/build/turtlebot3_navigation2 -- -j8 -l8
[2.155s] DEBUG:colcon.colcon_core.event_handler.log_command:Invoked command in '/home/ros/turtlebot3/turtlebot3-2.1.5/build/turtlebot3_cartographer' returned '0': CMAKE_PREFIX_PATH=${CMAKE_PREFIX_PATH}:/opt/ros/humble /usr/bin/cmake --build /home/ros/turtlebot3/turtlebot3-2.1.5/build/turtlebot3_cartographer -- -j8 -l8
[2.375s] INFO:colcon.colcon_core.task.python.build:Building Python package in '/home/ros/turtlebot3/turtlebot3-2.1.5/turtlebot3_teleop'
[2.385s] INFO:colcon.colcon_core.shell:Skip shell extension 'powershell' for command environment: Not usable outside of PowerShell
[2.385s] DEBUG:colcon.colcon_core.shell:Skip shell extension 'dsv' for command environment
[2.456s] DEBUG:colcon.colcon_core.event_handler.log_command:Invoked command in '/home/ros/turtlebot3/turtlebot3-2.1.5/build/turtlebot3_description' returned '0': CMAKE_PREFIX_PATH=${CMAKE_PREFIX_PATH}:/opt/ros/humble /usr/bin/cmake --build /home/ros/turtlebot3/turtlebot3-2.1.5/build/turtlebot3_description -- -j8 -l8
[2.457s] DEBUG:colcon.colcon_core.event_handler.log_command:Invoked command in '/home/ros/turtlebot3/turtlebot3-2.1.5/build/turtlebot3_node' returned '0': CMAKE_PREFIX_PATH=${CMAKE_PREFIX_PATH}:/opt/ros/humble /usr/bin/cmake --build /home/ros/turtlebot3/turtlebot3-2.1.5/build/turtlebot3_node -- -j8 -l8
[2.478s] DEBUG:colcon.colcon_core.event_handler.log_command:Invoked command in '/home/ros/turtlebot3/turtlebot3-2.1.5/build/turtlebot3_navigation2' returned '0': CMAKE_PREFIX_PATH=${CMAKE_PREFIX_PATH}:/opt/ros/humble /usr/bin/cmake --build /home/ros/turtlebot3/turtlebot3-2.1.5/build/turtlebot3_navigation2 -- -j8 -l8
[2.488s] DEBUG:colcon.colcon_core.event_handler.log_command:Invoking command in '/home/ros/turtlebot3/turtlebot3-2.1.5/build/turtlebot3_cartographer': CMAKE_PREFIX_PATH=${CMAKE_PREFIX_PATH}:/opt/ros/humble /usr/bin/cmake --install /home/ros/turtlebot3/turtlebot3-2.1.5/build/turtlebot3_cartographer
[2.492s] DEBUG:colcon.colcon_core.event_handler.log_command:Invoking command in '/home/ros/turtlebot3/turtlebot3-2.1.5/build/turtlebot3_description': CMAKE_PREFIX_PATH=${CMAKE_PREFIX_PATH}:/opt/ros/humble /usr/bin/cmake --install /home/ros/turtlebot3/turtlebot3-2.1.5/build/turtlebot3_description
[2.510s] DEBUG:colcon.colcon_core.event_handler.log_command:Invoking command in '/home/ros/turtlebot3/turtlebot3-2.1.5/build/turtlebot3_navigation2': CMAKE_PREFIX_PATH=${CMAKE_PREFIX_PATH}:/opt/ros/humble /usr/bin/cmake --install /home/ros/turtlebot3/turtlebot3-2.1.5/build/turtlebot3_navigation2
[2.522s] Level 1:colcon.colcon_core.environment:create_environment_scripts_only(turtlebot3_cartographer)
[2.523s] DEBUG:colcon.colcon_core.event_handler.log_command:Invoked command in '/home/ros/turtlebot3/turtlebot3-2.1.5/build/turtlebot3_cartographer' returned '0': CMAKE_PREFIX_PATH=${CMAKE_PREFIX_PATH}:/opt/ros/humble /usr/bin/cmake --install /home/ros/turtlebot3/turtlebot3-2.1.5/build/turtlebot3_cartographer
[2.552s] Level 1:colcon.colcon_core.environment:checking '/home/ros/turtlebot3/turtlebot3-2.1.5/install/turtlebot3_cartographer' for CMake module files
[2.553s] Level 1:colcon.colcon_core.environment:checking '/home/ros/turtlebot3/turtlebot3-2.1.5/install/turtlebot3_cartographer' for CMake config files
[2.554s] Level 1:colcon.colcon_core.shell:create_environment_hook('turtlebot3_cartographer', 'cmake_prefix_path')
[2.575s] INFO:colcon.colcon_core.shell:Creating environment hook '/home/ros/turtlebot3/turtlebot3-2.1.5/install/turtlebot3_cartographer/share/turtlebot3_cartographer/hook/cmake_prefix_path.ps1'
[2.576s] INFO:colcon.colcon_core.shell:Creating environment descriptor '/home/ros/turtlebot3/turtlebot3-2.1.5/install/turtlebot3_cartographer/share/turtlebot3_cartographer/hook/cmake_prefix_path.dsv'
[2.576s] INFO:colcon.colcon_core.shell:Creating environment hook '/home/ros/turtlebot3/turtlebot3-2.1.5/install/turtlebot3_cartographer/share/turtlebot3_cartographer/hook/cmake_prefix_path.sh'
[2.577s] Level 1:colcon.colcon_core.environment:checking '/home/ros/turtlebot3/turtlebot3-2.1.5/install/turtlebot3_cartographer/bin'
[2.577s] Level 1:colcon.colcon_core.environment:checking '/home/ros/turtlebot3/turtlebot3-2.1.5/install/turtlebot3_cartographer/lib/pkgconfig/turtlebot3_cartographer.pc'
[2.578s] Level 1:colcon.colcon_core.environment:checking '/home/ros/turtlebot3/turtlebot3-2.1.5/install/turtlebot3_cartographer/lib/python3.10/site-packages'
[2.578s] Level 1:colcon.colcon_core.environment:checking '/home/ros/turtlebot3/turtlebot3-2.1.5/install/turtlebot3_cartographer/bin'
[2.598s] INFO:colcon.colcon_core.shell:Creating package script '/home/ros/turtlebot3/turtlebot3-2.1.5/install/turtlebot3_cartographer/share/turtlebot3_cartographer/package.ps1'
[2.599s] INFO:colcon.colcon_core.shell:Creating package descriptor '/home/ros/turtlebot3/turtlebot3-2.1.5/install/turtlebot3_cartographer/share/turtlebot3_cartographer/package.dsv'
[2.599s] INFO:colcon.colcon_core.shell:Creating package script '/home/ros/turtlebot3/turtlebot3-2.1.5/install/turtlebot3_cartographer/share/turtlebot3_cartographer/package.sh'
[2.600s] INFO:colcon.colcon_core.shell:Creating package script '/home/ros/turtlebot3/turtlebot3-2.1.5/install/turtlebot3_cartographer/share/turtlebot3_cartographer/package.bash'
[2.600s] INFO:colcon.colcon_core.shell:Creating package script '/home/ros/turtlebot3/turtlebot3-2.1.5/install/turtlebot3_cartographer/share/turtlebot3_cartographer/package.zsh'
[2.601s] Level 1:colcon.colcon_core.environment:create_file_with_runtime_dependencies(/home/ros/turtlebot3/turtlebot3-2.1.5/install/turtlebot3_cartographer/share/colcon-core/packages/turtlebot3_cartographer)
[2.604s] DEBUG:colcon.colcon_core.event_handler.log_command:Invoking command in '/home/ros/turtlebot3/turtlebot3-2.1.5/build/turtlebot3_node': CMAKE_PREFIX_PATH=${CMAKE_PREFIX_PATH}:/opt/ros/humble /usr/bin/cmake --install /home/ros/turtlebot3/turtlebot3-2.1.5/build/turtlebot3_node
[2.605s] Level 1:colcon.colcon_core.environment:create_environment_scripts_only(turtlebot3_description)
[2.607s] DEBUG:colcon.colcon_core.event_handler.log_command:Invoked command in '/home/ros/turtlebot3/turtlebot3-2.1.5/build/turtlebot3_description' returned '0': CMAKE_PREFIX_PATH=${CMAKE_PREFIX_PATH}:/opt/ros/humble /usr/bin/cmake --install /home/ros/turtlebot3/turtlebot3-2.1.5/build/turtlebot3_description
[2.631s] Level 1:colcon.colcon_core.environment:checking '/home/ros/turtlebot3/turtlebot3-2.1.5/install/turtlebot3_description' for CMake module files
[2.631s] Level 1:colcon.colcon_core.environment:checking '/home/ros/turtlebot3/turtlebot3-2.1.5/install/turtlebot3_description' for CMake config files
[2.632s] Level 1:colcon.colcon_core.shell:create_environment_hook('turtlebot3_description', 'cmake_prefix_path')
[2.644s] INFO:colcon.colcon_core.shell:Creating environment hook '/home/ros/turtlebot3/turtlebot3-2.1.5/install/turtlebot3_description/share/turtlebot3_description/hook/cmake_prefix_path.ps1'
[2.645s] INFO:colcon.colcon_core.shell:Creating environment descriptor '/home/ros/turtlebot3/turtlebot3-2.1.5/install/turtlebot3_description/share/turtlebot3_description/hook/cmake_prefix_path.dsv'
[2.645s] INFO:colcon.colcon_core.shell:Creating environment hook '/home/ros/turtlebot3/turtlebot3-2.1.5/install/turtlebot3_description/share/turtlebot3_description/hook/cmake_prefix_path.sh'
[2.645s] Level 1:colcon.colcon_core.environment:checking '/home/ros/turtlebot3/turtlebot3-2.1.5/install/turtlebot3_description/bin'
[2.646s] Level 1:colcon.colcon_core.environment:checking '/home/ros/turtlebot3/turtlebot3-2.1.5/install/turtlebot3_description/lib/pkgconfig/turtlebot3_description.pc'
[2.646s] Level 1:colcon.colcon_core.environment:checking '/home/ros/turtlebot3/turtlebot3-2.1.5/install/turtlebot3_description/lib/python3.10/site-packages'
[2.646s] Level 1:colcon.colcon_core.environment:checking '/home/ros/turtlebot3/turtlebot3-2.1.5/install/turtlebot3_description/bin'
[2.658s] INFO:colcon.colcon_core.shell:Creating package script '/home/ros/turtlebot3/turtlebot3-2.1.5/install/turtlebot3_description/share/turtlebot3_description/package.ps1'
[2.659s] INFO:colcon.colcon_core.shell:Creating package descriptor '/home/ros/turtlebot3/turtlebot3-2.1.5/install/turtlebot3_description/share/turtlebot3_description/package.dsv'
[2.659s] INFO:colcon.colcon_core.shell:Creating package script '/home/ros/turtlebot3/turtlebot3-2.1.5/install/turtlebot3_description/share/turtlebot3_description/package.sh'
[2.659s] INFO:colcon.colcon_core.shell:Creating package script '/home/ros/turtlebot3/turtlebot3-2.1.5/install/turtlebot3_description/share/turtlebot3_description/package.bash'
[2.660s] INFO:colcon.colcon_core.shell:Creating package script '/home/ros/turtlebot3/turtlebot3-2.1.5/install/turtlebot3_description/share/turtlebot3_description/package.zsh'
[2.660s] Level 1:colcon.colcon_core.environment:create_file_with_runtime_dependencies(/home/ros/turtlebot3/turtlebot3-2.1.5/install/turtlebot3_description/share/colcon-core/packages/turtlebot3_description)
[2.661s] Level 1:colcon.colcon_core.environment:create_environment_scripts_only(turtlebot3_navigation2)
[2.661s] DEBUG:colcon.colcon_core.event_handler.log_command:Invoked command in '/home/ros/turtlebot3/turtlebot3-2.1.5/build/turtlebot3_navigation2' returned '0': CMAKE_PREFIX_PATH=${CMAKE_PREFIX_PATH}:/opt/ros/humble /usr/bin/cmake --install /home/ros/turtlebot3/turtlebot3-2.1.5/build/turtlebot3_navigation2
[2.673s] Level 1:colcon.colcon_core.environment:checking '/home/ros/turtlebot3/turtlebot3-2.1.5/install/turtlebot3_navigation2' for CMake module files
[2.674s] Level 1:colcon.colcon_core.environment:checking '/home/ros/turtlebot3/turtlebot3-2.1.5/install/turtlebot3_navigation2' for CMake config files
[2.674s] Level 1:colcon.colcon_core.shell:create_environment_hook('turtlebot3_navigation2', 'cmake_prefix_path')
[2.687s] INFO:colcon.colcon_core.shell:Creating environment hook '/home/ros/turtlebot3/turtlebot3-2.1.5/install/turtlebot3_navigation2/share/turtlebot3_navigation2/hook/cmake_prefix_path.ps1'
[2.687s] INFO:colcon.colcon_core.shell:Creating environment descriptor '/home/ros/turtlebot3/turtlebot3-2.1.5/install/turtlebot3_navigation2/share/turtlebot3_navigation2/hook/cmake_prefix_path.dsv'
[2.688s] INFO:colcon.colcon_core.shell:Creating environment hook '/home/ros/turtlebot3/turtlebot3-2.1.5/install/turtlebot3_navigation2/share/turtlebot3_navigation2/hook/cmake_prefix_path.sh'
[2.688s] Level 1:colcon.colcon_core.environment:checking '/home/ros/turtlebot3/turtlebot3-2.1.5/install/turtlebot3_navigation2/bin'
[2.688s] Level 1:colcon.colcon_core.environment:checking '/home/ros/turtlebot3/turtlebot3-2.1.5/install/turtlebot3_navigation2/lib/pkgconfig/turtlebot3_navigation2.pc'
[2.689s] Level 1:colcon.colcon_core.environment:checking '/home/ros/turtlebot3/turtlebot3-2.1.5/install/turtlebot3_navigation2/lib/python3.10/site-packages'
[2.689s] Level 1:colcon.colcon_core.environment:checking '/home/ros/turtlebot3/turtlebot3-2.1.5/install/turtlebot3_navigation2/bin'
[2.702s] INFO:colcon.colcon_core.shell:Creating package script '/home/ros/turtlebot3/turtlebot3-2.1.5/install/turtlebot3_navigation2/share/turtlebot3_navigation2/package.ps1'
[2.703s] INFO:colcon.colcon_core.shell:Creating package descriptor '/home/ros/turtlebot3/turtlebot3-2.1.5/install/turtlebot3_navigation2/share/turtlebot3_navigation2/package.dsv'
[2.703s] INFO:colcon.colcon_core.shell:Creating package script '/home/ros/turtlebot3/turtlebot3-2.1.5/install/turtlebot3_navigation2/share/turtlebot3_navigation2/package.sh'
[2.704s] INFO:colcon.colcon_core.shell:Creating package script '/home/ros/turtlebot3/turtlebot3-2.1.5/install/turtlebot3_navigation2/share/turtlebot3_navigation2/package.bash'
[2.704s] INFO:colcon.colcon_core.shell:Creating package script '/home/ros/turtlebot3/turtlebot3-2.1.5/install/turtlebot3_navigation2/share/turtlebot3_navigation2/package.zsh'
[2.705s] Level 1:colcon.colcon_core.environment:create_file_with_runtime_dependencies(/home/ros/turtlebot3/turtlebot3-2.1.5/install/turtlebot3_navigation2/share/colcon-core/packages/turtlebot3_navigation2)
[2.734s] Level 1:colcon.colcon_core.environment:create_environment_scripts_only(turtlebot3_cartographer)
[2.755s] Level 1:colcon.colcon_core.environment:checking '/home/ros/turtlebot3/turtlebot3-2.1.5/install/turtlebot3_cartographer' for CMake module files
[2.756s] Level 1:colcon.colcon_core.environment:checking '/home/ros/turtlebot3/turtlebot3-2.1.5/install/turtlebot3_cartographer' for CMake config files
[2.757s] Level 1:colcon.colcon_core.shell:create_environment_hook('turtlebot3_cartographer', 'cmake_prefix_path')
[2.779s] INFO:colcon.colcon_core.shell:Creating environment hook '/home/ros/turtlebot3/turtlebot3-2.1.5/install/turtlebot3_cartographer/share/turtlebot3_cartographer/hook/cmake_prefix_path.ps1'
[2.780s] INFO:colcon.colcon_core.shell:Creating environment descriptor '/home/ros/turtlebot3/turtlebot3-2.1.5/install/turtlebot3_cartographer/share/turtlebot3_cartographer/hook/cmake_prefix_path.dsv'
[2.781s] INFO:colcon.colcon_core.shell:Creating environment hook '/home/ros/turtlebot3/turtlebot3-2.1.5/install/turtlebot3_cartographer/share/turtlebot3_cartographer/hook/cmake_prefix_path.sh'
[2.782s] Level 1:colcon.colcon_core.environment:checking '/home/ros/turtlebot3/turtlebot3-2.1.5/install/turtlebot3_cartographer/bin'
[2.782s] Level 1:colcon.colcon_core.environment:checking '/home/ros/turtlebot3/turtlebot3-2.1.5/install/turtlebot3_cartographer/lib/pkgconfig/turtlebot3_cartographer.pc'
[2.782s] Level 1:colcon.colcon_core.environment:checking '/home/ros/turtlebot3/turtlebot3-2.1.5/install/turtlebot3_cartographer/lib/python3.10/site-packages'
[2.783s] Level 1:colcon.colcon_core.environment:checking '/home/ros/turtlebot3/turtlebot3-2.1.5/install/turtlebot3_cartographer/bin'
[2.807s] INFO:colcon.colcon_core.shell:Creating package script '/home/ros/turtlebot3/turtlebot3-2.1.5/install/turtlebot3_cartographer/share/turtlebot3_cartographer/package.ps1'
[2.807s] INFO:colcon.colcon_core.shell:Creating package descriptor '/home/ros/turtlebot3/turtlebot3-2.1.5/install/turtlebot3_cartographer/share/turtlebot3_cartographer/package.dsv'
[2.808s] INFO:colcon.colcon_core.shell:Creating package script '/home/ros/turtlebot3/turtlebot3-2.1.5/install/turtlebot3_cartographer/share/turtlebot3_cartographer/package.sh'
[2.809s] INFO:colcon.colcon_core.shell:Creating package script '/home/ros/turtlebot3/turtlebot3-2.1.5/install/turtlebot3_cartographer/share/turtlebot3_cartographer/package.bash'
[2.810s] INFO:colcon.colcon_core.shell:Creating package script '/home/ros/turtlebot3/turtlebot3-2.1.5/install/turtlebot3_cartographer/share/turtlebot3_cartographer/package.zsh'
[2.810s] Level 1:colcon.colcon_core.environment:create_file_with_runtime_dependencies(/home/ros/turtlebot3/turtlebot3-2.1.5/install/turtlebot3_cartographer/share/colcon-core/packages/turtlebot3_cartographer)
[2.810s] Level 1:colcon.colcon_core.environment:create_environment_scripts_only(turtlebot3_node)
[2.812s] DEBUG:colcon.colcon_core.event_handler.log_command:Invoked command in '/home/ros/turtlebot3/turtlebot3-2.1.5/build/turtlebot3_node' returned '0': CMAKE_PREFIX_PATH=${CMAKE_PREFIX_PATH}:/opt/ros/humble /usr/bin/cmake --install /home/ros/turtlebot3/turtlebot3-2.1.5/build/turtlebot3_node
[2.831s] Level 1:colcon.colcon_core.environment:checking '/home/ros/turtlebot3/turtlebot3-2.1.5/install/turtlebot3_node' for CMake module files
[2.832s] Level 1:colcon.colcon_core.environment:checking '/home/ros/turtlebot3/turtlebot3-2.1.5/install/turtlebot3_node' for CMake config files
[2.833s] Level 1:colcon.colcon_core.shell:create_environment_hook('turtlebot3_node', 'cmake_prefix_path')
[2.858s] INFO:colcon.colcon_core.shell:Creating environment hook '/home/ros/turtlebot3/turtlebot3-2.1.5/install/turtlebot3_node/share/turtlebot3_node/hook/cmake_prefix_path.ps1'
[2.859s] INFO:colcon.colcon_core.shell:Creating environment descriptor '/home/ros/turtlebot3/turtlebot3-2.1.5/install/turtlebot3_node/share/turtlebot3_node/hook/cmake_prefix_path.dsv'
[2.859s] INFO:colcon.colcon_core.shell:Creating environment hook '/home/ros/turtlebot3/turtlebot3-2.1.5/install/turtlebot3_node/share/turtlebot3_node/hook/cmake_prefix_path.sh'
[2.860s] Level 1:colcon.colcon_core.environment:checking '/home/ros/turtlebot3/turtlebot3-2.1.5/install/turtlebot3_node/lib'
[2.860s] Level 1:colcon.colcon_core.environment:checking '/home/ros/turtlebot3/turtlebot3-2.1.5/install/turtlebot3_node/bin'
[2.860s] Level 1:colcon.colcon_core.environment:checking '/home/ros/turtlebot3/turtlebot3-2.1.5/install/turtlebot3_node/lib/pkgconfig/turtlebot3_node.pc'
[2.861s] Level 1:colcon.colcon_core.environment:checking '/home/ros/turtlebot3/turtlebot3-2.1.5/install/turtlebot3_node/lib/python3.10/site-packages'
[2.861s] Level 1:colcon.colcon_core.environment:checking '/home/ros/turtlebot3/turtlebot3-2.1.5/install/turtlebot3_node/bin'
[2.882s] INFO:colcon.colcon_core.shell:Creating package script '/home/ros/turtlebot3/turtlebot3-2.1.5/install/turtlebot3_node/share/turtlebot3_node/package.ps1'
[2.883s] INFO:colcon.colcon_core.shell:Creating package descriptor '/home/ros/turtlebot3/turtlebot3-2.1.5/install/turtlebot3_node/share/turtlebot3_node/package.dsv'
[2.884s] INFO:colcon.colcon_core.shell:Creating package script '/home/ros/turtlebot3/turtlebot3-2.1.5/install/turtlebot3_node/share/turtlebot3_node/package.sh'
[2.884s] INFO:colcon.colcon_core.shell:Creating package script '/home/ros/turtlebot3/turtlebot3-2.1.5/install/turtlebot3_node/share/turtlebot3_node/package.bash'
[2.885s] INFO:colcon.colcon_core.shell:Creating package script '/home/ros/turtlebot3/turtlebot3-2.1.5/install/turtlebot3_node/share/turtlebot3_node/package.zsh'
[2.885s] Level 1:colcon.colcon_core.environment:create_file_with_runtime_dependencies(/home/ros/turtlebot3/turtlebot3-2.1.5/install/turtlebot3_node/share/colcon-core/packages/turtlebot3_node)
[2.906s] Level 1:colcon.colcon_core.environment:create_environment_scripts_only(turtlebot3_description)
[2.922s] Level 1:colcon.colcon_core.environment:checking '/home/ros/turtlebot3/turtlebot3-2.1.5/install/turtlebot3_description' for CMake module files
[2.922s] Level 1:colcon.colcon_core.environment:checking '/home/ros/turtlebot3/turtlebot3-2.1.5/install/turtlebot3_description' for CMake config files
[2.923s] Level 1:colcon.colcon_core.shell:create_environment_hook('turtlebot3_description', 'cmake_prefix_path')
[2.938s] INFO:colcon.colcon_core.shell:Creating environment hook '/home/ros/turtlebot3/turtlebot3-2.1.5/install/turtlebot3_description/share/turtlebot3_description/hook/cmake_prefix_path.ps1'
[2.939s] INFO:colcon.colcon_core.shell:Creating environment descriptor '/home/ros/turtlebot3/turtlebot3-2.1.5/install/turtlebot3_description/share/turtlebot3_description/hook/cmake_prefix_path.dsv'
[2.939s] INFO:colcon.colcon_core.shell:Creating environment hook '/home/ros/turtlebot3/turtlebot3-2.1.5/install/turtlebot3_description/share/turtlebot3_description/hook/cmake_prefix_path.sh'
[2.940s] Level 1:colcon.colcon_core.environment:checking '/home/ros/turtlebot3/turtlebot3-2.1.5/install/turtlebot3_description/bin'
[2.940s] Level 1:colcon.colcon_core.environment:checking '/home/ros/turtlebot3/turtlebot3-2.1.5/install/turtlebot3_description/lib/pkgconfig/turtlebot3_description.pc'
[2.940s] Level 1:colcon.colcon_core.environment:checking '/home/ros/turtlebot3/turtlebot3-2.1.5/install/turtlebot3_description/lib/python3.10/site-packages'
[2.941s] Level 1:colcon.colcon_core.environment:checking '/home/ros/turtlebot3/turtlebot3-2.1.5/install/turtlebot3_description/bin'
[2.953s] INFO:colcon.colcon_core.shell:Creating package script '/home/ros/turtlebot3/turtlebot3-2.1.5/install/turtlebot3_description/share/turtlebot3_description/package.ps1'
[2.954s] INFO:colcon.colcon_core.shell:Creating package descriptor '/home/ros/turtlebot3/turtlebot3-2.1.5/install/turtlebot3_description/share/turtlebot3_description/package.dsv'
[2.954s] INFO:colcon.colcon_core.shell:Creating package script '/home/ros/turtlebot3/turtlebot3-2.1.5/install/turtlebot3_description/share/turtlebot3_description/package.sh'
[2.954s] INFO:colcon.colcon_core.shell:Creating package script '/home/ros/turtlebot3/turtlebot3-2.1.5/install/turtlebot3_description/share/turtlebot3_description/package.bash'
[2.955s] INFO:colcon.colcon_core.shell:Creating package script '/home/ros/turtlebot3/turtlebot3-2.1.5/install/turtlebot3_description/share/turtlebot3_description/package.zsh'
[2.955s] Level 1:colcon.colcon_core.environment:create_file_with_runtime_dependencies(/home/ros/turtlebot3/turtlebot3-2.1.5/install/turtlebot3_description/share/colcon-core/packages/turtlebot3_description)
[2.969s] Level 1:colcon.colcon_core.environment:create_environment_scripts_only(turtlebot3_navigation2)
[2.981s] Level 1:colcon.colcon_core.environment:checking '/home/ros/turtlebot3/turtlebot3-2.1.5/install/turtlebot3_navigation2' for CMake module files
[2.982s] Level 1:colcon.colcon_core.environment:checking '/home/ros/turtlebot3/turtlebot3-2.1.5/install/turtlebot3_navigation2' for CMake config files
[2.982s] Level 1:colcon.colcon_core.shell:create_environment_hook('turtlebot3_navigation2', 'cmake_prefix_path')
[2.994s] INFO:colcon.colcon_core.shell:Creating environment hook '/home/ros/turtlebot3/turtlebot3-2.1.5/install/turtlebot3_navigation2/share/turtlebot3_navigation2/hook/cmake_prefix_path.ps1'
[2.994s] INFO:colcon.colcon_core.shell:Creating environment descriptor '/home/ros/turtlebot3/turtlebot3-2.1.5/install/turtlebot3_navigation2/share/turtlebot3_navigation2/hook/cmake_prefix_path.dsv'
[2.994s] INFO:colcon.colcon_core.shell:Creating environment hook '/home/ros/turtlebot3/turtlebot3-2.1.5/install/turtlebot3_navigation2/share/turtlebot3_navigation2/hook/cmake_prefix_path.sh'
[2.995s] Level 1:colcon.colcon_core.environment:checking '/home/ros/turtlebot3/turtlebot3-2.1.5/install/turtlebot3_navigation2/bin'
[2.995s] Level 1:colcon.colcon_core.environment:checking '/home/ros/turtlebot3/turtlebot3-2.1.5/install/turtlebot3_navigation2/lib/pkgconfig/turtlebot3_navigation2.pc'
[2.995s] Level 1:colcon.colcon_core.environment:checking '/home/ros/turtlebot3/turtlebot3-2.1.5/install/turtlebot3_navigation2/lib/python3.10/site-packages'
[2.995s] Level 1:colcon.colcon_core.environment:checking '/home/ros/turtlebot3/turtlebot3-2.1.5/install/turtlebot3_navigation2/bin'
[3.008s] INFO:colcon.colcon_core.shell:Creating package script '/home/ros/turtlebot3/turtlebot3-2.1.5/install/turtlebot3_navigation2/share/turtlebot3_navigation2/package.ps1'
[3.008s] INFO:colcon.colcon_core.shell:Creating package descriptor '/home/ros/turtlebot3/turtlebot3-2.1.5/install/turtlebot3_navigation2/share/turtlebot3_navigation2/package.dsv'
[3.009s] INFO:colcon.colcon_core.shell:Creating package script '/home/ros/turtlebot3/turtlebot3-2.1.5/install/turtlebot3_navigation2/share/turtlebot3_navigation2/package.sh'
[3.009s] INFO:colcon.colcon_core.shell:Creating package script '/home/ros/turtlebot3/turtlebot3-2.1.5/install/turtlebot3_navigation2/share/turtlebot3_navigation2/package.bash'
[3.009s] INFO:colcon.colcon_core.shell:Creating package script '/home/ros/turtlebot3/turtlebot3-2.1.5/install/turtlebot3_navigation2/share/turtlebot3_navigation2/package.zsh'
[3.010s] Level 1:colcon.colcon_core.environment:create_file_with_runtime_dependencies(/home/ros/turtlebot3/turtlebot3-2.1.5/install/turtlebot3_navigation2/share/colcon-core/packages/turtlebot3_navigation2)
[3.013s] DEBUG:colcon.colcon_core.event_handler.log_command:Invoking command in '/home/ros/turtlebot3/turtlebot3-2.1.5/build/turtlebot3_teleop': PYTHONPATH=/home/ros/turtlebot3/turtlebot3-2.1.5/build/turtlebot3_teleop/prefix_override:/home/ros/turtlebot3/turtlebot3-2.1.5/install/turtlebot3_teleop/lib/python3.10/site-packages:${PYTHONPATH} /usr/bin/python3 setup.py develop --editable --build-directory /home/ros/turtlebot3/turtlebot3-2.1.5/build/turtlebot3_teleop/build --no-deps install_data
[3.026s] Level 1:colcon.colcon_core.environment:create_environment_scripts_only(turtlebot3_node)
[3.041s] Level 1:colcon.colcon_core.environment:checking '/home/ros/turtlebot3/turtlebot3-2.1.5/install/turtlebot3_node' for CMake module files
[3.041s] Level 1:colcon.colcon_core.environment:checking '/home/ros/turtlebot3/turtlebot3-2.1.5/install/turtlebot3_node' for CMake config files
[3.041s] Level 1:colcon.colcon_core.shell:create_environment_hook('turtlebot3_node', 'cmake_prefix_path')
[3.054s] INFO:colcon.colcon_core.shell:Creating environment hook '/home/ros/turtlebot3/turtlebot3-2.1.5/install/turtlebot3_node/share/turtlebot3_node/hook/cmake_prefix_path.ps1'
[3.054s] INFO:colcon.colcon_core.shell:Creating environment descriptor '/home/ros/turtlebot3/turtlebot3-2.1.5/install/turtlebot3_node/share/turtlebot3_node/hook/cmake_prefix_path.dsv'
[3.055s] INFO:colcon.colcon_core.shell:Creating environment hook '/home/ros/turtlebot3/turtlebot3-2.1.5/install/turtlebot3_node/share/turtlebot3_node/hook/cmake_prefix_path.sh'
[3.055s] Level 1:colcon.colcon_core.environment:checking '/home/ros/turtlebot3/turtlebot3-2.1.5/install/turtlebot3_node/lib'
[3.055s] Level 1:colcon.colcon_core.environment:checking '/home/ros/turtlebot3/turtlebot3-2.1.5/install/turtlebot3_node/bin'
[3.055s] Level 1:colcon.colcon_core.environment:checking '/home/ros/turtlebot3/turtlebot3-2.1.5/install/turtlebot3_node/lib/pkgconfig/turtlebot3_node.pc'
[3.055s] Level 1:colcon.colcon_core.environment:checking '/home/ros/turtlebot3/turtlebot3-2.1.5/install/turtlebot3_node/lib/python3.10/site-packages'
[3.056s] Level 1:colcon.colcon_core.environment:checking '/home/ros/turtlebot3/turtlebot3-2.1.5/install/turtlebot3_node/bin'
[3.067s] INFO:colcon.colcon_core.shell:Creating package script '/home/ros/turtlebot3/turtlebot3-2.1.5/install/turtlebot3_node/share/turtlebot3_node/package.ps1'
[3.067s] INFO:colcon.colcon_core.shell:Creating package descriptor '/home/ros/turtlebot3/turtlebot3-2.1.5/install/turtlebot3_node/share/turtlebot3_node/package.dsv'
[3.068s] INFO:colcon.colcon_core.shell:Creating package script '/home/ros/turtlebot3/turtlebot3-2.1.5/install/turtlebot3_node/share/turtlebot3_node/package.sh'
[3.068s] INFO:colcon.colcon_core.shell:Creating package script '/home/ros/turtlebot3/turtlebot3-2.1.5/install/turtlebot3_node/share/turtlebot3_node/package.bash'
[3.069s] INFO:colcon.colcon_core.shell:Creating package script '/home/ros/turtlebot3/turtlebot3-2.1.5/install/turtlebot3_node/share/turtlebot3_node/package.zsh'
[3.069s] Level 1:colcon.colcon_core.environment:create_file_with_runtime_dependencies(/home/ros/turtlebot3/turtlebot3-2.1.5/install/turtlebot3_node/share/colcon-core/packages/turtlebot3_node)
[3.071s] INFO:colcon.colcon_ros.task.ament_cmake.build:Building ROS package in '/home/ros/turtlebot3/turtlebot3-2.1.5/turtlebot3_bringup' with build type 'ament_cmake'
[3.071s] INFO:colcon.colcon_cmake.task.cmake.build:Building CMake package in '/home/ros/turtlebot3/turtlebot3-2.1.5/turtlebot3_bringup'
[3.072s] DEBUG:colcon.colcon_core.event_handler.log_command:Invoking command in '/home/ros/turtlebot3/turtlebot3-2.1.5/build/turtlebot3_example': PYTHONPATH=/home/ros/turtlebot3/turtlebot3-2.1.5/build/turtlebot3_example/prefix_override:/home/ros/turtlebot3/turtlebot3-2.1.5/install/turtlebot3_example/lib/python3.10/site-packages:${PYTHONPATH} /usr/bin/python3 setup.py develop --editable --build-directory /home/ros/turtlebot3/turtlebot3-2.1.5/build/turtlebot3_example/build --no-deps install_data
[3.088s] INFO:colcon.colcon_core.shell:Skip shell extension 'powershell' for command environment: Not usable outside of PowerShell
[3.088s] DEBUG:colcon.colcon_core.shell:Skip shell extension 'dsv' for command environment
[3.185s] DEBUG:colcon.colcon_core.event_handler.log_command:Invoking command in '/home/ros/turtlebot3/turtlebot3-2.1.5/build/turtlebot3_bringup': AMENT_PREFIX_PATH=/home/ros/turtlebot3/turtlebot3-2.1.5/install/turtlebot3_node:/home/ros/turtlebot3/turtlebot3-2.1.5/install/turtlebot3_description:${AMENT_PREFIX_PATH} CMAKE_PREFIX_PATH=/home/ros/turtlebot3/turtlebot3-2.1.5/install/turtlebot3_node:/home/ros/turtlebot3/turtlebot3-2.1.5/install/turtlebot3_description:/home/ros/turtlebot3/DynamixelSDK/install/dynamixel_sdk_examples:/home/ros/turtlebot3/DynamixelSDK/install/dynamixel_sdk_custom_interfaces:/home/ros/turtlebot3/DynamixelSDK/install/dynamixel_sdk:/home/ros/turtlebot3/turtlebot3_msgs-2.2.3/install/turtlebot3_msgs:/home/ros/turtlebot3/turtlebot3_simulations-2.2.5/install/turtlebot3_simulations:/home/ros/turtlebot3/turtlebot3_simulations-2.2.5/install/turtlebot3_gazebo:/home/ros/turtlebot3/turtlebot3_simulations-2.2.5/install/turtlebot3_fake_node:/opt/ros/humble /usr/bin/cmake --build /home/ros/turtlebot3/turtlebot3-2.1.5/build/turtlebot3_bringup -- -j8 -l8
[3.223s] DEBUG:colcon.colcon_core.event_handler.log_command:Invoked command in '/home/ros/turtlebot3/turtlebot3-2.1.5/build/turtlebot3_bringup' returned '0': AMENT_PREFIX_PATH=/home/ros/turtlebot3/turtlebot3-2.1.5/install/turtlebot3_node:/home/ros/turtlebot3/turtlebot3-2.1.5/install/turtlebot3_description:${AMENT_PREFIX_PATH} CMAKE_PREFIX_PATH=/home/ros/turtlebot3/turtlebot3-2.1.5/install/turtlebot3_node:/home/ros/turtlebot3/turtlebot3-2.1.5/install/turtlebot3_description:/home/ros/turtlebot3/DynamixelSDK/install/dynamixel_sdk_examples:/home/ros/turtlebot3/DynamixelSDK/install/dynamixel_sdk_custom_interfaces:/home/ros/turtlebot3/DynamixelSDK/install/dynamixel_sdk:/home/ros/turtlebot3/turtlebot3_msgs-2.2.3/install/turtlebot3_msgs:/home/ros/turtlebot3/turtlebot3_simulations-2.2.5/install/turtlebot3_simulations:/home/ros/turtlebot3/turtlebot3_simulations-2.2.5/install/turtlebot3_gazebo:/home/ros/turtlebot3/turtlebot3_simulations-2.2.5/install/turtlebot3_fake_node:/opt/ros/humble /usr/bin/cmake --build /home/ros/turtlebot3/turtlebot3-2.1.5/build/turtlebot3_bringup -- -j8 -l8
[3.248s] DEBUG:colcon.colcon_core.event_handler.log_command:Invoking command in '/home/ros/turtlebot3/turtlebot3-2.1.5/build/turtlebot3_bringup': AMENT_PREFIX_PATH=/home/ros/turtlebot3/turtlebot3-2.1.5/install/turtlebot3_node:/home/ros/turtlebot3/turtlebot3-2.1.5/install/turtlebot3_description:${AMENT_PREFIX_PATH} CMAKE_PREFIX_PATH=/home/ros/turtlebot3/turtlebot3-2.1.5/install/turtlebot3_node:/home/ros/turtlebot3/turtlebot3-2.1.5/install/turtlebot3_description:/home/ros/turtlebot3/DynamixelSDK/install/dynamixel_sdk_examples:/home/ros/turtlebot3/DynamixelSDK/install/dynamixel_sdk_custom_interfaces:/home/ros/turtlebot3/DynamixelSDK/install/dynamixel_sdk:/home/ros/turtlebot3/turtlebot3_msgs-2.2.3/install/turtlebot3_msgs:/home/ros/turtlebot3/turtlebot3_simulations-2.2.5/install/turtlebot3_simulations:/home/ros/turtlebot3/turtlebot3_simulations-2.2.5/install/turtlebot3_gazebo:/home/ros/turtlebot3/turtlebot3_simulations-2.2.5/install/turtlebot3_fake_node:/opt/ros/humble /usr/bin/cmake --install /home/ros/turtlebot3/turtlebot3-2.1.5/build/turtlebot3_bringup
[3.269s] Level 1:colcon.colcon_core.environment:create_environment_scripts_only(turtlebot3_bringup)
[3.269s] DEBUG:colcon.colcon_core.event_handler.log_command:Invoked command in '/home/ros/turtlebot3/turtlebot3-2.1.5/build/turtlebot3_bringup' returned '0': AMENT_PREFIX_PATH=/home/ros/turtlebot3/turtlebot3-2.1.5/install/turtlebot3_node:/home/ros/turtlebot3/turtlebot3-2.1.5/install/turtlebot3_description:${AMENT_PREFIX_PATH} CMAKE_PREFIX_PATH=/home/ros/turtlebot3/turtlebot3-2.1.5/install/turtlebot3_node:/home/ros/turtlebot3/turtlebot3-2.1.5/install/turtlebot3_description:/home/ros/turtlebot3/DynamixelSDK/install/dynamixel_sdk_examples:/home/ros/turtlebot3/DynamixelSDK/install/dynamixel_sdk_custom_interfaces:/home/ros/turtlebot3/DynamixelSDK/install/dynamixel_sdk:/home/ros/turtlebot3/turtlebot3_msgs-2.2.3/install/turtlebot3_msgs:/home/ros/turtlebot3/turtlebot3_simulations-2.2.5/install/turtlebot3_simulations:/home/ros/turtlebot3/turtlebot3_simulations-2.2.5/install/turtlebot3_gazebo:/home/ros/turtlebot3/turtlebot3_simulations-2.2.5/install/turtlebot3_fake_node:/opt/ros/humble /usr/bin/cmake --install /home/ros/turtlebot3/turtlebot3-2.1.5/build/turtlebot3_bringup
[3.281s] Level 1:colcon.colcon_core.environment:checking '/home/ros/turtlebot3/turtlebot3-2.1.5/install/turtlebot3_bringup' for CMake module files
[3.282s] Level 1:colcon.colcon_core.environment:checking '/home/ros/turtlebot3/turtlebot3-2.1.5/install/turtlebot3_bringup' for CMake config files
[3.282s] Level 1:colcon.colcon_core.shell:create_environment_hook('turtlebot3_bringup', 'cmake_prefix_path')
[3.295s] INFO:colcon.colcon_core.shell:Creating environment hook '/home/ros/turtlebot3/turtlebot3-2.1.5/install/turtlebot3_bringup/share/turtlebot3_bringup/hook/cmake_prefix_path.ps1'
[3.295s] INFO:colcon.colcon_core.shell:Creating environment descriptor '/home/ros/turtlebot3/turtlebot3-2.1.5/install/turtlebot3_bringup/share/turtlebot3_bringup/hook/cmake_prefix_path.dsv'
[3.295s] INFO:colcon.colcon_core.shell:Creating environment hook '/home/ros/turtlebot3/turtlebot3-2.1.5/install/turtlebot3_bringup/share/turtlebot3_bringup/hook/cmake_prefix_path.sh'
[3.296s] Level 1:colcon.colcon_core.environment:checking '/home/ros/turtlebot3/turtlebot3-2.1.5/install/turtlebot3_bringup/bin'
[3.296s] Level 1:colcon.colcon_core.environment:checking '/home/ros/turtlebot3/turtlebot3-2.1.5/install/turtlebot3_bringup/lib/pkgconfig/turtlebot3_bringup.pc'
[3.297s] Level 1:colcon.colcon_core.environment:checking '/home/ros/turtlebot3/turtlebot3-2.1.5/install/turtlebot3_bringup/lib/python3.10/site-packages'
[3.297s] Level 1:colcon.colcon_core.environment:checking '/home/ros/turtlebot3/turtlebot3-2.1.5/install/turtlebot3_bringup/bin'
[3.309s] INFO:colcon.colcon_core.shell:Creating package script '/home/ros/turtlebot3/turtlebot3-2.1.5/install/turtlebot3_bringup/share/turtlebot3_bringup/package.ps1'
[3.310s] INFO:colcon.colcon_core.shell:Creating package descriptor '/home/ros/turtlebot3/turtlebot3-2.1.5/install/turtlebot3_bringup/share/turtlebot3_bringup/package.dsv'
[3.310s] INFO:colcon.colcon_core.shell:Creating package script '/home/ros/turtlebot3/turtlebot3-2.1.5/install/turtlebot3_bringup/share/turtlebot3_bringup/package.sh'
[3.310s] INFO:colcon.colcon_core.shell:Creating package script '/home/ros/turtlebot3/turtlebot3-2.1.5/install/turtlebot3_bringup/share/turtlebot3_bringup/package.bash'
[3.311s] INFO:colcon.colcon_core.shell:Creating package script '/home/ros/turtlebot3/turtlebot3-2.1.5/install/turtlebot3_bringup/share/turtlebot3_bringup/package.zsh'
[3.311s] Level 1:colcon.colcon_core.environment:create_file_with_runtime_dependencies(/home/ros/turtlebot3/turtlebot3-2.1.5/install/turtlebot3_bringup/share/colcon-core/packages/turtlebot3_bringup)
[3.348s] Level 1:colcon.colcon_core.environment:create_environment_scripts_only(turtlebot3_bringup)
[3.360s] Level 1:colcon.colcon_core.environment:checking '/home/ros/turtlebot3/turtlebot3-2.1.5/install/turtlebot3_bringup' for CMake module files
[3.360s] Level 1:colcon.colcon_core.environment:checking '/home/ros/turtlebot3/turtlebot3-2.1.5/install/turtlebot3_bringup' for CMake config files
[3.360s] Level 1:colcon.colcon_core.shell:create_environment_hook('turtlebot3_bringup', 'cmake_prefix_path')
[3.372s] INFO:colcon.colcon_core.shell:Creating environment hook '/home/ros/turtlebot3/turtlebot3-2.1.5/install/turtlebot3_bringup/share/turtlebot3_bringup/hook/cmake_prefix_path.ps1'
[3.372s] INFO:colcon.colcon_core.shell:Creating environment descriptor '/home/ros/turtlebot3/turtlebot3-2.1.5/install/turtlebot3_bringup/share/turtlebot3_bringup/hook/cmake_prefix_path.dsv'
[3.373s] INFO:colcon.colcon_core.shell:Creating environment hook '/home/ros/turtlebot3/turtlebot3-2.1.5/install/turtlebot3_bringup/share/turtlebot3_bringup/hook/cmake_prefix_path.sh'
[3.373s] Level 1:colcon.colcon_core.environment:checking '/home/ros/turtlebot3/turtlebot3-2.1.5/install/turtlebot3_bringup/bin'
[3.373s] Level 1:colcon.colcon_core.environment:checking '/home/ros/turtlebot3/turtlebot3-2.1.5/install/turtlebot3_bringup/lib/pkgconfig/turtlebot3_bringup.pc'
[3.373s] Level 1:colcon.colcon_core.environment:checking '/home/ros/turtlebot3/turtlebot3-2.1.5/install/turtlebot3_bringup/lib/python3.10/site-packages'
[3.373s] Level 1:colcon.colcon_core.environment:checking '/home/ros/turtlebot3/turtlebot3-2.1.5/install/turtlebot3_bringup/bin'
[3.385s] INFO:colcon.colcon_core.shell:Creating package script '/home/ros/turtlebot3/turtlebot3-2.1.5/install/turtlebot3_bringup/share/turtlebot3_bringup/package.ps1'
[3.385s] INFO:colcon.colcon_core.shell:Creating package descriptor '/home/ros/turtlebot3/turtlebot3-2.1.5/install/turtlebot3_bringup/share/turtlebot3_bringup/package.dsv'
[3.386s] INFO:colcon.colcon_core.shell:Creating package script '/home/ros/turtlebot3/turtlebot3-2.1.5/install/turtlebot3_bringup/share/turtlebot3_bringup/package.sh'
[3.386s] INFO:colcon.colcon_core.shell:Creating package script '/home/ros/turtlebot3/turtlebot3-2.1.5/install/turtlebot3_bringup/share/turtlebot3_bringup/package.bash'
[3.387s] INFO:colcon.colcon_core.shell:Creating package script '/home/ros/turtlebot3/turtlebot3-2.1.5/install/turtlebot3_bringup/share/turtlebot3_bringup/package.zsh'
[3.387s] Level 1:colcon.colcon_core.environment:create_file_with_runtime_dependencies(/home/ros/turtlebot3/turtlebot3-2.1.5/install/turtlebot3_bringup/share/colcon-core/packages/turtlebot3_bringup)
[3.462s] Level 1:colcon.colcon_core.shell:create_environment_hook('turtlebot3_teleop', 'pythonpath_develop')
[3.463s] DEBUG:colcon.colcon_core.event_handler.log_command:Invoked command in '/home/ros/turtlebot3/turtlebot3-2.1.5/build/turtlebot3_teleop' returned '0': PYTHONPATH=/home/ros/turtlebot3/turtlebot3-2.1.5/build/turtlebot3_teleop/prefix_override:/home/ros/turtlebot3/turtlebot3-2.1.5/install/turtlebot3_teleop/lib/python3.10/site-packages:${PYTHONPATH} /usr/bin/python3 setup.py develop --editable --build-directory /home/ros/turtlebot3/turtlebot3-2.1.5/build/turtlebot3_teleop/build --no-deps install_data
[3.474s] INFO:colcon.colcon_core.shell:Creating environment hook '/home/ros/turtlebot3/turtlebot3-2.1.5/build/turtlebot3_teleop/share/turtlebot3_teleop/hook/pythonpath_develop.ps1'
[3.474s] INFO:colcon.colcon_core.shell:Creating environment descriptor '/home/ros/turtlebot3/turtlebot3-2.1.5/build/turtlebot3_teleop/share/turtlebot3_teleop/hook/pythonpath_develop.dsv'
[3.475s] INFO:colcon.colcon_core.shell:Creating environment hook '/home/ros/turtlebot3/turtlebot3-2.1.5/build/turtlebot3_teleop/share/turtlebot3_teleop/hook/pythonpath_develop.sh'
[3.489s] Level 1:colcon.colcon_core.environment:checking '/home/ros/turtlebot3/turtlebot3-2.1.5/install/turtlebot3_teleop' for CMake module files
[3.490s] Level 1:colcon.colcon_core.environment:checking '/home/ros/turtlebot3/turtlebot3-2.1.5/install/turtlebot3_teleop' for CMake config files
[3.491s] Level 1:colcon.colcon_core.environment:checking '/home/ros/turtlebot3/turtlebot3-2.1.5/install/turtlebot3_teleop/lib'
[3.491s] Level 1:colcon.colcon_core.environment:checking '/home/ros/turtlebot3/turtlebot3-2.1.5/install/turtlebot3_teleop/bin'
[3.492s] Level 1:colcon.colcon_core.environment:checking '/home/ros/turtlebot3/turtlebot3-2.1.5/install/turtlebot3_teleop/lib/pkgconfig/turtlebot3_teleop.pc'
[3.492s] Level 1:colcon.colcon_core.environment:checking '/home/ros/turtlebot3/turtlebot3-2.1.5/install/turtlebot3_teleop/lib/python3.10/site-packages'
[3.492s] Level 1:colcon.colcon_core.shell:create_environment_hook('turtlebot3_teleop', 'pythonpath')
[3.513s] INFO:colcon.colcon_core.shell:Creating environment hook '/home/ros/turtlebot3/turtlebot3-2.1.5/install/turtlebot3_teleop/share/turtlebot3_teleop/hook/pythonpath.ps1'
[3.514s] INFO:colcon.colcon_core.shell:Creating environment descriptor '/home/ros/turtlebot3/turtlebot3-2.1.5/install/turtlebot3_teleop/share/turtlebot3_teleop/hook/pythonpath.dsv'
[3.515s] INFO:colcon.colcon_core.shell:Creating environment hook '/home/ros/turtlebot3/turtlebot3-2.1.5/install/turtlebot3_teleop/share/turtlebot3_teleop/hook/pythonpath.sh'
[3.516s] Level 1:colcon.colcon_core.environment:checking '/home/ros/turtlebot3/turtlebot3-2.1.5/install/turtlebot3_teleop/bin'
[3.516s] Level 1:colcon.colcon_core.environment:create_environment_scripts_only(turtlebot3_teleop)
[3.536s] INFO:colcon.colcon_core.shell:Creating package script '/home/ros/turtlebot3/turtlebot3-2.1.5/install/turtlebot3_teleop/share/turtlebot3_teleop/package.ps1'
[3.537s] INFO:colcon.colcon_core.shell:Creating package descriptor '/home/ros/turtlebot3/turtlebot3-2.1.5/install/turtlebot3_teleop/share/turtlebot3_teleop/package.dsv'
[3.537s] INFO:colcon.colcon_core.shell:Creating package script '/home/ros/turtlebot3/turtlebot3-2.1.5/install/turtlebot3_teleop/share/turtlebot3_teleop/package.sh'
[3.538s] INFO:colcon.colcon_core.shell:Creating package script '/home/ros/turtlebot3/turtlebot3-2.1.5/install/turtlebot3_teleop/share/turtlebot3_teleop/package.bash'
[3.538s] INFO:colcon.colcon_core.shell:Creating package script '/home/ros/turtlebot3/turtlebot3-2.1.5/install/turtlebot3_teleop/share/turtlebot3_teleop/package.zsh'
[3.538s] Level 1:colcon.colcon_core.environment:create_file_with_runtime_dependencies(/home/ros/turtlebot3/turtlebot3-2.1.5/install/turtlebot3_teleop/share/colcon-core/packages/turtlebot3_teleop)
[3.539s] Level 1:colcon.colcon_core.shell:create_environment_hook('turtlebot3_example', 'pythonpath_develop')
[3.540s] DEBUG:colcon.colcon_core.event_handler.log_command:Invoked command in '/home/ros/turtlebot3/turtlebot3-2.1.5/build/turtlebot3_example' returned '0': PYTHONPATH=/home/ros/turtlebot3/turtlebot3-2.1.5/build/turtlebot3_example/prefix_override:/home/ros/turtlebot3/turtlebot3-2.1.5/install/turtlebot3_example/lib/python3.10/site-packages:${PYTHONPATH} /usr/bin/python3 setup.py develop --editable --build-directory /home/ros/turtlebot3/turtlebot3-2.1.5/build/turtlebot3_example/build --no-deps install_data
[3.554s] INFO:colcon.colcon_core.shell:Creating environment hook '/home/ros/turtlebot3/turtlebot3-2.1.5/build/turtlebot3_example/share/turtlebot3_example/hook/pythonpath_develop.ps1'
[3.555s] INFO:colcon.colcon_core.shell:Creating environment descriptor '/home/ros/turtlebot3/turtlebot3-2.1.5/build/turtlebot3_example/share/turtlebot3_example/hook/pythonpath_develop.dsv'
[3.555s] INFO:colcon.colcon_core.shell:Creating environment hook '/home/ros/turtlebot3/turtlebot3-2.1.5/build/turtlebot3_example/share/turtlebot3_example/hook/pythonpath_develop.sh'
[3.568s] Level 1:colcon.colcon_core.environment:checking '/home/ros/turtlebot3/turtlebot3-2.1.5/install/turtlebot3_example' for CMake module files
[3.568s] Level 1:colcon.colcon_core.environment:checking '/home/ros/turtlebot3/turtlebot3-2.1.5/install/turtlebot3_example' for CMake config files
[3.569s] Level 1:colcon.colcon_core.environment:checking '/home/ros/turtlebot3/turtlebot3-2.1.5/install/turtlebot3_example/lib'
[3.569s] Level 1:colcon.colcon_core.environment:checking '/home/ros/turtlebot3/turtlebot3-2.1.5/install/turtlebot3_example/bin'
[3.569s] Level 1:colcon.colcon_core.environment:checking '/home/ros/turtlebot3/turtlebot3-2.1.5/install/turtlebot3_example/lib/pkgconfig/turtlebot3_example.pc'
[3.569s] Level 1:colcon.colcon_core.environment:checking '/home/ros/turtlebot3/turtlebot3-2.1.5/install/turtlebot3_example/lib/python3.10/site-packages'
[3.569s] Level 1:colcon.colcon_core.shell:create_environment_hook('turtlebot3_example', 'pythonpath')
[3.580s] INFO:colcon.colcon_core.shell:Creating environment hook '/home/ros/turtlebot3/turtlebot3-2.1.5/install/turtlebot3_example/share/turtlebot3_example/hook/pythonpath.ps1'
[3.581s] INFO:colcon.colcon_core.shell:Creating environment descriptor '/home/ros/turtlebot3/turtlebot3-2.1.5/install/turtlebot3_example/share/turtlebot3_example/hook/pythonpath.dsv'
[3.581s] INFO:colcon.colcon_core.shell:Creating environment hook '/home/ros/turtlebot3/turtlebot3-2.1.5/install/turtlebot3_example/share/turtlebot3_example/hook/pythonpath.sh'
[3.582s] Level 1:colcon.colcon_core.environment:checking '/home/ros/turtlebot3/turtlebot3-2.1.5/install/turtlebot3_example/bin'
[3.582s] Level 1:colcon.colcon_core.environment:create_environment_scripts_only(turtlebot3_example)
[3.596s] INFO:colcon.colcon_core.shell:Creating package script '/home/ros/turtlebot3/turtlebot3-2.1.5/install/turtlebot3_example/share/turtlebot3_example/package.ps1'
[3.597s] INFO:colcon.colcon_core.shell:Creating package descriptor '/home/ros/turtlebot3/turtlebot3-2.1.5/install/turtlebot3_example/share/turtlebot3_example/package.dsv'
[3.598s] INFO:colcon.colcon_core.shell:Creating package script '/home/ros/turtlebot3/turtlebot3-2.1.5/install/turtlebot3_example/share/turtlebot3_example/package.sh'
[3.598s] INFO:colcon.colcon_core.shell:Creating package script '/home/ros/turtlebot3/turtlebot3-2.1.5/install/turtlebot3_example/share/turtlebot3_example/package.bash'
[3.598s] INFO:colcon.colcon_core.shell:Creating package script '/home/ros/turtlebot3/turtlebot3-2.1.5/install/turtlebot3_example/share/turtlebot3_example/package.zsh'
[3.599s] Level 1:colcon.colcon_core.environment:create_file_with_runtime_dependencies(/home/ros/turtlebot3/turtlebot3-2.1.5/install/turtlebot3_example/share/colcon-core/packages/turtlebot3_example)
[3.599s] INFO:colcon.colcon_ros.task.ament_cmake.build:Building ROS package in '/home/ros/turtlebot3/turtlebot3-2.1.5/turtlebot3' with build type 'ament_cmake'
[3.599s] INFO:colcon.colcon_cmake.task.cmake.build:Building CMake package in '/home/ros/turtlebot3/turtlebot3-2.1.5/turtlebot3'
[3.612s] INFO:colcon.colcon_core.shell:Skip shell extension 'powershell' for command environment: Not usable outside of PowerShell
[3.612s] DEBUG:colcon.colcon_core.shell:Skip shell extension 'dsv' for command environment
[3.699s] DEBUG:colcon.colcon_core.event_handler.log_command:Invoking command in '/home/ros/turtlebot3/turtlebot3-2.1.5/build/turtlebot3': AMENT_PREFIX_PATH=/home/ros/turtlebot3/turtlebot3-2.1.5/install/turtlebot3_bringup:/home/ros/turtlebot3/turtlebot3-2.1.5/install/turtlebot3_teleop:/home/ros/turtlebot3/turtlebot3-2.1.5/install/turtlebot3_node:/home/ros/turtlebot3/turtlebot3-2.1.5/install/turtlebot3_navigation2:/home/ros/turtlebot3/turtlebot3-2.1.5/install/turtlebot3_example:/home/ros/turtlebot3/turtlebot3-2.1.5/install/turtlebot3_description:/home/ros/turtlebot3/turtlebot3-2.1.5/install/turtlebot3_cartographer:${AMENT_PREFIX_PATH} CMAKE_PREFIX_PATH=/home/ros/turtlebot3/turtlebot3-2.1.5/install/turtlebot3_bringup:/home/ros/turtlebot3/turtlebot3-2.1.5/install/turtlebot3_node:/home/ros/turtlebot3/turtlebot3-2.1.5/install/turtlebot3_navigation2:/home/ros/turtlebot3/turtlebot3-2.1.5/install/turtlebot3_description:/home/ros/turtlebot3/turtlebot3-2.1.5/install/turtlebot3_cartographer:/home/ros/turtlebot3/DynamixelSDK/install/dynamixel_sdk_examples:/home/ros/turtlebot3/DynamixelSDK/install/dynamixel_sdk_custom_interfaces:/home/ros/turtlebot3/DynamixelSDK/install/dynamixel_sdk:/home/ros/turtlebot3/turtlebot3_msgs-2.2.3/install/turtlebot3_msgs:/home/ros/turtlebot3/turtlebot3_simulations-2.2.5/install/turtlebot3_simulations:/home/ros/turtlebot3/turtlebot3_simulations-2.2.5/install/turtlebot3_gazebo:/home/ros/turtlebot3/turtlebot3_simulations-2.2.5/install/turtlebot3_fake_node:/opt/ros/humble PYTHONPATH=/home/ros/turtlebot3/turtlebot3-2.1.5/build/turtlebot3_teleop:/home/ros/turtlebot3/turtlebot3-2.1.5/install/turtlebot3_teleop/lib/python3.10/site-packages:/home/ros/turtlebot3/turtlebot3-2.1.5/build/turtlebot3_example:/home/ros/turtlebot3/turtlebot3-2.1.5/install/turtlebot3_example/lib/python3.10/site-packages:${PYTHONPATH} /usr/bin/cmake --build /home/ros/turtlebot3/turtlebot3-2.1.5/build/turtlebot3 -- -j8 -l8
[3.734s] DEBUG:colcon.colcon_core.event_handler.log_command:Invoked command in '/home/ros/turtlebot3/turtlebot3-2.1.5/build/turtlebot3' returned '0': AMENT_PREFIX_PATH=/home/ros/turtlebot3/turtlebot3-2.1.5/install/turtlebot3_bringup:/home/ros/turtlebot3/turtlebot3-2.1.5/install/turtlebot3_teleop:/home/ros/turtlebot3/turtlebot3-2.1.5/install/turtlebot3_node:/home/ros/turtlebot3/turtlebot3-2.1.5/install/turtlebot3_navigation2:/home/ros/turtlebot3/turtlebot3-2.1.5/install/turtlebot3_example:/home/ros/turtlebot3/turtlebot3-2.1.5/install/turtlebot3_description:/home/ros/turtlebot3/turtlebot3-2.1.5/install/turtlebot3_cartographer:${AMENT_PREFIX_PATH} CMAKE_PREFIX_PATH=/home/ros/turtlebot3/turtlebot3-2.1.5/install/turtlebot3_bringup:/home/ros/turtlebot3/turtlebot3-2.1.5/install/turtlebot3_node:/home/ros/turtlebot3/turtlebot3-2.1.5/install/turtlebot3_navigation2:/home/ros/turtlebot3/turtlebot3-2.1.5/install/turtlebot3_description:/home/ros/turtlebot3/turtlebot3-2.1.5/install/turtlebot3_cartographer:/home/ros/turtlebot3/DynamixelSDK/install/dynamixel_sdk_examples:/home/ros/turtlebot3/DynamixelSDK/install/dynamixel_sdk_custom_interfaces:/home/ros/turtlebot3/DynamixelSDK/install/dynamixel_sdk:/home/ros/turtlebot3/turtlebot3_msgs-2.2.3/install/turtlebot3_msgs:/home/ros/turtlebot3/turtlebot3_simulations-2.2.5/install/turtlebot3_simulations:/home/ros/turtlebot3/turtlebot3_simulations-2.2.5/install/turtlebot3_gazebo:/home/ros/turtlebot3/turtlebot3_simulations-2.2.5/install/turtlebot3_fake_node:/opt/ros/humble PYTHONPATH=/home/ros/turtlebot3/turtlebot3-2.1.5/build/turtlebot3_teleop:/home/ros/turtlebot3/turtlebot3-2.1.5/install/turtlebot3_teleop/lib/python3.10/site-packages:/home/ros/turtlebot3/turtlebot3-2.1.5/build/turtlebot3_example:/home/ros/turtlebot3/turtlebot3-2.1.5/install/turtlebot3_example/lib/python3.10/site-packages:${PYTHONPATH} /usr/bin/cmake --build /home/ros/turtlebot3/turtlebot3-2.1.5/build/turtlebot3 -- -j8 -l8
[3.757s] DEBUG:colcon.colcon_core.event_handler.log_command:Invoking command in '/home/ros/turtlebot3/turtlebot3-2.1.5/build/turtlebot3': AMENT_PREFIX_PATH=/home/ros/turtlebot3/turtlebot3-2.1.5/install/turtlebot3_bringup:/home/ros/turtlebot3/turtlebot3-2.1.5/install/turtlebot3_teleop:/home/ros/turtlebot3/turtlebot3-2.1.5/install/turtlebot3_node:/home/ros/turtlebot3/turtlebot3-2.1.5/install/turtlebot3_navigation2:/home/ros/turtlebot3/turtlebot3-2.1.5/install/turtlebot3_example:/home/ros/turtlebot3/turtlebot3-2.1.5/install/turtlebot3_description:/home/ros/turtlebot3/turtlebot3-2.1.5/install/turtlebot3_cartographer:${AMENT_PREFIX_PATH} CMAKE_PREFIX_PATH=/home/ros/turtlebot3/turtlebot3-2.1.5/install/turtlebot3_bringup:/home/ros/turtlebot3/turtlebot3-2.1.5/install/turtlebot3_node:/home/ros/turtlebot3/turtlebot3-2.1.5/install/turtlebot3_navigation2:/home/ros/turtlebot3/turtlebot3-2.1.5/install/turtlebot3_description:/home/ros/turtlebot3/turtlebot3-2.1.5/install/turtlebot3_cartographer:/home/ros/turtlebot3/DynamixelSDK/install/dynamixel_sdk_examples:/home/ros/turtlebot3/DynamixelSDK/install/dynamixel_sdk_custom_interfaces:/home/ros/turtlebot3/DynamixelSDK/install/dynamixel_sdk:/home/ros/turtlebot3/turtlebot3_msgs-2.2.3/install/turtlebot3_msgs:/home/ros/turtlebot3/turtlebot3_simulations-2.2.5/install/turtlebot3_simulations:/home/ros/turtlebot3/turtlebot3_simulations-2.2.5/install/turtlebot3_gazebo:/home/ros/turtlebot3/turtlebot3_simulations-2.2.5/install/turtlebot3_fake_node:/opt/ros/humble PYTHONPATH=/home/ros/turtlebot3/turtlebot3-2.1.5/build/turtlebot3_teleop:/home/ros/turtlebot3/turtlebot3-2.1.5/install/turtlebot3_teleop/lib/python3.10/site-packages:/home/ros/turtlebot3/turtlebot3-2.1.5/build/turtlebot3_example:/home/ros/turtlebot3/turtlebot3-2.1.5/install/turtlebot3_example/lib/python3.10/site-packages:${PYTHONPATH} /usr/bin/cmake --install /home/ros/turtlebot3/turtlebot3-2.1.5/build/turtlebot3
[3.775s] Level 1:colcon.colcon_core.environment:create_environment_scripts_only(turtlebot3)
[3.775s] DEBUG:colcon.colcon_core.event_handler.log_command:Invoked command in '/home/ros/turtlebot3/turtlebot3-2.1.5/build/turtlebot3' returned '0': AMENT_PREFIX_PATH=/home/ros/turtlebot3/turtlebot3-2.1.5/install/turtlebot3_bringup:/home/ros/turtlebot3/turtlebot3-2.1.5/install/turtlebot3_teleop:/home/ros/turtlebot3/turtlebot3-2.1.5/install/turtlebot3_node:/home/ros/turtlebot3/turtlebot3-2.1.5/install/turtlebot3_navigation2:/home/ros/turtlebot3/turtlebot3-2.1.5/install/turtlebot3_example:/home/ros/turtlebot3/turtlebot3-2.1.5/install/turtlebot3_description:/home/ros/turtlebot3/turtlebot3-2.1.5/install/turtlebot3_cartographer:${AMENT_PREFIX_PATH} CMAKE_PREFIX_PATH=/home/ros/turtlebot3/turtlebot3-2.1.5/install/turtlebot3_bringup:/home/ros/turtlebot3/turtlebot3-2.1.5/install/turtlebot3_node:/home/ros/turtlebot3/turtlebot3-2.1.5/install/turtlebot3_navigation2:/home/ros/turtlebot3/turtlebot3-2.1.5/install/turtlebot3_description:/home/ros/turtlebot3/turtlebot3-2.1.5/install/turtlebot3_cartographer:/home/ros/turtlebot3/DynamixelSDK/install/dynamixel_sdk_examples:/home/ros/turtlebot3/DynamixelSDK/install/dynamixel_sdk_custom_interfaces:/home/ros/turtlebot3/DynamixelSDK/install/dynamixel_sdk:/home/ros/turtlebot3/turtlebot3_msgs-2.2.3/install/turtlebot3_msgs:/home/ros/turtlebot3/turtlebot3_simulations-2.2.5/install/turtlebot3_simulations:/home/ros/turtlebot3/turtlebot3_simulations-2.2.5/install/turtlebot3_gazebo:/home/ros/turtlebot3/turtlebot3_simulations-2.2.5/install/turtlebot3_fake_node:/opt/ros/humble PYTHONPATH=/home/ros/turtlebot3/turtlebot3-2.1.5/build/turtlebot3_teleop:/home/ros/turtlebot3/turtlebot3-2.1.5/install/turtlebot3_teleop/lib/python3.10/site-packages:/home/ros/turtlebot3/turtlebot3-2.1.5/build/turtlebot3_example:/home/ros/turtlebot3/turtlebot3-2.1.5/install/turtlebot3_example/lib/python3.10/site-packages:${PYTHONPATH} /usr/bin/cmake --install /home/ros/turtlebot3/turtlebot3-2.1.5/build/turtlebot3
[3.786s] Level 1:colcon.colcon_core.environment:checking '/home/ros/turtlebot3/turtlebot3-2.1.5/install/turtlebot3' for CMake module files
[3.786s] Level 1:colcon.colcon_core.environment:checking '/home/ros/turtlebot3/turtlebot3-2.1.5/install/turtlebot3' for CMake config files
[3.787s] Level 1:colcon.colcon_core.shell:create_environment_hook('turtlebot3', 'cmake_prefix_path')
[3.798s] INFO:colcon.colcon_core.shell:Creating environment hook '/home/ros/turtlebot3/turtlebot3-2.1.5/install/turtlebot3/share/turtlebot3/hook/cmake_prefix_path.ps1'
[3.799s] INFO:colcon.colcon_core.shell:Creating environment descriptor '/home/ros/turtlebot3/turtlebot3-2.1.5/install/turtlebot3/share/turtlebot3/hook/cmake_prefix_path.dsv'
[3.799s] INFO:colcon.colcon_core.shell:Creating environment hook '/home/ros/turtlebot3/turtlebot3-2.1.5/install/turtlebot3/share/turtlebot3/hook/cmake_prefix_path.sh'
[3.800s] Level 1:colcon.colcon_core.environment:checking '/home/ros/turtlebot3/turtlebot3-2.1.5/install/turtlebot3/bin'
[3.800s] Level 1:colcon.colcon_core.environment:checking '/home/ros/turtlebot3/turtlebot3-2.1.5/install/turtlebot3/lib/pkgconfig/turtlebot3.pc'
[3.800s] Level 1:colcon.colcon_core.environment:checking '/home/ros/turtlebot3/turtlebot3-2.1.5/install/turtlebot3/lib/python3.10/site-packages'
[3.800s] Level 1:colcon.colcon_core.environment:checking '/home/ros/turtlebot3/turtlebot3-2.1.5/install/turtlebot3/bin'
[3.812s] INFO:colcon.colcon_core.shell:Creating package script '/home/ros/turtlebot3/turtlebot3-2.1.5/install/turtlebot3/share/turtlebot3/package.ps1'
[3.812s] INFO:colcon.colcon_core.shell:Creating package descriptor '/home/ros/turtlebot3/turtlebot3-2.1.5/install/turtlebot3/share/turtlebot3/package.dsv'
[3.813s] INFO:colcon.colcon_core.shell:Creating package script '/home/ros/turtlebot3/turtlebot3-2.1.5/install/turtlebot3/share/turtlebot3/package.sh'
[3.813s] INFO:colcon.colcon_core.shell:Creating package script '/home/ros/turtlebot3/turtlebot3-2.1.5/install/turtlebot3/share/turtlebot3/package.bash'
[3.813s] INFO:colcon.colcon_core.shell:Creating package script '/home/ros/turtlebot3/turtlebot3-2.1.5/install/turtlebot3/share/turtlebot3/package.zsh'
[3.814s] Level 1:colcon.colcon_core.environment:create_file_with_runtime_dependencies(/home/ros/turtlebot3/turtlebot3-2.1.5/install/turtlebot3/share/colcon-core/packages/turtlebot3)
[3.847s] Level 1:colcon.colcon_core.environment:create_environment_scripts_only(turtlebot3)
[3.860s] Level 1:colcon.colcon_core.environment:checking '/home/ros/turtlebot3/turtlebot3-2.1.5/install/turtlebot3' for CMake module files
[3.861s] Level 1:colcon.colcon_core.environment:checking '/home/ros/turtlebot3/turtlebot3-2.1.5/install/turtlebot3' for CMake config files
[3.861s] Level 1:colcon.colcon_core.shell:create_environment_hook('turtlebot3', 'cmake_prefix_path')
[3.872s] INFO:colcon.colcon_core.shell:Creating environment hook '/home/ros/turtlebot3/turtlebot3-2.1.5/install/turtlebot3/share/turtlebot3/hook/cmake_prefix_path.ps1'
[3.872s] INFO:colcon.colcon_core.shell:Creating environment descriptor '/home/ros/turtlebot3/turtlebot3-2.1.5/install/turtlebot3/share/turtlebot3/hook/cmake_prefix_path.dsv'
[3.872s] INFO:colcon.colcon_core.shell:Creating environment hook '/home/ros/turtlebot3/turtlebot3-2.1.5/install/turtlebot3/share/turtlebot3/hook/cmake_prefix_path.sh'
[3.873s] Level 1:colcon.colcon_core.environment:checking '/home/ros/turtlebot3/turtlebot3-2.1.5/install/turtlebot3/bin'
[3.873s] Level 1:colcon.colcon_core.environment:checking '/home/ros/turtlebot3/turtlebot3-2.1.5/install/turtlebot3/lib/pkgconfig/turtlebot3.pc'
[3.873s] Level 1:colcon.colcon_core.environment:checking '/home/ros/turtlebot3/turtlebot3-2.1.5/install/turtlebot3/lib/python3.10/site-packages'
[3.873s] Level 1:colcon.colcon_core.environment:checking '/home/ros/turtlebot3/turtlebot3-2.1.5/install/turtlebot3/bin'
[3.884s] INFO:colcon.colcon_core.shell:Creating package script '/home/ros/turtlebot3/turtlebot3-2.1.5/install/turtlebot3/share/turtlebot3/package.ps1'
[3.884s] INFO:colcon.colcon_core.shell:Creating package descriptor '/home/ros/turtlebot3/turtlebot3-2.1.5/install/turtlebot3/share/turtlebot3/package.dsv'
[3.885s] INFO:colcon.colcon_core.shell:Creating package script '/home/ros/turtlebot3/turtlebot3-2.1.5/install/turtlebot3/share/turtlebot3/package.sh'
[3.885s] INFO:colcon.colcon_core.shell:Creating package script '/home/ros/turtlebot3/turtlebot3-2.1.5/install/turtlebot3/share/turtlebot3/package.bash'
[3.885s] INFO:colcon.colcon_core.shell:Creating package script '/home/ros/turtlebot3/turtlebot3-2.1.5/install/turtlebot3/share/turtlebot3/package.zsh'
[3.886s] Level 1:colcon.colcon_core.environment:create_file_with_runtime_dependencies(/home/ros/turtlebot3/turtlebot3-2.1.5/install/turtlebot3/share/colcon-core/packages/turtlebot3)
[3.886s] DEBUG:colcon.colcon_parallel_executor.executor.parallel:closing loop
[3.887s] DEBUG:colcon.colcon_parallel_executor.executor.parallel:loop closed
[3.887s] DEBUG:colcon.colcon_parallel_executor.executor.parallel:run_until_complete finished with '0'
[3.887s] DEBUG:colcon.colcon_core.event_reactor:joining thread
[3.904s] INFO:colcon.colcon_core.plugin_system:Skipping extension 'colcon_notification.desktop_notification.notify_send': Could not find 'notify-send'
[3.905s] INFO:colcon.colcon_core.plugin_system:Skipping extension 'colcon_notification.desktop_notification.terminal_notifier': Not used on non-Darwin systems
[3.905s] INFO:colcon.colcon_core.plugin_system:Skipping extension 'colcon_notification.desktop_notification.win32': Not used on non-Windows systems
[3.905s] INFO:colcon.colcon_notification.desktop_notification:Sending desktop notification using 'notify2'
[3.907s] DEBUG:colcon.colcon_notification.desktop_notification.notify2:Failed to initialize notify2: org.freedesktop.DBus.Error.Spawn.ExecFailed: /usr/bin/dbus-launch terminated abnormally without any error message
[3.908s] DEBUG:colcon.colcon_core.event_reactor:joined thread
[3.921s] INFO:colcon.colcon_core.shell:Creating prefix script '/home/ros/turtlebot3/turtlebot3-2.1.5/install/local_setup.ps1'
[3.922s] INFO:colcon.colcon_core.shell:Creating prefix util module '/home/ros/turtlebot3/turtlebot3-2.1.5/install/_local_setup_util_ps1.py'
[3.923s] INFO:colcon.colcon_core.shell:Creating prefix chain script '/home/ros/turtlebot3/turtlebot3-2.1.5/install/setup.ps1'
[3.936s] INFO:colcon.colcon_core.shell:Creating prefix script '/home/ros/turtlebot3/turtlebot3-2.1.5/install/local_setup.sh'
[3.937s] INFO:colcon.colcon_core.shell:Creating prefix util module '/home/ros/turtlebot3/turtlebot3-2.1.5/install/_local_setup_util_sh.py'
[3.937s] INFO:colcon.colcon_core.shell:Creating prefix chain script '/home/ros/turtlebot3/turtlebot3-2.1.5/install/setup.sh'
[3.951s] INFO:colcon.colcon_core.shell:Creating prefix script '/home/ros/turtlebot3/turtlebot3-2.1.5/install/local_setup.bash'
[3.952s] INFO:colcon.colcon_core.shell:Creating prefix chain script '/home/ros/turtlebot3/turtlebot3-2.1.5/install/setup.bash'
[3.964s] INFO:colcon.colcon_core.shell:Creating prefix script '/home/ros/turtlebot3/turtlebot3-2.1.5/install/local_setup.zsh'
[3.964s] INFO:colcon.colcon_core.shell:Creating prefix chain script '/home/ros/turtlebot3/turtlebot3-2.1.5/install/setup.zsh'
