[0.200s] Invoking command in '/home/ros/turtlebot3/turtlebot3_simulations-2.2.5/build/turtlebot3_fake_node': CMAKE_PREFIX_PATH=${CMAKE_PREFIX_PATH}:/home/ros/turtlebot3/turtlebot3-2.1.5/install/turtlebot3_teleop:/home/ros/turtlebot3/turtlebot3-2.1.5/install/turtlebot3_example:/opt/ros/humble /usr/bin/cmake /home/ros/turtlebot3/turtlebot3_simulations-2.2.5/turtlebot3_fake_node -DAMENT_CMAKE_SYMLINK_INSTALL=1 -DCMAKE_INSTALL_PREFIX=/home/ros/turtlebot3/turtlebot3_simulations-2.2.5/install/turtlebot3_fake_node
[0.258s] -- The C compiler identification is GNU 11.4.0
[0.322s] -- The CXX compiler identification is GNU 11.4.0
[0.330s] -- Detecting C compiler ABI info
[0.401s] -- Detecting C compiler ABI info - done
[0.410s] -- Check for working C compiler: /usr/bin/cc - skipped
[0.410s] -- Detecting C compile features
[0.411s] -- Detecting C compile features - done
[0.416s] -- Detecting CXX compiler ABI info
[0.495s] -- Detecting CXX compiler ABI info - done
[0.502s] -- Check for working CXX compiler: /usr/bin/c++ - skipped
[0.502s] -- Detecting CXX compile features
[0.502s] -- Detecting CXX compile features - done
[0.506s] -- Found ament_cmake: 1.3.5 (/opt/ros/humble/share/ament_cmake/cmake)
[0.702s] -- Found Python3: /usr/bin/python3.10 (found version "3.10.12") found components: Interpreter 
[0.775s] -- Override CMake install command with custom implementation using symlinks instead of copying resources
[0.822s] -- Found geometry_msgs: 4.2.3 (/opt/ros/humble/share/geometry_msgs/cmake)
[0.879s] -- Found rosidl_generator_c: 3.1.5 (/opt/ros/humble/share/rosidl_generator_c/cmake)
[0.888s] -- Found rosidl_adapter: 3.1.5 (/opt/ros/humble/share/rosidl_adapter/cmake)
[0.901s] -- Found rosidl_generator_cpp: 3.1.5 (/opt/ros/humble/share/rosidl_generator_cpp/cmake)
[0.930s] -- Using all available rosidl_typesupport_c: rosidl_typesupport_fastrtps_c;rosidl_typesupport_introspection_c
[0.973s] -- Using all available rosidl_typesupport_cpp: rosidl_typesupport_fastrtps_cpp;rosidl_typesupport_introspection_cpp
[1.181s] -- Found nav_msgs: 4.2.3 (/opt/ros/humble/share/nav_msgs/cmake)
[1.338s] -- Found rclcpp: 16.0.6 (/opt/ros/humble/share/rclcpp/cmake)
[1.510s] -- Found rmw_implementation_cmake: 6.1.1 (/opt/ros/humble/share/rmw_implementation_cmake/cmake)
[1.518s] -- Found rmw_fastrtps_cpp: 6.2.4 (/opt/ros/humble/share/rmw_fastrtps_cpp/cmake)
[1.754s] -- Found OpenSSL: /usr/lib/x86_64-linux-gnu/libcrypto.so (found version "3.0.2")  
[1.831s] -- Found FastRTPS: /opt/ros/humble/include  
[1.943s] -- Using RMW implementation 'rmw_fastrtps_cpp' as default
[1.969s] -- Looking for pthread.h
[2.110s] -- Looking for pthread.h - found
[2.111s] -- Performing Test CMAKE_HAVE_LIBC_PTHREAD
[2.254s] -- Performing Test CMAKE_HAVE_LIBC_PTHREAD - Success
[2.256s] -- Found Threads: TRUE  
[2.563s] -- Found sensor_msgs: 4.2.3 (/opt/ros/humble/share/sensor_msgs/cmake)
[2.759s] -- Found tf2: 0.25.4 (/opt/ros/humble/share/tf2/cmake)
[2.796s] -- Found tf2_msgs: 0.25.4 (/opt/ros/humble/share/tf2_msgs/cmake)
[3.081s] -- Found turtlebot3_msgs: 2.2.3 (/home/ros/turtlebot3/turtlebot3_msgs-2.2.3/install/turtlebot3_msgs/share/turtlebot3_msgs/cmake)
[3.361s] -- Configuring done
[3.391s] -- Generating done
[3.396s] -- Build files have been written to: /home/ros/turtlebot3/turtlebot3_simulations-2.2.5/build/turtlebot3_fake_node
[3.416s] Invoked command in '/home/ros/turtlebot3/turtlebot3_simulations-2.2.5/build/turtlebot3_fake_node' returned '0': CMAKE_PREFIX_PATH=${CMAKE_PREFIX_PATH}:/home/ros/turtlebot3/turtlebot3-2.1.5/install/turtlebot3_teleop:/home/ros/turtlebot3/turtlebot3-2.1.5/install/turtlebot3_example:/opt/ros/humble /usr/bin/cmake /home/ros/turtlebot3/turtlebot3_simulations-2.2.5/turtlebot3_fake_node -DAMENT_CMAKE_SYMLINK_INSTALL=1 -DCMAKE_INSTALL_PREFIX=/home/ros/turtlebot3/turtlebot3_simulations-2.2.5/install/turtlebot3_fake_node
[3.420s] Invoking command in '/home/ros/turtlebot3/turtlebot3_simulations-2.2.5/build/turtlebot3_fake_node': CMAKE_PREFIX_PATH=${CMAKE_PREFIX_PATH}:/home/ros/turtlebot3/turtlebot3-2.1.5/install/turtlebot3_teleop:/home/ros/turtlebot3/turtlebot3-2.1.5/install/turtlebot3_example:/opt/ros/humble /usr/bin/cmake --build /home/ros/turtlebot3/turtlebot3_simulations-2.2.5/build/turtlebot3_fake_node -- -j8 -l8
[3.517s] [ 50%] [32mBuilding CXX object CMakeFiles/turtlebot3_fake_node.dir/src/turtlebot3_fake_node.cpp.o[0m
[33.455s] [100%] [32m[1mLinking CXX executable turtlebot3_fake_node[0m
[35.323s] [100%] Built target turtlebot3_fake_node
[35.440s] Invoked command in '/home/ros/turtlebot3/turtlebot3_simulations-2.2.5/build/turtlebot3_fake_node' returned '0': CMAKE_PREFIX_PATH=${CMAKE_PREFIX_PATH}:/home/ros/turtlebot3/turtlebot3-2.1.5/install/turtlebot3_teleop:/home/ros/turtlebot3/turtlebot3-2.1.5/install/turtlebot3_example:/opt/ros/humble /usr/bin/cmake --build /home/ros/turtlebot3/turtlebot3_simulations-2.2.5/build/turtlebot3_fake_node -- -j8 -l8
[35.585s] Invoking command in '/home/ros/turtlebot3/turtlebot3_simulations-2.2.5/build/turtlebot3_fake_node': CMAKE_PREFIX_PATH=${CMAKE_PREFIX_PATH}:/home/ros/turtlebot3/turtlebot3-2.1.5/install/turtlebot3_teleop:/home/ros/turtlebot3/turtlebot3-2.1.5/install/turtlebot3_example:/opt/ros/humble /usr/bin/cmake --install /home/ros/turtlebot3/turtlebot3_simulations-2.2.5/build/turtlebot3_fake_node
[35.608s] -- Install configuration: ""
[35.609s] -- Execute custom install script
[35.609s] -- Symlinking: /home/ros/turtlebot3/turtlebot3_simulations-2.2.5/install/turtlebot3_fake_node/lib/turtlebot3_fake_node/turtlebot3_fake_node
[35.623s] -- Symlinking: /home/ros/turtlebot3/turtlebot3_simulations-2.2.5/install/turtlebot3_fake_node/share/turtlebot3_fake_node/launch/rviz2.launch.py
[35.646s] -- Symlinking: /home/ros/turtlebot3/turtlebot3_simulations-2.2.5/install/turtlebot3_fake_node/share/turtlebot3_fake_node/launch/turtlebot3_fake_node.launch.py
[35.664s] -- Symlinking: /home/ros/turtlebot3/turtlebot3_simulations-2.2.5/install/turtlebot3_fake_node/share/turtlebot3_fake_node/param/burger.yaml
[35.685s] -- Symlinking: /home/ros/turtlebot3/turtlebot3_simulations-2.2.5/install/turtlebot3_fake_node/share/turtlebot3_fake_node/param/waffle.yaml
[35.702s] -- Symlinking: /home/ros/turtlebot3/turtlebot3_simulations-2.2.5/install/turtlebot3_fake_node/share/turtlebot3_fake_node/param/waffle_pi.yaml
[35.722s] -- Symlinking: /home/ros/turtlebot3/turtlebot3_simulations-2.2.5/install/turtlebot3_fake_node/include//turtlebot3_fake_node/turtlebot3_fake_node.hpp
[35.750s] -- Symlinking: /home/ros/turtlebot3/turtlebot3_simulations-2.2.5/install/turtlebot3_fake_node/share/ament_index/resource_index/package_run_dependencies/turtlebot3_fake_node
[35.781s] -- Symlinking: /home/ros/turtlebot3/turtlebot3_simulations-2.2.5/install/turtlebot3_fake_node/share/ament_index/resource_index/parent_prefix_path/turtlebot3_fake_node
[35.808s] -- Symlinking: /home/ros/turtlebot3/turtlebot3_simulations-2.2.5/install/turtlebot3_fake_node/share/turtlebot3_fake_node/environment/ament_prefix_path.sh
[35.833s] -- Symlinking: /home/ros/turtlebot3/turtlebot3_simulations-2.2.5/install/turtlebot3_fake_node/share/turtlebot3_fake_node/environment/ament_prefix_path.dsv
[35.855s] -- Symlinking: /home/ros/turtlebot3/turtlebot3_simulations-2.2.5/install/turtlebot3_fake_node/share/turtlebot3_fake_node/environment/path.sh
[35.882s] -- Symlinking: /home/ros/turtlebot3/turtlebot3_simulations-2.2.5/install/turtlebot3_fake_node/share/turtlebot3_fake_node/environment/path.dsv
[35.899s] -- Symlinking: /home/ros/turtlebot3/turtlebot3_simulations-2.2.5/install/turtlebot3_fake_node/share/turtlebot3_fake_node/local_setup.bash
[35.924s] -- Symlinking: /home/ros/turtlebot3/turtlebot3_simulations-2.2.5/install/turtlebot3_fake_node/share/turtlebot3_fake_node/local_setup.sh
[35.955s] -- Symlinking: /home/ros/turtlebot3/turtlebot3_simulations-2.2.5/install/turtlebot3_fake_node/share/turtlebot3_fake_node/local_setup.zsh
[35.979s] -- Symlinking: /home/ros/turtlebot3/turtlebot3_simulations-2.2.5/install/turtlebot3_fake_node/share/turtlebot3_fake_node/local_setup.dsv
[36.005s] -- Symlinking: /home/ros/turtlebot3/turtlebot3_simulations-2.2.5/install/turtlebot3_fake_node/share/turtlebot3_fake_node/package.dsv
[36.030s] -- Symlinking: /home/ros/turtlebot3/turtlebot3_simulations-2.2.5/install/turtlebot3_fake_node/share/ament_index/resource_index/packages/turtlebot3_fake_node
[36.056s] -- Symlinking: /home/ros/turtlebot3/turtlebot3_simulations-2.2.5/install/turtlebot3_fake_node/share/turtlebot3_fake_node/cmake/ament_cmake_export_include_directories-extras.cmake
[36.082s] -- Symlinking: /home/ros/turtlebot3/turtlebot3_simulations-2.2.5/install/turtlebot3_fake_node/share/turtlebot3_fake_node/cmake/ament_cmake_export_dependencies-extras.cmake
[36.100s] -- Symlinking: /home/ros/turtlebot3/turtlebot3_simulations-2.2.5/install/turtlebot3_fake_node/share/turtlebot3_fake_node/cmake/turtlebot3_fake_nodeConfig.cmake
[36.123s] -- Symlinking: /home/ros/turtlebot3/turtlebot3_simulations-2.2.5/install/turtlebot3_fake_node/share/turtlebot3_fake_node/cmake/turtlebot3_fake_nodeConfig-version.cmake
[36.144s] -- Symlinking: /home/ros/turtlebot3/turtlebot3_simulations-2.2.5/install/turtlebot3_fake_node/share/turtlebot3_fake_node/package.xml
[36.184s] Invoked command in '/home/ros/turtlebot3/turtlebot3_simulations-2.2.5/build/turtlebot3_fake_node' returned '0': CMAKE_PREFIX_PATH=${CMAKE_PREFIX_PATH}:/home/ros/turtlebot3/turtlebot3-2.1.5/install/turtlebot3_teleop:/home/ros/turtlebot3/turtlebot3-2.1.5/install/turtlebot3_example:/opt/ros/humble /usr/bin/cmake --install /home/ros/turtlebot3/turtlebot3_simulations-2.2.5/build/turtlebot3_fake_node
