[0.840s] Invoking command in '/home/ros/turtlebot3/turtlebot3-2.1.5/build/turtlebot3_cartographer': CMAKE_PREFIX_PATH=${CMAKE_PREFIX_PATH}:/home/ros/turtlebot3/turtlebot3-2.1.5/install/turtlebot3_teleop:/home/ros/turtlebot3/turtlebot3-2.1.5/install/turtlebot3_example:/opt/ros/humble /usr/bin/cmake /home/ros/turtlebot3/turtlebot3-2.1.5/turtlebot3_cartographer -DAMENT_CMAKE_SYMLINK_INSTALL=1 -DCMAKE_INSTALL_PREFIX=/home/ros/turtlebot3/turtlebot3-2.1.5/install/turtlebot3_cartographer
[1.890s] -- The C compiler identification is GNU 11.4.0
[1.890s] -- The CXX compiler identification is GNU 11.4.0
[1.890s] -- Detecting C compiler ABI info
[1.890s] -- Detecting C compiler ABI info - done
[1.891s] -- Check for working C compiler: /usr/bin/cc - skipped
[1.891s] -- Detecting C compile features
[1.892s] -- Detecting C compile features - done
[1.892s] -- Detecting CXX compiler ABI info
[1.892s] -- Detecting CXX compiler ABI info - done
[1.892s] -- Check for working CXX compiler: /usr/bin/c++ - skipped
[1.893s] -- Detecting CXX compile features
[1.893s] -- Detecting CXX compile features - done
[1.893s] -- Found ament_cmake: 1.3.5 (/opt/ros/humble/share/ament_cmake/cmake)
[2.190s] -- Found Python3: /usr/bin/python3.10 (found version "3.10.12") found components: Interpreter 
[2.394s] -- Override CMake install command with custom implementation using symlinks instead of copying resources
[2.873s] -- Configuring done
[2.888s] -- Generating done
[2.889s] -- Build files have been written to: /home/ros/turtlebot3/turtlebot3-2.1.5/build/turtlebot3_cartographer
[3.264s] Invoked command in '/home/ros/turtlebot3/turtlebot3-2.1.5/build/turtlebot3_cartographer' returned '0': CMAKE_PREFIX_PATH=${CMAKE_PREFIX_PATH}:/home/ros/turtlebot3/turtlebot3-2.1.5/install/turtlebot3_teleop:/home/ros/turtlebot3/turtlebot3-2.1.5/install/turtlebot3_example:/opt/ros/humble /usr/bin/cmake /home/ros/turtlebot3/turtlebot3-2.1.5/turtlebot3_cartographer -DAMENT_CMAKE_SYMLINK_INSTALL=1 -DCMAKE_INSTALL_PREFIX=/home/ros/turtlebot3/turtlebot3-2.1.5/install/turtlebot3_cartographer
[3.265s] Invoking command in '/home/ros/turtlebot3/turtlebot3-2.1.5/build/turtlebot3_cartographer': CMAKE_PREFIX_PATH=${CMAKE_PREFIX_PATH}:/home/ros/turtlebot3/turtlebot3-2.1.5/install/turtlebot3_teleop:/home/ros/turtlebot3/turtlebot3-2.1.5/install/turtlebot3_example:/opt/ros/humble /usr/bin/cmake --build /home/ros/turtlebot3/turtlebot3-2.1.5/build/turtlebot3_cartographer -- -j8 -l8
