[0.131s] Invoking command in '/home/ros/turtlebot3/turtlebot3-2.1.5/build/turtlebot3_bringup': AMENT_PREFIX_PATH=/home/ros/turtlebot3/turtlebot3-2.1.5/install/turtlebot3_node:/home/ros/turtlebot3/turtlebot3-2.1.5/install/turtlebot3_description:${AMENT_PREFIX_PATH} CMAKE_PREFIX_PATH=/home/ros/turtlebot3/turtlebot3-2.1.5/install/turtlebot3_node:/home/ros/turtlebot3/turtlebot3-2.1.5/install/turtlebot3_description:/home/ros/turtlebot3/DynamixelSDK/install/dynamixel_sdk_examples:/home/ros/turtlebot3/DynamixelSDK/install/dynamixel_sdk_custom_interfaces:/home/ros/turtlebot3/DynamixelSDK/install/dynamixel_sdk:/home/ros/turtlebot3/turtlebot3_msgs-2.2.3/install/turtlebot3_msgs:/home/ros/turtlebot3/turtlebot3_simulations-2.2.5/install/turtlebot3_simulations:/home/ros/turtlebot3/turtlebot3_simulations-2.2.5/install/turtlebot3_gazebo:/home/ros/turtlebot3/turtlebot3_simulations-2.2.5/install/turtlebot3_fake_node:/opt/ros/humble /usr/bin/cmake /home/ros/turtlebot3/turtlebot3-2.1.5/turtlebot3_bringup -DAMENT_CMAKE_SYMLINK_INSTALL=1 -DCMAKE_INSTALL_PREFIX=/home/ros/turtlebot3/turtlebot3-2.1.5/install/turtlebot3_bringup
[0.233s] -- The C compiler identification is GNU 11.4.0
[0.299s] -- The CXX compiler identification is GNU 11.4.0
[0.309s] -- Detecting C compiler ABI info
[0.399s] -- Detecting C compiler ABI info - done
[0.410s] -- Check for working C compiler: /usr/bin/cc - skipped
[0.410s] -- Detecting C compile features
[0.411s] -- Detecting C compile features - done
[0.416s] -- Detecting CXX compiler ABI info
[0.523s] -- Detecting CXX compiler ABI info - done
[0.533s] -- Check for working CXX compiler: /usr/bin/c++ - skipped
[0.533s] -- Detecting CXX compile features
[0.534s] -- Detecting CXX compile features - done
[0.551s] -- Found ament_cmake: 1.3.5 (/opt/ros/humble/share/ament_cmake/cmake)
[0.781s] -- Found Python3: /usr/bin/python3.10 (found version "3.10.12") found components: Interpreter 
[0.871s] -- Override CMake install command with custom implementation using symlinks instead of copying resources
[1.026s] -- Configuring done
[1.029s] -- Generating done
[1.030s] -- Build files have been written to: /home/ros/turtlebot3/turtlebot3-2.1.5/build/turtlebot3_bringup
[1.036s] Invoked command in '/home/ros/turtlebot3/turtlebot3-2.1.5/build/turtlebot3_bringup' returned '0': AMENT_PREFIX_PATH=/home/ros/turtlebot3/turtlebot3-2.1.5/install/turtlebot3_node:/home/ros/turtlebot3/turtlebot3-2.1.5/install/turtlebot3_description:${AMENT_PREFIX_PATH} CMAKE_PREFIX_PATH=/home/ros/turtlebot3/turtlebot3-2.1.5/install/turtlebot3_node:/home/ros/turtlebot3/turtlebot3-2.1.5/install/turtlebot3_description:/home/ros/turtlebot3/DynamixelSDK/install/dynamixel_sdk_examples:/home/ros/turtlebot3/DynamixelSDK/install/dynamixel_sdk_custom_interfaces:/home/ros/turtlebot3/DynamixelSDK/install/dynamixel_sdk:/home/ros/turtlebot3/turtlebot3_msgs-2.2.3/install/turtlebot3_msgs:/home/ros/turtlebot3/turtlebot3_simulations-2.2.5/install/turtlebot3_simulations:/home/ros/turtlebot3/turtlebot3_simulations-2.2.5/install/turtlebot3_gazebo:/home/ros/turtlebot3/turtlebot3_simulations-2.2.5/install/turtlebot3_fake_node:/opt/ros/humble /usr/bin/cmake /home/ros/turtlebot3/turtlebot3-2.1.5/turtlebot3_bringup -DAMENT_CMAKE_SYMLINK_INSTALL=1 -DCMAKE_INSTALL_PREFIX=/home/ros/turtlebot3/turtlebot3-2.1.5/install/turtlebot3_bringup
[1.037s] Invoking command in '/home/ros/turtlebot3/turtlebot3-2.1.5/build/turtlebot3_bringup': AMENT_PREFIX_PATH=/home/ros/turtlebot3/turtlebot3-2.1.5/install/turtlebot3_node:/home/ros/turtlebot3/turtlebot3-2.1.5/install/turtlebot3_description:${AMENT_PREFIX_PATH} CMAKE_PREFIX_PATH=/home/ros/turtlebot3/turtlebot3-2.1.5/install/turtlebot3_node:/home/ros/turtlebot3/turtlebot3-2.1.5/install/turtlebot3_description:/home/ros/turtlebot3/DynamixelSDK/install/dynamixel_sdk_examples:/home/ros/turtlebot3/DynamixelSDK/install/dynamixel_sdk_custom_interfaces:/home/ros/turtlebot3/DynamixelSDK/install/dynamixel_sdk:/home/ros/turtlebot3/turtlebot3_msgs-2.2.3/install/turtlebot3_msgs:/home/ros/turtlebot3/turtlebot3_simulations-2.2.5/install/turtlebot3_simulations:/home/ros/turtlebot3/turtlebot3_simulations-2.2.5/install/turtlebot3_gazebo:/home/ros/turtlebot3/turtlebot3_simulations-2.2.5/install/turtlebot3_fake_node:/opt/ros/humble /usr/bin/cmake --build /home/ros/turtlebot3/turtlebot3-2.1.5/build/turtlebot3_bringup -- -j8 -l8
[1.081s] Invoked command in '/home/ros/turtlebot3/turtlebot3-2.1.5/build/turtlebot3_bringup' returned '0': AMENT_PREFIX_PATH=/home/ros/turtlebot3/turtlebot3-2.1.5/install/turtlebot3_node:/home/ros/turtlebot3/turtlebot3-2.1.5/install/turtlebot3_description:${AMENT_PREFIX_PATH} CMAKE_PREFIX_PATH=/home/ros/turtlebot3/turtlebot3-2.1.5/install/turtlebot3_node:/home/ros/turtlebot3/turtlebot3-2.1.5/install/turtlebot3_description:/home/ros/turtlebot3/DynamixelSDK/install/dynamixel_sdk_examples:/home/ros/turtlebot3/DynamixelSDK/install/dynamixel_sdk_custom_interfaces:/home/ros/turtlebot3/DynamixelSDK/install/dynamixel_sdk:/home/ros/turtlebot3/turtlebot3_msgs-2.2.3/install/turtlebot3_msgs:/home/ros/turtlebot3/turtlebot3_simulations-2.2.5/install/turtlebot3_simulations:/home/ros/turtlebot3/turtlebot3_simulations-2.2.5/install/turtlebot3_gazebo:/home/ros/turtlebot3/turtlebot3_simulations-2.2.5/install/turtlebot3_fake_node:/opt/ros/humble /usr/bin/cmake --build /home/ros/turtlebot3/turtlebot3-2.1.5/build/turtlebot3_bringup -- -j8 -l8
[1.109s] Invoking command in '/home/ros/turtlebot3/turtlebot3-2.1.5/build/turtlebot3_bringup': AMENT_PREFIX_PATH=/home/ros/turtlebot3/turtlebot3-2.1.5/install/turtlebot3_node:/home/ros/turtlebot3/turtlebot3-2.1.5/install/turtlebot3_description:${AMENT_PREFIX_PATH} CMAKE_PREFIX_PATH=/home/ros/turtlebot3/turtlebot3-2.1.5/install/turtlebot3_node:/home/ros/turtlebot3/turtlebot3-2.1.5/install/turtlebot3_description:/home/ros/turtlebot3/DynamixelSDK/install/dynamixel_sdk_examples:/home/ros/turtlebot3/DynamixelSDK/install/dynamixel_sdk_custom_interfaces:/home/ros/turtlebot3/DynamixelSDK/install/dynamixel_sdk:/home/ros/turtlebot3/turtlebot3_msgs-2.2.3/install/turtlebot3_msgs:/home/ros/turtlebot3/turtlebot3_simulations-2.2.5/install/turtlebot3_simulations:/home/ros/turtlebot3/turtlebot3_simulations-2.2.5/install/turtlebot3_gazebo:/home/ros/turtlebot3/turtlebot3_simulations-2.2.5/install/turtlebot3_fake_node:/opt/ros/humble /usr/bin/cmake --install /home/ros/turtlebot3/turtlebot3-2.1.5/build/turtlebot3_bringup
[1.119s] -- Install configuration: ""
[1.119s] -- Execute custom install script
[1.120s] -- Symlinking: /home/ros/turtlebot3/turtlebot3-2.1.5/install/turtlebot3_bringup/share/turtlebot3_bringup/launch/robot.launch.py
[1.130s] -- Symlinking: /home/ros/turtlebot3/turtlebot3-2.1.5/install/turtlebot3_bringup/share/turtlebot3_bringup/launch/rviz2.launch.py
[1.140s] -- Symlinking: /home/ros/turtlebot3/turtlebot3-2.1.5/install/turtlebot3_bringup/share/turtlebot3_bringup/launch/turtlebot3_state_publisher.launch.py
[1.151s] -- Symlinking: /home/ros/turtlebot3/turtlebot3-2.1.5/install/turtlebot3_bringup/share/turtlebot3_bringup/param/burger.yaml
[1.161s] -- Symlinking: /home/ros/turtlebot3/turtlebot3-2.1.5/install/turtlebot3_bringup/share/turtlebot3_bringup/param/waffle.yaml
[1.172s] -- Symlinking: /home/ros/turtlebot3/turtlebot3-2.1.5/install/turtlebot3_bringup/share/turtlebot3_bringup/param/waffle_pi.yaml
[1.183s] -- Symlinking: /home/ros/turtlebot3/turtlebot3-2.1.5/install/turtlebot3_bringup/share/turtlebot3_bringup/script/99-turtlebot3-cdc.rules
[1.193s] -- Symlinking: /home/ros/turtlebot3/turtlebot3-2.1.5/install/turtlebot3_bringup/share/turtlebot3_bringup/script/create_udev_rules
[1.205s] -- Symlinking: /home/ros/turtlebot3/turtlebot3-2.1.5/install/turtlebot3_bringup/share/ament_index/resource_index/package_run_dependencies/turtlebot3_bringup
[1.215s] -- Symlinking: /home/ros/turtlebot3/turtlebot3-2.1.5/install/turtlebot3_bringup/share/ament_index/resource_index/parent_prefix_path/turtlebot3_bringup
[1.225s] -- Symlinking: /home/ros/turtlebot3/turtlebot3-2.1.5/install/turtlebot3_bringup/share/turtlebot3_bringup/environment/ament_prefix_path.sh
[1.235s] -- Symlinking: /home/ros/turtlebot3/turtlebot3-2.1.5/install/turtlebot3_bringup/share/turtlebot3_bringup/environment/ament_prefix_path.dsv
[1.246s] -- Symlinking: /home/ros/turtlebot3/turtlebot3-2.1.5/install/turtlebot3_bringup/share/turtlebot3_bringup/environment/path.sh
[1.255s] -- Symlinking: /home/ros/turtlebot3/turtlebot3-2.1.5/install/turtlebot3_bringup/share/turtlebot3_bringup/environment/path.dsv
[1.265s] -- Symlinking: /home/ros/turtlebot3/turtlebot3-2.1.5/install/turtlebot3_bringup/share/turtlebot3_bringup/local_setup.bash
[1.276s] -- Symlinking: /home/ros/turtlebot3/turtlebot3-2.1.5/install/turtlebot3_bringup/share/turtlebot3_bringup/local_setup.sh
[1.288s] -- Symlinking: /home/ros/turtlebot3/turtlebot3-2.1.5/install/turtlebot3_bringup/share/turtlebot3_bringup/local_setup.zsh
[1.298s] -- Symlinking: /home/ros/turtlebot3/turtlebot3-2.1.5/install/turtlebot3_bringup/share/turtlebot3_bringup/local_setup.dsv
[1.308s] -- Symlinking: /home/ros/turtlebot3/turtlebot3-2.1.5/install/turtlebot3_bringup/share/turtlebot3_bringup/package.dsv
[1.318s] -- Symlinking: /home/ros/turtlebot3/turtlebot3-2.1.5/install/turtlebot3_bringup/share/ament_index/resource_index/packages/turtlebot3_bringup
[1.327s] -- Symlinking: /home/ros/turtlebot3/turtlebot3-2.1.5/install/turtlebot3_bringup/share/turtlebot3_bringup/cmake/turtlebot3_bringupConfig.cmake
[1.337s] -- Symlinking: /home/ros/turtlebot3/turtlebot3-2.1.5/install/turtlebot3_bringup/share/turtlebot3_bringup/cmake/turtlebot3_bringupConfig-version.cmake
[1.349s] -- Symlinking: /home/ros/turtlebot3/turtlebot3-2.1.5/install/turtlebot3_bringup/share/turtlebot3_bringup/package.xml
[1.360s] Invoked command in '/home/ros/turtlebot3/turtlebot3-2.1.5/build/turtlebot3_bringup' returned '0': AMENT_PREFIX_PATH=/home/ros/turtlebot3/turtlebot3-2.1.5/install/turtlebot3_node:/home/ros/turtlebot3/turtlebot3-2.1.5/install/turtlebot3_description:${AMENT_PREFIX_PATH} CMAKE_PREFIX_PATH=/home/ros/turtlebot3/turtlebot3-2.1.5/install/turtlebot3_node:/home/ros/turtlebot3/turtlebot3-2.1.5/install/turtlebot3_description:/home/ros/turtlebot3/DynamixelSDK/install/dynamixel_sdk_examples:/home/ros/turtlebot3/DynamixelSDK/install/dynamixel_sdk_custom_interfaces:/home/ros/turtlebot3/DynamixelSDK/install/dynamixel_sdk:/home/ros/turtlebot3/turtlebot3_msgs-2.2.3/install/turtlebot3_msgs:/home/ros/turtlebot3/turtlebot3_simulations-2.2.5/install/turtlebot3_simulations:/home/ros/turtlebot3/turtlebot3_simulations-2.2.5/install/turtlebot3_gazebo:/home/ros/turtlebot3/turtlebot3_simulations-2.2.5/install/turtlebot3_fake_node:/opt/ros/humble /usr/bin/cmake --install /home/ros/turtlebot3/turtlebot3-2.1.5/build/turtlebot3_bringup
