[0.096s] Invoking command in '/home/ros/turtlebot3/turtlebot3_simulations-2.2.5/build/turtlebot3_gazebo': CMAKE_PREFIX_PATH=${CMAKE_PREFIX_PATH}:/opt/ros/humble /usr/bin/cmake --build /home/ros/turtlebot3/turtlebot3_simulations-2.2.5/build/turtlebot3_gazebo -- -j8 -l8
[0.237s] -- Found ament_cmake: 1.3.5 (/opt/ros/humble/share/ament_cmake/cmake)
[0.398s] -- Override CMake install command with custom implementation using symlinks instead of copying resources
[0.426s] [33mCMake Warning (dev) at /usr/share/cmake-3.22/Modules/FindPackageHandleStandardArgs.cmake:438 (message):
[0.426s]   The package name passed to `find_package_handle_standard_args` (PkgConfig)
[0.426s]   does not match the name of the calling package (gazebo).  This can lead to
[0.426s]   problems in calling code that expects `find_package` result variables
[0.426s]   (e.g., `_FOUND`) to follow a certain pattern.
[0.427s] Call Stack (most recent call first):
[0.427s]   /usr/share/cmake-3.22/Modules/FindPkgConfig.cmake:99 (find_package_handle_standard_args)
[0.427s]   /usr/lib/x86_64-linux-gnu/cmake/gazebo/gazebo-config.cmake:72 (include)
[0.427s]   CMakeLists.txt:23 (find_package)
[0.427s] This warning is for project developers.  Use -Wno-dev to suppress it.
[0.427s] [0m
[0.491s] -- Found DART: /usr/include (Required is at least version "6.6") found components: dart 
[0.558s] -- Found Protobuf: /usr/lib/x86_64-linux-gnu/libprotobuf.so (found version "3.12.4") 
[0.563s] -- Looking for ignition-math6 -- found version 6.15.0
[0.577s] -- Searching for dependencies of ignition-math6
[0.584s] -- Looking for OGRE...
[0.592s] -- Found Ogre Ghadamon (1.9.0)
[0.592s] -- Found OGRE: optimized;/usr/lib/x86_64-linux-gnu/libOgreMain.so;debug;/usr/lib/x86_64-linux-gnu/libOgreMain.so
[0.602s] -- Looking for OGRE_Paging...
[0.602s] -- Found OGRE_Paging: optimized;/usr/lib/x86_64-linux-gnu/libOgrePaging.so;debug;/usr/lib/x86_64-linux-gnu/libOgrePaging.so
[0.602s] -- Looking for OGRE_Terrain...
[0.602s] -- Found OGRE_Terrain: optimized;/usr/lib/x86_64-linux-gnu/libOgreTerrain.so;debug;/usr/lib/x86_64-linux-gnu/libOgreTerrain.so
[0.603s] -- Looking for OGRE_Property...
[0.603s] -- Found OGRE_Property: optimized;/usr/lib/x86_64-linux-gnu/libOgreProperty.so;debug;/usr/lib/x86_64-linux-gnu/libOgreProperty.so
[0.603s] -- Looking for OGRE_RTShaderSystem...
[0.603s] -- Found OGRE_RTShaderSystem: optimized;/usr/lib/x86_64-linux-gnu/libOgreRTShaderSystem.so;debug;/usr/lib/x86_64-linux-gnu/libOgreRTShaderSystem.so
[0.603s] -- Looking for OGRE_Volume...
[0.603s] -- Found OGRE_Volume: optimized;/usr/lib/x86_64-linux-gnu/libOgreVolume.so;debug;/usr/lib/x86_64-linux-gnu/libOgreVolume.so
[0.603s] -- Looking for OGRE_Overlay...
[0.603s] -- Found OGRE_Overlay: optimized;/usr/lib/x86_64-linux-gnu/libOgreOverlay.so;debug;/usr/lib/x86_64-linux-gnu/libOgreOverlay.so
[0.698s] -- Looking for ignition-math6 -- found version 6.15.0
[0.700s] -- Looking for ignition-transport8 -- found version 8.2.1
[0.701s] -- Searching for dependencies of ignition-transport8
[0.722s] -- Found Protobuf: /usr/lib/x86_64-linux-gnu/libprotobuf.so (found suitable version "3.12.4", minimum required is "3") 
[0.738s] -- Config-file not installed for ZeroMQ -- checking for pkg-config
[0.744s] -- Checking for module 'libzmq >= 4'
[0.775s] --   Found libzmq , version 4.3.4
[0.807s] -- Checking for module 'uuid'
[0.819s] --   Found uuid, version 2.37.2
[0.846s] -- Looking for ignition-msgs5 -- found version 5.8.1
[0.847s] -- Searching for dependencies of ignition-msgs5
[0.870s] -- Looking for ignition-math6 -- found version 6.15.0
[0.875s] -- Checking for module 'tinyxml2'
[0.886s] --   Found tinyxml2, version 9.0.0
[0.914s] -- Looking for ignition-msgs5 -- found version 5.8.1
[0.914s] -- Looking for ignition-common3 -- found version 3.14.0
[0.915s] -- Searching for dependencies of ignition-common3
[0.915s] -- Looking for dlfcn.h - found
[0.915s] -- Looking for libdl - found
[0.926s] -- Searching for <ignition-common3> component [graphics]
[0.926s] -- Looking for ignition-common3-graphics -- found version 3.14.0
[0.926s] -- Searching for dependencies of ignition-common3-graphics
[0.927s] -- Looking for ignition-math6 -- found version 6.15.0
[0.928s] -- Looking for ignition-fuel_tools4 -- found version 4.4.0
[0.928s] -- Searching for dependencies of ignition-fuel_tools4
[0.968s] -- Checking for module 'jsoncpp'
[0.979s] --   Found jsoncpp, version 1.9.5
[1.012s] -- Checking for module 'libzip'
[1.023s] --   Found libzip, version 1.7.3
[1.053s] -- Looking for ignition-common3 -- found version 3.14.0
[1.053s] -- Looking for ignition-math6 -- found version 6.15.0
[1.054s] -- Looking for ignition-msgs5 -- found version 5.8.1
[1.071s] [31mCMake Error at CMakeLists.txt:24 (find_package):
[1.071s]   By not providing "Findgazebo_ros_pkgs.cmake" in CMAKE_MODULE_PATH this
[1.071s]   project has asked CMake to find a package configuration file provided by
[1.071s]   "gazebo_ros_pkgs", but CMake did not find one.
[1.071s] 
[1.071s]   Could not find a package configuration file provided by "gazebo_ros_pkgs"
[1.071s]   with any of the following names:
[1.071s] 
[1.071s]     gazebo_ros_pkgsConfig.cmake
[1.071s]     gazebo_ros_pkgs-config.cmake
[1.071s] 
[1.071s]   Add the installation prefix of "gazebo_ros_pkgs" to CMAKE_PREFIX_PATH or
[1.071s]   set "gazebo_ros_pkgs_DIR" to a directory containing one of the above files.
[1.071s]   If "gazebo_ros_pkgs" provides a separate development package or SDK, be
[1.071s]   sure it has been installed.
[1.071s] 
[1.072s] [0m
[1.072s] -- Configuring incomplete, errors occurred!
[1.072s] See also "/home/ros/turtlebot3/turtlebot3_simulations-2.2.5/build/turtlebot3_gazebo/CMakeFiles/CMakeOutput.log".
[1.077s] gmake: *** [Makefile:390: cmake_check_build_system] Error 1
[1.080s] Invoked command in '/home/ros/turtlebot3/turtlebot3_simulations-2.2.5/build/turtlebot3_gazebo' returned '2': CMAKE_PREFIX_PATH=${CMAKE_PREFIX_PATH}:/opt/ros/humble /usr/bin/cmake --build /home/ros/turtlebot3/turtlebot3_simulations-2.2.5/build/turtlebot3_gazebo -- -j8 -l8
