[0.999s] Invoking command in '/home/ros/turtlebot3/turtlebot3-2.1.5/build/turtlebot3_node': CMAKE_PREFIX_PATH=${CMAKE_PREFIX_PATH}:/home/ros/turtlebot3/turtlebot3-2.1.5/install/turtlebot3_teleop:/home/ros/turtlebot3/turtlebot3-2.1.5/install/turtlebot3_example:/opt/ros/humble /usr/bin/cmake /home/ros/turtlebot3/turtlebot3-2.1.5/turtlebot3_node -DAMENT_CMAKE_SYMLINK_INSTALL=1 -DCMAKE_INSTALL_PREFIX=/home/ros/turtlebot3/turtlebot3-2.1.5/install/turtlebot3_node
[2.049s] -- The C compiler identification is GNU 11.4.0
[2.050s] -- The CXX compiler identification is GNU 11.4.0
[2.050s] -- Detecting C compiler ABI info
[2.050s] -- Detecting C compiler ABI info - done
[2.050s] -- Check for working C compiler: /usr/bin/cc - skipped
[2.051s] -- Detecting C compile features
[2.051s] -- Detecting C compile features - done
[2.051s] -- Detecting CXX compiler ABI info
[2.052s] -- Detecting CXX compiler ABI info - done
[2.052s] -- Check for working CXX compiler: /usr/bin/c++ - skipped
[2.052s] -- Detecting CXX compile features
[2.052s] -- Detecting CXX compile features - done
[2.053s] -- Found ament_cmake: 1.3.5 (/opt/ros/humble/share/ament_cmake/cmake)
[2.358s] -- Found Python3: /usr/bin/python3.10 (found version "3.10.12") found components: Interpreter 
[2.608s] -- Override CMake install command with custom implementation using symlinks instead of copying resources
[2.886s] [31mCMake Error at CMakeLists.txt:19 (find_package):
[2.886s]   By not providing "Finddynamixel_sdk.cmake" in CMAKE_MODULE_PATH this
[2.887s]   project has asked CMake to find a package configuration file provided by
[2.887s]   "dynamixel_sdk", but CMake did not find one.
[2.888s] 
[2.888s]   Could not find a package configuration file provided by "dynamixel_sdk"
[2.888s]   with any of the following names:
[2.889s] 
[2.889s]     dynamixel_sdkConfig.cmake
[2.889s]     dynamixel_sdk-config.cmake
[2.890s] 
[2.890s]   Add the installation prefix of "dynamixel_sdk" to CMAKE_PREFIX_PATH or set
[2.891s]   "dynamixel_sdk_DIR" to a directory containing one of the above files.  If
[2.891s]   "dynamixel_sdk" provides a separate development package or SDK, be sure it
[2.892s]   has been installed.
[2.892s] 
[2.893s] [0m
[2.896s] -- Configuring incomplete, errors occurred!
[2.896s] See also "/home/ros/turtlebot3/turtlebot3-2.1.5/build/turtlebot3_node/CMakeFiles/CMakeOutput.log".
[3.440s] Invoked command in '/home/ros/turtlebot3/turtlebot3-2.1.5/build/turtlebot3_node' returned '1': CMAKE_PREFIX_PATH=${CMAKE_PREFIX_PATH}:/home/ros/turtlebot3/turtlebot3-2.1.5/install/turtlebot3_teleop:/home/ros/turtlebot3/turtlebot3-2.1.5/install/turtlebot3_example:/opt/ros/humble /usr/bin/cmake /home/ros/turtlebot3/turtlebot3-2.1.5/turtlebot3_node -DAMENT_CMAKE_SYMLINK_INSTALL=1 -DCMAKE_INSTALL_PREFIX=/home/ros/turtlebot3/turtlebot3-2.1.5/install/turtlebot3_node
