[0.103s] Invoking command in '/home/ros/turtlebot3/turtlebot3_simulations-2.2.5/build/turtlebot3_simulations': CMAKE_PREFIX_PATH=/home/ros/turtlebot3/turtlebot3_simulations-2.2.5/install/turtlebot3_gazebo:/home/ros/turtlebot3/turtlebot3_simulations-2.2.5/install/turtlebot3_fake_node:/home/ros/turtlebot3/DynamixelSDK/install/dynamixel_sdk_examples:/home/ros/turtlebot3/DynamixelSDK/install/dynamixel_sdk_custom_interfaces:/home/ros/turtlebot3/DynamixelSDK/install/dynamixel_sdk:/home/ros/turtlebot3/turtlebot3_msgs-2.2.3/install/turtlebot3_msgs:/home/ros/turtlebot3/turtlebot3_simulations-2.2.5/install/turtlebot3_simulations:/opt/ros/humble /usr/bin/cmake --build /home/ros/turtlebot3/turtlebot3_simulations-2.2.5/build/turtlebot3_simulations -- -j8 -l8
[0.139s] Invoked command in '/home/ros/turtlebot3/turtlebot3_simulations-2.2.5/build/turtlebot3_simulations' returned '0': CMAKE_PREFIX_PATH=/home/ros/turtlebot3/turtlebot3_simulations-2.2.5/install/turtlebot3_gazebo:/home/ros/turtlebot3/turtlebot3_simulations-2.2.5/install/turtlebot3_fake_node:/home/ros/turtlebot3/DynamixelSDK/install/dynamixel_sdk_examples:/home/ros/turtlebot3/DynamixelSDK/install/dynamixel_sdk_custom_interfaces:/home/ros/turtlebot3/DynamixelSDK/install/dynamixel_sdk:/home/ros/turtlebot3/turtlebot3_msgs-2.2.3/install/turtlebot3_msgs:/home/ros/turtlebot3/turtlebot3_simulations-2.2.5/install/turtlebot3_simulations:/opt/ros/humble /usr/bin/cmake --build /home/ros/turtlebot3/turtlebot3_simulations-2.2.5/build/turtlebot3_simulations -- -j8 -l8
[0.163s] Invoking command in '/home/ros/turtlebot3/turtlebot3_simulations-2.2.5/build/turtlebot3_simulations': CMAKE_PREFIX_PATH=/home/ros/turtlebot3/turtlebot3_simulations-2.2.5/install/turtlebot3_gazebo:/home/ros/turtlebot3/turtlebot3_simulations-2.2.5/install/turtlebot3_fake_node:/home/ros/turtlebot3/DynamixelSDK/install/dynamixel_sdk_examples:/home/ros/turtlebot3/DynamixelSDK/install/dynamixel_sdk_custom_interfaces:/home/ros/turtlebot3/DynamixelSDK/install/dynamixel_sdk:/home/ros/turtlebot3/turtlebot3_msgs-2.2.3/install/turtlebot3_msgs:/home/ros/turtlebot3/turtlebot3_simulations-2.2.5/install/turtlebot3_simulations:/opt/ros/humble /usr/bin/cmake --install /home/ros/turtlebot3/turtlebot3_simulations-2.2.5/build/turtlebot3_simulations
[0.170s] -- Install configuration: ""
[0.170s] -- Execute custom install script
[0.171s] -- Up-to-date symlink: /home/ros/turtlebot3/turtlebot3_simulations-2.2.5/install/turtlebot3_simulations/share/ament_index/resource_index/package_run_dependencies/turtlebot3_simulations
[0.171s] -- Up-to-date symlink: /home/ros/turtlebot3/turtlebot3_simulations-2.2.5/install/turtlebot3_simulations/share/ament_index/resource_index/parent_prefix_path/turtlebot3_simulations
[0.171s] -- Up-to-date symlink: /home/ros/turtlebot3/turtlebot3_simulations-2.2.5/install/turtlebot3_simulations/share/turtlebot3_simulations/environment/ament_prefix_path.sh
[0.171s] -- Up-to-date symlink: /home/ros/turtlebot3/turtlebot3_simulations-2.2.5/install/turtlebot3_simulations/share/turtlebot3_simulations/environment/ament_prefix_path.dsv
[0.171s] -- Up-to-date symlink: /home/ros/turtlebot3/turtlebot3_simulations-2.2.5/install/turtlebot3_simulations/share/turtlebot3_simulations/environment/path.sh
[0.171s] -- Up-to-date symlink: /home/ros/turtlebot3/turtlebot3_simulations-2.2.5/install/turtlebot3_simulations/share/turtlebot3_simulations/environment/path.dsv
[0.171s] -- Up-to-date symlink: /home/ros/turtlebot3/turtlebot3_simulations-2.2.5/install/turtlebot3_simulations/share/turtlebot3_simulations/local_setup.bash
[0.172s] -- Up-to-date symlink: /home/ros/turtlebot3/turtlebot3_simulations-2.2.5/install/turtlebot3_simulations/share/turtlebot3_simulations/local_setup.sh
[0.172s] -- Up-to-date symlink: /home/ros/turtlebot3/turtlebot3_simulations-2.2.5/install/turtlebot3_simulations/share/turtlebot3_simulations/local_setup.zsh
[0.172s] -- Up-to-date symlink: /home/ros/turtlebot3/turtlebot3_simulations-2.2.5/install/turtlebot3_simulations/share/turtlebot3_simulations/local_setup.dsv
[0.172s] -- Symlinking: /home/ros/turtlebot3/turtlebot3_simulations-2.2.5/install/turtlebot3_simulations/share/turtlebot3_simulations/package.dsv
[0.180s] -- Up-to-date symlink: /home/ros/turtlebot3/turtlebot3_simulations-2.2.5/install/turtlebot3_simulations/share/ament_index/resource_index/packages/turtlebot3_simulations
[0.180s] -- Up-to-date symlink: /home/ros/turtlebot3/turtlebot3_simulations-2.2.5/install/turtlebot3_simulations/share/turtlebot3_simulations/cmake/turtlebot3_simulationsConfig.cmake
[0.180s] -- Up-to-date symlink: /home/ros/turtlebot3/turtlebot3_simulations-2.2.5/install/turtlebot3_simulations/share/turtlebot3_simulations/cmake/turtlebot3_simulationsConfig-version.cmake
[0.180s] -- Up-to-date symlink: /home/ros/turtlebot3/turtlebot3_simulations-2.2.5/install/turtlebot3_simulations/share/turtlebot3_simulations/package.xml
[0.182s] Invoked command in '/home/ros/turtlebot3/turtlebot3_simulations-2.2.5/build/turtlebot3_simulations' returned '0': CMAKE_PREFIX_PATH=/home/ros/turtlebot3/turtlebot3_simulations-2.2.5/install/turtlebot3_gazebo:/home/ros/turtlebot3/turtlebot3_simulations-2.2.5/install/turtlebot3_fake_node:/home/ros/turtlebot3/DynamixelSDK/install/dynamixel_sdk_examples:/home/ros/turtlebot3/DynamixelSDK/install/dynamixel_sdk_custom_interfaces:/home/ros/turtlebot3/DynamixelSDK/install/dynamixel_sdk:/home/ros/turtlebot3/turtlebot3_msgs-2.2.3/install/turtlebot3_msgs:/home/ros/turtlebot3/turtlebot3_simulations-2.2.5/install/turtlebot3_simulations:/opt/ros/humble /usr/bin/cmake --install /home/ros/turtlebot3/turtlebot3_simulations-2.2.5/build/turtlebot3_simulations
