[0.105s] Invoking command in '/home/ros/turtlebot3/nav2_bringup/build/nav2_bringup': CMAKE_PREFIX_PATH=${CMAKE_PREFIX_PATH}:/home/ros/turtlebot3/turtlebot3-2.1.5/install/turtlebot3_teleop:/home/ros/turtlebot3/turtlebot3-2.1.5/install/turtlebot3_example:/opt/ros/humble /usr/bin/cmake /home/ros/turtlebot3/nav2_bringup -DAMENT_CMAKE_SYMLINK_INSTALL=1 -DCMAKE_INSTALL_PREFIX=/home/ros/turtlebot3/nav2_bringup/install/nav2_bringup
[0.264s] -- The C compiler identification is GNU 11.4.0
[0.380s] -- The CXX compiler identification is GNU 11.4.0
[0.394s] -- Detecting C compiler ABI info
[0.471s] -- Detecting C compiler ABI info - done
[0.479s] -- Check for working C compiler: /usr/bin/cc - skipped
[0.480s] -- Detecting C compile features
[0.480s] -- Detecting C compile features - done
[0.484s] -- Detecting CXX compiler ABI info
[0.563s] -- Detecting CXX compiler ABI info - done
[0.570s] -- Check for working CXX compiler: /usr/bin/c++ - skipped
[0.570s] -- Detecting CXX compile features
[0.571s] -- Detecting CXX compile features - done
[0.582s] -- Found ament_cmake: 1.3.5 (/opt/ros/humble/share/ament_cmake/cmake)
[0.750s] -- Found Python3: /usr/bin/python3.10 (found version "3.10.12") found components: Interpreter 
[0.811s] -- Override CMake install command with custom implementation using symlinks instead of copying resources
[0.870s] -- Found nav2_common: 1.1.12 (/opt/ros/humble/share/nav2_common/cmake)
[0.874s] -- Found navigation2: 1.1.12 (/opt/ros/humble/share/navigation2/cmake)
[0.874s] -- Setting build type to Release as none was specified.
[0.879s] -- Found ament_lint_auto: 0.12.8 (/opt/ros/humble/share/ament_lint_auto/cmake)
[1.023s] -- Added test 'copyright' to check source files copyright and LICENSE
[1.029s] -- Added test 'cppcheck' to perform static code analysis on C / C++ code
[1.029s] -- Configured cppcheck include dirs: 
[1.030s] -- Configured cppcheck exclude dirs and/or files: 
[1.036s] -- Added test 'cpplint' to check C / C++ code against the Google style
[1.036s] -- Configured cpplint exclude dirs and/or files: 
[1.037s] -- Added test 'flake8' to check Python code syntax and style conventions
[1.039s] -- Added test 'lint_cmake' to check CMake code style
[1.040s] -- Added test 'pep257' to check Python code against some of the docstring style conventions in PEP 257
[1.047s] -- Added test 'uncrustify' to check C / C++ code style
[1.047s] -- Configured uncrustify additional arguments: 
[1.049s] -- Added test 'xmllint' to check XML markup files
[1.051s] -- Configuring done
[1.054s] -- Generating done
[1.055s] -- Build files have been written to: /home/ros/turtlebot3/nav2_bringup/build/nav2_bringup
[1.059s] Invoked command in '/home/ros/turtlebot3/nav2_bringup/build/nav2_bringup' returned '0': CMAKE_PREFIX_PATH=${CMAKE_PREFIX_PATH}:/home/ros/turtlebot3/turtlebot3-2.1.5/install/turtlebot3_teleop:/home/ros/turtlebot3/turtlebot3-2.1.5/install/turtlebot3_example:/opt/ros/humble /usr/bin/cmake /home/ros/turtlebot3/nav2_bringup -DAMENT_CMAKE_SYMLINK_INSTALL=1 -DCMAKE_INSTALL_PREFIX=/home/ros/turtlebot3/nav2_bringup/install/nav2_bringup
[1.060s] Invoking command in '/home/ros/turtlebot3/nav2_bringup/build/nav2_bringup': CMAKE_PREFIX_PATH=${CMAKE_PREFIX_PATH}:/home/ros/turtlebot3/turtlebot3-2.1.5/install/turtlebot3_teleop:/home/ros/turtlebot3/turtlebot3-2.1.5/install/turtlebot3_example:/opt/ros/humble /usr/bin/cmake --build /home/ros/turtlebot3/nav2_bringup/build/nav2_bringup -- -j8 -l8
[1.096s] Invoked command in '/home/ros/turtlebot3/nav2_bringup/build/nav2_bringup' returned '0': CMAKE_PREFIX_PATH=${CMAKE_PREFIX_PATH}:/home/ros/turtlebot3/turtlebot3-2.1.5/install/turtlebot3_teleop:/home/ros/turtlebot3/turtlebot3-2.1.5/install/turtlebot3_example:/opt/ros/humble /usr/bin/cmake --build /home/ros/turtlebot3/nav2_bringup/build/nav2_bringup -- -j8 -l8
[1.131s] Invoking command in '/home/ros/turtlebot3/nav2_bringup/build/nav2_bringup': CMAKE_PREFIX_PATH=${CMAKE_PREFIX_PATH}:/home/ros/turtlebot3/turtlebot3-2.1.5/install/turtlebot3_teleop:/home/ros/turtlebot3/turtlebot3-2.1.5/install/turtlebot3_example:/opt/ros/humble /usr/bin/cmake --install /home/ros/turtlebot3/nav2_bringup/build/nav2_bringup
[1.138s] -- Install configuration: "Release"
[1.138s] -- Execute custom install script
[1.139s] -- Symlinking: /home/ros/turtlebot3/nav2_bringup/install/nav2_bringup/share/nav2_bringup/launch/bringup_launch.py
[1.147s] -- Symlinking: /home/ros/turtlebot3/nav2_bringup/install/nav2_bringup/share/nav2_bringup/launch/cloned_multi_tb3_simulation_launch.py
[1.155s] -- Symlinking: /home/ros/turtlebot3/nav2_bringup/install/nav2_bringup/share/nav2_bringup/launch/localization_launch.py
[1.163s] -- Symlinking: /home/ros/turtlebot3/nav2_bringup/install/nav2_bringup/share/nav2_bringup/launch/navigation_launch.py
[1.171s] -- Symlinking: /home/ros/turtlebot3/nav2_bringup/install/nav2_bringup/share/nav2_bringup/launch/rviz_launch.py
[1.179s] -- Symlinking: /home/ros/turtlebot3/nav2_bringup/install/nav2_bringup/share/nav2_bringup/launch/slam_launch.py
[1.189s] -- Symlinking: /home/ros/turtlebot3/nav2_bringup/install/nav2_bringup/share/nav2_bringup/launch/tb3_simulation_launch.py
[1.200s] -- Symlinking: /home/ros/turtlebot3/nav2_bringup/install/nav2_bringup/share/nav2_bringup/launch/unique_multi_tb3_simulation_launch.py
[1.210s] -- Symlinking: /home/ros/turtlebot3/nav2_bringup/install/nav2_bringup/share/nav2_bringup/maps/turtlebot3_world.pgm
[1.218s] -- Symlinking: /home/ros/turtlebot3/nav2_bringup/install/nav2_bringup/share/nav2_bringup/maps/turtlebot3_world.yaml
[1.227s] -- Symlinking: /home/ros/turtlebot3/nav2_bringup/install/nav2_bringup/share/nav2_bringup/rviz/nav2_default_view.rviz
[1.236s] -- Symlinking: /home/ros/turtlebot3/nav2_bringup/install/nav2_bringup/share/nav2_bringup/rviz/nav2_namespaced_view.rviz
[1.244s] -- Symlinking: /home/ros/turtlebot3/nav2_bringup/install/nav2_bringup/share/nav2_bringup/worlds/waffle.model
[1.254s] -- Symlinking: /home/ros/turtlebot3/nav2_bringup/install/nav2_bringup/share/nav2_bringup/worlds/world_only.model
[1.262s] -- Symlinking: /home/ros/turtlebot3/nav2_bringup/install/nav2_bringup/share/nav2_bringup/params/nav2_multirobot_params_1.yaml
[1.269s] -- Symlinking: /home/ros/turtlebot3/nav2_bringup/install/nav2_bringup/share/nav2_bringup/params/nav2_multirobot_params_2.yaml
[1.277s] -- Symlinking: /home/ros/turtlebot3/nav2_bringup/install/nav2_bringup/share/nav2_bringup/params/nav2_multirobot_params_all.yaml
[1.285s] -- Symlinking: /home/ros/turtlebot3/nav2_bringup/install/nav2_bringup/share/nav2_bringup/params/nav2_params.yaml
[1.292s] -- Symlinking: /home/ros/turtlebot3/nav2_bringup/install/nav2_bringup/share/nav2_bringup/urdf/turtlebot3_waffle.urdf
[1.300s] -- Symlinking: /home/ros/turtlebot3/nav2_bringup/install/nav2_bringup/share/ament_index/resource_index/package_run_dependencies/nav2_bringup
[1.308s] -- Symlinking: /home/ros/turtlebot3/nav2_bringup/install/nav2_bringup/share/ament_index/resource_index/parent_prefix_path/nav2_bringup
[1.315s] -- Symlinking: /home/ros/turtlebot3/nav2_bringup/install/nav2_bringup/share/nav2_bringup/environment/ament_prefix_path.sh
[1.323s] -- Symlinking: /home/ros/turtlebot3/nav2_bringup/install/nav2_bringup/share/nav2_bringup/environment/ament_prefix_path.dsv
[1.332s] -- Symlinking: /home/ros/turtlebot3/nav2_bringup/install/nav2_bringup/share/nav2_bringup/environment/path.sh
[1.341s] -- Symlinking: /home/ros/turtlebot3/nav2_bringup/install/nav2_bringup/share/nav2_bringup/environment/path.dsv
[1.350s] -- Symlinking: /home/ros/turtlebot3/nav2_bringup/install/nav2_bringup/share/nav2_bringup/local_setup.bash
[1.358s] -- Symlinking: /home/ros/turtlebot3/nav2_bringup/install/nav2_bringup/share/nav2_bringup/local_setup.sh
[1.366s] -- Symlinking: /home/ros/turtlebot3/nav2_bringup/install/nav2_bringup/share/nav2_bringup/local_setup.zsh
[1.375s] -- Symlinking: /home/ros/turtlebot3/nav2_bringup/install/nav2_bringup/share/nav2_bringup/local_setup.dsv
[1.383s] -- Symlinking: /home/ros/turtlebot3/nav2_bringup/install/nav2_bringup/share/nav2_bringup/package.dsv
[1.390s] -- Symlinking: /home/ros/turtlebot3/nav2_bringup/install/nav2_bringup/share/ament_index/resource_index/packages/nav2_bringup
[1.398s] -- Symlinking: /home/ros/turtlebot3/nav2_bringup/install/nav2_bringup/share/nav2_bringup/cmake/nav2_bringupConfig.cmake
[1.406s] -- Symlinking: /home/ros/turtlebot3/nav2_bringup/install/nav2_bringup/share/nav2_bringup/cmake/nav2_bringupConfig-version.cmake
[1.413s] -- Symlinking: /home/ros/turtlebot3/nav2_bringup/install/nav2_bringup/share/nav2_bringup/package.xml
[1.423s] Invoked command in '/home/ros/turtlebot3/nav2_bringup/build/nav2_bringup' returned '0': CMAKE_PREFIX_PATH=${CMAKE_PREFIX_PATH}:/home/ros/turtlebot3/turtlebot3-2.1.5/install/turtlebot3_teleop:/home/ros/turtlebot3/turtlebot3-2.1.5/install/turtlebot3_example:/opt/ros/humble /usr/bin/cmake --install /home/ros/turtlebot3/nav2_bringup/build/nav2_bringup
