[0.000000] (-) TimerEvent: {}
[0.000216] (turtlebot3_msgs) JobQueued: {'identifier': 'turtlebot3_msgs', 'dependencies': OrderedDict()}
[0.000285] (turtlebot3_msgs) JobStarted: {'identifier': 'turtlebot3_msgs'}
[0.089256] (turtlebot3_msgs) JobProgress: {'identifier': 'turtlebot3_msgs', 'progress': 'cmake'}
[0.089710] (turtlebot3_msgs) Command: {'cmd': ['/usr/bin/cmake', '/home/ros/turtlebot3/turtlebot3_msgs-2.2.3', '-DAMENT_CMAKE_SYMLINK_INSTALL=1', '-DCMAKE_INSTALL_PREFIX=/home/ros/turtlebot3/turtlebot3_msgs-2.2.3/install/turtlebot3_msgs'], 'cwd': '/home/ros/turtlebot3/turtlebot3_msgs-2.2.3/build/turtlebot3_msgs', 'env': OrderedDict([('HOSTNAME', 'envy-13'), ('GIT_ASKPASS', '/home/ros/.vscode-server/bin/1a5daa3a0231a0fbba4f14db7ec463cf99d7768e/extensions/git/dist/askpass.sh'), ('IGNITION_VERSION', 'fortress'), ('SHLVL', '2'), ('LD_LIBRARY_PATH', '/home/ros/turtlebot3/turtlebot3_msgs-2.2.3/install/turtlebot3_msgs/lib:/usr/lib/x86_64-linux-gnu/gazebo-11/plugins:/opt/ros/humble/opt/rviz_ogre_vendor/lib:/opt/ros/humble/lib/x86_64-linux-gnu:/opt/ros/humble/lib'), ('BROWSER', '/home/ros/.vscode-server/bin/1a5daa3a0231a0fbba4f14db7ec463cf99d7768e/bin/helpers/browser.sh'), ('HOME', '/home/ros'), ('OLDPWD', '/home/ros'), ('TERM_PROGRAM_VERSION', '1.84.2'), ('VSCODE_IPC_HOOK_CLI', '/tmp/vscode-ipc-32134ff9-3f3d-4ce0-bb1f-494e646f90e5.sock'), ('ROS_PYTHON_VERSION', '3'), ('VSCODE_GIT_ASKPASS_MAIN', '/home/ros/.vscode-server/bin/1a5daa3a0231a0fbba4f14db7ec463cf99d7768e/extensions/git/dist/askpass-main.js'), ('VSCODE_GIT_ASKPASS_NODE', '/home/ros/.vscode-server/bin/1a5daa3a0231a0fbba4f14db7ec463cf99d7768e/node'), ('COLORTERM', 'truecolor'), ('REMOTE_CONTAINERS', 'true'), ('COLCON_PREFIX_PATH', '/home/ros/turtlebot3/turtlebot3-2.1.5/install:/home/ros/turtlebot3/turtlebot3_msgs-2.2.3/install:/home/ros/turtlebot3/turtlebot3_simulations-2.2.5/install'), ('ROS_DISTRO', 'humble'), ('REMOTE_CONTAINERS_IPC', '/tmp/vscode-remote-containers-ipc-5144e9ce-5ae9-42c7-b1e1-3f1de908bbdf.sock'), ('_', '/usr/bin/colcon'), ('ROS_VERSION', '2'), ('TERM', 'xterm-256color'), ('ROS_LOCALHOST_ONLY', '0'), ('QT_X11_NO_MITSHM', '1'), ('PATH', '/home/ros/.vscode-server/bin/1a5daa3a0231a0fbba4f14db7ec463cf99d7768e/bin/remote-cli:/opt/ros/humble/bin:/usr/local/sbin:/usr/local/bin:/usr/sbin:/usr/bin:/sbin:/bin'), ('RUNLEVEL', '3'), ('XDG_RUNTIME_DIR', '/tmp/runtime-ros'), ('REMOTE_CONTAINERS_SOCKETS', '["/tmp/vscode-ssh-auth-5144e9ce-5ae9-42c7-b1e1-3f1de908bbdf.sock","/tmp/.X11-unix/X4","/home/ros/.gnupg/S.gpg-agent"]'), ('DISPLAY', ':0'), ('LANG', 'C.UTF-8'), ('VSCODE_GIT_IPC_HANDLE', '/tmp/runtime-ros/vscode-git-eaaa5886d4.sock'), ('TERM_PROGRAM', 'vscode'), ('SSH_AUTH_SOCK', '/tmp/vscode-ssh-auth-5144e9ce-5ae9-42c7-b1e1-3f1de908bbdf.sock'), ('AMENT_PREFIX_PATH', '/home/ros/turtlebot3/turtlebot3-2.1.5/install/turtlebot3_teleop:/home/ros/turtlebot3/turtlebot3-2.1.5/install/turtlebot3_example:/home/ros/turtlebot3/turtlebot3_msgs-2.2.3/install/turtlebot3_msgs:/home/ros/turtlebot3/turtlebot3_simulations-2.2.5/install/turtlebot3_simulations:/home/ros/turtlebot3/turtlebot3_simulations-2.2.5/install/turtlebot3_gazebo:/home/ros/turtlebot3/turtlebot3_simulations-2.2.5/install/turtlebot3_fake_node:/opt/ros/humble'), ('REMOTE_CONTAINERS_DISPLAY_SOCK', '/tmp/.X11-unix/X4'), ('SHELL', '/bin/bash'), ('VSCODE_GIT_ASKPASS_EXTRA_ARGS', ''), ('PWD', '/home/ros/turtlebot3/turtlebot3_msgs-2.2.3/build/turtlebot3_msgs'), ('TURTLEBOT3_MODEL', 'burger'), ('LC_ALL', 'C.UTF-8'), ('PYTHONPATH', '/turtlebot3/turtlebot3-2.1.5/build/turtlebot3_teleop:/home/ros/turtlebot3/turtlebot3-2.1.5/install/turtlebot3_teleop/lib/python3.10/site-packages:/turtlebot3/turtlebot3-2.1.5/build/turtlebot3_example:/home/ros/turtlebot3/turtlebot3-2.1.5/install/turtlebot3_example/lib/python3.10/site-packages:/home/ros/turtlebot3/turtlebot3_msgs-2.2.3/install/turtlebot3_msgs/local/lib/python3.10/dist-packages:/opt/ros/humble/lib/python3.10/site-packages:/opt/ros/humble/local/lib/python3.10/dist-packages'), ('COLCON', '1'), ('CMAKE_PREFIX_PATH', '/home/ros/turtlebot3/turtlebot3-2.1.5/install/turtlebot3:/home/ros/turtlebot3/turtlebot3-2.1.5/install/turtlebot3_bringup:/home/ros/turtlebot3/turtlebot3-2.1.5/install/turtlebot3_node:/home/ros/turtlebot3/turtlebot3-2.1.5/install/turtlebot3_navigation2:/home/ros/turtlebot3/turtlebot3-2.1.5/install/turtlebot3_description:/home/ros/turtlebot3/turtlebot3-2.1.5/install/turtlebot3_cartographer:/home/ros/turtlebot3/turtlebot3_msgs-2.2.3/install/turtlebot3_msgs:/home/ros/turtlebot3/turtlebot3_simulations-2.2.5/install/turtlebot3_simulations:/home/ros/turtlebot3/turtlebot3_simulations-2.2.5/install/turtlebot3_gazebo:/home/ros/turtlebot3/turtlebot3_simulations-2.2.5/install/turtlebot3_fake_node:/home/ros/turtlebot3/turtlebot3-2.1.5/install/turtlebot3_teleop:/home/ros/turtlebot3/turtlebot3-2.1.5/install/turtlebot3_example:/opt/ros/humble')]), 'shell': False}
[0.099064] (-) TimerEvent: {}
[0.164706] (turtlebot3_msgs) StdoutLine: {'line': b'-- The C compiler identification is GNU 11.4.0\n'}
[0.199352] (-) TimerEvent: {}
[0.237384] (turtlebot3_msgs) StdoutLine: {'line': b'-- The CXX compiler identification is GNU 11.4.0\n'}
[0.247751] (turtlebot3_msgs) StdoutLine: {'line': b'-- Detecting C compiler ABI info\n'}
[0.299472] (-) TimerEvent: {}
[0.323329] (turtlebot3_msgs) StdoutLine: {'line': b'-- Detecting C compiler ABI info - done\n'}
[0.333883] (turtlebot3_msgs) StdoutLine: {'line': b'-- Check for working C compiler: /usr/bin/cc - skipped\n'}
[0.334521] (turtlebot3_msgs) StdoutLine: {'line': b'-- Detecting C compile features\n'}
[0.335002] (turtlebot3_msgs) StdoutLine: {'line': b'-- Detecting C compile features - done\n'}
[0.340386] (turtlebot3_msgs) StdoutLine: {'line': b'-- Detecting CXX compiler ABI info\n'}
[0.399605] (-) TimerEvent: {}
[0.426255] (turtlebot3_msgs) StdoutLine: {'line': b'-- Detecting CXX compiler ABI info - done\n'}
[0.435882] (turtlebot3_msgs) StdoutLine: {'line': b'-- Check for working CXX compiler: /usr/bin/c++ - skipped\n'}
[0.436146] (turtlebot3_msgs) StdoutLine: {'line': b'-- Detecting CXX compile features\n'}
[0.436662] (turtlebot3_msgs) StdoutLine: {'line': b'-- Detecting CXX compile features - done\n'}
[0.441170] (turtlebot3_msgs) StdoutLine: {'line': b'-- Found action_msgs: 1.2.1 (/opt/ros/humble/share/action_msgs/cmake)\n'}
[0.499706] (-) TimerEvent: {}
[0.600040] (-) TimerEvent: {}
[0.620403] (turtlebot3_msgs) StdoutLine: {'line': b'-- Found Python3: /usr/bin/python3.10 (found version "3.10.12") found components: Interpreter \n'}
[0.683166] (turtlebot3_msgs) StdoutLine: {'line': b'-- Override CMake install command with custom implementation using symlinks instead of copying resources\n'}
[0.700222] (-) TimerEvent: {}
[0.800569] (-) TimerEvent: {}
[0.816814] (turtlebot3_msgs) StdoutLine: {'line': b'-- Found rosidl_generator_c: 3.1.5 (/opt/ros/humble/share/rosidl_generator_c/cmake)\n'}
[0.826797] (turtlebot3_msgs) StdoutLine: {'line': b'-- Found rosidl_adapter: 3.1.5 (/opt/ros/humble/share/rosidl_adapter/cmake)\n'}
[0.840095] (turtlebot3_msgs) StdoutLine: {'line': b'-- Found rosidl_generator_cpp: 3.1.5 (/opt/ros/humble/share/rosidl_generator_cpp/cmake)\n'}
[0.861545] (turtlebot3_msgs) StdoutLine: {'line': b'-- Using all available rosidl_typesupport_c: rosidl_typesupport_fastrtps_c;rosidl_typesupport_introspection_c\n'}
[0.886973] (turtlebot3_msgs) StdoutLine: {'line': b'-- Using all available rosidl_typesupport_cpp: rosidl_typesupport_fastrtps_cpp;rosidl_typesupport_introspection_cpp\n'}
[0.900698] (-) TimerEvent: {}
[0.980446] (turtlebot3_msgs) StdoutLine: {'line': b'-- Found rosidl_default_generators: 1.2.0 (/opt/ros/humble/share/rosidl_default_generators/cmake)\n'}
[0.992670] (turtlebot3_msgs) StdoutLine: {'line': b'-- Found std_msgs: 4.2.3 (/opt/ros/humble/share/std_msgs/cmake)\n'}
[1.000903] (-) TimerEvent: {}
[1.101186] (-) TimerEvent: {}
[1.201477] (-) TimerEvent: {}
[1.301908] (-) TimerEvent: {}
[1.355046] (turtlebot3_msgs) StdoutLine: {'line': b'-- Found ament_cmake_cppcheck: 0.12.8 (/opt/ros/humble/share/ament_cmake_cppcheck/cmake)\n'}
[1.358719] (turtlebot3_msgs) StdoutLine: {'line': b'-- Found ament_cmake_cpplint: 0.12.8 (/opt/ros/humble/share/ament_cmake_cpplint/cmake)\n'}
[1.362480] (turtlebot3_msgs) StdoutLine: {'line': b'-- Found ament_cmake_uncrustify: 0.12.8 (/opt/ros/humble/share/ament_cmake_uncrustify/cmake)\n'}
[1.366437] (turtlebot3_msgs) StdoutLine: {'line': b'-- Found ament_cmake_ros: 0.10.0 (/opt/ros/humble/share/ament_cmake_ros/cmake)\n'}
[1.402020] (-) TimerEvent: {}
[1.502267] (-) TimerEvent: {}
[1.602551] (-) TimerEvent: {}
[1.702884] (-) TimerEvent: {}
[1.763226] (turtlebot3_msgs) StdoutLine: {'line': b'-- Using all available rosidl_typesupport_c: rosidl_typesupport_fastrtps_c;rosidl_typesupport_introspection_c\n'}
[1.803043] (-) TimerEvent: {}
[1.903310] (-) TimerEvent: {}
[1.909562] (turtlebot3_msgs) StdoutLine: {'line': b'-- Using all available rosidl_typesupport_cpp: rosidl_typesupport_fastrtps_cpp;rosidl_typesupport_introspection_cpp\n'}
[1.937819] (turtlebot3_msgs) StdoutLine: {'line': b'-- Found PythonInterp: /usr/bin/python3 (found suitable version "3.10.12", minimum required is "3.6") \n'}
[1.940993] (turtlebot3_msgs) StdoutLine: {'line': b'-- Found python_cmake_module: 0.10.0 (/opt/ros/humble/share/python_cmake_module/cmake)\n'}
[1.966601] (turtlebot3_msgs) StdoutLine: {'line': b'-- Found PythonLibs: /usr/lib/x86_64-linux-gnu/libpython3.10.so (found suitable version "3.10.12", minimum required is "3.5") \n'}
[1.966978] (turtlebot3_msgs) StdoutLine: {'line': b'-- Using PYTHON_EXECUTABLE: /usr/bin/python3\n'}
[1.967276] (turtlebot3_msgs) StdoutLine: {'line': b'-- Using PYTHON_INCLUDE_DIRS: /usr/include/python3.10\n'}
[1.967364] (turtlebot3_msgs) StdoutLine: {'line': b'-- Using PYTHON_LIBRARIES: /usr/lib/x86_64-linux-gnu/libpython3.10.so\n'}
[1.987225] (turtlebot3_msgs) StdoutLine: {'line': b'-- Found PythonExtra: .so  \n'}
[2.003432] (-) TimerEvent: {}
[2.051507] (turtlebot3_msgs) StdoutLine: {'line': b'-- Found ament_cmake_flake8: 0.12.8 (/opt/ros/humble/share/ament_cmake_flake8/cmake)\n'}
[2.055428] (turtlebot3_msgs) StdoutLine: {'line': b'-- Found ament_cmake_pep257: 0.12.8 (/opt/ros/humble/share/ament_cmake_pep257/cmake)\n'}
[2.071824] (turtlebot3_msgs) StdoutLine: {'line': b'-- Configuring done\n'}
[2.103550] (-) TimerEvent: {}
[2.119484] (turtlebot3_msgs) StdoutLine: {'line': b'-- Generating done\n'}
[2.122903] (turtlebot3_msgs) StdoutLine: {'line': b'-- Build files have been written to: /home/ros/turtlebot3/turtlebot3_msgs-2.2.3/build/turtlebot3_msgs\n'}
[2.133706] (turtlebot3_msgs) CommandEnded: {'returncode': 0}
[2.134388] (turtlebot3_msgs) JobProgress: {'identifier': 'turtlebot3_msgs', 'progress': 'build'}
[2.135495] (turtlebot3_msgs) Command: {'cmd': ['/usr/bin/cmake', '--build', '/home/ros/turtlebot3/turtlebot3_msgs-2.2.3/build/turtlebot3_msgs', '--', '-j8', '-l8'], 'cwd': '/home/ros/turtlebot3/turtlebot3_msgs-2.2.3/build/turtlebot3_msgs', 'env': OrderedDict([('HOSTNAME', 'envy-13'), ('GIT_ASKPASS', '/home/ros/.vscode-server/bin/1a5daa3a0231a0fbba4f14db7ec463cf99d7768e/extensions/git/dist/askpass.sh'), ('IGNITION_VERSION', 'fortress'), ('SHLVL', '2'), ('LD_LIBRARY_PATH', '/home/ros/turtlebot3/turtlebot3_msgs-2.2.3/install/turtlebot3_msgs/lib:/usr/lib/x86_64-linux-gnu/gazebo-11/plugins:/opt/ros/humble/opt/rviz_ogre_vendor/lib:/opt/ros/humble/lib/x86_64-linux-gnu:/opt/ros/humble/lib'), ('BROWSER', '/home/ros/.vscode-server/bin/1a5daa3a0231a0fbba4f14db7ec463cf99d7768e/bin/helpers/browser.sh'), ('HOME', '/home/ros'), ('OLDPWD', '/home/ros'), ('TERM_PROGRAM_VERSION', '1.84.2'), ('VSCODE_IPC_HOOK_CLI', '/tmp/vscode-ipc-32134ff9-3f3d-4ce0-bb1f-494e646f90e5.sock'), ('ROS_PYTHON_VERSION', '3'), ('VSCODE_GIT_ASKPASS_MAIN', '/home/ros/.vscode-server/bin/1a5daa3a0231a0fbba4f14db7ec463cf99d7768e/extensions/git/dist/askpass-main.js'), ('VSCODE_GIT_ASKPASS_NODE', '/home/ros/.vscode-server/bin/1a5daa3a0231a0fbba4f14db7ec463cf99d7768e/node'), ('COLORTERM', 'truecolor'), ('REMOTE_CONTAINERS', 'true'), ('COLCON_PREFIX_PATH', '/home/ros/turtlebot3/turtlebot3-2.1.5/install:/home/ros/turtlebot3/turtlebot3_msgs-2.2.3/install:/home/ros/turtlebot3/turtlebot3_simulations-2.2.5/install'), ('ROS_DISTRO', 'humble'), ('REMOTE_CONTAINERS_IPC', '/tmp/vscode-remote-containers-ipc-5144e9ce-5ae9-42c7-b1e1-3f1de908bbdf.sock'), ('_', '/usr/bin/colcon'), ('ROS_VERSION', '2'), ('TERM', 'xterm-256color'), ('ROS_LOCALHOST_ONLY', '0'), ('QT_X11_NO_MITSHM', '1'), ('PATH', '/home/ros/.vscode-server/bin/1a5daa3a0231a0fbba4f14db7ec463cf99d7768e/bin/remote-cli:/opt/ros/humble/bin:/usr/local/sbin:/usr/local/bin:/usr/sbin:/usr/bin:/sbin:/bin'), ('RUNLEVEL', '3'), ('XDG_RUNTIME_DIR', '/tmp/runtime-ros'), ('REMOTE_CONTAINERS_SOCKETS', '["/tmp/vscode-ssh-auth-5144e9ce-5ae9-42c7-b1e1-3f1de908bbdf.sock","/tmp/.X11-unix/X4","/home/ros/.gnupg/S.gpg-agent"]'), ('DISPLAY', ':0'), ('LANG', 'C.UTF-8'), ('VSCODE_GIT_IPC_HANDLE', '/tmp/runtime-ros/vscode-git-eaaa5886d4.sock'), ('TERM_PROGRAM', 'vscode'), ('SSH_AUTH_SOCK', '/tmp/vscode-ssh-auth-5144e9ce-5ae9-42c7-b1e1-3f1de908bbdf.sock'), ('AMENT_PREFIX_PATH', '/home/ros/turtlebot3/turtlebot3-2.1.5/install/turtlebot3_teleop:/home/ros/turtlebot3/turtlebot3-2.1.5/install/turtlebot3_example:/home/ros/turtlebot3/turtlebot3_msgs-2.2.3/install/turtlebot3_msgs:/home/ros/turtlebot3/turtlebot3_simulations-2.2.5/install/turtlebot3_simulations:/home/ros/turtlebot3/turtlebot3_simulations-2.2.5/install/turtlebot3_gazebo:/home/ros/turtlebot3/turtlebot3_simulations-2.2.5/install/turtlebot3_fake_node:/opt/ros/humble'), ('REMOTE_CONTAINERS_DISPLAY_SOCK', '/tmp/.X11-unix/X4'), ('SHELL', '/bin/bash'), ('VSCODE_GIT_ASKPASS_EXTRA_ARGS', ''), ('PWD', '/home/ros/turtlebot3/turtlebot3_msgs-2.2.3/build/turtlebot3_msgs'), ('TURTLEBOT3_MODEL', 'burger'), ('LC_ALL', 'C.UTF-8'), ('PYTHONPATH', '/turtlebot3/turtlebot3-2.1.5/build/turtlebot3_teleop:/home/ros/turtlebot3/turtlebot3-2.1.5/install/turtlebot3_teleop/lib/python3.10/site-packages:/turtlebot3/turtlebot3-2.1.5/build/turtlebot3_example:/home/ros/turtlebot3/turtlebot3-2.1.5/install/turtlebot3_example/lib/python3.10/site-packages:/home/ros/turtlebot3/turtlebot3_msgs-2.2.3/install/turtlebot3_msgs/local/lib/python3.10/dist-packages:/opt/ros/humble/lib/python3.10/site-packages:/opt/ros/humble/local/lib/python3.10/dist-packages'), ('COLCON', '1'), ('CMAKE_PREFIX_PATH', '/home/ros/turtlebot3/turtlebot3-2.1.5/install/turtlebot3:/home/ros/turtlebot3/turtlebot3-2.1.5/install/turtlebot3_bringup:/home/ros/turtlebot3/turtlebot3-2.1.5/install/turtlebot3_node:/home/ros/turtlebot3/turtlebot3-2.1.5/install/turtlebot3_navigation2:/home/ros/turtlebot3/turtlebot3-2.1.5/install/turtlebot3_description:/home/ros/turtlebot3/turtlebot3-2.1.5/install/turtlebot3_cartographer:/home/ros/turtlebot3/turtlebot3_msgs-2.2.3/install/turtlebot3_msgs:/home/ros/turtlebot3/turtlebot3_simulations-2.2.5/install/turtlebot3_simulations:/home/ros/turtlebot3/turtlebot3_simulations-2.2.5/install/turtlebot3_gazebo:/home/ros/turtlebot3/turtlebot3_simulations-2.2.5/install/turtlebot3_fake_node:/home/ros/turtlebot3/turtlebot3-2.1.5/install/turtlebot3_teleop:/home/ros/turtlebot3/turtlebot3-2.1.5/install/turtlebot3_example:/opt/ros/humble')]), 'shell': False}
[2.173898] (turtlebot3_msgs) StdoutLine: {'line': b'[  1%] \x1b[34m\x1b[1mGenerating C code for ROS interfaces\x1b[0m\n'}
[2.185047] (turtlebot3_msgs) StdoutLine: {'line': b'[  2%] \x1b[34m\x1b[1mGenerating C++ code for ROS interfaces\x1b[0m\n'}
[2.196603] (turtlebot3_msgs) StdoutLine: {'line': b'[  2%] Built target ament_cmake_python_symlink_turtlebot3_msgs\n'}
[2.203655] (-) TimerEvent: {}
[2.304007] (-) TimerEvent: {}
[2.404343] (-) TimerEvent: {}
[2.504667] (-) TimerEvent: {}
[2.585508] (turtlebot3_msgs) StdoutLine: {'line': b'running egg_info\n'}
[2.586857] (turtlebot3_msgs) StdoutLine: {'line': b'creating turtlebot3_msgs.egg-info\n'}
[2.587172] (turtlebot3_msgs) StdoutLine: {'line': b'writing turtlebot3_msgs.egg-info/PKG-INFO\n'}
[2.587459] (turtlebot3_msgs) StdoutLine: {'line': b'writing dependency_links to turtlebot3_msgs.egg-info/dependency_links.txt\n'}
[2.587707] (turtlebot3_msgs) StdoutLine: {'line': b'writing top-level names to turtlebot3_msgs.egg-info/top_level.txt\n'}
[2.588017] (turtlebot3_msgs) StdoutLine: {'line': b"writing manifest file 'turtlebot3_msgs.egg-info/SOURCES.txt'\n"}
[2.592247] (turtlebot3_msgs) StdoutLine: {'line': b"reading manifest file 'turtlebot3_msgs.egg-info/SOURCES.txt'\n"}
[2.593189] (turtlebot3_msgs) StdoutLine: {'line': b"writing manifest file 'turtlebot3_msgs.egg-info/SOURCES.txt'\n"}
[2.604798] (-) TimerEvent: {}
[2.647410] (turtlebot3_msgs) StdoutLine: {'line': b'[  2%] Built target ament_cmake_python_build_turtlebot3_msgs_egg\n'}
[2.704940] (-) TimerEvent: {}
[2.805292] (-) TimerEvent: {}
[2.905608] (-) TimerEvent: {}
[3.005919] (-) TimerEvent: {}
[3.106265] (-) TimerEvent: {}
[3.206605] (-) TimerEvent: {}
[3.306996] (-) TimerEvent: {}
[3.407401] (-) TimerEvent: {}
[3.507789] (-) TimerEvent: {}
[3.584255] (turtlebot3_msgs) StdoutLine: {'line': b'[  2%] Built target turtlebot3_msgs__cpp\n'}
[3.602053] (turtlebot3_msgs) StdoutLine: {'line': b'[  7%] \x1b[34m\x1b[1mGenerating C++ type support dispatch for ROS interfaces\x1b[0m\n'}
[3.602463] (turtlebot3_msgs) StdoutLine: {'line': b'[  7%] \x1b[34m\x1b[1mGenerating C++ type support for eProsima Fast-RTPS\x1b[0m\n'}
[3.602705] (turtlebot3_msgs) StdoutLine: {'line': b'[  7%] \x1b[34m\x1b[1mGenerating C++ introspection for ROS interfaces\x1b[0m\n'}
[3.607935] (-) TimerEvent: {}
[3.708807] (-) TimerEvent: {}
[3.809348] (-) TimerEvent: {}
[3.863593] (turtlebot3_msgs) StdoutLine: {'line': b'[  8%] \x1b[32mBuilding C object CMakeFiles/turtlebot3_msgs__rosidl_generator_c.dir/rosidl_generator_c/turtlebot3_msgs/msg/detail/sensor_state__functions.c.o\x1b[0m\n'}
[3.864085] (turtlebot3_msgs) StdoutLine: {'line': b'[  9%] \x1b[32mBuilding C object CMakeFiles/turtlebot3_msgs__rosidl_generator_c.dir/rosidl_generator_c/turtlebot3_msgs/srv/detail/sound__functions.c.o\x1b[0m\n'}
[3.866980] (turtlebot3_msgs) StdoutLine: {'line': b'[ 11%] \x1b[32mBuilding C object CMakeFiles/turtlebot3_msgs__rosidl_generator_c.dir/rosidl_generator_c/turtlebot3_msgs/msg/detail/sound__functions.c.o\x1b[0m\n'}
[3.868632] (turtlebot3_msgs) StdoutLine: {'line': b'[ 12%] \x1b[32mBuilding C object CMakeFiles/turtlebot3_msgs__rosidl_generator_c.dir/rosidl_generator_c/turtlebot3_msgs/msg/detail/version_info__functions.c.o\x1b[0m\n'}
[3.884654] (turtlebot3_msgs) StdoutLine: {'line': b'[ 14%] \x1b[32mBuilding C object CMakeFiles/turtlebot3_msgs__rosidl_generator_c.dir/rosidl_generator_c/turtlebot3_msgs/srv/detail/dqn__functions.c.o\x1b[0m\n'}
[3.909487] (-) TimerEvent: {}
[4.010710] (-) TimerEvent: {}
[4.105580] (turtlebot3_msgs) StdoutLine: {'line': b'[ 15%] \x1b[32mBuilding C object CMakeFiles/turtlebot3_msgs__rosidl_generator_c.dir/rosidl_generator_c/turtlebot3_msgs/action/detail/patrol__functions.c.o\x1b[0m\n'}
[4.111063] (-) TimerEvent: {}
[4.211631] (-) TimerEvent: {}
[4.312054] (-) TimerEvent: {}
[4.412862] (-) TimerEvent: {}
[4.487789] (turtlebot3_msgs) StdoutLine: {'line': b'[ 16%] \x1b[32m\x1b[1mLinking C shared library libturtlebot3_msgs__rosidl_generator_c.so\x1b[0m\n'}
[4.512980] (-) TimerEvent: {}
[4.568686] (turtlebot3_msgs) StdoutLine: {'line': b'[ 16%] Built target turtlebot3_msgs__rosidl_generator_c\n'}
[4.595630] (turtlebot3_msgs) StdoutLine: {'line': b'[ 18%] \x1b[34m\x1b[1mGenerating C type support for eProsima Fast-RTPS\x1b[0m\n'}
[4.598227] (turtlebot3_msgs) StdoutLine: {'line': b'[ 19%] \x1b[34m\x1b[1mGenerating C introspection for ROS interfaces\x1b[0m\n'}
[4.603076] (turtlebot3_msgs) StdoutLine: {'line': b'[ 21%] \x1b[34m\x1b[1mGenerating C type support dispatch for ROS interfaces\x1b[0m\n'}
[4.613112] (-) TimerEvent: {}
[4.713655] (-) TimerEvent: {}
[4.814567] (-) TimerEvent: {}
[4.924188] (-) TimerEvent: {}
[5.025015] (-) TimerEvent: {}
[5.125640] (-) TimerEvent: {}
[5.226175] (-) TimerEvent: {}
[5.326686] (-) TimerEvent: {}
[5.427219] (-) TimerEvent: {}
[5.527737] (-) TimerEvent: {}
[5.628293] (-) TimerEvent: {}
[5.728775] (-) TimerEvent: {}
[5.829286] (-) TimerEvent: {}
[5.929770] (-) TimerEvent: {}
[6.030301] (-) TimerEvent: {}
[6.130811] (-) TimerEvent: {}
[6.139203] (turtlebot3_msgs) StdoutLine: {'line': b'[ 22%] \x1b[32mBuilding CXX object CMakeFiles/turtlebot3_msgs__rosidl_typesupport_cpp.dir/rosidl_typesupport_cpp/turtlebot3_msgs/msg/sensor_state__type_support.cpp.o\x1b[0m\n'}
[6.159441] (turtlebot3_msgs) StdoutLine: {'line': b'[ 23%] \x1b[32mBuilding CXX object CMakeFiles/turtlebot3_msgs__rosidl_typesupport_cpp.dir/rosidl_typesupport_cpp/turtlebot3_msgs/msg/sound__type_support.cpp.o\x1b[0m\n'}
[6.169862] (turtlebot3_msgs) StdoutLine: {'line': b'[ 25%] \x1b[32mBuilding CXX object CMakeFiles/turtlebot3_msgs__rosidl_typesupport_cpp.dir/rosidl_typesupport_cpp/turtlebot3_msgs/msg/version_info__type_support.cpp.o\x1b[0m\n'}
[6.230949] (-) TimerEvent: {}
[6.331526] (-) TimerEvent: {}
[6.432504] (-) TimerEvent: {}
[6.533484] (-) TimerEvent: {}
[6.637583] (-) TimerEvent: {}
[6.738137] (-) TimerEvent: {}
[6.807090] (turtlebot3_msgs) StdoutLine: {'line': b'[ 26%] \x1b[32mBuilding CXX object CMakeFiles/turtlebot3_msgs__rosidl_typesupport_introspection_cpp.dir/rosidl_typesupport_introspection_cpp/turtlebot3_msgs/msg/detail/sensor_state__type_support.cpp.o\x1b[0m\n'}
[6.838286] (-) TimerEvent: {}
[6.938828] (-) TimerEvent: {}
[7.039396] (-) TimerEvent: {}
[7.139961] (-) TimerEvent: {}
[7.241505] (-) TimerEvent: {}
[7.343814] (-) TimerEvent: {}
[7.346595] (turtlebot3_msgs) StdoutLine: {'line': b'[ 28%] \x1b[32mBuilding CXX object CMakeFiles/turtlebot3_msgs__rosidl_typesupport_fastrtps_cpp.dir/rosidl_typesupport_fastrtps_cpp/turtlebot3_msgs/msg/detail/dds_fastrtps/sensor_state__type_support.cpp.o\x1b[0m\n'}
[7.444220] (-) TimerEvent: {}
[7.522406] (turtlebot3_msgs) StdoutLine: {'line': b'[ 29%] \x1b[32mBuilding CXX object CMakeFiles/turtlebot3_msgs__rosidl_typesupport_cpp.dir/rosidl_typesupport_cpp/turtlebot3_msgs/srv/sound__type_support.cpp.o\x1b[0m\n'}
[7.528679] (turtlebot3_msgs) StdoutLine: {'line': b'[ 30%] \x1b[32mBuilding CXX object CMakeFiles/turtlebot3_msgs__rosidl_typesupport_fastrtps_cpp.dir/rosidl_typesupport_fastrtps_cpp/turtlebot3_msgs/msg/detail/dds_fastrtps/sound__type_support.cpp.o\x1b[0m\n'}
[7.546574] (-) TimerEvent: {}
[7.623818] (turtlebot3_msgs) StdoutLine: {'line': b'[ 32%] \x1b[32mBuilding CXX object CMakeFiles/turtlebot3_msgs__rosidl_typesupport_c.dir/rosidl_typesupport_c/turtlebot3_msgs/msg/sensor_state__type_support.cpp.o\x1b[0m\n'}
[7.646758] (turtlebot3_msgs) StdoutLine: {'line': b'[ 33%] \x1b[32mBuilding CXX object CMakeFiles/turtlebot3_msgs__rosidl_typesupport_introspection_cpp.dir/rosidl_typesupport_introspection_cpp/turtlebot3_msgs/msg/detail/sound__type_support.cpp.o\x1b[0m\n'}
[7.647209] (-) TimerEvent: {}
[7.747707] (-) TimerEvent: {}
[7.761022] (turtlebot3_msgs) StdoutLine: {'line': b'[ 35%] \x1b[32mBuilding CXX object CMakeFiles/turtlebot3_msgs__rosidl_typesupport_c.dir/rosidl_typesupport_c/turtlebot3_msgs/msg/sound__type_support.cpp.o\x1b[0m\n'}
[7.847868] (-) TimerEvent: {}
[7.933841] (turtlebot3_msgs) StdoutLine: {'line': b'[ 36%] \x1b[32mBuilding CXX object CMakeFiles/turtlebot3_msgs__rosidl_typesupport_c.dir/rosidl_typesupport_c/turtlebot3_msgs/msg/version_info__type_support.cpp.o\x1b[0m\n'}
[7.948022] (-) TimerEvent: {}
[8.049649] (-) TimerEvent: {}
[8.096514] (turtlebot3_msgs) StdoutLine: {'line': b'[ 38%] \x1b[32mBuilding CXX object CMakeFiles/turtlebot3_msgs__rosidl_typesupport_c.dir/rosidl_typesupport_c/turtlebot3_msgs/srv/sound__type_support.cpp.o\x1b[0m\n'}
[8.149805] (-) TimerEvent: {}
[8.250782] (-) TimerEvent: {}
[8.261903] (turtlebot3_msgs) StdoutLine: {'line': b'[ 39%] \x1b[32mBuilding CXX object CMakeFiles/turtlebot3_msgs__rosidl_typesupport_c.dir/rosidl_typesupport_c/turtlebot3_msgs/srv/dqn__type_support.cpp.o\x1b[0m\n'}
[8.351109] (-) TimerEvent: {}
[8.453211] (-) TimerEvent: {}
[8.467093] (turtlebot3_msgs) StdoutLine: {'line': b'[ 40%] \x1b[32mBuilding C object CMakeFiles/turtlebot3_msgs__rosidl_typesupport_introspection_c.dir/rosidl_typesupport_introspection_c/turtlebot3_msgs/msg/detail/sensor_state__type_support.c.o\x1b[0m\n'}
[8.489766] (turtlebot3_msgs) StdoutLine: {'line': b'[ 42%] \x1b[32mBuilding CXX object CMakeFiles/turtlebot3_msgs__rosidl_typesupport_cpp.dir/rosidl_typesupport_cpp/turtlebot3_msgs/srv/dqn__type_support.cpp.o\x1b[0m\n'}
[8.495753] (turtlebot3_msgs) StdoutLine: {'line': b'[ 43%] \x1b[32mBuilding CXX object CMakeFiles/turtlebot3_msgs__rosidl_typesupport_c.dir/rosidl_typesupport_c/turtlebot3_msgs/action/patrol__type_support.cpp.o\x1b[0m\n'}
[8.553349] (-) TimerEvent: {}
[8.614695] (turtlebot3_msgs) StdoutLine: {'line': b'[ 46%] \x1b[32mBuilding CXX object CMakeFiles/turtlebot3_msgs__rosidl_typesupport_cpp.dir/rosidl_typesupport_cpp/turtlebot3_msgs/action/patrol__type_support.cpp.o\x1b[0m\n'}
[8.615667] (turtlebot3_msgs) StdoutLine: {'line': b'[ 46%] \x1b[32mBuilding CXX object CMakeFiles/turtlebot3_msgs__rosidl_typesupport_fastrtps_c.dir/rosidl_typesupport_fastrtps_c/turtlebot3_msgs/msg/detail/sensor_state__type_support_c.cpp.o\x1b[0m\n'}
[8.642351] (turtlebot3_msgs) StdoutLine: {'line': b'[ 47%] \x1b[32mBuilding C object CMakeFiles/turtlebot3_msgs__rosidl_typesupport_introspection_c.dir/rosidl_typesupport_introspection_c/turtlebot3_msgs/msg/detail/sound__type_support.c.o\x1b[0m\n'}
[8.653508] (-) TimerEvent: {}
[8.754668] (-) TimerEvent: {}
[8.785959] (turtlebot3_msgs) StdoutLine: {'line': b'[ 49%] \x1b[32m\x1b[1mLinking CXX shared library libturtlebot3_msgs__rosidl_typesupport_c.so\x1b[0m\n'}
[8.799751] (turtlebot3_msgs) StdoutLine: {'line': b'[ 50%] \x1b[32mBuilding C object CMakeFiles/turtlebot3_msgs__rosidl_typesupport_introspection_c.dir/rosidl_typesupport_introspection_c/turtlebot3_msgs/msg/detail/version_info__type_support.c.o\x1b[0m\n'}
[8.855834] (-) TimerEvent: {}
[8.956435] (-) TimerEvent: {}
[9.034092] (turtlebot3_msgs) StdoutLine: {'line': b'[ 52%] \x1b[32mBuilding C object CMakeFiles/turtlebot3_msgs__rosidl_typesupport_introspection_c.dir/rosidl_typesupport_introspection_c/turtlebot3_msgs/srv/detail/sound__type_support.c.o\x1b[0m\n'}
[9.056909] (-) TimerEvent: {}
[9.061844] (turtlebot3_msgs) StdoutLine: {'line': b'[ 52%] Built target turtlebot3_msgs__rosidl_typesupport_c\n'}
[9.145367] (turtlebot3_msgs) StdoutLine: {'line': b'[ 53%] \x1b[32mBuilding C object CMakeFiles/turtlebot3_msgs__rosidl_typesupport_introspection_c.dir/rosidl_typesupport_introspection_c/turtlebot3_msgs/srv/detail/dqn__type_support.c.o\x1b[0m\n'}
[9.157209] (-) TimerEvent: {}
[9.258802] (-) TimerEvent: {}
[9.278802] (turtlebot3_msgs) StdoutLine: {'line': b'[ 54%] \x1b[32mBuilding C object CMakeFiles/turtlebot3_msgs__rosidl_typesupport_introspection_c.dir/rosidl_typesupport_introspection_c/turtlebot3_msgs/action/detail/patrol__type_support.c.o\x1b[0m\n'}
[9.282889] (turtlebot3_msgs) StdoutLine: {'line': b'[ 56%] \x1b[32mBuilding CXX object CMakeFiles/turtlebot3_msgs__rosidl_typesupport_fastrtps_cpp.dir/rosidl_typesupport_fastrtps_cpp/turtlebot3_msgs/msg/detail/dds_fastrtps/version_info__type_support.cpp.o\x1b[0m\n'}
[9.365804] (-) TimerEvent: {}
[9.381597] (turtlebot3_msgs) StdoutLine: {'line': b'[ 57%] \x1b[32mBuilding CXX object CMakeFiles/turtlebot3_msgs__rosidl_typesupport_fastrtps_cpp.dir/rosidl_typesupport_fastrtps_cpp/turtlebot3_msgs/srv/detail/dds_fastrtps/sound__type_support.cpp.o\x1b[0m\n'}
[9.431008] (turtlebot3_msgs) StdoutLine: {'line': b'[ 59%] \x1b[32mBuilding CXX object CMakeFiles/turtlebot3_msgs__rosidl_typesupport_fastrtps_cpp.dir/rosidl_typesupport_fastrtps_cpp/turtlebot3_msgs/srv/detail/dds_fastrtps/dqn__type_support.cpp.o\x1b[0m\n'}
[9.463518] (turtlebot3_msgs) StdoutLine: {'line': b'[ 60%] \x1b[32mBuilding CXX object CMakeFiles/turtlebot3_msgs__rosidl_typesupport_introspection_cpp.dir/rosidl_typesupport_introspection_cpp/turtlebot3_msgs/msg/detail/version_info__type_support.cpp.o\x1b[0m\n'}
[9.465950] (-) TimerEvent: {}
[9.523059] (turtlebot3_msgs) StdoutLine: {'line': b'[ 61%] \x1b[32m\x1b[1mLinking C shared library libturtlebot3_msgs__rosidl_typesupport_introspection_c.so\x1b[0m\n'}
[9.566100] (-) TimerEvent: {}
[9.679516] (-) TimerEvent: {}
[9.727709] (turtlebot3_msgs) StdoutLine: {'line': b'[ 63%] \x1b[32mBuilding CXX object CMakeFiles/turtlebot3_msgs__rosidl_typesupport_introspection_cpp.dir/rosidl_typesupport_introspection_cpp/turtlebot3_msgs/srv/detail/sound__type_support.cpp.o\x1b[0m\n'}
[9.779671] (-) TimerEvent: {}
[9.789294] (turtlebot3_msgs) StdoutLine: {'line': b'[ 63%] Built target turtlebot3_msgs__rosidl_typesupport_introspection_c\n'}
[9.821160] (turtlebot3_msgs) StdoutLine: {'line': b'[ 64%] \x1b[32mBuilding CXX object CMakeFiles/turtlebot3_msgs__rosidl_typesupport_introspection_cpp.dir/rosidl_typesupport_introspection_cpp/turtlebot3_msgs/srv/detail/dqn__type_support.cpp.o\x1b[0m\n'}
[9.879820] (-) TimerEvent: {}
[9.984803] (-) TimerEvent: {}
[10.067407] (turtlebot3_msgs) StdoutLine: {'line': b'[ 66%] \x1b[32mBuilding CXX object CMakeFiles/turtlebot3_msgs__rosidl_typesupport_fastrtps_c.dir/rosidl_typesupport_fastrtps_c/turtlebot3_msgs/msg/detail/sound__type_support_c.cpp.o\x1b[0m\n'}
[10.085040] (-) TimerEvent: {}
[10.185993] (-) TimerEvent: {}
[10.286985] (-) TimerEvent: {}
[10.388077] (-) TimerEvent: {}
[10.489120] (-) TimerEvent: {}
[10.590173] (-) TimerEvent: {}
[10.691836] (-) TimerEvent: {}
[10.793129] (-) TimerEvent: {}
[10.894199] (-) TimerEvent: {}
[10.903926] (turtlebot3_msgs) StdoutLine: {'line': b'[ 67%] \x1b[32mBuilding CXX object CMakeFiles/turtlebot3_msgs__rosidl_typesupport_introspection_cpp.dir/rosidl_typesupport_introspection_cpp/turtlebot3_msgs/action/detail/patrol__type_support.cpp.o\x1b[0m\n'}
[10.945147] (turtlebot3_msgs) StdoutLine: {'line': b'[ 69%] \x1b[32mBuilding CXX object CMakeFiles/turtlebot3_msgs__rosidl_typesupport_fastrtps_cpp.dir/rosidl_typesupport_fastrtps_cpp/turtlebot3_msgs/action/detail/dds_fastrtps/patrol__type_support.cpp.o\x1b[0m\n'}
[10.945849] (turtlebot3_msgs) StdoutLine: {'line': b'[ 70%] \x1b[32m\x1b[1mLinking CXX shared library libturtlebot3_msgs__rosidl_typesupport_cpp.so\x1b[0m\n'}
[10.994353] (-) TimerEvent: {}
[11.101004] (-) TimerEvent: {}
[11.205019] (-) TimerEvent: {}
[11.264115] (turtlebot3_msgs) StdoutLine: {'line': b'[ 70%] Built target turtlebot3_msgs__rosidl_typesupport_cpp\n'}
[11.266471] (turtlebot3_msgs) StdoutLine: {'line': b'[ 71%] \x1b[32mBuilding CXX object CMakeFiles/turtlebot3_msgs__rosidl_typesupport_fastrtps_c.dir/rosidl_typesupport_fastrtps_c/turtlebot3_msgs/msg/detail/version_info__type_support_c.cpp.o\x1b[0m\n'}
[11.293853] (turtlebot3_msgs) StdoutLine: {'line': b'[ 73%] \x1b[32mBuilding CXX object CMakeFiles/turtlebot3_msgs__rosidl_typesupport_fastrtps_c.dir/rosidl_typesupport_fastrtps_c/turtlebot3_msgs/srv/detail/sound__type_support_c.cpp.o\x1b[0m\n'}
[11.305225] (-) TimerEvent: {}
[11.324000] (turtlebot3_msgs) StdoutLine: {'line': b'[ 74%] \x1b[32mBuilding CXX object CMakeFiles/turtlebot3_msgs__rosidl_typesupport_fastrtps_c.dir/rosidl_typesupport_fastrtps_c/turtlebot3_msgs/action/detail/patrol__type_support_c.cpp.o\x1b[0m\n'}
[11.328803] (turtlebot3_msgs) StdoutLine: {'line': b'[ 76%] \x1b[32mBuilding CXX object CMakeFiles/turtlebot3_msgs__rosidl_typesupport_fastrtps_c.dir/rosidl_typesupport_fastrtps_c/turtlebot3_msgs/srv/detail/dqn__type_support_c.cpp.o\x1b[0m\n'}
[11.405563] (-) TimerEvent: {}
[11.508834] (-) TimerEvent: {}
[11.609393] (-) TimerEvent: {}
[11.710660] (-) TimerEvent: {}
[11.811210] (-) TimerEvent: {}
[11.911744] (-) TimerEvent: {}
[12.012320] (-) TimerEvent: {}
[12.112880] (-) TimerEvent: {}
[12.213506] (-) TimerEvent: {}
[12.314044] (-) TimerEvent: {}
[12.414584] (-) TimerEvent: {}
[12.515102] (-) TimerEvent: {}
[12.576040] (turtlebot3_msgs) StdoutLine: {'line': b'[ 77%] \x1b[32m\x1b[1mLinking CXX shared library libturtlebot3_msgs__rosidl_typesupport_fastrtps_c.so\x1b[0m\n'}
[12.615245] (-) TimerEvent: {}
[12.675052] (turtlebot3_msgs) StdoutLine: {'line': b'[ 78%] \x1b[32m\x1b[1mLinking CXX shared library libturtlebot3_msgs__rosidl_typesupport_fastrtps_cpp.so\x1b[0m\n'}
[12.715394] (-) TimerEvent: {}
[12.740899] (turtlebot3_msgs) StdoutLine: {'line': b'[ 78%] Built target turtlebot3_msgs__rosidl_typesupport_fastrtps_c\n'}
[12.746678] (turtlebot3_msgs) StdoutLine: {'line': b'[ 80%] \x1b[32m\x1b[1mLinking CXX shared library libturtlebot3_msgs__rosidl_typesupport_introspection_cpp.so\x1b[0m\n'}
[12.815549] (-) TimerEvent: {}
[12.841023] (turtlebot3_msgs) StdoutLine: {'line': b'[ 80%] Built target turtlebot3_msgs__rosidl_typesupport_fastrtps_cpp\n'}
[12.894526] (turtlebot3_msgs) StdoutLine: {'line': b'[ 80%] Built target turtlebot3_msgs__rosidl_typesupport_introspection_cpp\n'}
[12.915690] (-) TimerEvent: {}
[12.929058] (turtlebot3_msgs) StdoutLine: {'line': b'[ 80%] Built target turtlebot3_msgs\n'}
[12.976949] (turtlebot3_msgs) StdoutLine: {'line': b'[ 81%] \x1b[34m\x1b[1mGenerating Python code for ROS interfaces\x1b[0m\n'}
[13.015816] (-) TimerEvent: {}
[13.116272] (-) TimerEvent: {}
[13.216700] (-) TimerEvent: {}
[13.317089] (-) TimerEvent: {}
[13.417426] (-) TimerEvent: {}
[13.517762] (-) TimerEvent: {}
[13.618104] (-) TimerEvent: {}
[13.718457] (-) TimerEvent: {}
[13.818797] (-) TimerEvent: {}
[13.919123] (-) TimerEvent: {}
[14.019505] (-) TimerEvent: {}
[14.119839] (-) TimerEvent: {}
[14.220165] (-) TimerEvent: {}
[14.320553] (-) TimerEvent: {}
[14.420934] (-) TimerEvent: {}
[14.521310] (-) TimerEvent: {}
[14.621682] (-) TimerEvent: {}
[14.721983] (-) TimerEvent: {}
[14.822391] (-) TimerEvent: {}
[14.922743] (-) TimerEvent: {}
[15.023030] (-) TimerEvent: {}
[15.123346] (-) TimerEvent: {}
[15.223742] (-) TimerEvent: {}
[15.324098] (-) TimerEvent: {}
[15.424464] (-) TimerEvent: {}
[15.524882] (-) TimerEvent: {}
[15.538972] (turtlebot3_msgs) StdoutLine: {'line': b'[ 81%] Built target turtlebot3_msgs__py\n'}
[15.570768] (turtlebot3_msgs) StdoutLine: {'line': b'[ 83%] \x1b[32mBuilding C object CMakeFiles/turtlebot3_msgs__rosidl_generator_py.dir/rosidl_generator_py/turtlebot3_msgs/srv/_sound_s.c.o\x1b[0m\n'}
[15.573803] (turtlebot3_msgs) StdoutLine: {'line': b'[ 87%] \x1b[32mBuilding C object CMakeFiles/turtlebot3_msgs__rosidl_generator_py.dir/rosidl_generator_py/turtlebot3_msgs/msg/_sensor_state_s.c.o\x1b[0m\n'}
[15.574368] (turtlebot3_msgs) StdoutLine: {'line': b'[ 87%] \x1b[32mBuilding C object CMakeFiles/turtlebot3_msgs__rosidl_generator_py.dir/rosidl_generator_py/turtlebot3_msgs/msg/_version_info_s.c.o\x1b[0m\n'}
[15.574624] (turtlebot3_msgs) StdoutLine: {'line': b'[ 87%] \x1b[32mBuilding C object CMakeFiles/turtlebot3_msgs__rosidl_generator_py.dir/rosidl_generator_py/turtlebot3_msgs/msg/_sound_s.c.o\x1b[0m\n'}
[15.575372] (turtlebot3_msgs) StdoutLine: {'line': b'[ 90%] \x1b[32mBuilding C object CMakeFiles/turtlebot3_msgs__rosidl_generator_py.dir/rosidl_generator_py/turtlebot3_msgs/srv/_dqn_s.c.o\x1b[0m\n'}
[15.575703] (turtlebot3_msgs) StdoutLine: {'line': b'[ 90%] \x1b[32mBuilding C object CMakeFiles/turtlebot3_msgs__rosidl_generator_py.dir/rosidl_generator_py/turtlebot3_msgs/action/_patrol_s.c.o\x1b[0m\n'}
[15.625154] (-) TimerEvent: {}
[15.725597] (-) TimerEvent: {}
[15.826116] (-) TimerEvent: {}
[15.926849] (-) TimerEvent: {}
[15.933780] (turtlebot3_msgs) StdoutLine: {'line': b'[ 91%] \x1b[32m\x1b[1mLinking C shared library rosidl_generator_py/turtlebot3_msgs/libturtlebot3_msgs__rosidl_generator_py.so\x1b[0m\n'}
[16.007693] (turtlebot3_msgs) StdoutLine: {'line': b'[ 91%] Built target turtlebot3_msgs__rosidl_generator_py\n'}
[16.026983] (-) TimerEvent: {}
[16.039401] (turtlebot3_msgs) StdoutLine: {'line': b'[ 92%] \x1b[32mBuilding C object CMakeFiles/turtlebot3_msgs__rosidl_typesupport_introspection_c__pyext.dir/rosidl_generator_py/turtlebot3_msgs/_turtlebot3_msgs_s.ep.rosidl_typesupport_introspection_c.c.o\x1b[0m\n'}
[16.039844] (turtlebot3_msgs) StdoutLine: {'line': b'[ 95%] \x1b[32mBuilding C object CMakeFiles/turtlebot3_msgs__rosidl_typesupport_fastrtps_c__pyext.dir/rosidl_generator_py/turtlebot3_msgs/_turtlebot3_msgs_s.ep.rosidl_typesupport_fastrtps_c.c.o\x1b[0m\n'}
[16.040078] (turtlebot3_msgs) StdoutLine: {'line': b'[ 95%] \x1b[32mBuilding C object CMakeFiles/turtlebot3_msgs__rosidl_typesupport_c__pyext.dir/rosidl_generator_py/turtlebot3_msgs/_turtlebot3_msgs_s.ep.rosidl_typesupport_c.c.o\x1b[0m\n'}
[16.127119] (-) TimerEvent: {}
[16.227574] (-) TimerEvent: {}
[16.310912] (turtlebot3_msgs) StdoutLine: {'line': b'[ 97%] \x1b[32m\x1b[1mLinking C shared library rosidl_generator_py/turtlebot3_msgs/turtlebot3_msgs_s__rosidl_typesupport_fastrtps_c.cpython-310-x86_64-linux-gnu.so\x1b[0m\n'}
[16.327695] (-) TimerEvent: {}
[16.389257] (turtlebot3_msgs) StdoutLine: {'line': b'[ 97%] Built target turtlebot3_msgs__rosidl_typesupport_fastrtps_c__pyext\n'}
[16.399549] (turtlebot3_msgs) StdoutLine: {'line': b'[100%] \x1b[32m\x1b[1mLinking C shared library rosidl_generator_py/turtlebot3_msgs/turtlebot3_msgs_s__rosidl_typesupport_c.cpython-310-x86_64-linux-gnu.so\x1b[0m\n'}
[16.399939] (turtlebot3_msgs) StdoutLine: {'line': b'[100%] \x1b[32m\x1b[1mLinking C shared library rosidl_generator_py/turtlebot3_msgs/turtlebot3_msgs_s__rosidl_typesupport_introspection_c.cpython-310-x86_64-linux-gnu.so\x1b[0m\n'}
[16.427832] (-) TimerEvent: {}
[16.482439] (turtlebot3_msgs) StdoutLine: {'line': b'[100%] Built target turtlebot3_msgs__rosidl_typesupport_c__pyext\n'}
[16.482762] (turtlebot3_msgs) StdoutLine: {'line': b'[100%] Built target turtlebot3_msgs__rosidl_typesupport_introspection_c__pyext\n'}
[16.502403] (turtlebot3_msgs) CommandEnded: {'returncode': 0}
[16.527956] (-) TimerEvent: {}
[16.628811] (-) TimerEvent: {}
[16.729217] (-) TimerEvent: {}
[16.773754] (turtlebot3_msgs) JobProgress: {'identifier': 'turtlebot3_msgs', 'progress': 'install'}
[16.789902] (turtlebot3_msgs) Command: {'cmd': ['/usr/bin/cmake', '--install', '/home/ros/turtlebot3/turtlebot3_msgs-2.2.3/build/turtlebot3_msgs'], 'cwd': '/home/ros/turtlebot3/turtlebot3_msgs-2.2.3/build/turtlebot3_msgs', 'env': OrderedDict([('HOSTNAME', 'envy-13'), ('GIT_ASKPASS', '/home/ros/.vscode-server/bin/1a5daa3a0231a0fbba4f14db7ec463cf99d7768e/extensions/git/dist/askpass.sh'), ('IGNITION_VERSION', 'fortress'), ('SHLVL', '2'), ('LD_LIBRARY_PATH', '/home/ros/turtlebot3/turtlebot3_msgs-2.2.3/install/turtlebot3_msgs/lib:/usr/lib/x86_64-linux-gnu/gazebo-11/plugins:/opt/ros/humble/opt/rviz_ogre_vendor/lib:/opt/ros/humble/lib/x86_64-linux-gnu:/opt/ros/humble/lib'), ('BROWSER', '/home/ros/.vscode-server/bin/1a5daa3a0231a0fbba4f14db7ec463cf99d7768e/bin/helpers/browser.sh'), ('HOME', '/home/ros'), ('OLDPWD', '/home/ros'), ('TERM_PROGRAM_VERSION', '1.84.2'), ('VSCODE_IPC_HOOK_CLI', '/tmp/vscode-ipc-32134ff9-3f3d-4ce0-bb1f-494e646f90e5.sock'), ('ROS_PYTHON_VERSION', '3'), ('VSCODE_GIT_ASKPASS_MAIN', '/home/ros/.vscode-server/bin/1a5daa3a0231a0fbba4f14db7ec463cf99d7768e/extensions/git/dist/askpass-main.js'), ('VSCODE_GIT_ASKPASS_NODE', '/home/ros/.vscode-server/bin/1a5daa3a0231a0fbba4f14db7ec463cf99d7768e/node'), ('COLORTERM', 'truecolor'), ('REMOTE_CONTAINERS', 'true'), ('COLCON_PREFIX_PATH', '/home/ros/turtlebot3/turtlebot3-2.1.5/install:/home/ros/turtlebot3/turtlebot3_msgs-2.2.3/install:/home/ros/turtlebot3/turtlebot3_simulations-2.2.5/install'), ('ROS_DISTRO', 'humble'), ('REMOTE_CONTAINERS_IPC', '/tmp/vscode-remote-containers-ipc-5144e9ce-5ae9-42c7-b1e1-3f1de908bbdf.sock'), ('_', '/usr/bin/colcon'), ('ROS_VERSION', '2'), ('TERM', 'xterm-256color'), ('ROS_LOCALHOST_ONLY', '0'), ('QT_X11_NO_MITSHM', '1'), ('PATH', '/home/ros/.vscode-server/bin/1a5daa3a0231a0fbba4f14db7ec463cf99d7768e/bin/remote-cli:/opt/ros/humble/bin:/usr/local/sbin:/usr/local/bin:/usr/sbin:/usr/bin:/sbin:/bin'), ('RUNLEVEL', '3'), ('XDG_RUNTIME_DIR', '/tmp/runtime-ros'), ('REMOTE_CONTAINERS_SOCKETS', '["/tmp/vscode-ssh-auth-5144e9ce-5ae9-42c7-b1e1-3f1de908bbdf.sock","/tmp/.X11-unix/X4","/home/ros/.gnupg/S.gpg-agent"]'), ('DISPLAY', ':0'), ('LANG', 'C.UTF-8'), ('VSCODE_GIT_IPC_HANDLE', '/tmp/runtime-ros/vscode-git-eaaa5886d4.sock'), ('TERM_PROGRAM', 'vscode'), ('SSH_AUTH_SOCK', '/tmp/vscode-ssh-auth-5144e9ce-5ae9-42c7-b1e1-3f1de908bbdf.sock'), ('AMENT_PREFIX_PATH', '/home/ros/turtlebot3/turtlebot3-2.1.5/install/turtlebot3_teleop:/home/ros/turtlebot3/turtlebot3-2.1.5/install/turtlebot3_example:/home/ros/turtlebot3/turtlebot3_msgs-2.2.3/install/turtlebot3_msgs:/home/ros/turtlebot3/turtlebot3_simulations-2.2.5/install/turtlebot3_simulations:/home/ros/turtlebot3/turtlebot3_simulations-2.2.5/install/turtlebot3_gazebo:/home/ros/turtlebot3/turtlebot3_simulations-2.2.5/install/turtlebot3_fake_node:/opt/ros/humble'), ('REMOTE_CONTAINERS_DISPLAY_SOCK', '/tmp/.X11-unix/X4'), ('SHELL', '/bin/bash'), ('VSCODE_GIT_ASKPASS_EXTRA_ARGS', ''), ('PWD', '/home/ros/turtlebot3/turtlebot3_msgs-2.2.3/build/turtlebot3_msgs'), ('TURTLEBOT3_MODEL', 'burger'), ('LC_ALL', 'C.UTF-8'), ('PYTHONPATH', '/turtlebot3/turtlebot3-2.1.5/build/turtlebot3_teleop:/home/ros/turtlebot3/turtlebot3-2.1.5/install/turtlebot3_teleop/lib/python3.10/site-packages:/turtlebot3/turtlebot3-2.1.5/build/turtlebot3_example:/home/ros/turtlebot3/turtlebot3-2.1.5/install/turtlebot3_example/lib/python3.10/site-packages:/home/ros/turtlebot3/turtlebot3_msgs-2.2.3/install/turtlebot3_msgs/local/lib/python3.10/dist-packages:/opt/ros/humble/lib/python3.10/site-packages:/opt/ros/humble/local/lib/python3.10/dist-packages'), ('COLCON', '1'), ('CMAKE_PREFIX_PATH', '/home/ros/turtlebot3/turtlebot3-2.1.5/install/turtlebot3:/home/ros/turtlebot3/turtlebot3-2.1.5/install/turtlebot3_bringup:/home/ros/turtlebot3/turtlebot3-2.1.5/install/turtlebot3_node:/home/ros/turtlebot3/turtlebot3-2.1.5/install/turtlebot3_navigation2:/home/ros/turtlebot3/turtlebot3-2.1.5/install/turtlebot3_description:/home/ros/turtlebot3/turtlebot3-2.1.5/install/turtlebot3_cartographer:/home/ros/turtlebot3/turtlebot3_msgs-2.2.3/install/turtlebot3_msgs:/home/ros/turtlebot3/turtlebot3_simulations-2.2.5/install/turtlebot3_simulations:/home/ros/turtlebot3/turtlebot3_simulations-2.2.5/install/turtlebot3_gazebo:/home/ros/turtlebot3/turtlebot3_simulations-2.2.5/install/turtlebot3_fake_node:/home/ros/turtlebot3/turtlebot3-2.1.5/install/turtlebot3_teleop:/home/ros/turtlebot3/turtlebot3-2.1.5/install/turtlebot3_example:/opt/ros/humble')]), 'shell': False}
[16.803477] (turtlebot3_msgs) StdoutLine: {'line': b'-- Install configuration: ""\n'}
[16.804575] (turtlebot3_msgs) StdoutLine: {'line': b'-- Execute custom install script\n'}
[16.805231] (turtlebot3_msgs) StdoutLine: {'line': b'-- Symlinking: /home/ros/turtlebot3/turtlebot3_msgs-2.2.3/install/turtlebot3_msgs/share/ament_index/resource_index/rosidl_interfaces/turtlebot3_msgs\n'}
[16.819355] (turtlebot3_msgs) StdoutLine: {'line': b'-- Symlinking: /home/ros/turtlebot3/turtlebot3_msgs-2.2.3/install/turtlebot3_msgs/include/turtlebot3_msgs/turtlebot3_msgs/action/detail/patrol__functions.h\n'}
[16.829362] (-) TimerEvent: {}
[16.832444] (turtlebot3_msgs) StdoutLine: {'line': b'-- Symlinking: /home/ros/turtlebot3/turtlebot3_msgs-2.2.3/install/turtlebot3_msgs/include/turtlebot3_msgs/turtlebot3_msgs/action/detail/patrol__struct.h\n'}
[16.849654] (turtlebot3_msgs) StdoutLine: {'line': b'-- Symlinking: /home/ros/turtlebot3/turtlebot3_msgs-2.2.3/install/turtlebot3_msgs/include/turtlebot3_msgs/turtlebot3_msgs/action/detail/patrol__type_support.h\n'}
[16.865452] (turtlebot3_msgs) StdoutLine: {'line': b'-- Symlinking: /home/ros/turtlebot3/turtlebot3_msgs-2.2.3/install/turtlebot3_msgs/include/turtlebot3_msgs/turtlebot3_msgs/action/patrol.h\n'}
[16.878873] (turtlebot3_msgs) StdoutLine: {'line': b'-- Symlinking: /home/ros/turtlebot3/turtlebot3_msgs-2.2.3/install/turtlebot3_msgs/include/turtlebot3_msgs/turtlebot3_msgs/msg/detail/sensor_state__functions.h\n'}
[16.893067] (turtlebot3_msgs) StdoutLine: {'line': b'-- Symlinking: /home/ros/turtlebot3/turtlebot3_msgs-2.2.3/install/turtlebot3_msgs/include/turtlebot3_msgs/turtlebot3_msgs/msg/detail/sensor_state__struct.h\n'}
[16.907601] (turtlebot3_msgs) StdoutLine: {'line': b'-- Symlinking: /home/ros/turtlebot3/turtlebot3_msgs-2.2.3/install/turtlebot3_msgs/include/turtlebot3_msgs/turtlebot3_msgs/msg/detail/sensor_state__type_support.h\n'}
[16.920653] (turtlebot3_msgs) StdoutLine: {'line': b'-- Symlinking: /home/ros/turtlebot3/turtlebot3_msgs-2.2.3/install/turtlebot3_msgs/include/turtlebot3_msgs/turtlebot3_msgs/msg/detail/sound__functions.h\n'}
[16.929498] (-) TimerEvent: {}
[16.933191] (turtlebot3_msgs) StdoutLine: {'line': b'-- Symlinking: /home/ros/turtlebot3/turtlebot3_msgs-2.2.3/install/turtlebot3_msgs/include/turtlebot3_msgs/turtlebot3_msgs/msg/detail/sound__struct.h\n'}
[16.949009] (turtlebot3_msgs) StdoutLine: {'line': b'-- Symlinking: /home/ros/turtlebot3/turtlebot3_msgs-2.2.3/install/turtlebot3_msgs/include/turtlebot3_msgs/turtlebot3_msgs/msg/detail/sound__type_support.h\n'}
[16.962771] (turtlebot3_msgs) StdoutLine: {'line': b'-- Symlinking: /home/ros/turtlebot3/turtlebot3_msgs-2.2.3/install/turtlebot3_msgs/include/turtlebot3_msgs/turtlebot3_msgs/msg/detail/version_info__functions.h\n'}
[16.976462] (turtlebot3_msgs) StdoutLine: {'line': b'-- Symlinking: /home/ros/turtlebot3/turtlebot3_msgs-2.2.3/install/turtlebot3_msgs/include/turtlebot3_msgs/turtlebot3_msgs/msg/detail/version_info__struct.h\n'}
[16.990880] (turtlebot3_msgs) StdoutLine: {'line': b'-- Symlinking: /home/ros/turtlebot3/turtlebot3_msgs-2.2.3/install/turtlebot3_msgs/include/turtlebot3_msgs/turtlebot3_msgs/msg/detail/version_info__type_support.h\n'}
[17.003445] (turtlebot3_msgs) StdoutLine: {'line': b'-- Symlinking: /home/ros/turtlebot3/turtlebot3_msgs-2.2.3/install/turtlebot3_msgs/include/turtlebot3_msgs/turtlebot3_msgs/msg/rosidl_generator_c__visibility_control.h\n'}
[17.015561] (turtlebot3_msgs) StdoutLine: {'line': b'-- Symlinking: /home/ros/turtlebot3/turtlebot3_msgs-2.2.3/install/turtlebot3_msgs/include/turtlebot3_msgs/turtlebot3_msgs/msg/sensor_state.h\n'}
[17.027844] (turtlebot3_msgs) StdoutLine: {'line': b'-- Symlinking: /home/ros/turtlebot3/turtlebot3_msgs-2.2.3/install/turtlebot3_msgs/include/turtlebot3_msgs/turtlebot3_msgs/msg/sound.h\n'}
[17.029617] (-) TimerEvent: {}
[17.041611] (turtlebot3_msgs) StdoutLine: {'line': b'-- Symlinking: /home/ros/turtlebot3/turtlebot3_msgs-2.2.3/install/turtlebot3_msgs/include/turtlebot3_msgs/turtlebot3_msgs/msg/version_info.h\n'}
[17.059187] (turtlebot3_msgs) StdoutLine: {'line': b'-- Symlinking: /home/ros/turtlebot3/turtlebot3_msgs-2.2.3/install/turtlebot3_msgs/include/turtlebot3_msgs/turtlebot3_msgs/srv/detail/dqn__functions.h\n'}
[17.072344] (turtlebot3_msgs) StdoutLine: {'line': b'-- Symlinking: /home/ros/turtlebot3/turtlebot3_msgs-2.2.3/install/turtlebot3_msgs/include/turtlebot3_msgs/turtlebot3_msgs/srv/detail/dqn__struct.h\n'}
[17.087773] (turtlebot3_msgs) StdoutLine: {'line': b'-- Symlinking: /home/ros/turtlebot3/turtlebot3_msgs-2.2.3/install/turtlebot3_msgs/include/turtlebot3_msgs/turtlebot3_msgs/srv/detail/dqn__type_support.h\n'}
[17.101414] (turtlebot3_msgs) StdoutLine: {'line': b'-- Symlinking: /home/ros/turtlebot3/turtlebot3_msgs-2.2.3/install/turtlebot3_msgs/include/turtlebot3_msgs/turtlebot3_msgs/srv/detail/sound__functions.h\n'}
[17.114303] (turtlebot3_msgs) StdoutLine: {'line': b'-- Symlinking: /home/ros/turtlebot3/turtlebot3_msgs-2.2.3/install/turtlebot3_msgs/include/turtlebot3_msgs/turtlebot3_msgs/srv/detail/sound__struct.h\n'}
[17.126932] (turtlebot3_msgs) StdoutLine: {'line': b'-- Symlinking: /home/ros/turtlebot3/turtlebot3_msgs-2.2.3/install/turtlebot3_msgs/include/turtlebot3_msgs/turtlebot3_msgs/srv/detail/sound__type_support.h\n'}
[17.129796] (-) TimerEvent: {}
[17.140937] (turtlebot3_msgs) StdoutLine: {'line': b'-- Symlinking: /home/ros/turtlebot3/turtlebot3_msgs-2.2.3/install/turtlebot3_msgs/include/turtlebot3_msgs/turtlebot3_msgs/srv/dqn.h\n'}
[17.159409] (turtlebot3_msgs) StdoutLine: {'line': b'-- Symlinking: /home/ros/turtlebot3/turtlebot3_msgs-2.2.3/install/turtlebot3_msgs/include/turtlebot3_msgs/turtlebot3_msgs/srv/sound.h\n'}
[17.176420] (turtlebot3_msgs) StdoutLine: {'line': b'-- Symlinking: /home/ros/turtlebot3/turtlebot3_msgs-2.2.3/install/turtlebot3_msgs/share/turtlebot3_msgs/environment/library_path.sh\n'}
[17.191279] (turtlebot3_msgs) StdoutLine: {'line': b'-- Symlinking: /home/ros/turtlebot3/turtlebot3_msgs-2.2.3/install/turtlebot3_msgs/share/turtlebot3_msgs/environment/library_path.dsv\n'}
[17.205178] (turtlebot3_msgs) StdoutLine: {'line': b'-- Symlinking: /home/ros/turtlebot3/turtlebot3_msgs-2.2.3/install/turtlebot3_msgs/include/turtlebot3_msgs/turtlebot3_msgs/action/detail/patrol__rosidl_typesupport_fastrtps_c.h\n'}
[17.218462] (turtlebot3_msgs) StdoutLine: {'line': b'-- Symlinking: /home/ros/turtlebot3/turtlebot3_msgs-2.2.3/install/turtlebot3_msgs/include/turtlebot3_msgs/turtlebot3_msgs/msg/detail/sensor_state__rosidl_typesupport_fastrtps_c.h\n'}
[17.229951] (-) TimerEvent: {}
[17.231005] (turtlebot3_msgs) StdoutLine: {'line': b'-- Symlinking: /home/ros/turtlebot3/turtlebot3_msgs-2.2.3/install/turtlebot3_msgs/include/turtlebot3_msgs/turtlebot3_msgs/msg/detail/sound__rosidl_typesupport_fastrtps_c.h\n'}
[17.244036] (turtlebot3_msgs) StdoutLine: {'line': b'-- Symlinking: /home/ros/turtlebot3/turtlebot3_msgs-2.2.3/install/turtlebot3_msgs/include/turtlebot3_msgs/turtlebot3_msgs/msg/detail/version_info__rosidl_typesupport_fastrtps_c.h\n'}
[17.258717] (turtlebot3_msgs) StdoutLine: {'line': b'-- Symlinking: /home/ros/turtlebot3/turtlebot3_msgs-2.2.3/install/turtlebot3_msgs/include/turtlebot3_msgs/turtlebot3_msgs/msg/rosidl_typesupport_fastrtps_c__visibility_control.h\n'}
[17.275239] (turtlebot3_msgs) StdoutLine: {'line': b'-- Symlinking: /home/ros/turtlebot3/turtlebot3_msgs-2.2.3/install/turtlebot3_msgs/include/turtlebot3_msgs/turtlebot3_msgs/srv/detail/dqn__rosidl_typesupport_fastrtps_c.h\n'}
[17.289261] (turtlebot3_msgs) StdoutLine: {'line': b'-- Symlinking: /home/ros/turtlebot3/turtlebot3_msgs-2.2.3/install/turtlebot3_msgs/include/turtlebot3_msgs/turtlebot3_msgs/srv/detail/sound__rosidl_typesupport_fastrtps_c.h\n'}
[17.302749] (turtlebot3_msgs) StdoutLine: {'line': b'-- Symlinking: /home/ros/turtlebot3/turtlebot3_msgs-2.2.3/install/turtlebot3_msgs/include/turtlebot3_msgs/turtlebot3_msgs/action/detail/patrol__builder.hpp\n'}
[17.316113] (turtlebot3_msgs) StdoutLine: {'line': b'-- Symlinking: /home/ros/turtlebot3/turtlebot3_msgs-2.2.3/install/turtlebot3_msgs/include/turtlebot3_msgs/turtlebot3_msgs/action/detail/patrol__struct.hpp\n'}
[17.328947] (turtlebot3_msgs) StdoutLine: {'line': b'-- Symlinking: /home/ros/turtlebot3/turtlebot3_msgs-2.2.3/install/turtlebot3_msgs/include/turtlebot3_msgs/turtlebot3_msgs/action/detail/patrol__traits.hpp\n'}
[17.330073] (-) TimerEvent: {}
[17.342799] (turtlebot3_msgs) StdoutLine: {'line': b'-- Symlinking: /home/ros/turtlebot3/turtlebot3_msgs-2.2.3/install/turtlebot3_msgs/include/turtlebot3_msgs/turtlebot3_msgs/action/patrol.hpp\n'}
[17.357370] (turtlebot3_msgs) StdoutLine: {'line': b'-- Symlinking: /home/ros/turtlebot3/turtlebot3_msgs-2.2.3/install/turtlebot3_msgs/include/turtlebot3_msgs/turtlebot3_msgs/msg/detail/sensor_state__builder.hpp\n'}
[17.370239] (turtlebot3_msgs) StdoutLine: {'line': b'-- Symlinking: /home/ros/turtlebot3/turtlebot3_msgs-2.2.3/install/turtlebot3_msgs/include/turtlebot3_msgs/turtlebot3_msgs/msg/detail/sensor_state__struct.hpp\n'}
[17.382613] (turtlebot3_msgs) StdoutLine: {'line': b'-- Symlinking: /home/ros/turtlebot3/turtlebot3_msgs-2.2.3/install/turtlebot3_msgs/include/turtlebot3_msgs/turtlebot3_msgs/msg/detail/sensor_state__traits.hpp\n'}
[17.394780] (turtlebot3_msgs) StdoutLine: {'line': b'-- Symlinking: /home/ros/turtlebot3/turtlebot3_msgs-2.2.3/install/turtlebot3_msgs/include/turtlebot3_msgs/turtlebot3_msgs/msg/detail/sound__builder.hpp\n'}
[17.407587] (turtlebot3_msgs) StdoutLine: {'line': b'-- Symlinking: /home/ros/turtlebot3/turtlebot3_msgs-2.2.3/install/turtlebot3_msgs/include/turtlebot3_msgs/turtlebot3_msgs/msg/detail/sound__struct.hpp\n'}
[17.419588] (turtlebot3_msgs) StdoutLine: {'line': b'-- Symlinking: /home/ros/turtlebot3/turtlebot3_msgs-2.2.3/install/turtlebot3_msgs/include/turtlebot3_msgs/turtlebot3_msgs/msg/detail/sound__traits.hpp\n'}
[17.430203] (-) TimerEvent: {}
[17.433019] (turtlebot3_msgs) StdoutLine: {'line': b'-- Symlinking: /home/ros/turtlebot3/turtlebot3_msgs-2.2.3/install/turtlebot3_msgs/include/turtlebot3_msgs/turtlebot3_msgs/msg/detail/version_info__builder.hpp\n'}
[17.446903] (turtlebot3_msgs) StdoutLine: {'line': b'-- Symlinking: /home/ros/turtlebot3/turtlebot3_msgs-2.2.3/install/turtlebot3_msgs/include/turtlebot3_msgs/turtlebot3_msgs/msg/detail/version_info__struct.hpp\n'}
[17.465531] (turtlebot3_msgs) StdoutLine: {'line': b'-- Symlinking: /home/ros/turtlebot3/turtlebot3_msgs-2.2.3/install/turtlebot3_msgs/include/turtlebot3_msgs/turtlebot3_msgs/msg/detail/version_info__traits.hpp\n'}
[17.477944] (turtlebot3_msgs) StdoutLine: {'line': b'-- Symlinking: /home/ros/turtlebot3/turtlebot3_msgs-2.2.3/install/turtlebot3_msgs/include/turtlebot3_msgs/turtlebot3_msgs/msg/sensor_state.hpp\n'}
[17.489997] (turtlebot3_msgs) StdoutLine: {'line': b'-- Symlinking: /home/ros/turtlebot3/turtlebot3_msgs-2.2.3/install/turtlebot3_msgs/include/turtlebot3_msgs/turtlebot3_msgs/msg/sound.hpp\n'}
[17.502461] (turtlebot3_msgs) StdoutLine: {'line': b'-- Symlinking: /home/ros/turtlebot3/turtlebot3_msgs-2.2.3/install/turtlebot3_msgs/include/turtlebot3_msgs/turtlebot3_msgs/msg/version_info.hpp\n'}
[17.515109] (turtlebot3_msgs) StdoutLine: {'line': b'-- Symlinking: /home/ros/turtlebot3/turtlebot3_msgs-2.2.3/install/turtlebot3_msgs/include/turtlebot3_msgs/turtlebot3_msgs/srv/detail/dqn__builder.hpp\n'}
[17.528564] (turtlebot3_msgs) StdoutLine: {'line': b'-- Symlinking: /home/ros/turtlebot3/turtlebot3_msgs-2.2.3/install/turtlebot3_msgs/include/turtlebot3_msgs/turtlebot3_msgs/srv/detail/dqn__struct.hpp\n'}
[17.530315] (-) TimerEvent: {}
[17.541217] (turtlebot3_msgs) StdoutLine: {'line': b'-- Symlinking: /home/ros/turtlebot3/turtlebot3_msgs-2.2.3/install/turtlebot3_msgs/include/turtlebot3_msgs/turtlebot3_msgs/srv/detail/dqn__traits.hpp\n'}
[17.560694] (turtlebot3_msgs) StdoutLine: {'line': b'-- Symlinking: /home/ros/turtlebot3/turtlebot3_msgs-2.2.3/install/turtlebot3_msgs/include/turtlebot3_msgs/turtlebot3_msgs/srv/detail/sound__builder.hpp\n'}
[17.573238] (turtlebot3_msgs) StdoutLine: {'line': b'-- Symlinking: /home/ros/turtlebot3/turtlebot3_msgs-2.2.3/install/turtlebot3_msgs/include/turtlebot3_msgs/turtlebot3_msgs/srv/detail/sound__struct.hpp\n'}
[17.585834] (turtlebot3_msgs) StdoutLine: {'line': b'-- Symlinking: /home/ros/turtlebot3/turtlebot3_msgs-2.2.3/install/turtlebot3_msgs/include/turtlebot3_msgs/turtlebot3_msgs/srv/detail/sound__traits.hpp\n'}
[17.597625] (turtlebot3_msgs) StdoutLine: {'line': b'-- Symlinking: /home/ros/turtlebot3/turtlebot3_msgs-2.2.3/install/turtlebot3_msgs/include/turtlebot3_msgs/turtlebot3_msgs/srv/dqn.hpp\n'}
[17.611150] (turtlebot3_msgs) StdoutLine: {'line': b'-- Symlinking: /home/ros/turtlebot3/turtlebot3_msgs-2.2.3/install/turtlebot3_msgs/include/turtlebot3_msgs/turtlebot3_msgs/srv/sound.hpp\n'}
[17.625038] (turtlebot3_msgs) StdoutLine: {'line': b'-- Symlinking: /home/ros/turtlebot3/turtlebot3_msgs-2.2.3/install/turtlebot3_msgs/include/turtlebot3_msgs/turtlebot3_msgs/action/detail/patrol__rosidl_typesupport_fastrtps_cpp.hpp\n'}
[17.630484] (-) TimerEvent: {}
[17.637606] (turtlebot3_msgs) StdoutLine: {'line': b'-- Symlinking: /home/ros/turtlebot3/turtlebot3_msgs-2.2.3/install/turtlebot3_msgs/include/turtlebot3_msgs/turtlebot3_msgs/msg/detail/sensor_state__rosidl_typesupport_fastrtps_cpp.hpp\n'}
[17.654935] (turtlebot3_msgs) StdoutLine: {'line': b'-- Symlinking: /home/ros/turtlebot3/turtlebot3_msgs-2.2.3/install/turtlebot3_msgs/include/turtlebot3_msgs/turtlebot3_msgs/msg/detail/sound__rosidl_typesupport_fastrtps_cpp.hpp\n'}
[17.668401] (turtlebot3_msgs) StdoutLine: {'line': b'-- Symlinking: /home/ros/turtlebot3/turtlebot3_msgs-2.2.3/install/turtlebot3_msgs/include/turtlebot3_msgs/turtlebot3_msgs/msg/detail/version_info__rosidl_typesupport_fastrtps_cpp.hpp\n'}
[17.681029] (turtlebot3_msgs) StdoutLine: {'line': b'-- Symlinking: /home/ros/turtlebot3/turtlebot3_msgs-2.2.3/install/turtlebot3_msgs/include/turtlebot3_msgs/turtlebot3_msgs/msg/rosidl_typesupport_fastrtps_cpp__visibility_control.h\n'}
[17.693395] (turtlebot3_msgs) StdoutLine: {'line': b'-- Symlinking: /home/ros/turtlebot3/turtlebot3_msgs-2.2.3/install/turtlebot3_msgs/include/turtlebot3_msgs/turtlebot3_msgs/srv/detail/dqn__rosidl_typesupport_fastrtps_cpp.hpp\n'}
[17.705603] (turtlebot3_msgs) StdoutLine: {'line': b'-- Symlinking: /home/ros/turtlebot3/turtlebot3_msgs-2.2.3/install/turtlebot3_msgs/include/turtlebot3_msgs/turtlebot3_msgs/srv/detail/sound__rosidl_typesupport_fastrtps_cpp.hpp\n'}
[17.721110] (turtlebot3_msgs) StdoutLine: {'line': b'-- Symlinking: /home/ros/turtlebot3/turtlebot3_msgs-2.2.3/install/turtlebot3_msgs/include/turtlebot3_msgs/turtlebot3_msgs/action/detail/patrol__rosidl_typesupport_introspection_c.h\n'}
[17.730620] (-) TimerEvent: {}
[17.734974] (turtlebot3_msgs) StdoutLine: {'line': b'-- Symlinking: /home/ros/turtlebot3/turtlebot3_msgs-2.2.3/install/turtlebot3_msgs/include/turtlebot3_msgs/turtlebot3_msgs/msg/detail/sensor_state__rosidl_typesupport_introspection_c.h\n'}
[17.749727] (turtlebot3_msgs) StdoutLine: {'line': b'-- Symlinking: /home/ros/turtlebot3/turtlebot3_msgs-2.2.3/install/turtlebot3_msgs/include/turtlebot3_msgs/turtlebot3_msgs/msg/detail/sound__rosidl_typesupport_introspection_c.h\n'}
[17.763556] (turtlebot3_msgs) StdoutLine: {'line': b'-- Symlinking: /home/ros/turtlebot3/turtlebot3_msgs-2.2.3/install/turtlebot3_msgs/include/turtlebot3_msgs/turtlebot3_msgs/msg/detail/version_info__rosidl_typesupport_introspection_c.h\n'}
[17.775928] (turtlebot3_msgs) StdoutLine: {'line': b'-- Symlinking: /home/ros/turtlebot3/turtlebot3_msgs-2.2.3/install/turtlebot3_msgs/include/turtlebot3_msgs/turtlebot3_msgs/msg/rosidl_typesupport_introspection_c__visibility_control.h\n'}
[17.788354] (turtlebot3_msgs) StdoutLine: {'line': b'-- Symlinking: /home/ros/turtlebot3/turtlebot3_msgs-2.2.3/install/turtlebot3_msgs/include/turtlebot3_msgs/turtlebot3_msgs/srv/detail/dqn__rosidl_typesupport_introspection_c.h\n'}
[17.800313] (turtlebot3_msgs) StdoutLine: {'line': b'-- Symlinking: /home/ros/turtlebot3/turtlebot3_msgs-2.2.3/install/turtlebot3_msgs/include/turtlebot3_msgs/turtlebot3_msgs/srv/detail/sound__rosidl_typesupport_introspection_c.h\n'}
[17.812936] (turtlebot3_msgs) StdoutLine: {'line': b'-- Symlinking: /home/ros/turtlebot3/turtlebot3_msgs-2.2.3/install/turtlebot3_msgs/include/turtlebot3_msgs/turtlebot3_msgs/action/detail/patrol__rosidl_typesupport_introspection_cpp.hpp\n'}
[17.824970] (turtlebot3_msgs) StdoutLine: {'line': b'-- Symlinking: /home/ros/turtlebot3/turtlebot3_msgs-2.2.3/install/turtlebot3_msgs/include/turtlebot3_msgs/turtlebot3_msgs/msg/detail/sensor_state__rosidl_typesupport_introspection_cpp.hpp\n'}
[17.830770] (-) TimerEvent: {}
[17.837918] (turtlebot3_msgs) StdoutLine: {'line': b'-- Symlinking: /home/ros/turtlebot3/turtlebot3_msgs-2.2.3/install/turtlebot3_msgs/include/turtlebot3_msgs/turtlebot3_msgs/msg/detail/sound__rosidl_typesupport_introspection_cpp.hpp\n'}
[17.852099] (turtlebot3_msgs) StdoutLine: {'line': b'-- Symlinking: /home/ros/turtlebot3/turtlebot3_msgs-2.2.3/install/turtlebot3_msgs/include/turtlebot3_msgs/turtlebot3_msgs/msg/detail/version_info__rosidl_typesupport_introspection_cpp.hpp\n'}
[17.866109] (turtlebot3_msgs) StdoutLine: {'line': b'-- Symlinking: /home/ros/turtlebot3/turtlebot3_msgs-2.2.3/install/turtlebot3_msgs/include/turtlebot3_msgs/turtlebot3_msgs/srv/detail/dqn__rosidl_typesupport_introspection_cpp.hpp\n'}
[17.878542] (turtlebot3_msgs) StdoutLine: {'line': b'-- Symlinking: /home/ros/turtlebot3/turtlebot3_msgs-2.2.3/install/turtlebot3_msgs/include/turtlebot3_msgs/turtlebot3_msgs/srv/detail/sound__rosidl_typesupport_introspection_cpp.hpp\n'}
[17.891903] (turtlebot3_msgs) StdoutLine: {'line': b'-- Symlinking: /home/ros/turtlebot3/turtlebot3_msgs-2.2.3/install/turtlebot3_msgs/share/turtlebot3_msgs/environment/pythonpath.sh\n'}
[17.903806] (turtlebot3_msgs) StdoutLine: {'line': b'-- Symlinking: /home/ros/turtlebot3/turtlebot3_msgs-2.2.3/install/turtlebot3_msgs/share/turtlebot3_msgs/environment/pythonpath.dsv\n'}
[17.916408] (turtlebot3_msgs) StdoutLine: {'line': b'-- Symlinking: /home/ros/turtlebot3/turtlebot3_msgs-2.2.3/install/turtlebot3_msgs/local/lib/python3.10/dist-packages/turtlebot3_msgs-2.2.3-py3.10.egg-info/PKG-INFO\n'}
[17.928641] (turtlebot3_msgs) StdoutLine: {'line': b'-- Symlinking: /home/ros/turtlebot3/turtlebot3_msgs-2.2.3/install/turtlebot3_msgs/local/lib/python3.10/dist-packages/turtlebot3_msgs-2.2.3-py3.10.egg-info/SOURCES.txt\n'}
[17.930909] (-) TimerEvent: {}
[17.943491] (turtlebot3_msgs) StdoutLine: {'line': b'-- Symlinking: /home/ros/turtlebot3/turtlebot3_msgs-2.2.3/install/turtlebot3_msgs/local/lib/python3.10/dist-packages/turtlebot3_msgs-2.2.3-py3.10.egg-info/dependency_links.txt\n'}
[17.958946] (turtlebot3_msgs) StdoutLine: {'line': b'-- Symlinking: /home/ros/turtlebot3/turtlebot3_msgs-2.2.3/install/turtlebot3_msgs/local/lib/python3.10/dist-packages/turtlebot3_msgs-2.2.3-py3.10.egg-info/top_level.txt\n'}
[17.973571] (turtlebot3_msgs) StdoutLine: {'line': b'-- Symlinking: /home/ros/turtlebot3/turtlebot3_msgs-2.2.3/install/turtlebot3_msgs/local/lib/python3.10/dist-packages/turtlebot3_msgs/__init__.py\n'}
[17.986574] (turtlebot3_msgs) StdoutLine: {'line': b'-- Symlinking: /home/ros/turtlebot3/turtlebot3_msgs-2.2.3/install/turtlebot3_msgs/local/lib/python3.10/dist-packages/turtlebot3_msgs/_turtlebot3_msgs_s.ep.rosidl_typesupport_c.c\n'}
[17.998901] (turtlebot3_msgs) StdoutLine: {'line': b'-- Symlinking: /home/ros/turtlebot3/turtlebot3_msgs-2.2.3/install/turtlebot3_msgs/local/lib/python3.10/dist-packages/turtlebot3_msgs/_turtlebot3_msgs_s.ep.rosidl_typesupport_fastrtps_c.c\n'}
[18.011212] (turtlebot3_msgs) StdoutLine: {'line': b'-- Symlinking: /home/ros/turtlebot3/turtlebot3_msgs-2.2.3/install/turtlebot3_msgs/local/lib/python3.10/dist-packages/turtlebot3_msgs/_turtlebot3_msgs_s.ep.rosidl_typesupport_introspection_c.c\n'}
[18.023447] (turtlebot3_msgs) StdoutLine: {'line': b'-- Symlinking: /home/ros/turtlebot3/turtlebot3_msgs-2.2.3/install/turtlebot3_msgs/local/lib/python3.10/dist-packages/turtlebot3_msgs/action/__init__.py\n'}
[18.031088] (-) TimerEvent: {}
[18.035959] (turtlebot3_msgs) StdoutLine: {'line': b'-- Symlinking: /home/ros/turtlebot3/turtlebot3_msgs-2.2.3/install/turtlebot3_msgs/local/lib/python3.10/dist-packages/turtlebot3_msgs/action/_patrol.py\n'}
[18.050221] (turtlebot3_msgs) StdoutLine: {'line': b'-- Symlinking: /home/ros/turtlebot3/turtlebot3_msgs-2.2.3/install/turtlebot3_msgs/local/lib/python3.10/dist-packages/turtlebot3_msgs/action/_patrol_s.c\n'}
[18.063413] (turtlebot3_msgs) StdoutLine: {'line': b'-- Symlinking: /home/ros/turtlebot3/turtlebot3_msgs-2.2.3/install/turtlebot3_msgs/local/lib/python3.10/dist-packages/turtlebot3_msgs/libturtlebot3_msgs__rosidl_generator_py.so\n'}
[18.078560] (turtlebot3_msgs) StdoutLine: {'line': b'-- Symlinking: /home/ros/turtlebot3/turtlebot3_msgs-2.2.3/install/turtlebot3_msgs/local/lib/python3.10/dist-packages/turtlebot3_msgs/msg/__init__.py\n'}
[18.091441] (turtlebot3_msgs) StdoutLine: {'line': b'-- Symlinking: /home/ros/turtlebot3/turtlebot3_msgs-2.2.3/install/turtlebot3_msgs/local/lib/python3.10/dist-packages/turtlebot3_msgs/msg/_sensor_state.py\n'}
[18.103492] (turtlebot3_msgs) StdoutLine: {'line': b'-- Symlinking: /home/ros/turtlebot3/turtlebot3_msgs-2.2.3/install/turtlebot3_msgs/local/lib/python3.10/dist-packages/turtlebot3_msgs/msg/_sensor_state_s.c\n'}
[18.115229] (turtlebot3_msgs) StdoutLine: {'line': b'-- Symlinking: /home/ros/turtlebot3/turtlebot3_msgs-2.2.3/install/turtlebot3_msgs/local/lib/python3.10/dist-packages/turtlebot3_msgs/msg/_sound.py\n'}
[18.127737] (turtlebot3_msgs) StdoutLine: {'line': b'-- Symlinking: /home/ros/turtlebot3/turtlebot3_msgs-2.2.3/install/turtlebot3_msgs/local/lib/python3.10/dist-packages/turtlebot3_msgs/msg/_sound_s.c\n'}
[18.131260] (-) TimerEvent: {}
[18.142479] (turtlebot3_msgs) StdoutLine: {'line': b'-- Symlinking: /home/ros/turtlebot3/turtlebot3_msgs-2.2.3/install/turtlebot3_msgs/local/lib/python3.10/dist-packages/turtlebot3_msgs/msg/_version_info.py\n'}
[18.158714] (turtlebot3_msgs) StdoutLine: {'line': b'-- Symlinking: /home/ros/turtlebot3/turtlebot3_msgs-2.2.3/install/turtlebot3_msgs/local/lib/python3.10/dist-packages/turtlebot3_msgs/msg/_version_info_s.c\n'}
[18.171204] (turtlebot3_msgs) StdoutLine: {'line': b'-- Symlinking: /home/ros/turtlebot3/turtlebot3_msgs-2.2.3/install/turtlebot3_msgs/local/lib/python3.10/dist-packages/turtlebot3_msgs/srv/__init__.py\n'}
[18.184207] (turtlebot3_msgs) StdoutLine: {'line': b'-- Symlinking: /home/ros/turtlebot3/turtlebot3_msgs-2.2.3/install/turtlebot3_msgs/local/lib/python3.10/dist-packages/turtlebot3_msgs/srv/_dqn.py\n'}
[18.196790] (turtlebot3_msgs) StdoutLine: {'line': b'-- Symlinking: /home/ros/turtlebot3/turtlebot3_msgs-2.2.3/install/turtlebot3_msgs/local/lib/python3.10/dist-packages/turtlebot3_msgs/srv/_dqn_s.c\n'}
[18.208794] (turtlebot3_msgs) StdoutLine: {'line': b'-- Symlinking: /home/ros/turtlebot3/turtlebot3_msgs-2.2.3/install/turtlebot3_msgs/local/lib/python3.10/dist-packages/turtlebot3_msgs/srv/_sound.py\n'}
[18.221055] (turtlebot3_msgs) StdoutLine: {'line': b'-- Symlinking: /home/ros/turtlebot3/turtlebot3_msgs-2.2.3/install/turtlebot3_msgs/local/lib/python3.10/dist-packages/turtlebot3_msgs/srv/_sound_s.c\n'}
[18.231445] (-) TimerEvent: {}
[18.233020] (turtlebot3_msgs) StdoutLine: {'line': b'-- Symlinking: /home/ros/turtlebot3/turtlebot3_msgs-2.2.3/install/turtlebot3_msgs/local/lib/python3.10/dist-packages/turtlebot3_msgs/turtlebot3_msgs_s__rosidl_typesupport_c.cpython-310-x86_64-linux-gnu.so\n'}
[18.247890] (turtlebot3_msgs) StdoutLine: {'line': b'-- Symlinking: /home/ros/turtlebot3/turtlebot3_msgs-2.2.3/install/turtlebot3_msgs/local/lib/python3.10/dist-packages/turtlebot3_msgs/turtlebot3_msgs_s__rosidl_typesupport_fastrtps_c.cpython-310-x86_64-linux-gnu.so\n'}
[18.263260] (turtlebot3_msgs) StdoutLine: {'line': b'-- Symlinking: /home/ros/turtlebot3/turtlebot3_msgs-2.2.3/install/turtlebot3_msgs/local/lib/python3.10/dist-packages/turtlebot3_msgs/turtlebot3_msgs_s__rosidl_typesupport_introspection_c.cpython-310-x86_64-linux-gnu.so\n'}
[18.278011] (turtlebot3_msgs) StdoutLine: {'line': b'-- Up-to-date symlink: /home/ros/turtlebot3/turtlebot3_msgs-2.2.3/install/turtlebot3_msgs/local/lib/python3.10/dist-packages/turtlebot3_msgs/turtlebot3_msgs_s__rosidl_typesupport_fastrtps_c.cpython-310-x86_64-linux-gnu.so\n'}
[18.278461] (turtlebot3_msgs) StdoutLine: {'line': b'-- Up-to-date symlink: /home/ros/turtlebot3/turtlebot3_msgs-2.2.3/install/turtlebot3_msgs/local/lib/python3.10/dist-packages/turtlebot3_msgs/turtlebot3_msgs_s__rosidl_typesupport_introspection_c.cpython-310-x86_64-linux-gnu.so\n'}
[18.278969] (turtlebot3_msgs) StdoutLine: {'line': b'-- Up-to-date symlink: /home/ros/turtlebot3/turtlebot3_msgs-2.2.3/install/turtlebot3_msgs/local/lib/python3.10/dist-packages/turtlebot3_msgs/turtlebot3_msgs_s__rosidl_typesupport_c.cpython-310-x86_64-linux-gnu.so\n'}
[18.279375] (turtlebot3_msgs) StdoutLine: {'line': b'-- Symlinking: /home/ros/turtlebot3/turtlebot3_msgs-2.2.3/install/turtlebot3_msgs/share/turtlebot3_msgs/msg/SensorState.idl\n'}
[18.292671] (turtlebot3_msgs) StdoutLine: {'line': b'-- Symlinking: /home/ros/turtlebot3/turtlebot3_msgs-2.2.3/install/turtlebot3_msgs/share/turtlebot3_msgs/msg/Sound.idl\n'}
[18.306182] (turtlebot3_msgs) StdoutLine: {'line': b'-- Symlinking: /home/ros/turtlebot3/turtlebot3_msgs-2.2.3/install/turtlebot3_msgs/share/turtlebot3_msgs/msg/VersionInfo.idl\n'}
[18.318689] (turtlebot3_msgs) StdoutLine: {'line': b'-- Symlinking: /home/ros/turtlebot3/turtlebot3_msgs-2.2.3/install/turtlebot3_msgs/share/turtlebot3_msgs/srv/Sound.idl\n'}
[18.330433] (turtlebot3_msgs) StdoutLine: {'line': b'-- Symlinking: /home/ros/turtlebot3/turtlebot3_msgs-2.2.3/install/turtlebot3_msgs/share/turtlebot3_msgs/srv/Dqn.idl\n'}
[18.331550] (-) TimerEvent: {}
[18.344095] (turtlebot3_msgs) StdoutLine: {'line': b'-- Symlinking: /home/ros/turtlebot3/turtlebot3_msgs-2.2.3/install/turtlebot3_msgs/share/turtlebot3_msgs/action/Patrol.idl\n'}
[18.358913] (turtlebot3_msgs) StdoutLine: {'line': b'-- Symlinking: /home/ros/turtlebot3/turtlebot3_msgs-2.2.3/install/turtlebot3_msgs/share/turtlebot3_msgs/msg/SensorState.msg\n'}
[18.372325] (turtlebot3_msgs) StdoutLine: {'line': b'-- Symlinking: /home/ros/turtlebot3/turtlebot3_msgs-2.2.3/install/turtlebot3_msgs/share/turtlebot3_msgs/msg/Sound.msg\n'}
[18.387844] (turtlebot3_msgs) StdoutLine: {'line': b'-- Symlinking: /home/ros/turtlebot3/turtlebot3_msgs-2.2.3/install/turtlebot3_msgs/share/turtlebot3_msgs/msg/VersionInfo.msg\n'}
[18.399846] (turtlebot3_msgs) StdoutLine: {'line': b'-- Symlinking: /home/ros/turtlebot3/turtlebot3_msgs-2.2.3/install/turtlebot3_msgs/share/turtlebot3_msgs/srv/Sound.srv\n'}
[18.412330] (turtlebot3_msgs) StdoutLine: {'line': b'-- Symlinking: /home/ros/turtlebot3/turtlebot3_msgs-2.2.3/install/turtlebot3_msgs/share/turtlebot3_msgs/srv/Sound_Request.msg\n'}
[18.424385] (turtlebot3_msgs) StdoutLine: {'line': b'-- Symlinking: /home/ros/turtlebot3/turtlebot3_msgs-2.2.3/install/turtlebot3_msgs/share/turtlebot3_msgs/srv/Sound_Response.msg\n'}
[18.431703] (-) TimerEvent: {}
[18.436605] (turtlebot3_msgs) StdoutLine: {'line': b'-- Symlinking: /home/ros/turtlebot3/turtlebot3_msgs-2.2.3/install/turtlebot3_msgs/share/turtlebot3_msgs/srv/Dqn.srv\n'}
[18.453384] (turtlebot3_msgs) StdoutLine: {'line': b'-- Symlinking: /home/ros/turtlebot3/turtlebot3_msgs-2.2.3/install/turtlebot3_msgs/share/turtlebot3_msgs/srv/Dqn_Request.msg\n'}
[18.466274] (turtlebot3_msgs) StdoutLine: {'line': b'-- Symlinking: /home/ros/turtlebot3/turtlebot3_msgs-2.2.3/install/turtlebot3_msgs/share/turtlebot3_msgs/srv/Dqn_Response.msg\n'}
[18.479438] (turtlebot3_msgs) StdoutLine: {'line': b'-- Symlinking: /home/ros/turtlebot3/turtlebot3_msgs-2.2.3/install/turtlebot3_msgs/share/turtlebot3_msgs/action/Patrol.action\n'}
[18.495235] (turtlebot3_msgs) StdoutLine: {'line': b'-- Symlinking: /home/ros/turtlebot3/turtlebot3_msgs-2.2.3/install/turtlebot3_msgs/share/ament_index/resource_index/package_run_dependencies/turtlebot3_msgs\n'}
[18.507306] (turtlebot3_msgs) StdoutLine: {'line': b'-- Symlinking: /home/ros/turtlebot3/turtlebot3_msgs-2.2.3/install/turtlebot3_msgs/share/ament_index/resource_index/parent_prefix_path/turtlebot3_msgs\n'}
[18.520477] (turtlebot3_msgs) StdoutLine: {'line': b'-- Symlinking: /home/ros/turtlebot3/turtlebot3_msgs-2.2.3/install/turtlebot3_msgs/share/turtlebot3_msgs/environment/ament_prefix_path.sh\n'}
[18.531849] (-) TimerEvent: {}
[18.532626] (turtlebot3_msgs) StdoutLine: {'line': b'-- Symlinking: /home/ros/turtlebot3/turtlebot3_msgs-2.2.3/install/turtlebot3_msgs/share/turtlebot3_msgs/environment/ament_prefix_path.dsv\n'}
[18.545548] (turtlebot3_msgs) StdoutLine: {'line': b'-- Symlinking: /home/ros/turtlebot3/turtlebot3_msgs-2.2.3/install/turtlebot3_msgs/share/turtlebot3_msgs/environment/path.sh\n'}
[18.560269] (turtlebot3_msgs) StdoutLine: {'line': b'-- Symlinking: /home/ros/turtlebot3/turtlebot3_msgs-2.2.3/install/turtlebot3_msgs/share/turtlebot3_msgs/environment/path.dsv\n'}
[18.572433] (turtlebot3_msgs) StdoutLine: {'line': b'-- Symlinking: /home/ros/turtlebot3/turtlebot3_msgs-2.2.3/install/turtlebot3_msgs/share/turtlebot3_msgs/local_setup.bash\n'}
[18.586028] (turtlebot3_msgs) StdoutLine: {'line': b'-- Symlinking: /home/ros/turtlebot3/turtlebot3_msgs-2.2.3/install/turtlebot3_msgs/share/turtlebot3_msgs/local_setup.sh\n'}
[18.598495] (turtlebot3_msgs) StdoutLine: {'line': b'-- Symlinking: /home/ros/turtlebot3/turtlebot3_msgs-2.2.3/install/turtlebot3_msgs/share/turtlebot3_msgs/local_setup.zsh\n'}
[18.610981] (turtlebot3_msgs) StdoutLine: {'line': b'-- Symlinking: /home/ros/turtlebot3/turtlebot3_msgs-2.2.3/install/turtlebot3_msgs/share/turtlebot3_msgs/local_setup.dsv\n'}
[18.622884] (turtlebot3_msgs) StdoutLine: {'line': b'-- Symlinking: /home/ros/turtlebot3/turtlebot3_msgs-2.2.3/install/turtlebot3_msgs/share/turtlebot3_msgs/package.dsv\n'}
[18.631971] (-) TimerEvent: {}
[18.636562] (turtlebot3_msgs) StdoutLine: {'line': b'-- Symlinking: /home/ros/turtlebot3/turtlebot3_msgs-2.2.3/install/turtlebot3_msgs/share/ament_index/resource_index/packages/turtlebot3_msgs\n'}
[18.651197] (turtlebot3_msgs) StdoutLine: {'line': b'-- Symlinking: /home/ros/turtlebot3/turtlebot3_msgs-2.2.3/install/turtlebot3_msgs/share/turtlebot3_msgs/cmake/rosidl_cmake-extras.cmake\n'}
[18.666246] (turtlebot3_msgs) StdoutLine: {'line': b'-- Symlinking: /home/ros/turtlebot3/turtlebot3_msgs-2.2.3/install/turtlebot3_msgs/share/turtlebot3_msgs/cmake/ament_cmake_export_dependencies-extras.cmake\n'}
[18.679103] (turtlebot3_msgs) StdoutLine: {'line': b'-- Symlinking: /home/ros/turtlebot3/turtlebot3_msgs-2.2.3/install/turtlebot3_msgs/share/turtlebot3_msgs/cmake/ament_cmake_export_include_directories-extras.cmake\n'}
[18.691653] (turtlebot3_msgs) StdoutLine: {'line': b'-- Symlinking: /home/ros/turtlebot3/turtlebot3_msgs-2.2.3/install/turtlebot3_msgs/share/turtlebot3_msgs/cmake/ament_cmake_export_libraries-extras.cmake\n'}
[18.704256] (turtlebot3_msgs) StdoutLine: {'line': b'-- Symlinking: /home/ros/turtlebot3/turtlebot3_msgs-2.2.3/install/turtlebot3_msgs/share/turtlebot3_msgs/cmake/ament_cmake_export_targets-extras.cmake\n'}
[18.716846] (turtlebot3_msgs) StdoutLine: {'line': b'-- Symlinking: /home/ros/turtlebot3/turtlebot3_msgs-2.2.3/install/turtlebot3_msgs/share/turtlebot3_msgs/cmake/rosidl_cmake_export_typesupport_targets-extras.cmake\n'}
[18.730197] (turtlebot3_msgs) StdoutLine: {'line': b'-- Symlinking: /home/ros/turtlebot3/turtlebot3_msgs-2.2.3/install/turtlebot3_msgs/share/turtlebot3_msgs/cmake/rosidl_cmake_export_typesupport_libraries-extras.cmake\n'}
[18.732124] (-) TimerEvent: {}
[18.744247] (turtlebot3_msgs) StdoutLine: {'line': b'-- Symlinking: /home/ros/turtlebot3/turtlebot3_msgs-2.2.3/install/turtlebot3_msgs/share/turtlebot3_msgs/cmake/turtlebot3_msgsConfig.cmake\n'}
[18.758475] (turtlebot3_msgs) StdoutLine: {'line': b'-- Symlinking: /home/ros/turtlebot3/turtlebot3_msgs-2.2.3/install/turtlebot3_msgs/share/turtlebot3_msgs/cmake/turtlebot3_msgsConfig-version.cmake\n'}
[18.770730] (turtlebot3_msgs) StdoutLine: {'line': b'-- Symlinking: /home/ros/turtlebot3/turtlebot3_msgs-2.2.3/install/turtlebot3_msgs/share/turtlebot3_msgs/package.xml\n'}
[18.783123] (turtlebot3_msgs) StdoutLine: {'line': b'-- Installing: /home/ros/turtlebot3/turtlebot3_msgs-2.2.3/install/turtlebot3_msgs/lib/libturtlebot3_msgs__rosidl_generator_c.so\n'}
[18.783818] (turtlebot3_msgs) StdoutLine: {'line': b'-- Set runtime path of "/home/ros/turtlebot3/turtlebot3_msgs-2.2.3/install/turtlebot3_msgs/lib/libturtlebot3_msgs__rosidl_generator_c.so" to ""\n'}
[18.784096] (turtlebot3_msgs) StdoutLine: {'line': b'-- Installing: /home/ros/turtlebot3/turtlebot3_msgs-2.2.3/install/turtlebot3_msgs/lib/libturtlebot3_msgs__rosidl_typesupport_fastrtps_c.so\n'}
[18.784665] (turtlebot3_msgs) StdoutLine: {'line': b'-- Set runtime path of "/home/ros/turtlebot3/turtlebot3_msgs-2.2.3/install/turtlebot3_msgs/lib/libturtlebot3_msgs__rosidl_typesupport_fastrtps_c.so" to ""\n'}
[18.784869] (turtlebot3_msgs) StdoutLine: {'line': b'-- Installing: /home/ros/turtlebot3/turtlebot3_msgs-2.2.3/install/turtlebot3_msgs/lib/libturtlebot3_msgs__rosidl_typesupport_fastrtps_cpp.so\n'}
[18.785591] (turtlebot3_msgs) StdoutLine: {'line': b'-- Set runtime path of "/home/ros/turtlebot3/turtlebot3_msgs-2.2.3/install/turtlebot3_msgs/lib/libturtlebot3_msgs__rosidl_typesupport_fastrtps_cpp.so" to ""\n'}
[18.785832] (turtlebot3_msgs) StdoutLine: {'line': b'-- Installing: /home/ros/turtlebot3/turtlebot3_msgs-2.2.3/install/turtlebot3_msgs/lib/libturtlebot3_msgs__rosidl_typesupport_introspection_c.so\n'}
[18.786347] (turtlebot3_msgs) StdoutLine: {'line': b'-- Set runtime path of "/home/ros/turtlebot3/turtlebot3_msgs-2.2.3/install/turtlebot3_msgs/lib/libturtlebot3_msgs__rosidl_typesupport_introspection_c.so" to ""\n'}
[18.786566] (turtlebot3_msgs) StdoutLine: {'line': b'-- Installing: /home/ros/turtlebot3/turtlebot3_msgs-2.2.3/install/turtlebot3_msgs/lib/libturtlebot3_msgs__rosidl_typesupport_c.so\n'}
[18.787053] (turtlebot3_msgs) StdoutLine: {'line': b'-- Set runtime path of "/home/ros/turtlebot3/turtlebot3_msgs-2.2.3/install/turtlebot3_msgs/lib/libturtlebot3_msgs__rosidl_typesupport_c.so" to ""\n'}
[18.787265] (turtlebot3_msgs) StdoutLine: {'line': b'-- Installing: /home/ros/turtlebot3/turtlebot3_msgs-2.2.3/install/turtlebot3_msgs/lib/libturtlebot3_msgs__rosidl_typesupport_introspection_cpp.so\n'}
[18.787882] (turtlebot3_msgs) StdoutLine: {'line': b'-- Set runtime path of "/home/ros/turtlebot3/turtlebot3_msgs-2.2.3/install/turtlebot3_msgs/lib/libturtlebot3_msgs__rosidl_typesupport_introspection_cpp.so" to ""\n'}
[18.788095] (turtlebot3_msgs) StdoutLine: {'line': b'-- Installing: /home/ros/turtlebot3/turtlebot3_msgs-2.2.3/install/turtlebot3_msgs/lib/libturtlebot3_msgs__rosidl_typesupport_cpp.so\n'}
[18.788595] (turtlebot3_msgs) StdoutLine: {'line': b'-- Set runtime path of "/home/ros/turtlebot3/turtlebot3_msgs-2.2.3/install/turtlebot3_msgs/lib/libturtlebot3_msgs__rosidl_typesupport_cpp.so" to ""\n'}
[18.832208] (-) TimerEvent: {}
[18.870968] (turtlebot3_msgs) StdoutLine: {'line': b"Listing '/home/ros/turtlebot3/turtlebot3_msgs-2.2.3/install/turtlebot3_msgs/local/lib/python3.10/dist-packages/turtlebot3_msgs'...\n"}
[18.871217] (turtlebot3_msgs) StdoutLine: {'line': b"Compiling '/home/ros/turtlebot3/turtlebot3_msgs-2.2.3/install/turtlebot3_msgs/local/lib/python3.10/dist-packages/turtlebot3_msgs/__init__.py'...\n"}
[18.871353] (turtlebot3_msgs) StdoutLine: {'line': b"Listing '/home/ros/turtlebot3/turtlebot3_msgs-2.2.3/install/turtlebot3_msgs/local/lib/python3.10/dist-packages/turtlebot3_msgs/action'...\n"}
[18.871453] (turtlebot3_msgs) StdoutLine: {'line': b"Compiling '/home/ros/turtlebot3/turtlebot3_msgs-2.2.3/install/turtlebot3_msgs/local/lib/python3.10/dist-packages/turtlebot3_msgs/action/__init__.py'...\n"}
[18.871551] (turtlebot3_msgs) StdoutLine: {'line': b"Compiling '/home/ros/turtlebot3/turtlebot3_msgs-2.2.3/install/turtlebot3_msgs/local/lib/python3.10/dist-packages/turtlebot3_msgs/action/_patrol.py'...\n"}
[18.871647] (turtlebot3_msgs) StdoutLine: {'line': b"Listing '/home/ros/turtlebot3/turtlebot3_msgs-2.2.3/install/turtlebot3_msgs/local/lib/python3.10/dist-packages/turtlebot3_msgs/msg'...\n"}
[18.871749] (turtlebot3_msgs) StdoutLine: {'line': b"Compiling '/home/ros/turtlebot3/turtlebot3_msgs-2.2.3/install/turtlebot3_msgs/local/lib/python3.10/dist-packages/turtlebot3_msgs/msg/__init__.py'...\n"}
[18.871867] (turtlebot3_msgs) StdoutLine: {'line': b"Compiling '/home/ros/turtlebot3/turtlebot3_msgs-2.2.3/install/turtlebot3_msgs/local/lib/python3.10/dist-packages/turtlebot3_msgs/msg/_sensor_state.py'...\n"}
[18.871972] (turtlebot3_msgs) StdoutLine: {'line': b"Compiling '/home/ros/turtlebot3/turtlebot3_msgs-2.2.3/install/turtlebot3_msgs/local/lib/python3.10/dist-packages/turtlebot3_msgs/msg/_sound.py'...\n"}
[18.872078] (turtlebot3_msgs) StdoutLine: {'line': b"Compiling '/home/ros/turtlebot3/turtlebot3_msgs-2.2.3/install/turtlebot3_msgs/local/lib/python3.10/dist-packages/turtlebot3_msgs/msg/_version_info.py'...\n"}
[18.872185] (turtlebot3_msgs) StdoutLine: {'line': b"Listing '/home/ros/turtlebot3/turtlebot3_msgs-2.2.3/install/turtlebot3_msgs/local/lib/python3.10/dist-packages/turtlebot3_msgs/srv'...\n"}
[18.872289] (turtlebot3_msgs) StdoutLine: {'line': b"Compiling '/home/ros/turtlebot3/turtlebot3_msgs-2.2.3/install/turtlebot3_msgs/local/lib/python3.10/dist-packages/turtlebot3_msgs/srv/__init__.py'...\n"}
[18.872404] (turtlebot3_msgs) StdoutLine: {'line': b"Compiling '/home/ros/turtlebot3/turtlebot3_msgs-2.2.3/install/turtlebot3_msgs/local/lib/python3.10/dist-packages/turtlebot3_msgs/srv/_dqn.py'...\n"}
[18.872519] (turtlebot3_msgs) StdoutLine: {'line': b"Compiling '/home/ros/turtlebot3/turtlebot3_msgs-2.2.3/install/turtlebot3_msgs/local/lib/python3.10/dist-packages/turtlebot3_msgs/srv/_sound.py'...\n"}
[18.878542] (turtlebot3_msgs) StdoutLine: {'line': b'-- Installing: /home/ros/turtlebot3/turtlebot3_msgs-2.2.3/install/turtlebot3_msgs/lib/libturtlebot3_msgs__rosidl_generator_py.so\n'}
[18.879208] (turtlebot3_msgs) StdoutLine: {'line': b'-- Set runtime path of "/home/ros/turtlebot3/turtlebot3_msgs-2.2.3/install/turtlebot3_msgs/lib/libturtlebot3_msgs__rosidl_generator_py.so" to ""\n'}
[18.879477] (turtlebot3_msgs) StdoutLine: {'line': b'-- Installing: /home/ros/turtlebot3/turtlebot3_msgs-2.2.3/install/turtlebot3_msgs/share/turtlebot3_msgs/cmake/export_turtlebot3_msgs__rosidl_generator_cExport.cmake\n'}
[18.879751] (turtlebot3_msgs) StdoutLine: {'line': b'-- Installing: /home/ros/turtlebot3/turtlebot3_msgs-2.2.3/install/turtlebot3_msgs/share/turtlebot3_msgs/cmake/export_turtlebot3_msgs__rosidl_generator_cExport-noconfig.cmake\n'}
[18.880133] (turtlebot3_msgs) StdoutLine: {'line': b'-- Installing: /home/ros/turtlebot3/turtlebot3_msgs-2.2.3/install/turtlebot3_msgs/share/turtlebot3_msgs/cmake/export_turtlebot3_msgs__rosidl_typesupport_fastrtps_cExport.cmake\n'}
[18.880476] (turtlebot3_msgs) StdoutLine: {'line': b'-- Installing: /home/ros/turtlebot3/turtlebot3_msgs-2.2.3/install/turtlebot3_msgs/share/turtlebot3_msgs/cmake/export_turtlebot3_msgs__rosidl_typesupport_fastrtps_cExport-noconfig.cmake\n'}
[18.880872] (turtlebot3_msgs) StdoutLine: {'line': b'-- Installing: /home/ros/turtlebot3/turtlebot3_msgs-2.2.3/install/turtlebot3_msgs/share/turtlebot3_msgs/cmake/export_turtlebot3_msgs__rosidl_generator_cppExport.cmake\n'}
[18.881314] (turtlebot3_msgs) StdoutLine: {'line': b'-- Installing: /home/ros/turtlebot3/turtlebot3_msgs-2.2.3/install/turtlebot3_msgs/share/turtlebot3_msgs/cmake/export_turtlebot3_msgs__rosidl_typesupport_fastrtps_cppExport.cmake\n'}
[18.881637] (turtlebot3_msgs) StdoutLine: {'line': b'-- Installing: /home/ros/turtlebot3/turtlebot3_msgs-2.2.3/install/turtlebot3_msgs/share/turtlebot3_msgs/cmake/export_turtlebot3_msgs__rosidl_typesupport_fastrtps_cppExport-noconfig.cmake\n'}
[18.881989] (turtlebot3_msgs) StdoutLine: {'line': b'-- Installing: /home/ros/turtlebot3/turtlebot3_msgs-2.2.3/install/turtlebot3_msgs/share/turtlebot3_msgs/cmake/turtlebot3_msgs__rosidl_typesupport_introspection_cExport.cmake\n'}
[18.882324] (turtlebot3_msgs) StdoutLine: {'line': b'-- Installing: /home/ros/turtlebot3/turtlebot3_msgs-2.2.3/install/turtlebot3_msgs/share/turtlebot3_msgs/cmake/turtlebot3_msgs__rosidl_typesupport_introspection_cExport-noconfig.cmake\n'}
[18.882679] (turtlebot3_msgs) StdoutLine: {'line': b'-- Installing: /home/ros/turtlebot3/turtlebot3_msgs-2.2.3/install/turtlebot3_msgs/share/turtlebot3_msgs/cmake/turtlebot3_msgs__rosidl_typesupport_cExport.cmake\n'}
[18.882999] (turtlebot3_msgs) StdoutLine: {'line': b'-- Installing: /home/ros/turtlebot3/turtlebot3_msgs-2.2.3/install/turtlebot3_msgs/share/turtlebot3_msgs/cmake/turtlebot3_msgs__rosidl_typesupport_cExport-noconfig.cmake\n'}
[18.883369] (turtlebot3_msgs) StdoutLine: {'line': b'-- Installing: /home/ros/turtlebot3/turtlebot3_msgs-2.2.3/install/turtlebot3_msgs/share/turtlebot3_msgs/cmake/turtlebot3_msgs__rosidl_typesupport_introspection_cppExport.cmake\n'}
[18.883634] (turtlebot3_msgs) StdoutLine: {'line': b'-- Installing: /home/ros/turtlebot3/turtlebot3_msgs-2.2.3/install/turtlebot3_msgs/share/turtlebot3_msgs/cmake/turtlebot3_msgs__rosidl_typesupport_introspection_cppExport-noconfig.cmake\n'}
[18.884027] (turtlebot3_msgs) StdoutLine: {'line': b'-- Installing: /home/ros/turtlebot3/turtlebot3_msgs-2.2.3/install/turtlebot3_msgs/share/turtlebot3_msgs/cmake/turtlebot3_msgs__rosidl_typesupport_cppExport.cmake\n'}
[18.884343] (turtlebot3_msgs) StdoutLine: {'line': b'-- Installing: /home/ros/turtlebot3/turtlebot3_msgs-2.2.3/install/turtlebot3_msgs/share/turtlebot3_msgs/cmake/turtlebot3_msgs__rosidl_typesupport_cppExport-noconfig.cmake\n'}
[18.884712] (turtlebot3_msgs) StdoutLine: {'line': b'-- Installing: /home/ros/turtlebot3/turtlebot3_msgs-2.2.3/install/turtlebot3_msgs/share/turtlebot3_msgs/cmake/export_turtlebot3_msgs__rosidl_generator_pyExport.cmake\n'}
[18.885104] (turtlebot3_msgs) StdoutLine: {'line': b'-- Installing: /home/ros/turtlebot3/turtlebot3_msgs-2.2.3/install/turtlebot3_msgs/share/turtlebot3_msgs/cmake/export_turtlebot3_msgs__rosidl_generator_pyExport-noconfig.cmake\n'}
[18.888165] (turtlebot3_msgs) CommandEnded: {'returncode': 0}
[18.932344] (-) TimerEvent: {}
[19.032847] (-) TimerEvent: {}
[19.133286] (-) TimerEvent: {}
[19.233617] (-) TimerEvent: {}
[19.333975] (-) TimerEvent: {}
[19.396543] (turtlebot3_msgs) JobEnded: {'identifier': 'turtlebot3_msgs', 'rc': 0}
[19.397807] (-) EventReactorShutdown: {}
