[1.226s] DEBUG:colcon:Command line arguments: ['/usr/bin/colcon', 'build', '--symlink-install']
[1.226s] DEBUG:colcon:Parsed command line arguments: Namespace(log_base=None, log_level=None, verb_name='build', build_base='build', install_base='install', merge_install=False, symlink_install=True, test_result_base=None, continue_on_error=False, executor='parallel', parallel_workers=8, event_handlers=None, ignore_user_meta=False, metas=['./colcon.meta'], base_paths=['.'], packages_ignore=None, packages_ignore_regex=None, paths=None, packages_up_to=None, packages_up_to_regex=None, packages_above=None, packages_above_and_dependencies=None, packages_above_depth=None, packages_select_by_dep=None, packages_skip_by_dep=None, packages_skip_up_to=None, packages_select_build_failed=False, packages_skip_build_finished=False, packages_select_test_failures=False, packages_skip_test_passed=False, packages_select=None, packages_skip=None, packages_select_regex=None, packages_skip_regex=None, packages_start=None, packages_end=None, cmake_args=None, cmake_target=None, cmake_target_skip_unavailable=False, cmake_clean_cache=False, cmake_clean_first=False, cmake_force_configure=False, ament_cmake_args=None, catkin_cmake_args=None, catkin_skip_building_tests=False, mixin_files=None, mixin=None, verb_parser=<colcon_mixin.mixin.mixin_argument.MixinArgumentDecorator object at 0x7f68d0517310>, verb_extension=<colcon_core.verb.build.BuildVerb object at 0x7f68d0515f30>, main=<bound method BuildVerb.main of <colcon_core.verb.build.BuildVerb object at 0x7f68d0515f30>>, mixin_verb=('build',))
[1.322s] Level 1:colcon.colcon_core.package_discovery:discover_packages(colcon_meta) check parameters
[1.322s] Level 1:colcon.colcon_core.package_discovery:discover_packages(recursive) check parameters
[1.322s] Level 1:colcon.colcon_core.package_discovery:discover_packages(ignore) check parameters
[1.322s] Level 1:colcon.colcon_core.package_discovery:discover_packages(path) check parameters
[1.322s] Level 1:colcon.colcon_core.package_discovery:discover_packages(colcon_meta) discover
[1.322s] Level 1:colcon.colcon_core.package_discovery:discover_packages(recursive) discover
[1.322s] INFO:colcon.colcon_core.package_discovery:Crawling recursively for packages in '/home/ros/turtlebot3/turtlebot3_msgs-2.2.3'
[1.322s] Level 1:colcon.colcon_core.package_identification:_identify(.) by extensions ['ignore', 'ignore_ament_install']
[1.323s] Level 1:colcon.colcon_core.package_identification:_identify(.) by extension 'ignore'
[1.323s] Level 1:colcon.colcon_core.package_identification:_identify(.) by extension 'ignore_ament_install'
[1.323s] Level 1:colcon.colcon_core.package_identification:_identify(.) by extensions ['colcon_pkg']
[1.323s] Level 1:colcon.colcon_core.package_identification:_identify(.) by extension 'colcon_pkg'
[1.323s] Level 1:colcon.colcon_core.package_identification:_identify(.) by extensions ['colcon_meta']
[1.323s] Level 1:colcon.colcon_core.package_identification:_identify(.) by extension 'colcon_meta'
[1.323s] Level 1:colcon.colcon_core.package_identification:_identify(.) by extensions ['ros']
[1.323s] Level 1:colcon.colcon_core.package_identification:_identify(.) by extension 'ros'
[1.339s] DEBUG:colcon.colcon_core.package_identification:Package '.' with type 'ros.ament_cmake' and name 'turtlebot3_msgs'
[1.339s] Level 1:colcon.colcon_core.package_discovery:discover_packages(recursive) using defaults
[1.339s] Level 1:colcon.colcon_core.package_discovery:discover_packages(ignore) discover
[1.339s] Level 1:colcon.colcon_core.package_discovery:discover_packages(ignore) using defaults
[1.339s] Level 1:colcon.colcon_core.package_discovery:discover_packages(path) discover
[1.339s] Level 1:colcon.colcon_core.package_discovery:discover_packages(path) using defaults
[1.425s] Level 5:colcon.colcon_core.verb:set package 'turtlebot3_msgs' build argument 'cmake_args' from command line to 'None'
[1.425s] Level 5:colcon.colcon_core.verb:set package 'turtlebot3_msgs' build argument 'cmake_target' from command line to 'None'
[1.425s] Level 5:colcon.colcon_core.verb:set package 'turtlebot3_msgs' build argument 'cmake_target_skip_unavailable' from command line to 'False'
[1.425s] Level 5:colcon.colcon_core.verb:set package 'turtlebot3_msgs' build argument 'cmake_clean_cache' from command line to 'False'
[1.425s] Level 5:colcon.colcon_core.verb:set package 'turtlebot3_msgs' build argument 'cmake_clean_first' from command line to 'False'
[1.425s] Level 5:colcon.colcon_core.verb:set package 'turtlebot3_msgs' build argument 'cmake_force_configure' from command line to 'False'
[1.425s] Level 5:colcon.colcon_core.verb:set package 'turtlebot3_msgs' build argument 'ament_cmake_args' from command line to 'None'
[1.425s] Level 5:colcon.colcon_core.verb:set package 'turtlebot3_msgs' build argument 'catkin_cmake_args' from command line to 'None'
[1.425s] Level 5:colcon.colcon_core.verb:set package 'turtlebot3_msgs' build argument 'catkin_skip_building_tests' from command line to 'False'
[1.425s] DEBUG:colcon.colcon_core.verb:Building package 'turtlebot3_msgs' with the following arguments: {'ament_cmake_args': None, 'build_base': '/home/ros/turtlebot3/turtlebot3_msgs-2.2.3/build/turtlebot3_msgs', 'catkin_cmake_args': None, 'catkin_skip_building_tests': False, 'cmake_args': None, 'cmake_clean_cache': False, 'cmake_clean_first': False, 'cmake_force_configure': False, 'cmake_target': None, 'cmake_target_skip_unavailable': False, 'install_base': '/home/ros/turtlebot3/turtlebot3_msgs-2.2.3/install/turtlebot3_msgs', 'merge_install': False, 'path': '/home/ros/turtlebot3/turtlebot3_msgs-2.2.3', 'symlink_install': True, 'test_result_base': None}
[1.438s] INFO:colcon.colcon_core.executor:Executing jobs using 'parallel' executor
[1.451s] DEBUG:colcon.colcon_parallel_executor.executor.parallel:run_until_complete
[1.451s] INFO:colcon.colcon_ros.task.ament_cmake.build:Building ROS package in '/home/ros/turtlebot3/turtlebot3_msgs-2.2.3' with build type 'ament_cmake'
[1.452s] INFO:colcon.colcon_cmake.task.cmake.build:Building CMake package in '/home/ros/turtlebot3/turtlebot3_msgs-2.2.3'
[1.475s] INFO:colcon.colcon_core.plugin_system:Skipping extension 'colcon_core.shell.bat': Not used on non-Windows systems
[1.475s] INFO:colcon.colcon_core.shell:Skip shell extension 'powershell' for command environment: Not usable outside of PowerShell
[1.475s] DEBUG:colcon.colcon_core.shell:Skip shell extension 'dsv' for command environment
[1.500s] WARNING:colcon.colcon_core.prefix_path.colcon:The path '/home/ros/turtlebot3/turtlebot3-2.1.5/install' in the environment variable COLCON_PREFIX_PATH doesn't exist
[1.501s] WARNING:colcon.colcon_core.prefix_path.colcon:The path '/home/ros/turtlebot3/turtlebot3_simulations-2.2.5/install' in the environment variable COLCON_PREFIX_PATH doesn't exist
[1.501s] WARNING:colcon.colcon_ros.prefix_path.ament:The path '/home/ros/turtlebot3/turtlebot3-2.1.5/install/turtlebot3_teleop' in the environment variable AMENT_PREFIX_PATH doesn't exist
[1.501s] WARNING:colcon.colcon_ros.prefix_path.ament:The path '/home/ros/turtlebot3/turtlebot3-2.1.5/install/turtlebot3_example' in the environment variable AMENT_PREFIX_PATH doesn't exist
[1.501s] WARNING:colcon.colcon_ros.prefix_path.ament:The path '/home/ros/turtlebot3/turtlebot3_msgs-2.2.3/install/turtlebot3_msgs' in the environment variable AMENT_PREFIX_PATH doesn't exist
[1.501s] WARNING:colcon.colcon_ros.prefix_path.ament:The path '/home/ros/turtlebot3/turtlebot3_simulations-2.2.5/install/turtlebot3_simulations' in the environment variable AMENT_PREFIX_PATH doesn't exist
[1.501s] WARNING:colcon.colcon_ros.prefix_path.ament:The path '/home/ros/turtlebot3/turtlebot3_simulations-2.2.5/install/turtlebot3_gazebo' in the environment variable AMENT_PREFIX_PATH doesn't exist
[1.501s] WARNING:colcon.colcon_ros.prefix_path.ament:The path '/home/ros/turtlebot3/turtlebot3_simulations-2.2.5/install/turtlebot3_fake_node' in the environment variable AMENT_PREFIX_PATH doesn't exist
[1.501s] WARNING:colcon.colcon_ros.prefix_path.catkin:The path '/home/ros/turtlebot3/turtlebot3-2.1.5/install/turtlebot3' in the environment variable CMAKE_PREFIX_PATH doesn't exist
[1.501s] WARNING:colcon.colcon_ros.prefix_path.catkin:The path '/home/ros/turtlebot3/turtlebot3-2.1.5/install/turtlebot3_bringup' in the environment variable CMAKE_PREFIX_PATH doesn't exist
[1.501s] WARNING:colcon.colcon_ros.prefix_path.catkin:The path '/home/ros/turtlebot3/turtlebot3-2.1.5/install/turtlebot3_node' in the environment variable CMAKE_PREFIX_PATH doesn't exist
[1.501s] WARNING:colcon.colcon_ros.prefix_path.catkin:The path '/home/ros/turtlebot3/turtlebot3-2.1.5/install/turtlebot3_navigation2' in the environment variable CMAKE_PREFIX_PATH doesn't exist
[1.501s] WARNING:colcon.colcon_ros.prefix_path.catkin:The path '/home/ros/turtlebot3/turtlebot3-2.1.5/install/turtlebot3_description' in the environment variable CMAKE_PREFIX_PATH doesn't exist
[1.501s] WARNING:colcon.colcon_ros.prefix_path.catkin:The path '/home/ros/turtlebot3/turtlebot3-2.1.5/install/turtlebot3_cartographer' in the environment variable CMAKE_PREFIX_PATH doesn't exist
[1.501s] WARNING:colcon.colcon_ros.prefix_path.catkin:The path '/home/ros/turtlebot3/turtlebot3_msgs-2.2.3/install/turtlebot3_msgs' in the environment variable CMAKE_PREFIX_PATH doesn't exist
[1.502s] WARNING:colcon.colcon_ros.prefix_path.catkin:The path '/home/ros/turtlebot3/turtlebot3_simulations-2.2.5/install/turtlebot3_simulations' in the environment variable CMAKE_PREFIX_PATH doesn't exist
[1.502s] WARNING:colcon.colcon_ros.prefix_path.catkin:The path '/home/ros/turtlebot3/turtlebot3_simulations-2.2.5/install/turtlebot3_gazebo' in the environment variable CMAKE_PREFIX_PATH doesn't exist
[1.502s] WARNING:colcon.colcon_ros.prefix_path.catkin:The path '/home/ros/turtlebot3/turtlebot3_simulations-2.2.5/install/turtlebot3_fake_node' in the environment variable CMAKE_PREFIX_PATH doesn't exist
[1.543s] DEBUG:colcon.colcon_core.event_handler.log_command:Invoking command in '/home/ros/turtlebot3/turtlebot3_msgs-2.2.3/build/turtlebot3_msgs': CMAKE_PREFIX_PATH=${CMAKE_PREFIX_PATH}:/home/ros/turtlebot3/turtlebot3-2.1.5/install/turtlebot3_teleop:/home/ros/turtlebot3/turtlebot3-2.1.5/install/turtlebot3_example:/opt/ros/humble /usr/bin/cmake /home/ros/turtlebot3/turtlebot3_msgs-2.2.3 -DAMENT_CMAKE_SYMLINK_INSTALL=1 -DCMAKE_INSTALL_PREFIX=/home/ros/turtlebot3/turtlebot3_msgs-2.2.3/install/turtlebot3_msgs
[3.586s] DEBUG:colcon.colcon_core.event_handler.log_command:Invoked command in '/home/ros/turtlebot3/turtlebot3_msgs-2.2.3/build/turtlebot3_msgs' returned '0': CMAKE_PREFIX_PATH=${CMAKE_PREFIX_PATH}:/home/ros/turtlebot3/turtlebot3-2.1.5/install/turtlebot3_teleop:/home/ros/turtlebot3/turtlebot3-2.1.5/install/turtlebot3_example:/opt/ros/humble /usr/bin/cmake /home/ros/turtlebot3/turtlebot3_msgs-2.2.3 -DAMENT_CMAKE_SYMLINK_INSTALL=1 -DCMAKE_INSTALL_PREFIX=/home/ros/turtlebot3/turtlebot3_msgs-2.2.3/install/turtlebot3_msgs
[3.588s] DEBUG:colcon.colcon_core.event_handler.log_command:Invoking command in '/home/ros/turtlebot3/turtlebot3_msgs-2.2.3/build/turtlebot3_msgs': CMAKE_PREFIX_PATH=${CMAKE_PREFIX_PATH}:/home/ros/turtlebot3/turtlebot3-2.1.5/install/turtlebot3_teleop:/home/ros/turtlebot3/turtlebot3-2.1.5/install/turtlebot3_example:/opt/ros/humble /usr/bin/cmake --build /home/ros/turtlebot3/turtlebot3_msgs-2.2.3/build/turtlebot3_msgs -- -j8 -l8
[17.954s] DEBUG:colcon.colcon_core.event_handler.log_command:Invoked command in '/home/ros/turtlebot3/turtlebot3_msgs-2.2.3/build/turtlebot3_msgs' returned '0': CMAKE_PREFIX_PATH=${CMAKE_PREFIX_PATH}:/home/ros/turtlebot3/turtlebot3-2.1.5/install/turtlebot3_teleop:/home/ros/turtlebot3/turtlebot3-2.1.5/install/turtlebot3_example:/opt/ros/humble /usr/bin/cmake --build /home/ros/turtlebot3/turtlebot3_msgs-2.2.3/build/turtlebot3_msgs -- -j8 -l8
[18.242s] DEBUG:colcon.colcon_core.event_handler.log_command:Invoking command in '/home/ros/turtlebot3/turtlebot3_msgs-2.2.3/build/turtlebot3_msgs': CMAKE_PREFIX_PATH=${CMAKE_PREFIX_PATH}:/home/ros/turtlebot3/turtlebot3-2.1.5/install/turtlebot3_teleop:/home/ros/turtlebot3/turtlebot3-2.1.5/install/turtlebot3_example:/opt/ros/humble /usr/bin/cmake --install /home/ros/turtlebot3/turtlebot3_msgs-2.2.3/build/turtlebot3_msgs
[20.340s] Level 1:colcon.colcon_core.environment:create_environment_scripts_only(turtlebot3_msgs)
[20.340s] DEBUG:colcon.colcon_core.event_handler.log_command:Invoked command in '/home/ros/turtlebot3/turtlebot3_msgs-2.2.3/build/turtlebot3_msgs' returned '0': CMAKE_PREFIX_PATH=${CMAKE_PREFIX_PATH}:/home/ros/turtlebot3/turtlebot3-2.1.5/install/turtlebot3_teleop:/home/ros/turtlebot3/turtlebot3-2.1.5/install/turtlebot3_example:/opt/ros/humble /usr/bin/cmake --install /home/ros/turtlebot3/turtlebot3_msgs-2.2.3/build/turtlebot3_msgs
[20.366s] Level 1:colcon.colcon_core.environment:checking '/home/ros/turtlebot3/turtlebot3_msgs-2.2.3/install/turtlebot3_msgs' for CMake module files
[20.367s] Level 1:colcon.colcon_core.environment:checking '/home/ros/turtlebot3/turtlebot3_msgs-2.2.3/install/turtlebot3_msgs' for CMake config files
[20.368s] Level 1:colcon.colcon_core.shell:create_environment_hook('turtlebot3_msgs', 'cmake_prefix_path')
[20.391s] INFO:colcon.colcon_core.shell:Creating environment hook '/home/ros/turtlebot3/turtlebot3_msgs-2.2.3/install/turtlebot3_msgs/share/turtlebot3_msgs/hook/cmake_prefix_path.ps1'
[20.392s] INFO:colcon.colcon_core.shell:Creating environment descriptor '/home/ros/turtlebot3/turtlebot3_msgs-2.2.3/install/turtlebot3_msgs/share/turtlebot3_msgs/hook/cmake_prefix_path.dsv'
[20.393s] INFO:colcon.colcon_core.shell:Creating environment hook '/home/ros/turtlebot3/turtlebot3_msgs-2.2.3/install/turtlebot3_msgs/share/turtlebot3_msgs/hook/cmake_prefix_path.sh'
[20.395s] Level 1:colcon.colcon_core.environment:checking '/home/ros/turtlebot3/turtlebot3_msgs-2.2.3/install/turtlebot3_msgs/lib'
[20.395s] Level 1:colcon.colcon_core.shell:create_environment_hook('turtlebot3_msgs', 'ld_library_path_lib')
[20.421s] INFO:colcon.colcon_core.shell:Creating environment hook '/home/ros/turtlebot3/turtlebot3_msgs-2.2.3/install/turtlebot3_msgs/share/turtlebot3_msgs/hook/ld_library_path_lib.ps1'
[20.421s] INFO:colcon.colcon_core.shell:Creating environment descriptor '/home/ros/turtlebot3/turtlebot3_msgs-2.2.3/install/turtlebot3_msgs/share/turtlebot3_msgs/hook/ld_library_path_lib.dsv'
[20.422s] INFO:colcon.colcon_core.shell:Creating environment hook '/home/ros/turtlebot3/turtlebot3_msgs-2.2.3/install/turtlebot3_msgs/share/turtlebot3_msgs/hook/ld_library_path_lib.sh'
[20.422s] Level 1:colcon.colcon_core.environment:checking '/home/ros/turtlebot3/turtlebot3_msgs-2.2.3/install/turtlebot3_msgs/bin'
[20.423s] Level 1:colcon.colcon_core.environment:checking '/home/ros/turtlebot3/turtlebot3_msgs-2.2.3/install/turtlebot3_msgs/lib/pkgconfig/turtlebot3_msgs.pc'
[20.425s] Level 1:colcon.colcon_core.environment:checking '/home/ros/turtlebot3/turtlebot3_msgs-2.2.3/install/turtlebot3_msgs/lib/python3.10/site-packages'
[20.426s] Level 1:colcon.colcon_core.environment:checking '/home/ros/turtlebot3/turtlebot3_msgs-2.2.3/install/turtlebot3_msgs/bin'
[20.451s] INFO:colcon.colcon_core.shell:Creating package script '/home/ros/turtlebot3/turtlebot3_msgs-2.2.3/install/turtlebot3_msgs/share/turtlebot3_msgs/package.ps1'
[20.453s] INFO:colcon.colcon_core.shell:Creating package descriptor '/home/ros/turtlebot3/turtlebot3_msgs-2.2.3/install/turtlebot3_msgs/share/turtlebot3_msgs/package.dsv'
[20.454s] INFO:colcon.colcon_core.shell:Creating package script '/home/ros/turtlebot3/turtlebot3_msgs-2.2.3/install/turtlebot3_msgs/share/turtlebot3_msgs/package.sh'
[20.455s] INFO:colcon.colcon_core.shell:Creating package script '/home/ros/turtlebot3/turtlebot3_msgs-2.2.3/install/turtlebot3_msgs/share/turtlebot3_msgs/package.bash'
[20.456s] INFO:colcon.colcon_core.shell:Creating package script '/home/ros/turtlebot3/turtlebot3_msgs-2.2.3/install/turtlebot3_msgs/share/turtlebot3_msgs/package.zsh'
[20.457s] Level 1:colcon.colcon_core.environment:create_file_with_runtime_dependencies(/home/ros/turtlebot3/turtlebot3_msgs-2.2.3/install/turtlebot3_msgs/share/colcon-core/packages/turtlebot3_msgs)
[20.752s] Level 1:colcon.colcon_core.environment:create_environment_scripts_only(turtlebot3_msgs)
[20.773s] Level 1:colcon.colcon_core.environment:checking '/home/ros/turtlebot3/turtlebot3_msgs-2.2.3/install/turtlebot3_msgs' for CMake module files
[20.774s] Level 1:colcon.colcon_core.environment:checking '/home/ros/turtlebot3/turtlebot3_msgs-2.2.3/install/turtlebot3_msgs' for CMake config files
[20.775s] Level 1:colcon.colcon_core.shell:create_environment_hook('turtlebot3_msgs', 'cmake_prefix_path')
[20.797s] INFO:colcon.colcon_core.shell:Creating environment hook '/home/ros/turtlebot3/turtlebot3_msgs-2.2.3/install/turtlebot3_msgs/share/turtlebot3_msgs/hook/cmake_prefix_path.ps1'
[20.798s] INFO:colcon.colcon_core.shell:Creating environment descriptor '/home/ros/turtlebot3/turtlebot3_msgs-2.2.3/install/turtlebot3_msgs/share/turtlebot3_msgs/hook/cmake_prefix_path.dsv'
[20.798s] INFO:colcon.colcon_core.shell:Creating environment hook '/home/ros/turtlebot3/turtlebot3_msgs-2.2.3/install/turtlebot3_msgs/share/turtlebot3_msgs/hook/cmake_prefix_path.sh'
[20.799s] Level 1:colcon.colcon_core.environment:checking '/home/ros/turtlebot3/turtlebot3_msgs-2.2.3/install/turtlebot3_msgs/lib'
[20.799s] Level 1:colcon.colcon_core.shell:create_environment_hook('turtlebot3_msgs', 'ld_library_path_lib')
[20.822s] INFO:colcon.colcon_core.shell:Creating environment hook '/home/ros/turtlebot3/turtlebot3_msgs-2.2.3/install/turtlebot3_msgs/share/turtlebot3_msgs/hook/ld_library_path_lib.ps1'
[20.823s] INFO:colcon.colcon_core.shell:Creating environment descriptor '/home/ros/turtlebot3/turtlebot3_msgs-2.2.3/install/turtlebot3_msgs/share/turtlebot3_msgs/hook/ld_library_path_lib.dsv'
[20.823s] INFO:colcon.colcon_core.shell:Creating environment hook '/home/ros/turtlebot3/turtlebot3_msgs-2.2.3/install/turtlebot3_msgs/share/turtlebot3_msgs/hook/ld_library_path_lib.sh'
[20.824s] Level 1:colcon.colcon_core.environment:checking '/home/ros/turtlebot3/turtlebot3_msgs-2.2.3/install/turtlebot3_msgs/bin'
[20.824s] Level 1:colcon.colcon_core.environment:checking '/home/ros/turtlebot3/turtlebot3_msgs-2.2.3/install/turtlebot3_msgs/lib/pkgconfig/turtlebot3_msgs.pc'
[20.824s] Level 1:colcon.colcon_core.environment:checking '/home/ros/turtlebot3/turtlebot3_msgs-2.2.3/install/turtlebot3_msgs/lib/python3.10/site-packages'
[20.825s] Level 1:colcon.colcon_core.environment:checking '/home/ros/turtlebot3/turtlebot3_msgs-2.2.3/install/turtlebot3_msgs/bin'
[20.845s] INFO:colcon.colcon_core.shell:Creating package script '/home/ros/turtlebot3/turtlebot3_msgs-2.2.3/install/turtlebot3_msgs/share/turtlebot3_msgs/package.ps1'
[20.846s] INFO:colcon.colcon_core.shell:Creating package descriptor '/home/ros/turtlebot3/turtlebot3_msgs-2.2.3/install/turtlebot3_msgs/share/turtlebot3_msgs/package.dsv'
[20.846s] INFO:colcon.colcon_core.shell:Creating package script '/home/ros/turtlebot3/turtlebot3_msgs-2.2.3/install/turtlebot3_msgs/share/turtlebot3_msgs/package.sh'
[20.847s] INFO:colcon.colcon_core.shell:Creating package script '/home/ros/turtlebot3/turtlebot3_msgs-2.2.3/install/turtlebot3_msgs/share/turtlebot3_msgs/package.bash'
[20.847s] INFO:colcon.colcon_core.shell:Creating package script '/home/ros/turtlebot3/turtlebot3_msgs-2.2.3/install/turtlebot3_msgs/share/turtlebot3_msgs/package.zsh'
[20.848s] Level 1:colcon.colcon_core.environment:create_file_with_runtime_dependencies(/home/ros/turtlebot3/turtlebot3_msgs-2.2.3/install/turtlebot3_msgs/share/colcon-core/packages/turtlebot3_msgs)
[20.848s] DEBUG:colcon.colcon_parallel_executor.executor.parallel:closing loop
[20.848s] DEBUG:colcon.colcon_parallel_executor.executor.parallel:loop closed
[20.849s] DEBUG:colcon.colcon_parallel_executor.executor.parallel:run_until_complete finished with '0'
[20.849s] DEBUG:colcon.colcon_core.event_reactor:joining thread
[20.879s] INFO:colcon.colcon_core.plugin_system:Skipping extension 'colcon_notification.desktop_notification.notify_send': Could not find 'notify-send'
[20.879s] INFO:colcon.colcon_core.plugin_system:Skipping extension 'colcon_notification.desktop_notification.terminal_notifier': Not used on non-Darwin systems
[20.879s] INFO:colcon.colcon_core.plugin_system:Skipping extension 'colcon_notification.desktop_notification.win32': Not used on non-Windows systems
[20.879s] INFO:colcon.colcon_notification.desktop_notification:Sending desktop notification using 'notify2'
[20.882s] DEBUG:colcon.colcon_notification.desktop_notification.notify2:Failed to initialize notify2: org.freedesktop.DBus.Error.Spawn.ExecFailed: /usr/bin/dbus-launch terminated abnormally without any error message
[20.883s] DEBUG:colcon.colcon_core.event_reactor:joined thread
[20.917s] INFO:colcon.colcon_core.shell:Creating prefix script '/home/ros/turtlebot3/turtlebot3_msgs-2.2.3/install/local_setup.ps1'
[20.920s] INFO:colcon.colcon_core.shell:Creating prefix util module '/home/ros/turtlebot3/turtlebot3_msgs-2.2.3/install/_local_setup_util_ps1.py'
[20.924s] INFO:colcon.colcon_core.shell:Creating prefix chain script '/home/ros/turtlebot3/turtlebot3_msgs-2.2.3/install/setup.ps1'
[20.963s] INFO:colcon.colcon_core.shell:Creating prefix script '/home/ros/turtlebot3/turtlebot3_msgs-2.2.3/install/local_setup.sh'
[20.965s] INFO:colcon.colcon_core.shell:Creating prefix util module '/home/ros/turtlebot3/turtlebot3_msgs-2.2.3/install/_local_setup_util_sh.py'
[20.966s] INFO:colcon.colcon_core.shell:Creating prefix chain script '/home/ros/turtlebot3/turtlebot3_msgs-2.2.3/install/setup.sh'
[20.998s] INFO:colcon.colcon_core.shell:Creating prefix script '/home/ros/turtlebot3/turtlebot3_msgs-2.2.3/install/local_setup.bash'
[20.999s] INFO:colcon.colcon_core.shell:Creating prefix chain script '/home/ros/turtlebot3/turtlebot3_msgs-2.2.3/install/setup.bash'
[21.025s] INFO:colcon.colcon_core.shell:Creating prefix script '/home/ros/turtlebot3/turtlebot3_msgs-2.2.3/install/local_setup.zsh'
[21.026s] INFO:colcon.colcon_core.shell:Creating prefix chain script '/home/ros/turtlebot3/turtlebot3_msgs-2.2.3/install/setup.zsh'
