[0.091s] Invoking command in '/home/ros/turtlebot3/turtlebot3_msgs-2.2.3/build/turtlebot3_msgs': CMAKE_PREFIX_PATH=${CMAKE_PREFIX_PATH}:/home/ros/turtlebot3/turtlebot3-2.1.5/install/turtlebot3_teleop:/home/ros/turtlebot3/turtlebot3-2.1.5/install/turtlebot3_example:/opt/ros/humble /usr/bin/cmake /home/ros/turtlebot3/turtlebot3_msgs-2.2.3 -DAMENT_CMAKE_SYMLINK_INSTALL=1 -DCMAKE_INSTALL_PREFIX=/home/ros/turtlebot3/turtlebot3_msgs-2.2.3/install/turtlebot3_msgs
[0.165s] -- The C compiler identification is GNU 11.4.0
[0.237s] -- The CXX compiler identification is GNU 11.4.0
[0.248s] -- Detecting C compiler ABI info
[0.323s] -- Detecting C compiler ABI info - done
[0.334s] -- Check for working C compiler: /usr/bin/cc - skipped
[0.334s] -- Detecting C compile features
[0.335s] -- Detecting C compile features - done
[0.340s] -- Detecting CXX compiler ABI info
[0.426s] -- Detecting CXX compiler ABI info - done
[0.436s] -- Check for working CXX compiler: /usr/bin/c++ - skipped
[0.436s] -- Detecting CXX compile features
[0.436s] -- Detecting CXX compile features - done
[0.441s] -- Found action_msgs: 1.2.1 (/opt/ros/humble/share/action_msgs/cmake)
[0.620s] -- Found Python3: /usr/bin/python3.10 (found version "3.10.12") found components: Interpreter 
[0.683s] -- Override CMake install command with custom implementation using symlinks instead of copying resources
[0.817s] -- Found rosidl_generator_c: 3.1.5 (/opt/ros/humble/share/rosidl_generator_c/cmake)
[0.827s] -- Found rosidl_adapter: 3.1.5 (/opt/ros/humble/share/rosidl_adapter/cmake)
[0.840s] -- Found rosidl_generator_cpp: 3.1.5 (/opt/ros/humble/share/rosidl_generator_cpp/cmake)
[0.861s] -- Using all available rosidl_typesupport_c: rosidl_typesupport_fastrtps_c;rosidl_typesupport_introspection_c
[0.887s] -- Using all available rosidl_typesupport_cpp: rosidl_typesupport_fastrtps_cpp;rosidl_typesupport_introspection_cpp
[0.980s] -- Found rosidl_default_generators: 1.2.0 (/opt/ros/humble/share/rosidl_default_generators/cmake)
[0.992s] -- Found std_msgs: 4.2.3 (/opt/ros/humble/share/std_msgs/cmake)
[1.355s] -- Found ament_cmake_cppcheck: 0.12.8 (/opt/ros/humble/share/ament_cmake_cppcheck/cmake)
[1.359s] -- Found ament_cmake_cpplint: 0.12.8 (/opt/ros/humble/share/ament_cmake_cpplint/cmake)
[1.362s] -- Found ament_cmake_uncrustify: 0.12.8 (/opt/ros/humble/share/ament_cmake_uncrustify/cmake)
[1.366s] -- Found ament_cmake_ros: 0.10.0 (/opt/ros/humble/share/ament_cmake_ros/cmake)
[1.763s] -- Using all available rosidl_typesupport_c: rosidl_typesupport_fastrtps_c;rosidl_typesupport_introspection_c
[1.909s] -- Using all available rosidl_typesupport_cpp: rosidl_typesupport_fastrtps_cpp;rosidl_typesupport_introspection_cpp
[1.938s] -- Found PythonInterp: /usr/bin/python3 (found suitable version "3.10.12", minimum required is "3.6") 
[1.941s] -- Found python_cmake_module: 0.10.0 (/opt/ros/humble/share/python_cmake_module/cmake)
[1.967s] -- Found PythonLibs: /usr/lib/x86_64-linux-gnu/libpython3.10.so (found suitable version "3.10.12", minimum required is "3.5") 
[1.967s] -- Using PYTHON_EXECUTABLE: /usr/bin/python3
[1.967s] -- Using PYTHON_INCLUDE_DIRS: /usr/include/python3.10
[1.967s] -- Using PYTHON_LIBRARIES: /usr/lib/x86_64-linux-gnu/libpython3.10.so
[1.987s] -- Found PythonExtra: .so  
[2.051s] -- Found ament_cmake_flake8: 0.12.8 (/opt/ros/humble/share/ament_cmake_flake8/cmake)
[2.055s] -- Found ament_cmake_pep257: 0.12.8 (/opt/ros/humble/share/ament_cmake_pep257/cmake)
[2.072s] -- Configuring done
[2.119s] -- Generating done
[2.123s] -- Build files have been written to: /home/ros/turtlebot3/turtlebot3_msgs-2.2.3/build/turtlebot3_msgs
[2.134s] Invoked command in '/home/ros/turtlebot3/turtlebot3_msgs-2.2.3/build/turtlebot3_msgs' returned '0': CMAKE_PREFIX_PATH=${CMAKE_PREFIX_PATH}:/home/ros/turtlebot3/turtlebot3-2.1.5/install/turtlebot3_teleop:/home/ros/turtlebot3/turtlebot3-2.1.5/install/turtlebot3_example:/opt/ros/humble /usr/bin/cmake /home/ros/turtlebot3/turtlebot3_msgs-2.2.3 -DAMENT_CMAKE_SYMLINK_INSTALL=1 -DCMAKE_INSTALL_PREFIX=/home/ros/turtlebot3/turtlebot3_msgs-2.2.3/install/turtlebot3_msgs
[2.136s] Invoking command in '/home/ros/turtlebot3/turtlebot3_msgs-2.2.3/build/turtlebot3_msgs': CMAKE_PREFIX_PATH=${CMAKE_PREFIX_PATH}:/home/ros/turtlebot3/turtlebot3-2.1.5/install/turtlebot3_teleop:/home/ros/turtlebot3/turtlebot3-2.1.5/install/turtlebot3_example:/opt/ros/humble /usr/bin/cmake --build /home/ros/turtlebot3/turtlebot3_msgs-2.2.3/build/turtlebot3_msgs -- -j8 -l8
[2.174s] [  1%] [34m[1mGenerating C code for ROS interfaces[0m
[2.185s] [  2%] [34m[1mGenerating C++ code for ROS interfaces[0m
[2.196s] [  2%] Built target ament_cmake_python_symlink_turtlebot3_msgs
[2.585s] running egg_info
[2.587s] creating turtlebot3_msgs.egg-info
[2.587s] writing turtlebot3_msgs.egg-info/PKG-INFO
[2.587s] writing dependency_links to turtlebot3_msgs.egg-info/dependency_links.txt
[2.587s] writing top-level names to turtlebot3_msgs.egg-info/top_level.txt
[2.588s] writing manifest file 'turtlebot3_msgs.egg-info/SOURCES.txt'
[2.592s] reading manifest file 'turtlebot3_msgs.egg-info/SOURCES.txt'
[2.593s] writing manifest file 'turtlebot3_msgs.egg-info/SOURCES.txt'
[2.647s] [  2%] Built target ament_cmake_python_build_turtlebot3_msgs_egg
[3.584s] [  2%] Built target turtlebot3_msgs__cpp
[3.602s] [  7%] [34m[1mGenerating C++ type support dispatch for ROS interfaces[0m
[3.602s] [  7%] [34m[1mGenerating C++ type support for eProsima Fast-RTPS[0m
[3.603s] [  7%] [34m[1mGenerating C++ introspection for ROS interfaces[0m
[3.864s] [  8%] [32mBuilding C object CMakeFiles/turtlebot3_msgs__rosidl_generator_c.dir/rosidl_generator_c/turtlebot3_msgs/msg/detail/sensor_state__functions.c.o[0m
[3.864s] [  9%] [32mBuilding C object CMakeFiles/turtlebot3_msgs__rosidl_generator_c.dir/rosidl_generator_c/turtlebot3_msgs/srv/detail/sound__functions.c.o[0m
[3.867s] [ 11%] [32mBuilding C object CMakeFiles/turtlebot3_msgs__rosidl_generator_c.dir/rosidl_generator_c/turtlebot3_msgs/msg/detail/sound__functions.c.o[0m
[3.869s] [ 12%] [32mBuilding C object CMakeFiles/turtlebot3_msgs__rosidl_generator_c.dir/rosidl_generator_c/turtlebot3_msgs/msg/detail/version_info__functions.c.o[0m
[3.885s] [ 14%] [32mBuilding C object CMakeFiles/turtlebot3_msgs__rosidl_generator_c.dir/rosidl_generator_c/turtlebot3_msgs/srv/detail/dqn__functions.c.o[0m
[4.106s] [ 15%] [32mBuilding C object CMakeFiles/turtlebot3_msgs__rosidl_generator_c.dir/rosidl_generator_c/turtlebot3_msgs/action/detail/patrol__functions.c.o[0m
[4.488s] [ 16%] [32m[1mLinking C shared library libturtlebot3_msgs__rosidl_generator_c.so[0m
[4.569s] [ 16%] Built target turtlebot3_msgs__rosidl_generator_c
[4.596s] [ 18%] [34m[1mGenerating C type support for eProsima Fast-RTPS[0m
[4.598s] [ 19%] [34m[1mGenerating C introspection for ROS interfaces[0m
[4.603s] [ 21%] [34m[1mGenerating C type support dispatch for ROS interfaces[0m
[6.139s] [ 22%] [32mBuilding CXX object CMakeFiles/turtlebot3_msgs__rosidl_typesupport_cpp.dir/rosidl_typesupport_cpp/turtlebot3_msgs/msg/sensor_state__type_support.cpp.o[0m
[6.159s] [ 23%] [32mBuilding CXX object CMakeFiles/turtlebot3_msgs__rosidl_typesupport_cpp.dir/rosidl_typesupport_cpp/turtlebot3_msgs/msg/sound__type_support.cpp.o[0m
[6.170s] [ 25%] [32mBuilding CXX object CMakeFiles/turtlebot3_msgs__rosidl_typesupport_cpp.dir/rosidl_typesupport_cpp/turtlebot3_msgs/msg/version_info__type_support.cpp.o[0m
[6.807s] [ 26%] [32mBuilding CXX object CMakeFiles/turtlebot3_msgs__rosidl_typesupport_introspection_cpp.dir/rosidl_typesupport_introspection_cpp/turtlebot3_msgs/msg/detail/sensor_state__type_support.cpp.o[0m
[7.347s] [ 28%] [32mBuilding CXX object CMakeFiles/turtlebot3_msgs__rosidl_typesupport_fastrtps_cpp.dir/rosidl_typesupport_fastrtps_cpp/turtlebot3_msgs/msg/detail/dds_fastrtps/sensor_state__type_support.cpp.o[0m
[7.522s] [ 29%] [32mBuilding CXX object CMakeFiles/turtlebot3_msgs__rosidl_typesupport_cpp.dir/rosidl_typesupport_cpp/turtlebot3_msgs/srv/sound__type_support.cpp.o[0m
[7.529s] [ 30%] [32mBuilding CXX object CMakeFiles/turtlebot3_msgs__rosidl_typesupport_fastrtps_cpp.dir/rosidl_typesupport_fastrtps_cpp/turtlebot3_msgs/msg/detail/dds_fastrtps/sound__type_support.cpp.o[0m
[7.624s] [ 32%] [32mBuilding CXX object CMakeFiles/turtlebot3_msgs__rosidl_typesupport_c.dir/rosidl_typesupport_c/turtlebot3_msgs/msg/sensor_state__type_support.cpp.o[0m
[7.647s] [ 33%] [32mBuilding CXX object CMakeFiles/turtlebot3_msgs__rosidl_typesupport_introspection_cpp.dir/rosidl_typesupport_introspection_cpp/turtlebot3_msgs/msg/detail/sound__type_support.cpp.o[0m
[7.761s] [ 35%] [32mBuilding CXX object CMakeFiles/turtlebot3_msgs__rosidl_typesupport_c.dir/rosidl_typesupport_c/turtlebot3_msgs/msg/sound__type_support.cpp.o[0m
[7.934s] [ 36%] [32mBuilding CXX object CMakeFiles/turtlebot3_msgs__rosidl_typesupport_c.dir/rosidl_typesupport_c/turtlebot3_msgs/msg/version_info__type_support.cpp.o[0m
[8.097s] [ 38%] [32mBuilding CXX object CMakeFiles/turtlebot3_msgs__rosidl_typesupport_c.dir/rosidl_typesupport_c/turtlebot3_msgs/srv/sound__type_support.cpp.o[0m
[8.262s] [ 39%] [32mBuilding CXX object CMakeFiles/turtlebot3_msgs__rosidl_typesupport_c.dir/rosidl_typesupport_c/turtlebot3_msgs/srv/dqn__type_support.cpp.o[0m
[8.467s] [ 40%] [32mBuilding C object CMakeFiles/turtlebot3_msgs__rosidl_typesupport_introspection_c.dir/rosidl_typesupport_introspection_c/turtlebot3_msgs/msg/detail/sensor_state__type_support.c.o[0m
[8.490s] [ 42%] [32mBuilding CXX object CMakeFiles/turtlebot3_msgs__rosidl_typesupport_cpp.dir/rosidl_typesupport_cpp/turtlebot3_msgs/srv/dqn__type_support.cpp.o[0m
[8.496s] [ 43%] [32mBuilding CXX object CMakeFiles/turtlebot3_msgs__rosidl_typesupport_c.dir/rosidl_typesupport_c/turtlebot3_msgs/action/patrol__type_support.cpp.o[0m
[8.615s] [ 46%] [32mBuilding CXX object CMakeFiles/turtlebot3_msgs__rosidl_typesupport_cpp.dir/rosidl_typesupport_cpp/turtlebot3_msgs/action/patrol__type_support.cpp.o[0m
[8.616s] [ 46%] [32mBuilding CXX object CMakeFiles/turtlebot3_msgs__rosidl_typesupport_fastrtps_c.dir/rosidl_typesupport_fastrtps_c/turtlebot3_msgs/msg/detail/sensor_state__type_support_c.cpp.o[0m
[8.642s] [ 47%] [32mBuilding C object CMakeFiles/turtlebot3_msgs__rosidl_typesupport_introspection_c.dir/rosidl_typesupport_introspection_c/turtlebot3_msgs/msg/detail/sound__type_support.c.o[0m
[8.786s] [ 49%] [32m[1mLinking CXX shared library libturtlebot3_msgs__rosidl_typesupport_c.so[0m
[8.800s] [ 50%] [32mBuilding C object CMakeFiles/turtlebot3_msgs__rosidl_typesupport_introspection_c.dir/rosidl_typesupport_introspection_c/turtlebot3_msgs/msg/detail/version_info__type_support.c.o[0m
[9.034s] [ 52%] [32mBuilding C object CMakeFiles/turtlebot3_msgs__rosidl_typesupport_introspection_c.dir/rosidl_typesupport_introspection_c/turtlebot3_msgs/srv/detail/sound__type_support.c.o[0m
[9.062s] [ 52%] Built target turtlebot3_msgs__rosidl_typesupport_c
[9.145s] [ 53%] [32mBuilding C object CMakeFiles/turtlebot3_msgs__rosidl_typesupport_introspection_c.dir/rosidl_typesupport_introspection_c/turtlebot3_msgs/srv/detail/dqn__type_support.c.o[0m
[9.279s] [ 54%] [32mBuilding C object CMakeFiles/turtlebot3_msgs__rosidl_typesupport_introspection_c.dir/rosidl_typesupport_introspection_c/turtlebot3_msgs/action/detail/patrol__type_support.c.o[0m
[9.283s] [ 56%] [32mBuilding CXX object CMakeFiles/turtlebot3_msgs__rosidl_typesupport_fastrtps_cpp.dir/rosidl_typesupport_fastrtps_cpp/turtlebot3_msgs/msg/detail/dds_fastrtps/version_info__type_support.cpp.o[0m
[9.382s] [ 57%] [32mBuilding CXX object CMakeFiles/turtlebot3_msgs__rosidl_typesupport_fastrtps_cpp.dir/rosidl_typesupport_fastrtps_cpp/turtlebot3_msgs/srv/detail/dds_fastrtps/sound__type_support.cpp.o[0m
[9.431s] [ 59%] [32mBuilding CXX object CMakeFiles/turtlebot3_msgs__rosidl_typesupport_fastrtps_cpp.dir/rosidl_typesupport_fastrtps_cpp/turtlebot3_msgs/srv/detail/dds_fastrtps/dqn__type_support.cpp.o[0m
[9.464s] [ 60%] [32mBuilding CXX object CMakeFiles/turtlebot3_msgs__rosidl_typesupport_introspection_cpp.dir/rosidl_typesupport_introspection_cpp/turtlebot3_msgs/msg/detail/version_info__type_support.cpp.o[0m
[9.523s] [ 61%] [32m[1mLinking C shared library libturtlebot3_msgs__rosidl_typesupport_introspection_c.so[0m
[9.728s] [ 63%] [32mBuilding CXX object CMakeFiles/turtlebot3_msgs__rosidl_typesupport_introspection_cpp.dir/rosidl_typesupport_introspection_cpp/turtlebot3_msgs/srv/detail/sound__type_support.cpp.o[0m
[9.789s] [ 63%] Built target turtlebot3_msgs__rosidl_typesupport_introspection_c
[9.821s] [ 64%] [32mBuilding CXX object CMakeFiles/turtlebot3_msgs__rosidl_typesupport_introspection_cpp.dir/rosidl_typesupport_introspection_cpp/turtlebot3_msgs/srv/detail/dqn__type_support.cpp.o[0m
[10.067s] [ 66%] [32mBuilding CXX object CMakeFiles/turtlebot3_msgs__rosidl_typesupport_fastrtps_c.dir/rosidl_typesupport_fastrtps_c/turtlebot3_msgs/msg/detail/sound__type_support_c.cpp.o[0m
[10.904s] [ 67%] [32mBuilding CXX object CMakeFiles/turtlebot3_msgs__rosidl_typesupport_introspection_cpp.dir/rosidl_typesupport_introspection_cpp/turtlebot3_msgs/action/detail/patrol__type_support.cpp.o[0m
[10.945s] [ 69%] [32mBuilding CXX object CMakeFiles/turtlebot3_msgs__rosidl_typesupport_fastrtps_cpp.dir/rosidl_typesupport_fastrtps_cpp/turtlebot3_msgs/action/detail/dds_fastrtps/patrol__type_support.cpp.o[0m
[10.946s] [ 70%] [32m[1mLinking CXX shared library libturtlebot3_msgs__rosidl_typesupport_cpp.so[0m
[11.264s] [ 70%] Built target turtlebot3_msgs__rosidl_typesupport_cpp
[11.266s] [ 71%] [32mBuilding CXX object CMakeFiles/turtlebot3_msgs__rosidl_typesupport_fastrtps_c.dir/rosidl_typesupport_fastrtps_c/turtlebot3_msgs/msg/detail/version_info__type_support_c.cpp.o[0m
[11.294s] [ 73%] [32mBuilding CXX object CMakeFiles/turtlebot3_msgs__rosidl_typesupport_fastrtps_c.dir/rosidl_typesupport_fastrtps_c/turtlebot3_msgs/srv/detail/sound__type_support_c.cpp.o[0m
[11.324s] [ 74%] [32mBuilding CXX object CMakeFiles/turtlebot3_msgs__rosidl_typesupport_fastrtps_c.dir/rosidl_typesupport_fastrtps_c/turtlebot3_msgs/action/detail/patrol__type_support_c.cpp.o[0m
[11.329s] [ 76%] [32mBuilding CXX object CMakeFiles/turtlebot3_msgs__rosidl_typesupport_fastrtps_c.dir/rosidl_typesupport_fastrtps_c/turtlebot3_msgs/srv/detail/dqn__type_support_c.cpp.o[0m
[12.576s] [ 77%] [32m[1mLinking CXX shared library libturtlebot3_msgs__rosidl_typesupport_fastrtps_c.so[0m
[12.675s] [ 78%] [32m[1mLinking CXX shared library libturtlebot3_msgs__rosidl_typesupport_fastrtps_cpp.so[0m
[12.741s] [ 78%] Built target turtlebot3_msgs__rosidl_typesupport_fastrtps_c
[12.747s] [ 80%] [32m[1mLinking CXX shared library libturtlebot3_msgs__rosidl_typesupport_introspection_cpp.so[0m
[12.841s] [ 80%] Built target turtlebot3_msgs__rosidl_typesupport_fastrtps_cpp
[12.894s] [ 80%] Built target turtlebot3_msgs__rosidl_typesupport_introspection_cpp
[12.929s] [ 80%] Built target turtlebot3_msgs
[12.977s] [ 81%] [34m[1mGenerating Python code for ROS interfaces[0m
[15.539s] [ 81%] Built target turtlebot3_msgs__py
[15.571s] [ 83%] [32mBuilding C object CMakeFiles/turtlebot3_msgs__rosidl_generator_py.dir/rosidl_generator_py/turtlebot3_msgs/srv/_sound_s.c.o[0m
[15.574s] [ 87%] [32mBuilding C object CMakeFiles/turtlebot3_msgs__rosidl_generator_py.dir/rosidl_generator_py/turtlebot3_msgs/msg/_sensor_state_s.c.o[0m
[15.574s] [ 87%] [32mBuilding C object CMakeFiles/turtlebot3_msgs__rosidl_generator_py.dir/rosidl_generator_py/turtlebot3_msgs/msg/_version_info_s.c.o[0m
[15.574s] [ 87%] [32mBuilding C object CMakeFiles/turtlebot3_msgs__rosidl_generator_py.dir/rosidl_generator_py/turtlebot3_msgs/msg/_sound_s.c.o[0m
[15.575s] [ 90%] [32mBuilding C object CMakeFiles/turtlebot3_msgs__rosidl_generator_py.dir/rosidl_generator_py/turtlebot3_msgs/srv/_dqn_s.c.o[0m
[15.576s] [ 90%] [32mBuilding C object CMakeFiles/turtlebot3_msgs__rosidl_generator_py.dir/rosidl_generator_py/turtlebot3_msgs/action/_patrol_s.c.o[0m
[15.934s] [ 91%] [32m[1mLinking C shared library rosidl_generator_py/turtlebot3_msgs/libturtlebot3_msgs__rosidl_generator_py.so[0m
[16.008s] [ 91%] Built target turtlebot3_msgs__rosidl_generator_py
[16.039s] [ 92%] [32mBuilding C object CMakeFiles/turtlebot3_msgs__rosidl_typesupport_introspection_c__pyext.dir/rosidl_generator_py/turtlebot3_msgs/_turtlebot3_msgs_s.ep.rosidl_typesupport_introspection_c.c.o[0m
[16.040s] [ 95%] [32mBuilding C object CMakeFiles/turtlebot3_msgs__rosidl_typesupport_fastrtps_c__pyext.dir/rosidl_generator_py/turtlebot3_msgs/_turtlebot3_msgs_s.ep.rosidl_typesupport_fastrtps_c.c.o[0m
[16.040s] [ 95%] [32mBuilding C object CMakeFiles/turtlebot3_msgs__rosidl_typesupport_c__pyext.dir/rosidl_generator_py/turtlebot3_msgs/_turtlebot3_msgs_s.ep.rosidl_typesupport_c.c.o[0m
[16.311s] [ 97%] [32m[1mLinking C shared library rosidl_generator_py/turtlebot3_msgs/turtlebot3_msgs_s__rosidl_typesupport_fastrtps_c.cpython-310-x86_64-linux-gnu.so[0m
[16.389s] [ 97%] Built target turtlebot3_msgs__rosidl_typesupport_fastrtps_c__pyext
[16.400s] [100%] [32m[1mLinking C shared library rosidl_generator_py/turtlebot3_msgs/turtlebot3_msgs_s__rosidl_typesupport_c.cpython-310-x86_64-linux-gnu.so[0m
[16.400s] [100%] [32m[1mLinking C shared library rosidl_generator_py/turtlebot3_msgs/turtlebot3_msgs_s__rosidl_typesupport_introspection_c.cpython-310-x86_64-linux-gnu.so[0m
[16.482s] [100%] Built target turtlebot3_msgs__rosidl_typesupport_c__pyext
[16.483s] [100%] Built target turtlebot3_msgs__rosidl_typesupport_introspection_c__pyext
[16.502s] Invoked command in '/home/ros/turtlebot3/turtlebot3_msgs-2.2.3/build/turtlebot3_msgs' returned '0': CMAKE_PREFIX_PATH=${CMAKE_PREFIX_PATH}:/home/ros/turtlebot3/turtlebot3-2.1.5/install/turtlebot3_teleop:/home/ros/turtlebot3/turtlebot3-2.1.5/install/turtlebot3_example:/opt/ros/humble /usr/bin/cmake --build /home/ros/turtlebot3/turtlebot3_msgs-2.2.3/build/turtlebot3_msgs -- -j8 -l8
[16.790s] Invoking command in '/home/ros/turtlebot3/turtlebot3_msgs-2.2.3/build/turtlebot3_msgs': CMAKE_PREFIX_PATH=${CMAKE_PREFIX_PATH}:/home/ros/turtlebot3/turtlebot3-2.1.5/install/turtlebot3_teleop:/home/ros/turtlebot3/turtlebot3-2.1.5/install/turtlebot3_example:/opt/ros/humble /usr/bin/cmake --install /home/ros/turtlebot3/turtlebot3_msgs-2.2.3/build/turtlebot3_msgs
[16.803s] -- Install configuration: ""
[16.804s] -- Execute custom install script
[16.805s] -- Symlinking: /home/ros/turtlebot3/turtlebot3_msgs-2.2.3/install/turtlebot3_msgs/share/ament_index/resource_index/rosidl_interfaces/turtlebot3_msgs
[16.819s] -- Symlinking: /home/ros/turtlebot3/turtlebot3_msgs-2.2.3/install/turtlebot3_msgs/include/turtlebot3_msgs/turtlebot3_msgs/action/detail/patrol__functions.h
[16.832s] -- Symlinking: /home/ros/turtlebot3/turtlebot3_msgs-2.2.3/install/turtlebot3_msgs/include/turtlebot3_msgs/turtlebot3_msgs/action/detail/patrol__struct.h
[16.850s] -- Symlinking: /home/ros/turtlebot3/turtlebot3_msgs-2.2.3/install/turtlebot3_msgs/include/turtlebot3_msgs/turtlebot3_msgs/action/detail/patrol__type_support.h
[16.865s] -- Symlinking: /home/ros/turtlebot3/turtlebot3_msgs-2.2.3/install/turtlebot3_msgs/include/turtlebot3_msgs/turtlebot3_msgs/action/patrol.h
[16.879s] -- Symlinking: /home/ros/turtlebot3/turtlebot3_msgs-2.2.3/install/turtlebot3_msgs/include/turtlebot3_msgs/turtlebot3_msgs/msg/detail/sensor_state__functions.h
[16.893s] -- Symlinking: /home/ros/turtlebot3/turtlebot3_msgs-2.2.3/install/turtlebot3_msgs/include/turtlebot3_msgs/turtlebot3_msgs/msg/detail/sensor_state__struct.h
[16.907s] -- Symlinking: /home/ros/turtlebot3/turtlebot3_msgs-2.2.3/install/turtlebot3_msgs/include/turtlebot3_msgs/turtlebot3_msgs/msg/detail/sensor_state__type_support.h
[16.921s] -- Symlinking: /home/ros/turtlebot3/turtlebot3_msgs-2.2.3/install/turtlebot3_msgs/include/turtlebot3_msgs/turtlebot3_msgs/msg/detail/sound__functions.h
[16.933s] -- Symlinking: /home/ros/turtlebot3/turtlebot3_msgs-2.2.3/install/turtlebot3_msgs/include/turtlebot3_msgs/turtlebot3_msgs/msg/detail/sound__struct.h
[16.949s] -- Symlinking: /home/ros/turtlebot3/turtlebot3_msgs-2.2.3/install/turtlebot3_msgs/include/turtlebot3_msgs/turtlebot3_msgs/msg/detail/sound__type_support.h
[16.963s] -- Symlinking: /home/ros/turtlebot3/turtlebot3_msgs-2.2.3/install/turtlebot3_msgs/include/turtlebot3_msgs/turtlebot3_msgs/msg/detail/version_info__functions.h
[16.976s] -- Symlinking: /home/ros/turtlebot3/turtlebot3_msgs-2.2.3/install/turtlebot3_msgs/include/turtlebot3_msgs/turtlebot3_msgs/msg/detail/version_info__struct.h
[16.991s] -- Symlinking: /home/ros/turtlebot3/turtlebot3_msgs-2.2.3/install/turtlebot3_msgs/include/turtlebot3_msgs/turtlebot3_msgs/msg/detail/version_info__type_support.h
[17.003s] -- Symlinking: /home/ros/turtlebot3/turtlebot3_msgs-2.2.3/install/turtlebot3_msgs/include/turtlebot3_msgs/turtlebot3_msgs/msg/rosidl_generator_c__visibility_control.h
[17.015s] -- Symlinking: /home/ros/turtlebot3/turtlebot3_msgs-2.2.3/install/turtlebot3_msgs/include/turtlebot3_msgs/turtlebot3_msgs/msg/sensor_state.h
[17.028s] -- Symlinking: /home/ros/turtlebot3/turtlebot3_msgs-2.2.3/install/turtlebot3_msgs/include/turtlebot3_msgs/turtlebot3_msgs/msg/sound.h
[17.042s] -- Symlinking: /home/ros/turtlebot3/turtlebot3_msgs-2.2.3/install/turtlebot3_msgs/include/turtlebot3_msgs/turtlebot3_msgs/msg/version_info.h
[17.059s] -- Symlinking: /home/ros/turtlebot3/turtlebot3_msgs-2.2.3/install/turtlebot3_msgs/include/turtlebot3_msgs/turtlebot3_msgs/srv/detail/dqn__functions.h
[17.072s] -- Symlinking: /home/ros/turtlebot3/turtlebot3_msgs-2.2.3/install/turtlebot3_msgs/include/turtlebot3_msgs/turtlebot3_msgs/srv/detail/dqn__struct.h
[17.088s] -- Symlinking: /home/ros/turtlebot3/turtlebot3_msgs-2.2.3/install/turtlebot3_msgs/include/turtlebot3_msgs/turtlebot3_msgs/srv/detail/dqn__type_support.h
[17.101s] -- Symlinking: /home/ros/turtlebot3/turtlebot3_msgs-2.2.3/install/turtlebot3_msgs/include/turtlebot3_msgs/turtlebot3_msgs/srv/detail/sound__functions.h
[17.114s] -- Symlinking: /home/ros/turtlebot3/turtlebot3_msgs-2.2.3/install/turtlebot3_msgs/include/turtlebot3_msgs/turtlebot3_msgs/srv/detail/sound__struct.h
[17.127s] -- Symlinking: /home/ros/turtlebot3/turtlebot3_msgs-2.2.3/install/turtlebot3_msgs/include/turtlebot3_msgs/turtlebot3_msgs/srv/detail/sound__type_support.h
[17.141s] -- Symlinking: /home/ros/turtlebot3/turtlebot3_msgs-2.2.3/install/turtlebot3_msgs/include/turtlebot3_msgs/turtlebot3_msgs/srv/dqn.h
[17.159s] -- Symlinking: /home/ros/turtlebot3/turtlebot3_msgs-2.2.3/install/turtlebot3_msgs/include/turtlebot3_msgs/turtlebot3_msgs/srv/sound.h
[17.176s] -- Symlinking: /home/ros/turtlebot3/turtlebot3_msgs-2.2.3/install/turtlebot3_msgs/share/turtlebot3_msgs/environment/library_path.sh
[17.191s] -- Symlinking: /home/ros/turtlebot3/turtlebot3_msgs-2.2.3/install/turtlebot3_msgs/share/turtlebot3_msgs/environment/library_path.dsv
[17.205s] -- Symlinking: /home/ros/turtlebot3/turtlebot3_msgs-2.2.3/install/turtlebot3_msgs/include/turtlebot3_msgs/turtlebot3_msgs/action/detail/patrol__rosidl_typesupport_fastrtps_c.h
[17.218s] -- Symlinking: /home/ros/turtlebot3/turtlebot3_msgs-2.2.3/install/turtlebot3_msgs/include/turtlebot3_msgs/turtlebot3_msgs/msg/detail/sensor_state__rosidl_typesupport_fastrtps_c.h
[17.231s] -- Symlinking: /home/ros/turtlebot3/turtlebot3_msgs-2.2.3/install/turtlebot3_msgs/include/turtlebot3_msgs/turtlebot3_msgs/msg/detail/sound__rosidl_typesupport_fastrtps_c.h
[17.244s] -- Symlinking: /home/ros/turtlebot3/turtlebot3_msgs-2.2.3/install/turtlebot3_msgs/include/turtlebot3_msgs/turtlebot3_msgs/msg/detail/version_info__rosidl_typesupport_fastrtps_c.h
[17.259s] -- Symlinking: /home/ros/turtlebot3/turtlebot3_msgs-2.2.3/install/turtlebot3_msgs/include/turtlebot3_msgs/turtlebot3_msgs/msg/rosidl_typesupport_fastrtps_c__visibility_control.h
[17.275s] -- Symlinking: /home/ros/turtlebot3/turtlebot3_msgs-2.2.3/install/turtlebot3_msgs/include/turtlebot3_msgs/turtlebot3_msgs/srv/detail/dqn__rosidl_typesupport_fastrtps_c.h
[17.289s] -- Symlinking: /home/ros/turtlebot3/turtlebot3_msgs-2.2.3/install/turtlebot3_msgs/include/turtlebot3_msgs/turtlebot3_msgs/srv/detail/sound__rosidl_typesupport_fastrtps_c.h
[17.303s] -- Symlinking: /home/ros/turtlebot3/turtlebot3_msgs-2.2.3/install/turtlebot3_msgs/include/turtlebot3_msgs/turtlebot3_msgs/action/detail/patrol__builder.hpp
[17.316s] -- Symlinking: /home/ros/turtlebot3/turtlebot3_msgs-2.2.3/install/turtlebot3_msgs/include/turtlebot3_msgs/turtlebot3_msgs/action/detail/patrol__struct.hpp
[17.329s] -- Symlinking: /home/ros/turtlebot3/turtlebot3_msgs-2.2.3/install/turtlebot3_msgs/include/turtlebot3_msgs/turtlebot3_msgs/action/detail/patrol__traits.hpp
[17.343s] -- Symlinking: /home/ros/turtlebot3/turtlebot3_msgs-2.2.3/install/turtlebot3_msgs/include/turtlebot3_msgs/turtlebot3_msgs/action/patrol.hpp
[17.357s] -- Symlinking: /home/ros/turtlebot3/turtlebot3_msgs-2.2.3/install/turtlebot3_msgs/include/turtlebot3_msgs/turtlebot3_msgs/msg/detail/sensor_state__builder.hpp
[17.370s] -- Symlinking: /home/ros/turtlebot3/turtlebot3_msgs-2.2.3/install/turtlebot3_msgs/include/turtlebot3_msgs/turtlebot3_msgs/msg/detail/sensor_state__struct.hpp
[17.383s] -- Symlinking: /home/ros/turtlebot3/turtlebot3_msgs-2.2.3/install/turtlebot3_msgs/include/turtlebot3_msgs/turtlebot3_msgs/msg/detail/sensor_state__traits.hpp
[17.395s] -- Symlinking: /home/ros/turtlebot3/turtlebot3_msgs-2.2.3/install/turtlebot3_msgs/include/turtlebot3_msgs/turtlebot3_msgs/msg/detail/sound__builder.hpp
[17.407s] -- Symlinking: /home/ros/turtlebot3/turtlebot3_msgs-2.2.3/install/turtlebot3_msgs/include/turtlebot3_msgs/turtlebot3_msgs/msg/detail/sound__struct.hpp
[17.419s] -- Symlinking: /home/ros/turtlebot3/turtlebot3_msgs-2.2.3/install/turtlebot3_msgs/include/turtlebot3_msgs/turtlebot3_msgs/msg/detail/sound__traits.hpp
[17.433s] -- Symlinking: /home/ros/turtlebot3/turtlebot3_msgs-2.2.3/install/turtlebot3_msgs/include/turtlebot3_msgs/turtlebot3_msgs/msg/detail/version_info__builder.hpp
[17.447s] -- Symlinking: /home/ros/turtlebot3/turtlebot3_msgs-2.2.3/install/turtlebot3_msgs/include/turtlebot3_msgs/turtlebot3_msgs/msg/detail/version_info__struct.hpp
[17.465s] -- Symlinking: /home/ros/turtlebot3/turtlebot3_msgs-2.2.3/install/turtlebot3_msgs/include/turtlebot3_msgs/turtlebot3_msgs/msg/detail/version_info__traits.hpp
[17.478s] -- Symlinking: /home/ros/turtlebot3/turtlebot3_msgs-2.2.3/install/turtlebot3_msgs/include/turtlebot3_msgs/turtlebot3_msgs/msg/sensor_state.hpp
[17.490s] -- Symlinking: /home/ros/turtlebot3/turtlebot3_msgs-2.2.3/install/turtlebot3_msgs/include/turtlebot3_msgs/turtlebot3_msgs/msg/sound.hpp
[17.502s] -- Symlinking: /home/ros/turtlebot3/turtlebot3_msgs-2.2.3/install/turtlebot3_msgs/include/turtlebot3_msgs/turtlebot3_msgs/msg/version_info.hpp
[17.515s] -- Symlinking: /home/ros/turtlebot3/turtlebot3_msgs-2.2.3/install/turtlebot3_msgs/include/turtlebot3_msgs/turtlebot3_msgs/srv/detail/dqn__builder.hpp
[17.528s] -- Symlinking: /home/ros/turtlebot3/turtlebot3_msgs-2.2.3/install/turtlebot3_msgs/include/turtlebot3_msgs/turtlebot3_msgs/srv/detail/dqn__struct.hpp
[17.541s] -- Symlinking: /home/ros/turtlebot3/turtlebot3_msgs-2.2.3/install/turtlebot3_msgs/include/turtlebot3_msgs/turtlebot3_msgs/srv/detail/dqn__traits.hpp
[17.561s] -- Symlinking: /home/ros/turtlebot3/turtlebot3_msgs-2.2.3/install/turtlebot3_msgs/include/turtlebot3_msgs/turtlebot3_msgs/srv/detail/sound__builder.hpp
[17.573s] -- Symlinking: /home/ros/turtlebot3/turtlebot3_msgs-2.2.3/install/turtlebot3_msgs/include/turtlebot3_msgs/turtlebot3_msgs/srv/detail/sound__struct.hpp
[17.586s] -- Symlinking: /home/ros/turtlebot3/turtlebot3_msgs-2.2.3/install/turtlebot3_msgs/include/turtlebot3_msgs/turtlebot3_msgs/srv/detail/sound__traits.hpp
[17.597s] -- Symlinking: /home/ros/turtlebot3/turtlebot3_msgs-2.2.3/install/turtlebot3_msgs/include/turtlebot3_msgs/turtlebot3_msgs/srv/dqn.hpp
[17.611s] -- Symlinking: /home/ros/turtlebot3/turtlebot3_msgs-2.2.3/install/turtlebot3_msgs/include/turtlebot3_msgs/turtlebot3_msgs/srv/sound.hpp
[17.625s] -- Symlinking: /home/ros/turtlebot3/turtlebot3_msgs-2.2.3/install/turtlebot3_msgs/include/turtlebot3_msgs/turtlebot3_msgs/action/detail/patrol__rosidl_typesupport_fastrtps_cpp.hpp
[17.638s] -- Symlinking: /home/ros/turtlebot3/turtlebot3_msgs-2.2.3/install/turtlebot3_msgs/include/turtlebot3_msgs/turtlebot3_msgs/msg/detail/sensor_state__rosidl_typesupport_fastrtps_cpp.hpp
[17.655s] -- Symlinking: /home/ros/turtlebot3/turtlebot3_msgs-2.2.3/install/turtlebot3_msgs/include/turtlebot3_msgs/turtlebot3_msgs/msg/detail/sound__rosidl_typesupport_fastrtps_cpp.hpp
[17.668s] -- Symlinking: /home/ros/turtlebot3/turtlebot3_msgs-2.2.3/install/turtlebot3_msgs/include/turtlebot3_msgs/turtlebot3_msgs/msg/detail/version_info__rosidl_typesupport_fastrtps_cpp.hpp
[17.681s] -- Symlinking: /home/ros/turtlebot3/turtlebot3_msgs-2.2.3/install/turtlebot3_msgs/include/turtlebot3_msgs/turtlebot3_msgs/msg/rosidl_typesupport_fastrtps_cpp__visibility_control.h
[17.693s] -- Symlinking: /home/ros/turtlebot3/turtlebot3_msgs-2.2.3/install/turtlebot3_msgs/include/turtlebot3_msgs/turtlebot3_msgs/srv/detail/dqn__rosidl_typesupport_fastrtps_cpp.hpp
[17.705s] -- Symlinking: /home/ros/turtlebot3/turtlebot3_msgs-2.2.3/install/turtlebot3_msgs/include/turtlebot3_msgs/turtlebot3_msgs/srv/detail/sound__rosidl_typesupport_fastrtps_cpp.hpp
[17.721s] -- Symlinking: /home/ros/turtlebot3/turtlebot3_msgs-2.2.3/install/turtlebot3_msgs/include/turtlebot3_msgs/turtlebot3_msgs/action/detail/patrol__rosidl_typesupport_introspection_c.h
[17.735s] -- Symlinking: /home/ros/turtlebot3/turtlebot3_msgs-2.2.3/install/turtlebot3_msgs/include/turtlebot3_msgs/turtlebot3_msgs/msg/detail/sensor_state__rosidl_typesupport_introspection_c.h
[17.750s] -- Symlinking: /home/ros/turtlebot3/turtlebot3_msgs-2.2.3/install/turtlebot3_msgs/include/turtlebot3_msgs/turtlebot3_msgs/msg/detail/sound__rosidl_typesupport_introspection_c.h
[17.763s] -- Symlinking: /home/ros/turtlebot3/turtlebot3_msgs-2.2.3/install/turtlebot3_msgs/include/turtlebot3_msgs/turtlebot3_msgs/msg/detail/version_info__rosidl_typesupport_introspection_c.h
[17.776s] -- Symlinking: /home/ros/turtlebot3/turtlebot3_msgs-2.2.3/install/turtlebot3_msgs/include/turtlebot3_msgs/turtlebot3_msgs/msg/rosidl_typesupport_introspection_c__visibility_control.h
[17.788s] -- Symlinking: /home/ros/turtlebot3/turtlebot3_msgs-2.2.3/install/turtlebot3_msgs/include/turtlebot3_msgs/turtlebot3_msgs/srv/detail/dqn__rosidl_typesupport_introspection_c.h
[17.800s] -- Symlinking: /home/ros/turtlebot3/turtlebot3_msgs-2.2.3/install/turtlebot3_msgs/include/turtlebot3_msgs/turtlebot3_msgs/srv/detail/sound__rosidl_typesupport_introspection_c.h
[17.813s] -- Symlinking: /home/ros/turtlebot3/turtlebot3_msgs-2.2.3/install/turtlebot3_msgs/include/turtlebot3_msgs/turtlebot3_msgs/action/detail/patrol__rosidl_typesupport_introspection_cpp.hpp
[17.825s] -- Symlinking: /home/ros/turtlebot3/turtlebot3_msgs-2.2.3/install/turtlebot3_msgs/include/turtlebot3_msgs/turtlebot3_msgs/msg/detail/sensor_state__rosidl_typesupport_introspection_cpp.hpp
[17.838s] -- Symlinking: /home/ros/turtlebot3/turtlebot3_msgs-2.2.3/install/turtlebot3_msgs/include/turtlebot3_msgs/turtlebot3_msgs/msg/detail/sound__rosidl_typesupport_introspection_cpp.hpp
[17.852s] -- Symlinking: /home/ros/turtlebot3/turtlebot3_msgs-2.2.3/install/turtlebot3_msgs/include/turtlebot3_msgs/turtlebot3_msgs/msg/detail/version_info__rosidl_typesupport_introspection_cpp.hpp
[17.866s] -- Symlinking: /home/ros/turtlebot3/turtlebot3_msgs-2.2.3/install/turtlebot3_msgs/include/turtlebot3_msgs/turtlebot3_msgs/srv/detail/dqn__rosidl_typesupport_introspection_cpp.hpp
[17.878s] -- Symlinking: /home/ros/turtlebot3/turtlebot3_msgs-2.2.3/install/turtlebot3_msgs/include/turtlebot3_msgs/turtlebot3_msgs/srv/detail/sound__rosidl_typesupport_introspection_cpp.hpp
[17.892s] -- Symlinking: /home/ros/turtlebot3/turtlebot3_msgs-2.2.3/install/turtlebot3_msgs/share/turtlebot3_msgs/environment/pythonpath.sh
[17.904s] -- Symlinking: /home/ros/turtlebot3/turtlebot3_msgs-2.2.3/install/turtlebot3_msgs/share/turtlebot3_msgs/environment/pythonpath.dsv
[17.916s] -- Symlinking: /home/ros/turtlebot3/turtlebot3_msgs-2.2.3/install/turtlebot3_msgs/local/lib/python3.10/dist-packages/turtlebot3_msgs-2.2.3-py3.10.egg-info/PKG-INFO
[17.929s] -- Symlinking: /home/ros/turtlebot3/turtlebot3_msgs-2.2.3/install/turtlebot3_msgs/local/lib/python3.10/dist-packages/turtlebot3_msgs-2.2.3-py3.10.egg-info/SOURCES.txt
[17.943s] -- Symlinking: /home/ros/turtlebot3/turtlebot3_msgs-2.2.3/install/turtlebot3_msgs/local/lib/python3.10/dist-packages/turtlebot3_msgs-2.2.3-py3.10.egg-info/dependency_links.txt
[17.959s] -- Symlinking: /home/ros/turtlebot3/turtlebot3_msgs-2.2.3/install/turtlebot3_msgs/local/lib/python3.10/dist-packages/turtlebot3_msgs-2.2.3-py3.10.egg-info/top_level.txt
[17.974s] -- Symlinking: /home/ros/turtlebot3/turtlebot3_msgs-2.2.3/install/turtlebot3_msgs/local/lib/python3.10/dist-packages/turtlebot3_msgs/__init__.py
[17.986s] -- Symlinking: /home/ros/turtlebot3/turtlebot3_msgs-2.2.3/install/turtlebot3_msgs/local/lib/python3.10/dist-packages/turtlebot3_msgs/_turtlebot3_msgs_s.ep.rosidl_typesupport_c.c
[17.999s] -- Symlinking: /home/ros/turtlebot3/turtlebot3_msgs-2.2.3/install/turtlebot3_msgs/local/lib/python3.10/dist-packages/turtlebot3_msgs/_turtlebot3_msgs_s.ep.rosidl_typesupport_fastrtps_c.c
[18.011s] -- Symlinking: /home/ros/turtlebot3/turtlebot3_msgs-2.2.3/install/turtlebot3_msgs/local/lib/python3.10/dist-packages/turtlebot3_msgs/_turtlebot3_msgs_s.ep.rosidl_typesupport_introspection_c.c
[18.023s] -- Symlinking: /home/ros/turtlebot3/turtlebot3_msgs-2.2.3/install/turtlebot3_msgs/local/lib/python3.10/dist-packages/turtlebot3_msgs/action/__init__.py
[18.036s] -- Symlinking: /home/ros/turtlebot3/turtlebot3_msgs-2.2.3/install/turtlebot3_msgs/local/lib/python3.10/dist-packages/turtlebot3_msgs/action/_patrol.py
[18.050s] -- Symlinking: /home/ros/turtlebot3/turtlebot3_msgs-2.2.3/install/turtlebot3_msgs/local/lib/python3.10/dist-packages/turtlebot3_msgs/action/_patrol_s.c
[18.063s] -- Symlinking: /home/ros/turtlebot3/turtlebot3_msgs-2.2.3/install/turtlebot3_msgs/local/lib/python3.10/dist-packages/turtlebot3_msgs/libturtlebot3_msgs__rosidl_generator_py.so
[18.078s] -- Symlinking: /home/ros/turtlebot3/turtlebot3_msgs-2.2.3/install/turtlebot3_msgs/local/lib/python3.10/dist-packages/turtlebot3_msgs/msg/__init__.py
[18.091s] -- Symlinking: /home/ros/turtlebot3/turtlebot3_msgs-2.2.3/install/turtlebot3_msgs/local/lib/python3.10/dist-packages/turtlebot3_msgs/msg/_sensor_state.py
[18.103s] -- Symlinking: /home/ros/turtlebot3/turtlebot3_msgs-2.2.3/install/turtlebot3_msgs/local/lib/python3.10/dist-packages/turtlebot3_msgs/msg/_sensor_state_s.c
[18.115s] -- Symlinking: /home/ros/turtlebot3/turtlebot3_msgs-2.2.3/install/turtlebot3_msgs/local/lib/python3.10/dist-packages/turtlebot3_msgs/msg/_sound.py
[18.128s] -- Symlinking: /home/ros/turtlebot3/turtlebot3_msgs-2.2.3/install/turtlebot3_msgs/local/lib/python3.10/dist-packages/turtlebot3_msgs/msg/_sound_s.c
[18.142s] -- Symlinking: /home/ros/turtlebot3/turtlebot3_msgs-2.2.3/install/turtlebot3_msgs/local/lib/python3.10/dist-packages/turtlebot3_msgs/msg/_version_info.py
[18.159s] -- Symlinking: /home/ros/turtlebot3/turtlebot3_msgs-2.2.3/install/turtlebot3_msgs/local/lib/python3.10/dist-packages/turtlebot3_msgs/msg/_version_info_s.c
[18.171s] -- Symlinking: /home/ros/turtlebot3/turtlebot3_msgs-2.2.3/install/turtlebot3_msgs/local/lib/python3.10/dist-packages/turtlebot3_msgs/srv/__init__.py
[18.184s] -- Symlinking: /home/ros/turtlebot3/turtlebot3_msgs-2.2.3/install/turtlebot3_msgs/local/lib/python3.10/dist-packages/turtlebot3_msgs/srv/_dqn.py
[18.197s] -- Symlinking: /home/ros/turtlebot3/turtlebot3_msgs-2.2.3/install/turtlebot3_msgs/local/lib/python3.10/dist-packages/turtlebot3_msgs/srv/_dqn_s.c
[18.209s] -- Symlinking: /home/ros/turtlebot3/turtlebot3_msgs-2.2.3/install/turtlebot3_msgs/local/lib/python3.10/dist-packages/turtlebot3_msgs/srv/_sound.py
[18.221s] -- Symlinking: /home/ros/turtlebot3/turtlebot3_msgs-2.2.3/install/turtlebot3_msgs/local/lib/python3.10/dist-packages/turtlebot3_msgs/srv/_sound_s.c
[18.233s] -- Symlinking: /home/ros/turtlebot3/turtlebot3_msgs-2.2.3/install/turtlebot3_msgs/local/lib/python3.10/dist-packages/turtlebot3_msgs/turtlebot3_msgs_s__rosidl_typesupport_c.cpython-310-x86_64-linux-gnu.so
[18.248s] -- Symlinking: /home/ros/turtlebot3/turtlebot3_msgs-2.2.3/install/turtlebot3_msgs/local/lib/python3.10/dist-packages/turtlebot3_msgs/turtlebot3_msgs_s__rosidl_typesupport_fastrtps_c.cpython-310-x86_64-linux-gnu.so
[18.263s] -- Symlinking: /home/ros/turtlebot3/turtlebot3_msgs-2.2.3/install/turtlebot3_msgs/local/lib/python3.10/dist-packages/turtlebot3_msgs/turtlebot3_msgs_s__rosidl_typesupport_introspection_c.cpython-310-x86_64-linux-gnu.so
[18.278s] -- Up-to-date symlink: /home/ros/turtlebot3/turtlebot3_msgs-2.2.3/install/turtlebot3_msgs/local/lib/python3.10/dist-packages/turtlebot3_msgs/turtlebot3_msgs_s__rosidl_typesupport_fastrtps_c.cpython-310-x86_64-linux-gnu.so
[18.278s] -- Up-to-date symlink: /home/ros/turtlebot3/turtlebot3_msgs-2.2.3/install/turtlebot3_msgs/local/lib/python3.10/dist-packages/turtlebot3_msgs/turtlebot3_msgs_s__rosidl_typesupport_introspection_c.cpython-310-x86_64-linux-gnu.so
[18.279s] -- Up-to-date symlink: /home/ros/turtlebot3/turtlebot3_msgs-2.2.3/install/turtlebot3_msgs/local/lib/python3.10/dist-packages/turtlebot3_msgs/turtlebot3_msgs_s__rosidl_typesupport_c.cpython-310-x86_64-linux-gnu.so
[18.279s] -- Symlinking: /home/ros/turtlebot3/turtlebot3_msgs-2.2.3/install/turtlebot3_msgs/share/turtlebot3_msgs/msg/SensorState.idl
[18.293s] -- Symlinking: /home/ros/turtlebot3/turtlebot3_msgs-2.2.3/install/turtlebot3_msgs/share/turtlebot3_msgs/msg/Sound.idl
[18.306s] -- Symlinking: /home/ros/turtlebot3/turtlebot3_msgs-2.2.3/install/turtlebot3_msgs/share/turtlebot3_msgs/msg/VersionInfo.idl
[18.319s] -- Symlinking: /home/ros/turtlebot3/turtlebot3_msgs-2.2.3/install/turtlebot3_msgs/share/turtlebot3_msgs/srv/Sound.idl
[18.330s] -- Symlinking: /home/ros/turtlebot3/turtlebot3_msgs-2.2.3/install/turtlebot3_msgs/share/turtlebot3_msgs/srv/Dqn.idl
[18.344s] -- Symlinking: /home/ros/turtlebot3/turtlebot3_msgs-2.2.3/install/turtlebot3_msgs/share/turtlebot3_msgs/action/Patrol.idl
[18.359s] -- Symlinking: /home/ros/turtlebot3/turtlebot3_msgs-2.2.3/install/turtlebot3_msgs/share/turtlebot3_msgs/msg/SensorState.msg
[18.372s] -- Symlinking: /home/ros/turtlebot3/turtlebot3_msgs-2.2.3/install/turtlebot3_msgs/share/turtlebot3_msgs/msg/Sound.msg
[18.388s] -- Symlinking: /home/ros/turtlebot3/turtlebot3_msgs-2.2.3/install/turtlebot3_msgs/share/turtlebot3_msgs/msg/VersionInfo.msg
[18.400s] -- Symlinking: /home/ros/turtlebot3/turtlebot3_msgs-2.2.3/install/turtlebot3_msgs/share/turtlebot3_msgs/srv/Sound.srv
[18.412s] -- Symlinking: /home/ros/turtlebot3/turtlebot3_msgs-2.2.3/install/turtlebot3_msgs/share/turtlebot3_msgs/srv/Sound_Request.msg
[18.424s] -- Symlinking: /home/ros/turtlebot3/turtlebot3_msgs-2.2.3/install/turtlebot3_msgs/share/turtlebot3_msgs/srv/Sound_Response.msg
[18.437s] -- Symlinking: /home/ros/turtlebot3/turtlebot3_msgs-2.2.3/install/turtlebot3_msgs/share/turtlebot3_msgs/srv/Dqn.srv
[18.453s] -- Symlinking: /home/ros/turtlebot3/turtlebot3_msgs-2.2.3/install/turtlebot3_msgs/share/turtlebot3_msgs/srv/Dqn_Request.msg
[18.466s] -- Symlinking: /home/ros/turtlebot3/turtlebot3_msgs-2.2.3/install/turtlebot3_msgs/share/turtlebot3_msgs/srv/Dqn_Response.msg
[18.479s] -- Symlinking: /home/ros/turtlebot3/turtlebot3_msgs-2.2.3/install/turtlebot3_msgs/share/turtlebot3_msgs/action/Patrol.action
[18.495s] -- Symlinking: /home/ros/turtlebot3/turtlebot3_msgs-2.2.3/install/turtlebot3_msgs/share/ament_index/resource_index/package_run_dependencies/turtlebot3_msgs
[18.507s] -- Symlinking: /home/ros/turtlebot3/turtlebot3_msgs-2.2.3/install/turtlebot3_msgs/share/ament_index/resource_index/parent_prefix_path/turtlebot3_msgs
[18.520s] -- Symlinking: /home/ros/turtlebot3/turtlebot3_msgs-2.2.3/install/turtlebot3_msgs/share/turtlebot3_msgs/environment/ament_prefix_path.sh
[18.533s] -- Symlinking: /home/ros/turtlebot3/turtlebot3_msgs-2.2.3/install/turtlebot3_msgs/share/turtlebot3_msgs/environment/ament_prefix_path.dsv
[18.545s] -- Symlinking: /home/ros/turtlebot3/turtlebot3_msgs-2.2.3/install/turtlebot3_msgs/share/turtlebot3_msgs/environment/path.sh
[18.560s] -- Symlinking: /home/ros/turtlebot3/turtlebot3_msgs-2.2.3/install/turtlebot3_msgs/share/turtlebot3_msgs/environment/path.dsv
[18.572s] -- Symlinking: /home/ros/turtlebot3/turtlebot3_msgs-2.2.3/install/turtlebot3_msgs/share/turtlebot3_msgs/local_setup.bash
[18.586s] -- Symlinking: /home/ros/turtlebot3/turtlebot3_msgs-2.2.3/install/turtlebot3_msgs/share/turtlebot3_msgs/local_setup.sh
[18.598s] -- Symlinking: /home/ros/turtlebot3/turtlebot3_msgs-2.2.3/install/turtlebot3_msgs/share/turtlebot3_msgs/local_setup.zsh
[18.611s] -- Symlinking: /home/ros/turtlebot3/turtlebot3_msgs-2.2.3/install/turtlebot3_msgs/share/turtlebot3_msgs/local_setup.dsv
[18.623s] -- Symlinking: /home/ros/turtlebot3/turtlebot3_msgs-2.2.3/install/turtlebot3_msgs/share/turtlebot3_msgs/package.dsv
[18.636s] -- Symlinking: /home/ros/turtlebot3/turtlebot3_msgs-2.2.3/install/turtlebot3_msgs/share/ament_index/resource_index/packages/turtlebot3_msgs
[18.651s] -- Symlinking: /home/ros/turtlebot3/turtlebot3_msgs-2.2.3/install/turtlebot3_msgs/share/turtlebot3_msgs/cmake/rosidl_cmake-extras.cmake
[18.666s] -- Symlinking: /home/ros/turtlebot3/turtlebot3_msgs-2.2.3/install/turtlebot3_msgs/share/turtlebot3_msgs/cmake/ament_cmake_export_dependencies-extras.cmake
[18.679s] -- Symlinking: /home/ros/turtlebot3/turtlebot3_msgs-2.2.3/install/turtlebot3_msgs/share/turtlebot3_msgs/cmake/ament_cmake_export_include_directories-extras.cmake
[18.692s] -- Symlinking: /home/ros/turtlebot3/turtlebot3_msgs-2.2.3/install/turtlebot3_msgs/share/turtlebot3_msgs/cmake/ament_cmake_export_libraries-extras.cmake
[18.704s] -- Symlinking: /home/ros/turtlebot3/turtlebot3_msgs-2.2.3/install/turtlebot3_msgs/share/turtlebot3_msgs/cmake/ament_cmake_export_targets-extras.cmake
[18.717s] -- Symlinking: /home/ros/turtlebot3/turtlebot3_msgs-2.2.3/install/turtlebot3_msgs/share/turtlebot3_msgs/cmake/rosidl_cmake_export_typesupport_targets-extras.cmake
[18.730s] -- Symlinking: /home/ros/turtlebot3/turtlebot3_msgs-2.2.3/install/turtlebot3_msgs/share/turtlebot3_msgs/cmake/rosidl_cmake_export_typesupport_libraries-extras.cmake
[18.744s] -- Symlinking: /home/ros/turtlebot3/turtlebot3_msgs-2.2.3/install/turtlebot3_msgs/share/turtlebot3_msgs/cmake/turtlebot3_msgsConfig.cmake
[18.758s] -- Symlinking: /home/ros/turtlebot3/turtlebot3_msgs-2.2.3/install/turtlebot3_msgs/share/turtlebot3_msgs/cmake/turtlebot3_msgsConfig-version.cmake
[18.771s] -- Symlinking: /home/ros/turtlebot3/turtlebot3_msgs-2.2.3/install/turtlebot3_msgs/share/turtlebot3_msgs/package.xml
[18.783s] -- Installing: /home/ros/turtlebot3/turtlebot3_msgs-2.2.3/install/turtlebot3_msgs/lib/libturtlebot3_msgs__rosidl_generator_c.so
[18.784s] -- Set runtime path of "/home/ros/turtlebot3/turtlebot3_msgs-2.2.3/install/turtlebot3_msgs/lib/libturtlebot3_msgs__rosidl_generator_c.so" to ""
[18.784s] -- Installing: /home/ros/turtlebot3/turtlebot3_msgs-2.2.3/install/turtlebot3_msgs/lib/libturtlebot3_msgs__rosidl_typesupport_fastrtps_c.so
[18.785s] -- Set runtime path of "/home/ros/turtlebot3/turtlebot3_msgs-2.2.3/install/turtlebot3_msgs/lib/libturtlebot3_msgs__rosidl_typesupport_fastrtps_c.so" to ""
[18.785s] -- Installing: /home/ros/turtlebot3/turtlebot3_msgs-2.2.3/install/turtlebot3_msgs/lib/libturtlebot3_msgs__rosidl_typesupport_fastrtps_cpp.so
[18.785s] -- Set runtime path of "/home/ros/turtlebot3/turtlebot3_msgs-2.2.3/install/turtlebot3_msgs/lib/libturtlebot3_msgs__rosidl_typesupport_fastrtps_cpp.so" to ""
[18.786s] -- Installing: /home/ros/turtlebot3/turtlebot3_msgs-2.2.3/install/turtlebot3_msgs/lib/libturtlebot3_msgs__rosidl_typesupport_introspection_c.so
[18.786s] -- Set runtime path of "/home/ros/turtlebot3/turtlebot3_msgs-2.2.3/install/turtlebot3_msgs/lib/libturtlebot3_msgs__rosidl_typesupport_introspection_c.so" to ""
[18.786s] -- Installing: /home/ros/turtlebot3/turtlebot3_msgs-2.2.3/install/turtlebot3_msgs/lib/libturtlebot3_msgs__rosidl_typesupport_c.so
[18.787s] -- Set runtime path of "/home/ros/turtlebot3/turtlebot3_msgs-2.2.3/install/turtlebot3_msgs/lib/libturtlebot3_msgs__rosidl_typesupport_c.so" to ""
[18.787s] -- Installing: /home/ros/turtlebot3/turtlebot3_msgs-2.2.3/install/turtlebot3_msgs/lib/libturtlebot3_msgs__rosidl_typesupport_introspection_cpp.so
[18.788s] -- Set runtime path of "/home/ros/turtlebot3/turtlebot3_msgs-2.2.3/install/turtlebot3_msgs/lib/libturtlebot3_msgs__rosidl_typesupport_introspection_cpp.so" to ""
[18.788s] -- Installing: /home/ros/turtlebot3/turtlebot3_msgs-2.2.3/install/turtlebot3_msgs/lib/libturtlebot3_msgs__rosidl_typesupport_cpp.so
[18.788s] -- Set runtime path of "/home/ros/turtlebot3/turtlebot3_msgs-2.2.3/install/turtlebot3_msgs/lib/libturtlebot3_msgs__rosidl_typesupport_cpp.so" to ""
[18.871s] Listing '/home/ros/turtlebot3/turtlebot3_msgs-2.2.3/install/turtlebot3_msgs/local/lib/python3.10/dist-packages/turtlebot3_msgs'...
[18.871s] Compiling '/home/ros/turtlebot3/turtlebot3_msgs-2.2.3/install/turtlebot3_msgs/local/lib/python3.10/dist-packages/turtlebot3_msgs/__init__.py'...
[18.871s] Listing '/home/ros/turtlebot3/turtlebot3_msgs-2.2.3/install/turtlebot3_msgs/local/lib/python3.10/dist-packages/turtlebot3_msgs/action'...
[18.871s] Compiling '/home/ros/turtlebot3/turtlebot3_msgs-2.2.3/install/turtlebot3_msgs/local/lib/python3.10/dist-packages/turtlebot3_msgs/action/__init__.py'...
[18.871s] Compiling '/home/ros/turtlebot3/turtlebot3_msgs-2.2.3/install/turtlebot3_msgs/local/lib/python3.10/dist-packages/turtlebot3_msgs/action/_patrol.py'...
[18.871s] Listing '/home/ros/turtlebot3/turtlebot3_msgs-2.2.3/install/turtlebot3_msgs/local/lib/python3.10/dist-packages/turtlebot3_msgs/msg'...
[18.872s] Compiling '/home/ros/turtlebot3/turtlebot3_msgs-2.2.3/install/turtlebot3_msgs/local/lib/python3.10/dist-packages/turtlebot3_msgs/msg/__init__.py'...
[18.872s] Compiling '/home/ros/turtlebot3/turtlebot3_msgs-2.2.3/install/turtlebot3_msgs/local/lib/python3.10/dist-packages/turtlebot3_msgs/msg/_sensor_state.py'...
[18.872s] Compiling '/home/ros/turtlebot3/turtlebot3_msgs-2.2.3/install/turtlebot3_msgs/local/lib/python3.10/dist-packages/turtlebot3_msgs/msg/_sound.py'...
[18.872s] Compiling '/home/ros/turtlebot3/turtlebot3_msgs-2.2.3/install/turtlebot3_msgs/local/lib/python3.10/dist-packages/turtlebot3_msgs/msg/_version_info.py'...
[18.872s] Listing '/home/ros/turtlebot3/turtlebot3_msgs-2.2.3/install/turtlebot3_msgs/local/lib/python3.10/dist-packages/turtlebot3_msgs/srv'...
[18.872s] Compiling '/home/ros/turtlebot3/turtlebot3_msgs-2.2.3/install/turtlebot3_msgs/local/lib/python3.10/dist-packages/turtlebot3_msgs/srv/__init__.py'...
[18.872s] Compiling '/home/ros/turtlebot3/turtlebot3_msgs-2.2.3/install/turtlebot3_msgs/local/lib/python3.10/dist-packages/turtlebot3_msgs/srv/_dqn.py'...
[18.872s] Compiling '/home/ros/turtlebot3/turtlebot3_msgs-2.2.3/install/turtlebot3_msgs/local/lib/python3.10/dist-packages/turtlebot3_msgs/srv/_sound.py'...
[18.878s] -- Installing: /home/ros/turtlebot3/turtlebot3_msgs-2.2.3/install/turtlebot3_msgs/lib/libturtlebot3_msgs__rosidl_generator_py.so
[18.879s] -- Set runtime path of "/home/ros/turtlebot3/turtlebot3_msgs-2.2.3/install/turtlebot3_msgs/lib/libturtlebot3_msgs__rosidl_generator_py.so" to ""
[18.879s] -- Installing: /home/ros/turtlebot3/turtlebot3_msgs-2.2.3/install/turtlebot3_msgs/share/turtlebot3_msgs/cmake/export_turtlebot3_msgs__rosidl_generator_cExport.cmake
[18.880s] -- Installing: /home/ros/turtlebot3/turtlebot3_msgs-2.2.3/install/turtlebot3_msgs/share/turtlebot3_msgs/cmake/export_turtlebot3_msgs__rosidl_generator_cExport-noconfig.cmake
[18.880s] -- Installing: /home/ros/turtlebot3/turtlebot3_msgs-2.2.3/install/turtlebot3_msgs/share/turtlebot3_msgs/cmake/export_turtlebot3_msgs__rosidl_typesupport_fastrtps_cExport.cmake
[18.880s] -- Installing: /home/ros/turtlebot3/turtlebot3_msgs-2.2.3/install/turtlebot3_msgs/share/turtlebot3_msgs/cmake/export_turtlebot3_msgs__rosidl_typesupport_fastrtps_cExport-noconfig.cmake
[18.881s] -- Installing: /home/ros/turtlebot3/turtlebot3_msgs-2.2.3/install/turtlebot3_msgs/share/turtlebot3_msgs/cmake/export_turtlebot3_msgs__rosidl_generator_cppExport.cmake
[18.881s] -- Installing: /home/ros/turtlebot3/turtlebot3_msgs-2.2.3/install/turtlebot3_msgs/share/turtlebot3_msgs/cmake/export_turtlebot3_msgs__rosidl_typesupport_fastrtps_cppExport.cmake
[18.881s] -- Installing: /home/ros/turtlebot3/turtlebot3_msgs-2.2.3/install/turtlebot3_msgs/share/turtlebot3_msgs/cmake/export_turtlebot3_msgs__rosidl_typesupport_fastrtps_cppExport-noconfig.cmake
[18.882s] -- Installing: /home/ros/turtlebot3/turtlebot3_msgs-2.2.3/install/turtlebot3_msgs/share/turtlebot3_msgs/cmake/turtlebot3_msgs__rosidl_typesupport_introspection_cExport.cmake
[18.882s] -- Installing: /home/ros/turtlebot3/turtlebot3_msgs-2.2.3/install/turtlebot3_msgs/share/turtlebot3_msgs/cmake/turtlebot3_msgs__rosidl_typesupport_introspection_cExport-noconfig.cmake
[18.883s] -- Installing: /home/ros/turtlebot3/turtlebot3_msgs-2.2.3/install/turtlebot3_msgs/share/turtlebot3_msgs/cmake/turtlebot3_msgs__rosidl_typesupport_cExport.cmake
[18.883s] -- Installing: /home/ros/turtlebot3/turtlebot3_msgs-2.2.3/install/turtlebot3_msgs/share/turtlebot3_msgs/cmake/turtlebot3_msgs__rosidl_typesupport_cExport-noconfig.cmake
[18.883s] -- Installing: /home/ros/turtlebot3/turtlebot3_msgs-2.2.3/install/turtlebot3_msgs/share/turtlebot3_msgs/cmake/turtlebot3_msgs__rosidl_typesupport_introspection_cppExport.cmake
[18.883s] -- Installing: /home/ros/turtlebot3/turtlebot3_msgs-2.2.3/install/turtlebot3_msgs/share/turtlebot3_msgs/cmake/turtlebot3_msgs__rosidl_typesupport_introspection_cppExport-noconfig.cmake
[18.884s] -- Installing: /home/ros/turtlebot3/turtlebot3_msgs-2.2.3/install/turtlebot3_msgs/share/turtlebot3_msgs/cmake/turtlebot3_msgs__rosidl_typesupport_cppExport.cmake
[18.884s] -- Installing: /home/ros/turtlebot3/turtlebot3_msgs-2.2.3/install/turtlebot3_msgs/share/turtlebot3_msgs/cmake/turtlebot3_msgs__rosidl_typesupport_cppExport-noconfig.cmake
[18.885s] -- Installing: /home/ros/turtlebot3/turtlebot3_msgs-2.2.3/install/turtlebot3_msgs/share/turtlebot3_msgs/cmake/export_turtlebot3_msgs__rosidl_generator_pyExport.cmake
[18.885s] -- Installing: /home/ros/turtlebot3/turtlebot3_msgs-2.2.3/install/turtlebot3_msgs/share/turtlebot3_msgs/cmake/export_turtlebot3_msgs__rosidl_generator_pyExport-noconfig.cmake
[18.888s] Invoked command in '/home/ros/turtlebot3/turtlebot3_msgs-2.2.3/build/turtlebot3_msgs' returned '0': CMAKE_PREFIX_PATH=${CMAKE_PREFIX_PATH}:/home/ros/turtlebot3/turtlebot3-2.1.5/install/turtlebot3_teleop:/home/ros/turtlebot3/turtlebot3-2.1.5/install/turtlebot3_example:/opt/ros/humble /usr/bin/cmake --install /home/ros/turtlebot3/turtlebot3_msgs-2.2.3/build/turtlebot3_msgs
