[1.009s] DEBUG:colcon:Command line arguments: ['/usr/bin/colcon', 'build', '--symlink-install']
[1.010s] DEBUG:colcon:Parsed command line arguments: Namespace(log_base=None, log_level=None, verb_name='build', build_base='build', install_base='install', merge_install=False, symlink_install=True, test_result_base=None, continue_on_error=False, executor='parallel', parallel_workers=8, event_handlers=None, ignore_user_meta=False, metas=['./colcon.meta'], base_paths=['.'], packages_ignore=None, packages_ignore_regex=None, paths=None, packages_up_to=None, packages_up_to_regex=None, packages_above=None, packages_above_and_dependencies=None, packages_above_depth=None, packages_select_by_dep=None, packages_skip_by_dep=None, packages_skip_up_to=None, packages_select_build_failed=False, packages_skip_build_finished=False, packages_select_test_failures=False, packages_skip_test_passed=False, packages_select=None, packages_skip=None, packages_select_regex=None, packages_skip_regex=None, packages_start=None, packages_end=None, cmake_args=None, cmake_target=None, cmake_target_skip_unavailable=False, cmake_clean_cache=False, cmake_clean_first=False, cmake_force_configure=False, ament_cmake_args=None, catkin_cmake_args=None, catkin_skip_building_tests=False, mixin_files=None, mixin=None, verb_parser=<colcon_mixin.mixin.mixin_argument.MixinArgumentDecorator object at 0x7f9a7e54a140>, verb_extension=<colcon_core.verb.build.BuildVerb object at 0x7f9a7e54bdf0>, main=<bound method BuildVerb.main of <colcon_core.verb.build.BuildVerb object at 0x7f9a7e54bdf0>>, mixin_verb=('build',))
[1.065s] Level 1:colcon.colcon_core.package_discovery:discover_packages(colcon_meta) check parameters
[1.065s] Level 1:colcon.colcon_core.package_discovery:discover_packages(recursive) check parameters
[1.065s] Level 1:colcon.colcon_core.package_discovery:discover_packages(ignore) check parameters
[1.065s] Level 1:colcon.colcon_core.package_discovery:discover_packages(path) check parameters
[1.065s] Level 1:colcon.colcon_core.package_discovery:discover_packages(colcon_meta) discover
[1.065s] Level 1:colcon.colcon_core.package_discovery:discover_packages(recursive) discover
[1.065s] INFO:colcon.colcon_core.package_discovery:Crawling recursively for packages in '/home/ros/turtlebot3/nav2_bringup'
[1.065s] Level 1:colcon.colcon_core.package_identification:_identify(.) by extensions ['ignore', 'ignore_ament_install']
[1.065s] Level 1:colcon.colcon_core.package_identification:_identify(.) by extension 'ignore'
[1.066s] Level 1:colcon.colcon_core.package_identification:_identify(.) by extension 'ignore_ament_install'
[1.066s] Level 1:colcon.colcon_core.package_identification:_identify(.) by extensions ['colcon_pkg']
[1.066s] Level 1:colcon.colcon_core.package_identification:_identify(.) by extension 'colcon_pkg'
[1.066s] Level 1:colcon.colcon_core.package_identification:_identify(.) by extensions ['colcon_meta']
[1.066s] Level 1:colcon.colcon_core.package_identification:_identify(.) by extension 'colcon_meta'
[1.066s] Level 1:colcon.colcon_core.package_identification:_identify(.) by extensions ['ros']
[1.066s] Level 1:colcon.colcon_core.package_identification:_identify(.) by extension 'ros'
[1.081s] DEBUG:colcon.colcon_core.package_identification:Package '.' with type 'ros.ament_cmake' and name 'nav2_bringup'
[1.081s] Level 1:colcon.colcon_core.package_discovery:discover_packages(recursive) using defaults
[1.081s] Level 1:colcon.colcon_core.package_discovery:discover_packages(ignore) discover
[1.081s] Level 1:colcon.colcon_core.package_discovery:discover_packages(ignore) using defaults
[1.081s] Level 1:colcon.colcon_core.package_discovery:discover_packages(path) discover
[1.081s] Level 1:colcon.colcon_core.package_discovery:discover_packages(path) using defaults
[1.156s] Level 5:colcon.colcon_core.verb:set package 'nav2_bringup' build argument 'cmake_args' from command line to 'None'
[1.156s] Level 5:colcon.colcon_core.verb:set package 'nav2_bringup' build argument 'cmake_target' from command line to 'None'
[1.156s] Level 5:colcon.colcon_core.verb:set package 'nav2_bringup' build argument 'cmake_target_skip_unavailable' from command line to 'False'
[1.156s] Level 5:colcon.colcon_core.verb:set package 'nav2_bringup' build argument 'cmake_clean_cache' from command line to 'False'
[1.156s] Level 5:colcon.colcon_core.verb:set package 'nav2_bringup' build argument 'cmake_clean_first' from command line to 'False'
[1.156s] Level 5:colcon.colcon_core.verb:set package 'nav2_bringup' build argument 'cmake_force_configure' from command line to 'False'
[1.156s] Level 5:colcon.colcon_core.verb:set package 'nav2_bringup' build argument 'ament_cmake_args' from command line to 'None'
[1.156s] Level 5:colcon.colcon_core.verb:set package 'nav2_bringup' build argument 'catkin_cmake_args' from command line to 'None'
[1.156s] Level 5:colcon.colcon_core.verb:set package 'nav2_bringup' build argument 'catkin_skip_building_tests' from command line to 'False'
[1.156s] DEBUG:colcon.colcon_core.verb:Building package 'nav2_bringup' with the following arguments: {'ament_cmake_args': None, 'build_base': '/home/ros/turtlebot3/nav2_bringup/build/nav2_bringup', 'catkin_cmake_args': None, 'catkin_skip_building_tests': False, 'cmake_args': None, 'cmake_clean_cache': False, 'cmake_clean_first': False, 'cmake_force_configure': False, 'cmake_target': None, 'cmake_target_skip_unavailable': False, 'install_base': '/home/ros/turtlebot3/nav2_bringup/install/nav2_bringup', 'merge_install': False, 'path': '/home/ros/turtlebot3/nav2_bringup', 'symlink_install': True, 'test_result_base': None}
[1.167s] INFO:colcon.colcon_core.executor:Executing jobs using 'parallel' executor
[1.178s] DEBUG:colcon.colcon_parallel_executor.executor.parallel:run_until_complete
[1.178s] INFO:colcon.colcon_ros.task.ament_cmake.build:Building ROS package in '/home/ros/turtlebot3/nav2_bringup' with build type 'ament_cmake'
[1.178s] INFO:colcon.colcon_cmake.task.cmake.build:Building CMake package in '/home/ros/turtlebot3/nav2_bringup'
[1.193s] INFO:colcon.colcon_core.plugin_system:Skipping extension 'colcon_core.shell.bat': Not used on non-Windows systems
[1.194s] INFO:colcon.colcon_core.shell:Skip shell extension 'powershell' for command environment: Not usable outside of PowerShell
[1.194s] DEBUG:colcon.colcon_core.shell:Skip shell extension 'dsv' for command environment
[1.288s] DEBUG:colcon.colcon_core.event_handler.log_command:Invoking command in '/home/ros/turtlebot3/nav2_bringup/build/nav2_bringup': CMAKE_PREFIX_PATH=${CMAKE_PREFIX_PATH}:/home/ros/turtlebot3/turtlebot3-2.1.5/install/turtlebot3_teleop:/home/ros/turtlebot3/turtlebot3-2.1.5/install/turtlebot3_example:/opt/ros/humble /usr/bin/cmake --build /home/ros/turtlebot3/nav2_bringup/build/nav2_bringup -- -j8 -l8
[1.369s] DEBUG:colcon.colcon_core.event_handler.log_command:Invoked command in '/home/ros/turtlebot3/nav2_bringup/build/nav2_bringup' returned '0': CMAKE_PREFIX_PATH=${CMAKE_PREFIX_PATH}:/home/ros/turtlebot3/turtlebot3-2.1.5/install/turtlebot3_teleop:/home/ros/turtlebot3/turtlebot3-2.1.5/install/turtlebot3_example:/opt/ros/humble /usr/bin/cmake --build /home/ros/turtlebot3/nav2_bringup/build/nav2_bringup -- -j8 -l8
[1.405s] DEBUG:colcon.colcon_core.event_handler.log_command:Invoking command in '/home/ros/turtlebot3/nav2_bringup/build/nav2_bringup': CMAKE_PREFIX_PATH=${CMAKE_PREFIX_PATH}:/home/ros/turtlebot3/turtlebot3-2.1.5/install/turtlebot3_teleop:/home/ros/turtlebot3/turtlebot3-2.1.5/install/turtlebot3_example:/opt/ros/humble /usr/bin/cmake --install /home/ros/turtlebot3/nav2_bringup/build/nav2_bringup
[1.439s] Level 1:colcon.colcon_core.environment:create_environment_scripts_only(nav2_bringup)
[1.439s] DEBUG:colcon.colcon_core.event_handler.log_command:Invoked command in '/home/ros/turtlebot3/nav2_bringup/build/nav2_bringup' returned '0': CMAKE_PREFIX_PATH=${CMAKE_PREFIX_PATH}:/home/ros/turtlebot3/turtlebot3-2.1.5/install/turtlebot3_teleop:/home/ros/turtlebot3/turtlebot3-2.1.5/install/turtlebot3_example:/opt/ros/humble /usr/bin/cmake --install /home/ros/turtlebot3/nav2_bringup/build/nav2_bringup
[1.457s] Level 1:colcon.colcon_core.environment:checking '/home/ros/turtlebot3/nav2_bringup/install/nav2_bringup' for CMake module files
[1.457s] Level 1:colcon.colcon_core.environment:checking '/home/ros/turtlebot3/nav2_bringup/install/nav2_bringup' for CMake config files
[1.458s] Level 1:colcon.colcon_core.shell:create_environment_hook('nav2_bringup', 'cmake_prefix_path')
[1.468s] INFO:colcon.colcon_core.shell:Creating environment hook '/home/ros/turtlebot3/nav2_bringup/install/nav2_bringup/share/nav2_bringup/hook/cmake_prefix_path.ps1'
[1.469s] INFO:colcon.colcon_core.shell:Creating environment descriptor '/home/ros/turtlebot3/nav2_bringup/install/nav2_bringup/share/nav2_bringup/hook/cmake_prefix_path.dsv'
[1.469s] INFO:colcon.colcon_core.shell:Creating environment hook '/home/ros/turtlebot3/nav2_bringup/install/nav2_bringup/share/nav2_bringup/hook/cmake_prefix_path.sh'
[1.470s] Level 1:colcon.colcon_core.environment:checking '/home/ros/turtlebot3/nav2_bringup/install/nav2_bringup/bin'
[1.470s] Level 1:colcon.colcon_core.environment:checking '/home/ros/turtlebot3/nav2_bringup/install/nav2_bringup/lib/pkgconfig/nav2_bringup.pc'
[1.472s] Level 1:colcon.colcon_core.environment:checking '/home/ros/turtlebot3/nav2_bringup/install/nav2_bringup/lib/python3.10/site-packages'
[1.472s] Level 1:colcon.colcon_core.environment:checking '/home/ros/turtlebot3/nav2_bringup/install/nav2_bringup/bin'
[1.484s] INFO:colcon.colcon_core.shell:Creating package script '/home/ros/turtlebot3/nav2_bringup/install/nav2_bringup/share/nav2_bringup/package.ps1'
[1.485s] INFO:colcon.colcon_core.shell:Creating package descriptor '/home/ros/turtlebot3/nav2_bringup/install/nav2_bringup/share/nav2_bringup/package.dsv'
[1.486s] INFO:colcon.colcon_core.shell:Creating package script '/home/ros/turtlebot3/nav2_bringup/install/nav2_bringup/share/nav2_bringup/package.sh'
[1.487s] INFO:colcon.colcon_core.shell:Creating package script '/home/ros/turtlebot3/nav2_bringup/install/nav2_bringup/share/nav2_bringup/package.bash'
[1.488s] INFO:colcon.colcon_core.shell:Creating package script '/home/ros/turtlebot3/nav2_bringup/install/nav2_bringup/share/nav2_bringup/package.zsh'
[1.488s] Level 1:colcon.colcon_core.environment:create_file_with_runtime_dependencies(/home/ros/turtlebot3/nav2_bringup/install/nav2_bringup/share/colcon-core/packages/nav2_bringup)
[1.523s] Level 1:colcon.colcon_core.environment:create_environment_scripts_only(nav2_bringup)
[1.534s] Level 1:colcon.colcon_core.environment:checking '/home/ros/turtlebot3/nav2_bringup/install/nav2_bringup' for CMake module files
[1.535s] Level 1:colcon.colcon_core.environment:checking '/home/ros/turtlebot3/nav2_bringup/install/nav2_bringup' for CMake config files
[1.535s] Level 1:colcon.colcon_core.shell:create_environment_hook('nav2_bringup', 'cmake_prefix_path')
[1.550s] INFO:colcon.colcon_core.shell:Creating environment hook '/home/ros/turtlebot3/nav2_bringup/install/nav2_bringup/share/nav2_bringup/hook/cmake_prefix_path.ps1'
[1.551s] INFO:colcon.colcon_core.shell:Creating environment descriptor '/home/ros/turtlebot3/nav2_bringup/install/nav2_bringup/share/nav2_bringup/hook/cmake_prefix_path.dsv'
[1.551s] INFO:colcon.colcon_core.shell:Creating environment hook '/home/ros/turtlebot3/nav2_bringup/install/nav2_bringup/share/nav2_bringup/hook/cmake_prefix_path.sh'
[1.552s] Level 1:colcon.colcon_core.environment:checking '/home/ros/turtlebot3/nav2_bringup/install/nav2_bringup/bin'
[1.552s] Level 1:colcon.colcon_core.environment:checking '/home/ros/turtlebot3/nav2_bringup/install/nav2_bringup/lib/pkgconfig/nav2_bringup.pc'
[1.552s] Level 1:colcon.colcon_core.environment:checking '/home/ros/turtlebot3/nav2_bringup/install/nav2_bringup/lib/python3.10/site-packages'
[1.552s] Level 1:colcon.colcon_core.environment:checking '/home/ros/turtlebot3/nav2_bringup/install/nav2_bringup/bin'
[1.565s] INFO:colcon.colcon_core.shell:Creating package script '/home/ros/turtlebot3/nav2_bringup/install/nav2_bringup/share/nav2_bringup/package.ps1'
[1.565s] INFO:colcon.colcon_core.shell:Creating package descriptor '/home/ros/turtlebot3/nav2_bringup/install/nav2_bringup/share/nav2_bringup/package.dsv'
[1.566s] INFO:colcon.colcon_core.shell:Creating package script '/home/ros/turtlebot3/nav2_bringup/install/nav2_bringup/share/nav2_bringup/package.sh'
[1.566s] INFO:colcon.colcon_core.shell:Creating package script '/home/ros/turtlebot3/nav2_bringup/install/nav2_bringup/share/nav2_bringup/package.bash'
[1.567s] INFO:colcon.colcon_core.shell:Creating package script '/home/ros/turtlebot3/nav2_bringup/install/nav2_bringup/share/nav2_bringup/package.zsh'
[1.567s] Level 1:colcon.colcon_core.environment:create_file_with_runtime_dependencies(/home/ros/turtlebot3/nav2_bringup/install/nav2_bringup/share/colcon-core/packages/nav2_bringup)
[1.567s] DEBUG:colcon.colcon_parallel_executor.executor.parallel:closing loop
[1.567s] DEBUG:colcon.colcon_parallel_executor.executor.parallel:loop closed
[1.567s] DEBUG:colcon.colcon_parallel_executor.executor.parallel:run_until_complete finished with '0'
[1.568s] DEBUG:colcon.colcon_core.event_reactor:joining thread
[1.587s] INFO:colcon.colcon_core.plugin_system:Skipping extension 'colcon_notification.desktop_notification.notify_send': Could not find 'notify-send'
[1.588s] INFO:colcon.colcon_core.plugin_system:Skipping extension 'colcon_notification.desktop_notification.terminal_notifier': Not used on non-Darwin systems
[1.588s] INFO:colcon.colcon_core.plugin_system:Skipping extension 'colcon_notification.desktop_notification.win32': Not used on non-Windows systems
[1.588s] INFO:colcon.colcon_notification.desktop_notification:Sending desktop notification using 'notify2'
[1.590s] DEBUG:colcon.colcon_notification.desktop_notification.notify2:Failed to initialize notify2: org.freedesktop.DBus.Error.Spawn.ExecFailed: /usr/bin/dbus-launch terminated abnormally without any error message
[1.590s] DEBUG:colcon.colcon_core.event_reactor:joined thread
[1.604s] INFO:colcon.colcon_core.shell:Creating prefix script '/home/ros/turtlebot3/nav2_bringup/install/local_setup.ps1'
[1.606s] INFO:colcon.colcon_core.shell:Creating prefix util module '/home/ros/turtlebot3/nav2_bringup/install/_local_setup_util_ps1.py'
[1.607s] INFO:colcon.colcon_core.shell:Creating prefix chain script '/home/ros/turtlebot3/nav2_bringup/install/setup.ps1'
[1.622s] INFO:colcon.colcon_core.shell:Creating prefix script '/home/ros/turtlebot3/nav2_bringup/install/local_setup.sh'
[1.623s] INFO:colcon.colcon_core.shell:Creating prefix util module '/home/ros/turtlebot3/nav2_bringup/install/_local_setup_util_sh.py'
[1.623s] INFO:colcon.colcon_core.shell:Creating prefix chain script '/home/ros/turtlebot3/nav2_bringup/install/setup.sh'
[1.640s] INFO:colcon.colcon_core.shell:Creating prefix script '/home/ros/turtlebot3/nav2_bringup/install/local_setup.bash'
[1.641s] INFO:colcon.colcon_core.shell:Creating prefix chain script '/home/ros/turtlebot3/nav2_bringup/install/setup.bash'
[1.655s] INFO:colcon.colcon_core.shell:Creating prefix script '/home/ros/turtlebot3/nav2_bringup/install/local_setup.zsh'
[1.656s] INFO:colcon.colcon_core.shell:Creating prefix chain script '/home/ros/turtlebot3/nav2_bringup/install/setup.zsh'
