[0.000000] (-) TimerEvent: {}
[0.000639] (turtlebot3_fake_node) JobQueued: {'identifier': 'turtlebot3_fake_node', 'dependencies': OrderedDict()}
[0.000822] (turtlebot3_gazebo) JobQueued: {'identifier': 'turtlebot3_gazebo', 'dependencies': OrderedDict()}
[0.000917] (turtlebot3_simulations) JobQueued: {'identifier': 'turtlebot3_simulations', 'dependencies': OrderedDict([('turtlebot3_fake_node', '/home/ros/turtlebot3/turtlebot3_simulations-2.2.5/install/turtlebot3_fake_node'), ('turtlebot3_gazebo', '/home/ros/turtlebot3/turtlebot3_simulations-2.2.5/install/turtlebot3_gazebo')])}
[0.000979] (turtlebot3_fake_node) JobStarted: {'identifier': 'turtlebot3_fake_node'}
[0.099715] (-) TimerEvent: {}
[0.133642] (turtlebot3_gazebo) JobStarted: {'identifier': 'turtlebot3_gazebo'}
[0.200107] (-) TimerEvent: {}
[0.234034] (turtlebot3_fake_node) JobProgress: {'identifier': 'turtlebot3_fake_node', 'progress': 'cmake'}
[0.234811] (turtlebot3_fake_node) JobProgress: {'identifier': 'turtlebot3_fake_node', 'progress': 'build'}
[0.235495] (turtlebot3_fake_node) Command: {'cmd': ['/usr/bin/cmake', '--build', '/home/ros/turtlebot3/turtlebot3_simulations-2.2.5/build/turtlebot3_fake_node', '--', '-j8', '-l8'], 'cwd': '/home/ros/turtlebot3/turtlebot3_simulations-2.2.5/build/turtlebot3_fake_node', 'env': OrderedDict([('HOSTNAME', 'envy-13'), ('IGNITION_VERSION', 'fortress'), ('SHLVL', '1'), ('LD_LIBRARY_PATH', '/home/ros/turtlebot3/DynamixelSDK/install/dynamixel_sdk_custom_interfaces/lib:/home/ros/turtlebot3/DynamixelSDK/install/dynamixel_sdk/lib:/home/ros/turtlebot3/turtlebot3_msgs-2.2.3/install/turtlebot3_msgs/lib:/opt/ros/humble/opt/rviz_ogre_vendor/lib:/opt/ros/humble/lib/x86_64-linux-gnu:/opt/ros/humble/lib'), ('HOME', '/home/ros'), ('OLDPWD', '/home/ros'), ('ROS_PYTHON_VERSION', '3'), ('COLCON_PREFIX_PATH', '/home/ros/turtlebot3/turtlebot3-2.1.5/install:/home/ros/turtlebot3/turtlebot3_msgs-2.2.3/install:/home/ros/turtlebot3/turtlebot3_simulations-2.2.5/install:/home/ros/turtlebot3/DynamixelSDK/install'), ('ROS_DISTRO', 'humble'), ('_', '/usr/bin/colcon'), ('ROS_VERSION', '2'), ('TERM', 'xterm'), ('ROS_LOCALHOST_ONLY', '0'), ('QT_X11_NO_MITSHM', '1'), ('PATH', '/opt/ros/humble/bin:/usr/local/sbin:/usr/local/bin:/usr/sbin:/usr/bin:/sbin:/bin'), ('RUNLEVEL', '3'), ('XDG_RUNTIME_DIR', '/tmp/runtime-ros'), ('DISPLAY', 'unix:0'), ('LANG', 'C.UTF-8'), ('AMENT_PREFIX_PATH', '/home/ros/turtlebot3/DynamixelSDK/install/dynamixel_sdk_examples:/home/ros/turtlebot3/DynamixelSDK/install/dynamixel_sdk_custom_interfaces:/home/ros/turtlebot3/DynamixelSDK/install/dynamixel_sdk:/home/ros/turtlebot3/turtlebot3_msgs-2.2.3/install/turtlebot3_msgs:/home/ros/turtlebot3/turtlebot3_simulations-2.2.5/install/turtlebot3_simulations:/home/ros/turtlebot3/turtlebot3_simulations-2.2.5/install/turtlebot3_gazebo:/home/ros/turtlebot3/turtlebot3_simulations-2.2.5/install/turtlebot3_fake_node:/opt/ros/humble'), ('PWD', '/home/ros/turtlebot3/turtlebot3_simulations-2.2.5/build/turtlebot3_fake_node'), ('TURTLEBOT3_MODEL', 'burger'), ('LC_ALL', 'C.UTF-8'), ('PYTHONPATH', '/home/ros/turtlebot3/DynamixelSDK/install/dynamixel_sdk_custom_interfaces/local/lib/python3.10/dist-packages:/home/ros/turtlebot3/turtlebot3_msgs-2.2.3/install/turtlebot3_msgs/local/lib/python3.10/dist-packages:/opt/ros/humble/lib/python3.10/site-packages:/opt/ros/humble/local/lib/python3.10/dist-packages'), ('COLCON', '1'), ('CMAKE_PREFIX_PATH', '/home/ros/turtlebot3/DynamixelSDK/install/dynamixel_sdk_examples:/home/ros/turtlebot3/DynamixelSDK/install/dynamixel_sdk_custom_interfaces:/home/ros/turtlebot3/DynamixelSDK/install/dynamixel_sdk:/home/ros/turtlebot3/turtlebot3_msgs-2.2.3/install/turtlebot3_msgs:/home/ros/turtlebot3/turtlebot3_simulations-2.2.5/install/turtlebot3_simulations:/home/ros/turtlebot3/turtlebot3_simulations-2.2.5/install/turtlebot3_gazebo:/home/ros/turtlebot3/turtlebot3_simulations-2.2.5/install/turtlebot3_fake_node:/opt/ros/humble')]), 'shell': False}
[0.239270] (turtlebot3_gazebo) JobProgress: {'identifier': 'turtlebot3_gazebo', 'progress': 'cmake'}
[0.240183] (turtlebot3_gazebo) JobProgress: {'identifier': 'turtlebot3_gazebo', 'progress': 'build'}
[0.240555] (turtlebot3_gazebo) Command: {'cmd': ['/usr/bin/cmake', '--build', '/home/ros/turtlebot3/turtlebot3_simulations-2.2.5/build/turtlebot3_gazebo', '--', '-j8', '-l8'], 'cwd': '/home/ros/turtlebot3/turtlebot3_simulations-2.2.5/build/turtlebot3_gazebo', 'env': OrderedDict([('HOSTNAME', 'envy-13'), ('IGNITION_VERSION', 'fortress'), ('SHLVL', '1'), ('LD_LIBRARY_PATH', '/home/ros/turtlebot3/DynamixelSDK/install/dynamixel_sdk_custom_interfaces/lib:/home/ros/turtlebot3/DynamixelSDK/install/dynamixel_sdk/lib:/home/ros/turtlebot3/turtlebot3_msgs-2.2.3/install/turtlebot3_msgs/lib:/opt/ros/humble/opt/rviz_ogre_vendor/lib:/opt/ros/humble/lib/x86_64-linux-gnu:/opt/ros/humble/lib'), ('HOME', '/home/ros'), ('OLDPWD', '/home/ros'), ('ROS_PYTHON_VERSION', '3'), ('COLCON_PREFIX_PATH', '/home/ros/turtlebot3/turtlebot3-2.1.5/install:/home/ros/turtlebot3/turtlebot3_msgs-2.2.3/install:/home/ros/turtlebot3/turtlebot3_simulations-2.2.5/install:/home/ros/turtlebot3/DynamixelSDK/install'), ('ROS_DISTRO', 'humble'), ('_', '/usr/bin/colcon'), ('ROS_VERSION', '2'), ('TERM', 'xterm'), ('ROS_LOCALHOST_ONLY', '0'), ('QT_X11_NO_MITSHM', '1'), ('PATH', '/opt/ros/humble/bin:/usr/local/sbin:/usr/local/bin:/usr/sbin:/usr/bin:/sbin:/bin'), ('RUNLEVEL', '3'), ('XDG_RUNTIME_DIR', '/tmp/runtime-ros'), ('DISPLAY', 'unix:0'), ('LANG', 'C.UTF-8'), ('AMENT_PREFIX_PATH', '/home/ros/turtlebot3/DynamixelSDK/install/dynamixel_sdk_examples:/home/ros/turtlebot3/DynamixelSDK/install/dynamixel_sdk_custom_interfaces:/home/ros/turtlebot3/DynamixelSDK/install/dynamixel_sdk:/home/ros/turtlebot3/turtlebot3_msgs-2.2.3/install/turtlebot3_msgs:/home/ros/turtlebot3/turtlebot3_simulations-2.2.5/install/turtlebot3_simulations:/home/ros/turtlebot3/turtlebot3_simulations-2.2.5/install/turtlebot3_gazebo:/home/ros/turtlebot3/turtlebot3_simulations-2.2.5/install/turtlebot3_fake_node:/opt/ros/humble'), ('PWD', '/home/ros/turtlebot3/turtlebot3_simulations-2.2.5/build/turtlebot3_gazebo'), ('TURTLEBOT3_MODEL', 'burger'), ('LC_ALL', 'C.UTF-8'), ('PYTHONPATH', '/home/ros/turtlebot3/DynamixelSDK/install/dynamixel_sdk_custom_interfaces/local/lib/python3.10/dist-packages:/home/ros/turtlebot3/turtlebot3_msgs-2.2.3/install/turtlebot3_msgs/local/lib/python3.10/dist-packages:/opt/ros/humble/lib/python3.10/site-packages:/opt/ros/humble/local/lib/python3.10/dist-packages'), ('COLCON', '1'), ('CMAKE_PREFIX_PATH', '/home/ros/turtlebot3/DynamixelSDK/install/dynamixel_sdk_examples:/home/ros/turtlebot3/DynamixelSDK/install/dynamixel_sdk_custom_interfaces:/home/ros/turtlebot3/DynamixelSDK/install/dynamixel_sdk:/home/ros/turtlebot3/turtlebot3_msgs-2.2.3/install/turtlebot3_msgs:/home/ros/turtlebot3/turtlebot3_simulations-2.2.5/install/turtlebot3_simulations:/home/ros/turtlebot3/turtlebot3_simulations-2.2.5/install/turtlebot3_gazebo:/home/ros/turtlebot3/turtlebot3_simulations-2.2.5/install/turtlebot3_fake_node:/opt/ros/humble')]), 'shell': False}
[0.266797] (turtlebot3_gazebo) StdoutLine: {'line': b'-- Found ament_cmake: 1.3.5 (/opt/ros/humble/share/ament_cmake/cmake)\n'}
[0.293729] (turtlebot3_fake_node) StdoutLine: {'line': b'[100%] Built target turtlebot3_fake_node\n'}
[0.300239] (-) TimerEvent: {}
[0.304622] (turtlebot3_fake_node) CommandEnded: {'returncode': 0}
[0.330511] (turtlebot3_fake_node) JobProgress: {'identifier': 'turtlebot3_fake_node', 'progress': 'install'}
[0.342341] (turtlebot3_fake_node) Command: {'cmd': ['/usr/bin/cmake', '--install', '/home/ros/turtlebot3/turtlebot3_simulations-2.2.5/build/turtlebot3_fake_node'], 'cwd': '/home/ros/turtlebot3/turtlebot3_simulations-2.2.5/build/turtlebot3_fake_node', 'env': OrderedDict([('HOSTNAME', 'envy-13'), ('IGNITION_VERSION', 'fortress'), ('SHLVL', '1'), ('LD_LIBRARY_PATH', '/home/ros/turtlebot3/DynamixelSDK/install/dynamixel_sdk_custom_interfaces/lib:/home/ros/turtlebot3/DynamixelSDK/install/dynamixel_sdk/lib:/home/ros/turtlebot3/turtlebot3_msgs-2.2.3/install/turtlebot3_msgs/lib:/opt/ros/humble/opt/rviz_ogre_vendor/lib:/opt/ros/humble/lib/x86_64-linux-gnu:/opt/ros/humble/lib'), ('HOME', '/home/ros'), ('OLDPWD', '/home/ros'), ('ROS_PYTHON_VERSION', '3'), ('COLCON_PREFIX_PATH', '/home/ros/turtlebot3/turtlebot3-2.1.5/install:/home/ros/turtlebot3/turtlebot3_msgs-2.2.3/install:/home/ros/turtlebot3/turtlebot3_simulations-2.2.5/install:/home/ros/turtlebot3/DynamixelSDK/install'), ('ROS_DISTRO', 'humble'), ('_', '/usr/bin/colcon'), ('ROS_VERSION', '2'), ('TERM', 'xterm'), ('ROS_LOCALHOST_ONLY', '0'), ('QT_X11_NO_MITSHM', '1'), ('PATH', '/opt/ros/humble/bin:/usr/local/sbin:/usr/local/bin:/usr/sbin:/usr/bin:/sbin:/bin'), ('RUNLEVEL', '3'), ('XDG_RUNTIME_DIR', '/tmp/runtime-ros'), ('DISPLAY', 'unix:0'), ('LANG', 'C.UTF-8'), ('AMENT_PREFIX_PATH', '/home/ros/turtlebot3/DynamixelSDK/install/dynamixel_sdk_examples:/home/ros/turtlebot3/DynamixelSDK/install/dynamixel_sdk_custom_interfaces:/home/ros/turtlebot3/DynamixelSDK/install/dynamixel_sdk:/home/ros/turtlebot3/turtlebot3_msgs-2.2.3/install/turtlebot3_msgs:/home/ros/turtlebot3/turtlebot3_simulations-2.2.5/install/turtlebot3_simulations:/home/ros/turtlebot3/turtlebot3_simulations-2.2.5/install/turtlebot3_gazebo:/home/ros/turtlebot3/turtlebot3_simulations-2.2.5/install/turtlebot3_fake_node:/opt/ros/humble'), ('PWD', '/home/ros/turtlebot3/turtlebot3_simulations-2.2.5/build/turtlebot3_fake_node'), ('TURTLEBOT3_MODEL', 'burger'), ('LC_ALL', 'C.UTF-8'), ('PYTHONPATH', '/home/ros/turtlebot3/DynamixelSDK/install/dynamixel_sdk_custom_interfaces/local/lib/python3.10/dist-packages:/home/ros/turtlebot3/turtlebot3_msgs-2.2.3/install/turtlebot3_msgs/local/lib/python3.10/dist-packages:/opt/ros/humble/lib/python3.10/site-packages:/opt/ros/humble/local/lib/python3.10/dist-packages'), ('COLCON', '1'), ('CMAKE_PREFIX_PATH', '/home/ros/turtlebot3/DynamixelSDK/install/dynamixel_sdk_examples:/home/ros/turtlebot3/DynamixelSDK/install/dynamixel_sdk_custom_interfaces:/home/ros/turtlebot3/DynamixelSDK/install/dynamixel_sdk:/home/ros/turtlebot3/turtlebot3_msgs-2.2.3/install/turtlebot3_msgs:/home/ros/turtlebot3/turtlebot3_simulations-2.2.5/install/turtlebot3_simulations:/home/ros/turtlebot3/turtlebot3_simulations-2.2.5/install/turtlebot3_gazebo:/home/ros/turtlebot3/turtlebot3_simulations-2.2.5/install/turtlebot3_fake_node:/opt/ros/humble')]), 'shell': False}
[0.351255] (turtlebot3_fake_node) StdoutLine: {'line': b'-- Install configuration: ""\n'}
[0.351712] (turtlebot3_fake_node) StdoutLine: {'line': b'-- Execute custom install script\n'}
[0.352082] (turtlebot3_fake_node) StdoutLine: {'line': b'-- Up-to-date symlink: /home/ros/turtlebot3/turtlebot3_simulations-2.2.5/install/turtlebot3_fake_node/lib/turtlebot3_fake_node/turtlebot3_fake_node\n'}
[0.352451] (turtlebot3_fake_node) StdoutLine: {'line': b'-- Up-to-date symlink: /home/ros/turtlebot3/turtlebot3_simulations-2.2.5/install/turtlebot3_fake_node/share/turtlebot3_fake_node/launch/rviz2.launch.py\n'}
[0.352616] (turtlebot3_fake_node) StdoutLine: {'line': b'-- Up-to-date symlink: /home/ros/turtlebot3/turtlebot3_simulations-2.2.5/install/turtlebot3_fake_node/share/turtlebot3_fake_node/launch/turtlebot3_fake_node.launch.py\n'}
[0.352914] (turtlebot3_fake_node) StdoutLine: {'line': b'-- Up-to-date symlink: /home/ros/turtlebot3/turtlebot3_simulations-2.2.5/install/turtlebot3_fake_node/share/turtlebot3_fake_node/param/burger.yaml\n'}
[0.353055] (turtlebot3_fake_node) StdoutLine: {'line': b'-- Up-to-date symlink: /home/ros/turtlebot3/turtlebot3_simulations-2.2.5/install/turtlebot3_fake_node/share/turtlebot3_fake_node/param/waffle.yaml\n'}
[0.353248] (turtlebot3_fake_node) StdoutLine: {'line': b'-- Up-to-date symlink: /home/ros/turtlebot3/turtlebot3_simulations-2.2.5/install/turtlebot3_fake_node/share/turtlebot3_fake_node/param/waffle_pi.yaml\n'}
[0.353576] (turtlebot3_fake_node) StdoutLine: {'line': b'-- Up-to-date symlink: /home/ros/turtlebot3/turtlebot3_simulations-2.2.5/install/turtlebot3_fake_node/include//turtlebot3_fake_node/turtlebot3_fake_node.hpp\n'}
[0.353818] (turtlebot3_fake_node) StdoutLine: {'line': b'-- Up-to-date symlink: /home/ros/turtlebot3/turtlebot3_simulations-2.2.5/install/turtlebot3_fake_node/share/ament_index/resource_index/package_run_dependencies/turtlebot3_fake_node\n'}
[0.354025] (turtlebot3_fake_node) StdoutLine: {'line': b'-- Up-to-date symlink: /home/ros/turtlebot3/turtlebot3_simulations-2.2.5/install/turtlebot3_fake_node/share/ament_index/resource_index/parent_prefix_path/turtlebot3_fake_node\n'}
[0.354231] (turtlebot3_fake_node) StdoutLine: {'line': b'-- Up-to-date symlink: /home/ros/turtlebot3/turtlebot3_simulations-2.2.5/install/turtlebot3_fake_node/share/turtlebot3_fake_node/environment/ament_prefix_path.sh\n'}
[0.354428] (turtlebot3_fake_node) StdoutLine: {'line': b'-- Up-to-date symlink: /home/ros/turtlebot3/turtlebot3_simulations-2.2.5/install/turtlebot3_fake_node/share/turtlebot3_fake_node/environment/ament_prefix_path.dsv\n'}
[0.354631] (turtlebot3_fake_node) StdoutLine: {'line': b'-- Up-to-date symlink: /home/ros/turtlebot3/turtlebot3_simulations-2.2.5/install/turtlebot3_fake_node/share/turtlebot3_fake_node/environment/path.sh\n'}
[0.354843] (turtlebot3_fake_node) StdoutLine: {'line': b'-- Up-to-date symlink: /home/ros/turtlebot3/turtlebot3_simulations-2.2.5/install/turtlebot3_fake_node/share/turtlebot3_fake_node/environment/path.dsv\n'}
[0.355043] (turtlebot3_fake_node) StdoutLine: {'line': b'-- Up-to-date symlink: /home/ros/turtlebot3/turtlebot3_simulations-2.2.5/install/turtlebot3_fake_node/share/turtlebot3_fake_node/local_setup.bash\n'}
[0.355240] (turtlebot3_fake_node) StdoutLine: {'line': b'-- Up-to-date symlink: /home/ros/turtlebot3/turtlebot3_simulations-2.2.5/install/turtlebot3_fake_node/share/turtlebot3_fake_node/local_setup.sh\n'}
[0.355429] (turtlebot3_fake_node) StdoutLine: {'line': b'-- Up-to-date symlink: /home/ros/turtlebot3/turtlebot3_simulations-2.2.5/install/turtlebot3_fake_node/share/turtlebot3_fake_node/local_setup.zsh\n'}
[0.355616] (turtlebot3_fake_node) StdoutLine: {'line': b'-- Up-to-date symlink: /home/ros/turtlebot3/turtlebot3_simulations-2.2.5/install/turtlebot3_fake_node/share/turtlebot3_fake_node/local_setup.dsv\n'}
[0.355798] (turtlebot3_fake_node) StdoutLine: {'line': b'-- Symlinking: /home/ros/turtlebot3/turtlebot3_simulations-2.2.5/install/turtlebot3_fake_node/share/turtlebot3_fake_node/package.dsv\n'}
[0.364521] (turtlebot3_fake_node) StdoutLine: {'line': b'-- Up-to-date symlink: /home/ros/turtlebot3/turtlebot3_simulations-2.2.5/install/turtlebot3_fake_node/share/ament_index/resource_index/packages/turtlebot3_fake_node\n'}
[0.364781] (turtlebot3_fake_node) StdoutLine: {'line': b'-- Up-to-date symlink: /home/ros/turtlebot3/turtlebot3_simulations-2.2.5/install/turtlebot3_fake_node/share/turtlebot3_fake_node/cmake/ament_cmake_export_include_directories-extras.cmake\n'}
[0.364946] (turtlebot3_fake_node) StdoutLine: {'line': b'-- Up-to-date symlink: /home/ros/turtlebot3/turtlebot3_simulations-2.2.5/install/turtlebot3_fake_node/share/turtlebot3_fake_node/cmake/ament_cmake_export_dependencies-extras.cmake\n'}
[0.365180] (turtlebot3_fake_node) StdoutLine: {'line': b'-- Up-to-date symlink: /home/ros/turtlebot3/turtlebot3_simulations-2.2.5/install/turtlebot3_fake_node/share/turtlebot3_fake_node/cmake/turtlebot3_fake_nodeConfig.cmake\n'}
[0.365336] (turtlebot3_fake_node) StdoutLine: {'line': b'-- Up-to-date symlink: /home/ros/turtlebot3/turtlebot3_simulations-2.2.5/install/turtlebot3_fake_node/share/turtlebot3_fake_node/cmake/turtlebot3_fake_nodeConfig-version.cmake\n'}
[0.365528] (turtlebot3_fake_node) StdoutLine: {'line': b'-- Up-to-date symlink: /home/ros/turtlebot3/turtlebot3_simulations-2.2.5/install/turtlebot3_fake_node/share/turtlebot3_fake_node/package.xml\n'}
[0.367480] (turtlebot3_fake_node) CommandEnded: {'returncode': 0}
[0.400342] (-) TimerEvent: {}
[0.426964] (turtlebot3_gazebo) StdoutLine: {'line': b'-- Override CMake install command with custom implementation using symlinks instead of copying resources\n'}
[0.441144] (turtlebot3_gazebo) StderrLine: {'line': b'\x1b[33mCMake Warning (dev) at /usr/share/cmake-3.22/Modules/FindPackageHandleStandardArgs.cmake:438 (message):\n'}
[0.441709] (turtlebot3_gazebo) StderrLine: {'line': b'  The package name passed to `find_package_handle_standard_args` (PkgConfig)\n'}
[0.441926] (turtlebot3_gazebo) StderrLine: {'line': b'  does not match the name of the calling package (gazebo).  This can lead to\n'}
[0.442044] (turtlebot3_gazebo) StderrLine: {'line': b'  problems in calling code that expects `find_package` result variables\n'}
[0.442141] (turtlebot3_gazebo) StderrLine: {'line': b'  (e.g., `_FOUND`) to follow a certain pattern.\n'}
[0.442237] (turtlebot3_gazebo) StderrLine: {'line': b'Call Stack (most recent call first):\n'}
[0.442342] (turtlebot3_gazebo) StderrLine: {'line': b'  /usr/share/cmake-3.22/Modules/FindPkgConfig.cmake:99 (find_package_handle_standard_args)\n'}
[0.442443] (turtlebot3_gazebo) StderrLine: {'line': b'  /usr/lib/x86_64-linux-gnu/cmake/gazebo/gazebo-config.cmake:72 (include)\n'}
[0.442537] (turtlebot3_gazebo) StderrLine: {'line': b'  CMakeLists.txt:23 (find_package)\n'}
[0.442631] (turtlebot3_gazebo) StderrLine: {'line': b'This warning is for project developers.  Use -Wno-dev to suppress it.\n'}
[0.442732] (turtlebot3_gazebo) StderrLine: {'line': b'\x1b[0m\n'}
[0.470556] (turtlebot3_gazebo) StdoutLine: {'line': b'-- Found DART: /usr/include (Required is at least version "6.6") found components: dart \n'}
[0.500451] (-) TimerEvent: {}
[0.502966] (turtlebot3_gazebo) StdoutLine: {'line': b'-- Found Protobuf: /usr/lib/x86_64-linux-gnu/libprotobuf.so (found version "3.12.4") \n'}
[0.504749] (turtlebot3_gazebo) StdoutLine: {'line': b'-- Looking for ignition-math6 -- found version 6.15.0\n'}
[0.509800] (turtlebot3_gazebo) StdoutLine: {'line': b'-- Searching for dependencies of ignition-math6\n'}
[0.511738] (turtlebot3_gazebo) StdoutLine: {'line': b'-- Looking for OGRE...\n'}
[0.518965] (turtlebot3_gazebo) StdoutLine: {'line': b'-- Found Ogre Ghadamon (1.9.0)\n'}
[0.519306] (turtlebot3_gazebo) StdoutLine: {'line': b'-- Found OGRE: optimized;/usr/lib/x86_64-linux-gnu/libOgreMain.so;debug;/usr/lib/x86_64-linux-gnu/libOgreMain.so\n'}
[0.533617] (turtlebot3_gazebo) StdoutLine: {'line': b'-- Looking for OGRE_Paging...\n'}
[0.534015] (turtlebot3_gazebo) StdoutLine: {'line': b'-- Found OGRE_Paging: optimized;/usr/lib/x86_64-linux-gnu/libOgrePaging.so;debug;/usr/lib/x86_64-linux-gnu/libOgrePaging.so\n'}
[0.534416] (turtlebot3_gazebo) StdoutLine: {'line': b'-- Looking for OGRE_Terrain...\n'}
[0.534607] (turtlebot3_gazebo) StdoutLine: {'line': b'-- Found OGRE_Terrain: optimized;/usr/lib/x86_64-linux-gnu/libOgreTerrain.so;debug;/usr/lib/x86_64-linux-gnu/libOgreTerrain.so\n'}
[0.534782] (turtlebot3_gazebo) StdoutLine: {'line': b'-- Looking for OGRE_Property...\n'}
[0.535157] (turtlebot3_gazebo) StdoutLine: {'line': b'-- Found OGRE_Property: optimized;/usr/lib/x86_64-linux-gnu/libOgreProperty.so;debug;/usr/lib/x86_64-linux-gnu/libOgreProperty.so\n'}
[0.535277] (turtlebot3_gazebo) StdoutLine: {'line': b'-- Looking for OGRE_RTShaderSystem...\n'}
[0.535695] (turtlebot3_gazebo) StdoutLine: {'line': b'-- Found OGRE_RTShaderSystem: optimized;/usr/lib/x86_64-linux-gnu/libOgreRTShaderSystem.so;debug;/usr/lib/x86_64-linux-gnu/libOgreRTShaderSystem.so\n'}
[0.535831] (turtlebot3_gazebo) StdoutLine: {'line': b'-- Looking for OGRE_Volume...\n'}
[0.536042] (turtlebot3_gazebo) StdoutLine: {'line': b'-- Found OGRE_Volume: optimized;/usr/lib/x86_64-linux-gnu/libOgreVolume.so;debug;/usr/lib/x86_64-linux-gnu/libOgreVolume.so\n'}
[0.536590] (turtlebot3_gazebo) StdoutLine: {'line': b'-- Looking for OGRE_Overlay...\n'}
[0.536794] (turtlebot3_gazebo) StdoutLine: {'line': b'-- Found OGRE_Overlay: optimized;/usr/lib/x86_64-linux-gnu/libOgreOverlay.so;debug;/usr/lib/x86_64-linux-gnu/libOgreOverlay.so\n'}
[0.537254] (turtlebot3_fake_node) JobEnded: {'identifier': 'turtlebot3_fake_node', 'rc': 0}
[0.600645] (-) TimerEvent: {}
[0.664709] (turtlebot3_gazebo) StdoutLine: {'line': b'-- Looking for ignition-math6 -- found version 6.15.0\n'}
[0.665102] (turtlebot3_gazebo) StdoutLine: {'line': b'-- Looking for ignition-transport8 -- found version 8.2.1\n'}
[0.665660] (turtlebot3_gazebo) StdoutLine: {'line': b'-- Searching for dependencies of ignition-transport8\n'}
[0.688358] (turtlebot3_gazebo) StdoutLine: {'line': b'-- Found Protobuf: /usr/lib/x86_64-linux-gnu/libprotobuf.so (found suitable version "3.12.4", minimum required is "3") \n'}
[0.700820] (-) TimerEvent: {}
[0.703361] (turtlebot3_gazebo) StdoutLine: {'line': b'-- Config-file not installed for ZeroMQ -- checking for pkg-config\n'}
[0.707806] (turtlebot3_gazebo) StdoutLine: {'line': b"-- Checking for module 'libzmq >= 4'\n"}
[0.719870] (turtlebot3_gazebo) StdoutLine: {'line': b'--   Found libzmq , version 4.3.4\n'}
[0.757703] (turtlebot3_gazebo) StdoutLine: {'line': b"-- Checking for module 'uuid'\n"}
[0.769198] (turtlebot3_gazebo) StdoutLine: {'line': b'--   Found uuid, version 2.37.2\n'}
[0.796594] (turtlebot3_gazebo) StdoutLine: {'line': b'-- Looking for ignition-msgs5 -- found version 5.8.1\n'}
[0.796898] (turtlebot3_gazebo) StdoutLine: {'line': b'-- Searching for dependencies of ignition-msgs5\n'}
[0.800927] (-) TimerEvent: {}
[0.819892] (turtlebot3_gazebo) StdoutLine: {'line': b'-- Looking for ignition-math6 -- found version 6.15.0\n'}
[0.824446] (turtlebot3_gazebo) StdoutLine: {'line': b"-- Checking for module 'tinyxml2'\n"}
[0.837913] (turtlebot3_gazebo) StdoutLine: {'line': b'--   Found tinyxml2, version 9.0.0\n'}
[0.868307] (turtlebot3_gazebo) StdoutLine: {'line': b'-- Looking for ignition-msgs5 -- found version 5.8.1\n'}
[0.868539] (turtlebot3_gazebo) StdoutLine: {'line': b'-- Looking for ignition-common3 -- found version 3.14.0\n'}
[0.869044] (turtlebot3_gazebo) StdoutLine: {'line': b'-- Searching for dependencies of ignition-common3\n'}
[0.869173] (turtlebot3_gazebo) StdoutLine: {'line': b'-- Looking for dlfcn.h - found\n'}
[0.869269] (turtlebot3_gazebo) StdoutLine: {'line': b'-- Looking for libdl - found\n'}
[0.879110] (turtlebot3_gazebo) StdoutLine: {'line': b'-- Searching for <ignition-common3> component [graphics]\n'}
[0.879321] (turtlebot3_gazebo) StdoutLine: {'line': b'-- Looking for ignition-common3-graphics -- found version 3.14.0\n'}
[0.879827] (turtlebot3_gazebo) StdoutLine: {'line': b'-- Searching for dependencies of ignition-common3-graphics\n'}
[0.880058] (turtlebot3_gazebo) StdoutLine: {'line': b'-- Looking for ignition-math6 -- found version 6.15.0\n'}
[0.880954] (turtlebot3_gazebo) StdoutLine: {'line': b'-- Looking for ignition-fuel_tools4 -- found version 4.4.0\n'}
[0.881395] (turtlebot3_gazebo) StdoutLine: {'line': b'-- Searching for dependencies of ignition-fuel_tools4\n'}
[0.901081] (-) TimerEvent: {}
[0.921276] (turtlebot3_gazebo) StdoutLine: {'line': b"-- Checking for module 'jsoncpp'\n"}
[0.934896] (turtlebot3_gazebo) StdoutLine: {'line': b'--   Found jsoncpp, version 1.9.5\n'}
[0.977924] (turtlebot3_gazebo) StdoutLine: {'line': b"-- Checking for module 'libzip'\n"}
[0.993630] (turtlebot3_gazebo) StdoutLine: {'line': b'--   Found libzip, version 1.7.3\n'}
[1.001171] (-) TimerEvent: {}
[1.033470] (turtlebot3_gazebo) StdoutLine: {'line': b'-- Looking for ignition-common3 -- found version 3.14.0\n'}
[1.033913] (turtlebot3_gazebo) StdoutLine: {'line': b'-- Looking for ignition-math6 -- found version 6.15.0\n'}
[1.034343] (turtlebot3_gazebo) StdoutLine: {'line': b'-- Looking for ignition-msgs5 -- found version 5.8.1\n'}
[1.040937] (turtlebot3_gazebo) StdoutLine: {'line': b'-- Found gazebo_ros_pkgs: 3.7.0 (/opt/ros/humble/share/gazebo_ros_pkgs/cmake)\n'}
[1.042233] (turtlebot3_gazebo) StdoutLine: {'line': b'-- Found geometry_msgs: 4.2.3 (/opt/ros/humble/share/geometry_msgs/cmake)\n'}
[1.074266] (turtlebot3_gazebo) StdoutLine: {'line': b'-- Found rosidl_generator_c: 3.1.5 (/opt/ros/humble/share/rosidl_generator_c/cmake)\n'}
[1.078929] (turtlebot3_gazebo) StdoutLine: {'line': b'-- Found rosidl_adapter: 3.1.5 (/opt/ros/humble/share/rosidl_adapter/cmake)\n'}
[1.087843] (turtlebot3_gazebo) StdoutLine: {'line': b'-- Found rosidl_generator_cpp: 3.1.5 (/opt/ros/humble/share/rosidl_generator_cpp/cmake)\n'}
[1.101216] (turtlebot3_gazebo) StdoutLine: {'line': b'-- Using all available rosidl_typesupport_c: rosidl_typesupport_fastrtps_c;rosidl_typesupport_introspection_c\n'}
[1.101387] (-) TimerEvent: {}
[1.119036] (turtlebot3_gazebo) StdoutLine: {'line': b'-- Using all available rosidl_typesupport_cpp: rosidl_typesupport_fastrtps_cpp;rosidl_typesupport_introspection_cpp\n'}
[1.201521] (-) TimerEvent: {}
[1.231777] (turtlebot3_gazebo) StdoutLine: {'line': b'-- Found nav_msgs: 4.2.3 (/opt/ros/humble/share/nav_msgs/cmake)\n'}
[1.301693] (-) TimerEvent: {}
[1.306074] (turtlebot3_gazebo) StdoutLine: {'line': b'-- Found rclcpp: 16.0.6 (/opt/ros/humble/share/rclcpp/cmake)\n'}
[1.357377] (turtlebot3_gazebo) StdoutLine: {'line': b'-- Found rmw_implementation_cmake: 6.1.1 (/opt/ros/humble/share/rmw_implementation_cmake/cmake)\n'}
[1.359882] (turtlebot3_gazebo) StdoutLine: {'line': b'-- Found rmw_fastrtps_cpp: 6.2.4 (/opt/ros/humble/share/rmw_fastrtps_cpp/cmake)\n'}
[1.401824] (-) TimerEvent: {}
[1.502124] (-) TimerEvent: {}
[1.502658] (turtlebot3_gazebo) StdoutLine: {'line': b"-- Using RMW implementation 'rmw_fastrtps_cpp' as default\n"}
[1.602241] (-) TimerEvent: {}
[1.626998] (turtlebot3_gazebo) StdoutLine: {'line': b'-- Found sensor_msgs: 4.2.3 (/opt/ros/humble/share/sensor_msgs/cmake)\n'}
[1.702372] (-) TimerEvent: {}
[1.716237] (turtlebot3_gazebo) StdoutLine: {'line': b'-- Found tf2: 0.25.4 (/opt/ros/humble/share/tf2/cmake)\n'}
[1.802478] (-) TimerEvent: {}
[1.808709] (turtlebot3_gazebo) StdoutLine: {'line': b'-- Configuring done\n'}
[1.847298] (turtlebot3_gazebo) StdoutLine: {'line': b'-- Generating done\n'}
[1.849549] (turtlebot3_gazebo) StdoutLine: {'line': b'-- Build files have been written to: /home/ros/turtlebot3/turtlebot3_simulations-2.2.5/build/turtlebot3_gazebo\n'}
[1.877314] (turtlebot3_gazebo) StdoutLine: {'line': b'\x1b[35m\x1b[1mConsolidate compiler generated dependencies of target turtlebot3_drive\x1b[0m\n'}
[1.879089] (turtlebot3_gazebo) StdoutLine: {'line': b'\x1b[35m\x1b[1mConsolidate compiler generated dependencies of target obstacles\x1b[0m\n'}
[1.879478] (turtlebot3_gazebo) StdoutLine: {'line': b'\x1b[35m\x1b[1mConsolidate compiler generated dependencies of target obstacle1\x1b[0m\n'}
[1.880363] (turtlebot3_gazebo) StdoutLine: {'line': b'\x1b[35m\x1b[1mConsolidate compiler generated dependencies of target obstacle2\x1b[0m\n'}
[1.903419] (turtlebot3_gazebo) StdoutLine: {'line': b'[ 25%] Built target turtlebot3_drive\n'}
[1.903654] (-) TimerEvent: {}
[1.983582] (turtlebot3_gazebo) StdoutLine: {'line': b'[ 50%] Built target obstacle2\n'}
[1.983946] (turtlebot3_gazebo) StdoutLine: {'line': b'[ 75%] Built target obstacle1\n'}
[1.986050] (turtlebot3_gazebo) StdoutLine: {'line': b'[100%] Built target obstacles\n'}
[1.996299] (turtlebot3_gazebo) CommandEnded: {'returncode': 0}
[2.003780] (-) TimerEvent: {}
[2.030377] (turtlebot3_gazebo) JobProgress: {'identifier': 'turtlebot3_gazebo', 'progress': 'install'}
[2.031112] (turtlebot3_gazebo) Command: {'cmd': ['/usr/bin/cmake', '--install', '/home/ros/turtlebot3/turtlebot3_simulations-2.2.5/build/turtlebot3_gazebo'], 'cwd': '/home/ros/turtlebot3/turtlebot3_simulations-2.2.5/build/turtlebot3_gazebo', 'env': OrderedDict([('HOSTNAME', 'envy-13'), ('IGNITION_VERSION', 'fortress'), ('SHLVL', '1'), ('LD_LIBRARY_PATH', '/home/ros/turtlebot3/DynamixelSDK/install/dynamixel_sdk_custom_interfaces/lib:/home/ros/turtlebot3/DynamixelSDK/install/dynamixel_sdk/lib:/home/ros/turtlebot3/turtlebot3_msgs-2.2.3/install/turtlebot3_msgs/lib:/opt/ros/humble/opt/rviz_ogre_vendor/lib:/opt/ros/humble/lib/x86_64-linux-gnu:/opt/ros/humble/lib'), ('HOME', '/home/ros'), ('OLDPWD', '/home/ros'), ('ROS_PYTHON_VERSION', '3'), ('COLCON_PREFIX_PATH', '/home/ros/turtlebot3/turtlebot3-2.1.5/install:/home/ros/turtlebot3/turtlebot3_msgs-2.2.3/install:/home/ros/turtlebot3/turtlebot3_simulations-2.2.5/install:/home/ros/turtlebot3/DynamixelSDK/install'), ('ROS_DISTRO', 'humble'), ('_', '/usr/bin/colcon'), ('ROS_VERSION', '2'), ('TERM', 'xterm'), ('ROS_LOCALHOST_ONLY', '0'), ('QT_X11_NO_MITSHM', '1'), ('PATH', '/opt/ros/humble/bin:/usr/local/sbin:/usr/local/bin:/usr/sbin:/usr/bin:/sbin:/bin'), ('RUNLEVEL', '3'), ('XDG_RUNTIME_DIR', '/tmp/runtime-ros'), ('DISPLAY', 'unix:0'), ('LANG', 'C.UTF-8'), ('AMENT_PREFIX_PATH', '/home/ros/turtlebot3/DynamixelSDK/install/dynamixel_sdk_examples:/home/ros/turtlebot3/DynamixelSDK/install/dynamixel_sdk_custom_interfaces:/home/ros/turtlebot3/DynamixelSDK/install/dynamixel_sdk:/home/ros/turtlebot3/turtlebot3_msgs-2.2.3/install/turtlebot3_msgs:/home/ros/turtlebot3/turtlebot3_simulations-2.2.5/install/turtlebot3_simulations:/home/ros/turtlebot3/turtlebot3_simulations-2.2.5/install/turtlebot3_gazebo:/home/ros/turtlebot3/turtlebot3_simulations-2.2.5/install/turtlebot3_fake_node:/opt/ros/humble'), ('PWD', '/home/ros/turtlebot3/turtlebot3_simulations-2.2.5/build/turtlebot3_gazebo'), ('TURTLEBOT3_MODEL', 'burger'), ('LC_ALL', 'C.UTF-8'), ('PYTHONPATH', '/home/ros/turtlebot3/DynamixelSDK/install/dynamixel_sdk_custom_interfaces/local/lib/python3.10/dist-packages:/home/ros/turtlebot3/turtlebot3_msgs-2.2.3/install/turtlebot3_msgs/local/lib/python3.10/dist-packages:/opt/ros/humble/lib/python3.10/site-packages:/opt/ros/humble/local/lib/python3.10/dist-packages'), ('COLCON', '1'), ('CMAKE_PREFIX_PATH', '/home/ros/turtlebot3/DynamixelSDK/install/dynamixel_sdk_examples:/home/ros/turtlebot3/DynamixelSDK/install/dynamixel_sdk_custom_interfaces:/home/ros/turtlebot3/DynamixelSDK/install/dynamixel_sdk:/home/ros/turtlebot3/turtlebot3_msgs-2.2.3/install/turtlebot3_msgs:/home/ros/turtlebot3/turtlebot3_simulations-2.2.5/install/turtlebot3_simulations:/home/ros/turtlebot3/turtlebot3_simulations-2.2.5/install/turtlebot3_gazebo:/home/ros/turtlebot3/turtlebot3_simulations-2.2.5/install/turtlebot3_fake_node:/opt/ros/humble')]), 'shell': False}
[2.041711] (turtlebot3_gazebo) StdoutLine: {'line': b'-- Install configuration: ""\n'}
[2.042297] (turtlebot3_gazebo) StdoutLine: {'line': b'-- Execute custom install script\n'}
[2.042689] (turtlebot3_gazebo) StdoutLine: {'line': b'-- Up-to-date symlink: /home/ros/turtlebot3/turtlebot3_simulations-2.2.5/install/turtlebot3_gazebo/lib/turtlebot3_gazebo/turtlebot3_drive\n'}
[2.043174] (turtlebot3_gazebo) StdoutLine: {'line': b'-- Up-to-date symlink: /home/ros/turtlebot3/turtlebot3_simulations-2.2.5/install/turtlebot3_gazebo/share/turtlebot3_gazebo//launch/empty_world.launch.py\n'}
[2.043339] (turtlebot3_gazebo) StdoutLine: {'line': b'-- Up-to-date symlink: /home/ros/turtlebot3/turtlebot3_simulations-2.2.5/install/turtlebot3_gazebo/share/turtlebot3_gazebo//launch/robot_state_publisher.launch.py\n'}
[2.043480] (turtlebot3_gazebo) StdoutLine: {'line': b'-- Up-to-date symlink: /home/ros/turtlebot3/turtlebot3_simulations-2.2.5/install/turtlebot3_gazebo/share/turtlebot3_gazebo//launch/spawn_turtlebot3.launch.py\n'}
[2.043671] (turtlebot3_gazebo) StdoutLine: {'line': b'-- Up-to-date symlink: /home/ros/turtlebot3/turtlebot3_simulations-2.2.5/install/turtlebot3_gazebo/share/turtlebot3_gazebo//launch/turtlebot3_dqn_stage1.launch.py\n'}
[2.043786] (turtlebot3_gazebo) StdoutLine: {'line': b'-- Up-to-date symlink: /home/ros/turtlebot3/turtlebot3_simulations-2.2.5/install/turtlebot3_gazebo/share/turtlebot3_gazebo//launch/turtlebot3_dqn_stage2.launch.py\n'}
[2.043883] (turtlebot3_gazebo) StdoutLine: {'line': b'-- Up-to-date symlink: /home/ros/turtlebot3/turtlebot3_simulations-2.2.5/install/turtlebot3_gazebo/share/turtlebot3_gazebo//launch/turtlebot3_dqn_stage3.launch.py\n'}
[2.043975] (turtlebot3_gazebo) StdoutLine: {'line': b'-- Up-to-date symlink: /home/ros/turtlebot3/turtlebot3_simulations-2.2.5/install/turtlebot3_gazebo/share/turtlebot3_gazebo//launch/turtlebot3_dqn_stage4.launch.py\n'}
[2.044105] (turtlebot3_gazebo) StdoutLine: {'line': b'-- Up-to-date symlink: /home/ros/turtlebot3/turtlebot3_simulations-2.2.5/install/turtlebot3_gazebo/share/turtlebot3_gazebo//launch/turtlebot3_house.launch.py\n'}
[2.044217] (turtlebot3_gazebo) StdoutLine: {'line': b'-- Up-to-date symlink: /home/ros/turtlebot3/turtlebot3_simulations-2.2.5/install/turtlebot3_gazebo/share/turtlebot3_gazebo//launch/turtlebot3_world.launch.py\n'}
[2.045077] (turtlebot3_gazebo) StdoutLine: {'line': b'-- Up-to-date symlink: /home/ros/turtlebot3/turtlebot3_simulations-2.2.5/install/turtlebot3_gazebo/share/turtlebot3_gazebo//models/turtlebot3_burger/model-1_4.sdf\n'}
[2.045311] (turtlebot3_gazebo) StdoutLine: {'line': b'-- Up-to-date symlink: /home/ros/turtlebot3/turtlebot3_simulations-2.2.5/install/turtlebot3_gazebo/share/turtlebot3_gazebo//models/turtlebot3_burger/model.config\n'}
[2.045441] (turtlebot3_gazebo) StdoutLine: {'line': b'-- Up-to-date symlink: /home/ros/turtlebot3/turtlebot3_simulations-2.2.5/install/turtlebot3_gazebo/share/turtlebot3_gazebo//models/turtlebot3_burger/model.sdf\n'}
[2.045592] (turtlebot3_gazebo) StdoutLine: {'line': b'-- Up-to-date symlink: /home/ros/turtlebot3/turtlebot3_simulations-2.2.5/install/turtlebot3_gazebo/share/turtlebot3_gazebo//models/turtlebot3_common/meshes/burger_base.dae\n'}
[2.045780] (turtlebot3_gazebo) StdoutLine: {'line': b'-- Up-to-date symlink: /home/ros/turtlebot3/turtlebot3_simulations-2.2.5/install/turtlebot3_gazebo/share/turtlebot3_gazebo//models/turtlebot3_common/meshes/lds.dae\n'}
[2.045983] (turtlebot3_gazebo) StdoutLine: {'line': b'-- Up-to-date symlink: /home/ros/turtlebot3/turtlebot3_simulations-2.2.5/install/turtlebot3_gazebo/share/turtlebot3_gazebo//models/turtlebot3_common/meshes/r200.dae\n'}
[2.046167] (turtlebot3_gazebo) StdoutLine: {'line': b'-- Up-to-date symlink: /home/ros/turtlebot3/turtlebot3_simulations-2.2.5/install/turtlebot3_gazebo/share/turtlebot3_gazebo//models/turtlebot3_common/meshes/tire.dae\n'}
[2.046337] (turtlebot3_gazebo) StdoutLine: {'line': b'-- Up-to-date symlink: /home/ros/turtlebot3/turtlebot3_simulations-2.2.5/install/turtlebot3_gazebo/share/turtlebot3_gazebo//models/turtlebot3_common/meshes/waffle_base.dae\n'}
[2.046754] (turtlebot3_gazebo) StdoutLine: {'line': b'-- Up-to-date symlink: /home/ros/turtlebot3/turtlebot3_simulations-2.2.5/install/turtlebot3_gazebo/share/turtlebot3_gazebo//models/turtlebot3_common/meshes/waffle_pi_base.dae\n'}
[2.046939] (turtlebot3_gazebo) StdoutLine: {'line': b'-- Up-to-date symlink: /home/ros/turtlebot3/turtlebot3_simulations-2.2.5/install/turtlebot3_gazebo/share/turtlebot3_gazebo//models/turtlebot3_common/model.config\n'}
[2.047099] (turtlebot3_gazebo) StdoutLine: {'line': b'-- Up-to-date symlink: /home/ros/turtlebot3/turtlebot3_simulations-2.2.5/install/turtlebot3_gazebo/share/turtlebot3_gazebo//models/turtlebot3_dqn_world/goal_box/model.config\n'}
[2.047221] (turtlebot3_gazebo) StdoutLine: {'line': b'-- Up-to-date symlink: /home/ros/turtlebot3/turtlebot3_simulations-2.2.5/install/turtlebot3_gazebo/share/turtlebot3_gazebo//models/turtlebot3_dqn_world/goal_box/model.sdf\n'}
[2.047347] (turtlebot3_gazebo) StdoutLine: {'line': b'-- Up-to-date symlink: /home/ros/turtlebot3/turtlebot3_simulations-2.2.5/install/turtlebot3_gazebo/share/turtlebot3_gazebo//models/turtlebot3_dqn_world/inner_walls/model.config\n'}
[2.047455] (turtlebot3_gazebo) StdoutLine: {'line': b'-- Up-to-date symlink: /home/ros/turtlebot3/turtlebot3_simulations-2.2.5/install/turtlebot3_gazebo/share/turtlebot3_gazebo//models/turtlebot3_dqn_world/inner_walls/model.sdf\n'}
[2.047589] (turtlebot3_gazebo) StdoutLine: {'line': b'-- Up-to-date symlink: /home/ros/turtlebot3/turtlebot3_simulations-2.2.5/install/turtlebot3_gazebo/share/turtlebot3_gazebo//models/turtlebot3_dqn_world/model.config\n'}
[2.047711] (turtlebot3_gazebo) StdoutLine: {'line': b'-- Up-to-date symlink: /home/ros/turtlebot3/turtlebot3_simulations-2.2.5/install/turtlebot3_gazebo/share/turtlebot3_gazebo//models/turtlebot3_dqn_world/model.sdf\n'}
[2.047838] (turtlebot3_gazebo) StdoutLine: {'line': b'-- Up-to-date symlink: /home/ros/turtlebot3/turtlebot3_simulations-2.2.5/install/turtlebot3_gazebo/share/turtlebot3_gazebo//models/turtlebot3_dqn_world/obstacle1/model.config\n'}
[2.047955] (turtlebot3_gazebo) StdoutLine: {'line': b'-- Up-to-date symlink: /home/ros/turtlebot3/turtlebot3_simulations-2.2.5/install/turtlebot3_gazebo/share/turtlebot3_gazebo//models/turtlebot3_dqn_world/obstacle1/model.sdf\n'}
[2.048095] (turtlebot3_gazebo) StdoutLine: {'line': b'-- Up-to-date symlink: /home/ros/turtlebot3/turtlebot3_simulations-2.2.5/install/turtlebot3_gazebo/share/turtlebot3_gazebo//models/turtlebot3_dqn_world/obstacle2/model.config\n'}
[2.048250] (turtlebot3_gazebo) StdoutLine: {'line': b'-- Up-to-date symlink: /home/ros/turtlebot3/turtlebot3_simulations-2.2.5/install/turtlebot3_gazebo/share/turtlebot3_gazebo//models/turtlebot3_dqn_world/obstacle2/model.sdf\n'}
[2.048401] (turtlebot3_gazebo) StdoutLine: {'line': b'-- Up-to-date symlink: /home/ros/turtlebot3/turtlebot3_simulations-2.2.5/install/turtlebot3_gazebo/share/turtlebot3_gazebo//models/turtlebot3_dqn_world/obstacle_plugin/CMakeLists.txt\n'}
[2.048538] (turtlebot3_gazebo) StdoutLine: {'line': b'-- Up-to-date symlink: /home/ros/turtlebot3/turtlebot3_simulations-2.2.5/install/turtlebot3_gazebo/share/turtlebot3_gazebo//models/turtlebot3_dqn_world/obstacle_plugin/obstacle1.cc\n'}
[2.048666] (turtlebot3_gazebo) StdoutLine: {'line': b'-- Up-to-date symlink: /home/ros/turtlebot3/turtlebot3_simulations-2.2.5/install/turtlebot3_gazebo/share/turtlebot3_gazebo//models/turtlebot3_dqn_world/obstacle_plugin/obstacle2.cc\n'}
[2.048807] (turtlebot3_gazebo) StdoutLine: {'line': b'-- Up-to-date symlink: /home/ros/turtlebot3/turtlebot3_simulations-2.2.5/install/turtlebot3_gazebo/share/turtlebot3_gazebo//models/turtlebot3_dqn_world/obstacle_plugin/obstacles.cc\n'}
[2.048916] (turtlebot3_gazebo) StdoutLine: {'line': b'-- Up-to-date symlink: /home/ros/turtlebot3/turtlebot3_simulations-2.2.5/install/turtlebot3_gazebo/share/turtlebot3_gazebo//models/turtlebot3_dqn_world/obstacles/model.config\n'}
[2.049016] (turtlebot3_gazebo) StdoutLine: {'line': b'-- Up-to-date symlink: /home/ros/turtlebot3/turtlebot3_simulations-2.2.5/install/turtlebot3_gazebo/share/turtlebot3_gazebo//models/turtlebot3_dqn_world/obstacles/model.sdf\n'}
[2.049163] (turtlebot3_gazebo) StdoutLine: {'line': b'-- Up-to-date symlink: /home/ros/turtlebot3/turtlebot3_simulations-2.2.5/install/turtlebot3_gazebo/share/turtlebot3_gazebo//models/turtlebot3_house/model.config\n'}
[2.049489] (turtlebot3_gazebo) StdoutLine: {'line': b'-- Up-to-date symlink: /home/ros/turtlebot3/turtlebot3_simulations-2.2.5/install/turtlebot3_gazebo/share/turtlebot3_gazebo//models/turtlebot3_house/model.sdf\n'}
[2.049639] (turtlebot3_gazebo) StdoutLine: {'line': b'-- Up-to-date symlink: /home/ros/turtlebot3/turtlebot3_simulations-2.2.5/install/turtlebot3_gazebo/share/turtlebot3_gazebo//models/turtlebot3_waffle/model-1_4.sdf\n'}
[2.049770] (turtlebot3_gazebo) StdoutLine: {'line': b'-- Up-to-date symlink: /home/ros/turtlebot3/turtlebot3_simulations-2.2.5/install/turtlebot3_gazebo/share/turtlebot3_gazebo//models/turtlebot3_waffle/model.config\n'}
[2.049925] (turtlebot3_gazebo) StdoutLine: {'line': b'-- Up-to-date symlink: /home/ros/turtlebot3/turtlebot3_simulations-2.2.5/install/turtlebot3_gazebo/share/turtlebot3_gazebo//models/turtlebot3_waffle/model.sdf\n'}
[2.050105] (turtlebot3_gazebo) StdoutLine: {'line': b'-- Up-to-date symlink: /home/ros/turtlebot3/turtlebot3_simulations-2.2.5/install/turtlebot3_gazebo/share/turtlebot3_gazebo//models/turtlebot3_waffle_pi/model-1_4_.sdf\n'}
[2.050335] (turtlebot3_gazebo) StdoutLine: {'line': b'-- Up-to-date symlink: /home/ros/turtlebot3/turtlebot3_simulations-2.2.5/install/turtlebot3_gazebo/share/turtlebot3_gazebo//models/turtlebot3_waffle_pi/model.config\n'}
[2.050512] (turtlebot3_gazebo) StdoutLine: {'line': b'-- Up-to-date symlink: /home/ros/turtlebot3/turtlebot3_simulations-2.2.5/install/turtlebot3_gazebo/share/turtlebot3_gazebo//models/turtlebot3_waffle_pi/model.sdf\n'}
[2.050696] (turtlebot3_gazebo) StdoutLine: {'line': b'-- Up-to-date symlink: /home/ros/turtlebot3/turtlebot3_simulations-2.2.5/install/turtlebot3_gazebo/share/turtlebot3_gazebo//models/turtlebot3_world/meshes/hexagon.dae\n'}
[2.050942] (turtlebot3_gazebo) StdoutLine: {'line': b'-- Up-to-date symlink: /home/ros/turtlebot3/turtlebot3_simulations-2.2.5/install/turtlebot3_gazebo/share/turtlebot3_gazebo//models/turtlebot3_world/meshes/wall.dae\n'}
[2.051101] (turtlebot3_gazebo) StdoutLine: {'line': b'-- Up-to-date symlink: /home/ros/turtlebot3/turtlebot3_simulations-2.2.5/install/turtlebot3_gazebo/share/turtlebot3_gazebo//models/turtlebot3_world/model-1_4.sdf\n'}
[2.051240] (turtlebot3_gazebo) StdoutLine: {'line': b'-- Up-to-date symlink: /home/ros/turtlebot3/turtlebot3_simulations-2.2.5/install/turtlebot3_gazebo/share/turtlebot3_gazebo//models/turtlebot3_world/model.config\n'}
[2.051397] (turtlebot3_gazebo) StdoutLine: {'line': b'-- Up-to-date symlink: /home/ros/turtlebot3/turtlebot3_simulations-2.2.5/install/turtlebot3_gazebo/share/turtlebot3_gazebo//models/turtlebot3_world/model.sdf\n'}
[2.052114] (turtlebot3_gazebo) StdoutLine: {'line': b'-- Up-to-date symlink: /home/ros/turtlebot3/turtlebot3_simulations-2.2.5/install/turtlebot3_gazebo/share/turtlebot3_gazebo//rviz/tb3_gazebo.rviz\n'}
[2.052395] (turtlebot3_gazebo) StdoutLine: {'line': b'-- Up-to-date symlink: /home/ros/turtlebot3/turtlebot3_simulations-2.2.5/install/turtlebot3_gazebo/share/turtlebot3_gazebo//urdf/common_properties.urdf\n'}
[2.052559] (turtlebot3_gazebo) StdoutLine: {'line': b'-- Up-to-date symlink: /home/ros/turtlebot3/turtlebot3_simulations-2.2.5/install/turtlebot3_gazebo/share/turtlebot3_gazebo//urdf/turtlebot3_burger.urdf\n'}
[2.052692] (turtlebot3_gazebo) StdoutLine: {'line': b'-- Up-to-date symlink: /home/ros/turtlebot3/turtlebot3_simulations-2.2.5/install/turtlebot3_gazebo/share/turtlebot3_gazebo//urdf/turtlebot3_waffle.urdf\n'}
[2.052836] (turtlebot3_gazebo) StdoutLine: {'line': b'-- Up-to-date symlink: /home/ros/turtlebot3/turtlebot3_simulations-2.2.5/install/turtlebot3_gazebo/share/turtlebot3_gazebo//urdf/turtlebot3_waffle_pi.urdf\n'}
[2.053199] (turtlebot3_gazebo) StdoutLine: {'line': b'-- Up-to-date symlink: /home/ros/turtlebot3/turtlebot3_simulations-2.2.5/install/turtlebot3_gazebo/share/turtlebot3_gazebo//worlds/empty_world.world\n'}
[2.053566] (turtlebot3_gazebo) StdoutLine: {'line': b'-- Up-to-date symlink: /home/ros/turtlebot3/turtlebot3_simulations-2.2.5/install/turtlebot3_gazebo/share/turtlebot3_gazebo//worlds/turtlebot3_dqn_stage1.world\n'}
[2.053744] (turtlebot3_gazebo) StdoutLine: {'line': b'-- Up-to-date symlink: /home/ros/turtlebot3/turtlebot3_simulations-2.2.5/install/turtlebot3_gazebo/share/turtlebot3_gazebo//worlds/turtlebot3_dqn_stage2.world\n'}
[2.053898] (turtlebot3_gazebo) StdoutLine: {'line': b'-- Up-to-date symlink: /home/ros/turtlebot3/turtlebot3_simulations-2.2.5/install/turtlebot3_gazebo/share/turtlebot3_gazebo//worlds/turtlebot3_dqn_stage3.world\n'}
[2.054026] (turtlebot3_gazebo) StdoutLine: {'line': b'-- Up-to-date symlink: /home/ros/turtlebot3/turtlebot3_simulations-2.2.5/install/turtlebot3_gazebo/share/turtlebot3_gazebo//worlds/turtlebot3_dqn_stage4.world\n'}
[2.054128] (turtlebot3_gazebo) StdoutLine: {'line': b'-- Up-to-date symlink: /home/ros/turtlebot3/turtlebot3_simulations-2.2.5/install/turtlebot3_gazebo/share/turtlebot3_gazebo//worlds/turtlebot3_house.world\n'}
[2.054234] (turtlebot3_gazebo) StdoutLine: {'line': b'-- Up-to-date symlink: /home/ros/turtlebot3/turtlebot3_simulations-2.2.5/install/turtlebot3_gazebo/share/turtlebot3_gazebo//worlds/turtlebot3_world.world\n'}
[2.054428] (turtlebot3_gazebo) StdoutLine: {'line': b'-- Up-to-date symlink: /home/ros/turtlebot3/turtlebot3_simulations-2.2.5/install/turtlebot3_gazebo/include//turtlebot3_gazebo/turtlebot3_drive.hpp\n'}
[2.054630] (turtlebot3_gazebo) StdoutLine: {'line': b'-- Up-to-date symlink: /home/ros/turtlebot3/turtlebot3_simulations-2.2.5/install/turtlebot3_gazebo/share/ament_index/resource_index/package_run_dependencies/turtlebot3_gazebo\n'}
[2.054891] (turtlebot3_gazebo) StdoutLine: {'line': b'-- Up-to-date symlink: /home/ros/turtlebot3/turtlebot3_simulations-2.2.5/install/turtlebot3_gazebo/share/ament_index/resource_index/parent_prefix_path/turtlebot3_gazebo\n'}
[2.055179] (turtlebot3_gazebo) StdoutLine: {'line': b'-- Up-to-date symlink: /home/ros/turtlebot3/turtlebot3_simulations-2.2.5/install/turtlebot3_gazebo/share/turtlebot3_gazebo/environment/ament_prefix_path.sh\n'}
[2.055375] (turtlebot3_gazebo) StdoutLine: {'line': b'-- Up-to-date symlink: /home/ros/turtlebot3/turtlebot3_simulations-2.2.5/install/turtlebot3_gazebo/share/turtlebot3_gazebo/environment/ament_prefix_path.dsv\n'}
[2.055561] (turtlebot3_gazebo) StdoutLine: {'line': b'-- Up-to-date symlink: /home/ros/turtlebot3/turtlebot3_simulations-2.2.5/install/turtlebot3_gazebo/share/turtlebot3_gazebo/environment/path.sh\n'}
[2.056290] (turtlebot3_gazebo) StdoutLine: {'line': b'-- Up-to-date symlink: /home/ros/turtlebot3/turtlebot3_simulations-2.2.5/install/turtlebot3_gazebo/share/turtlebot3_gazebo/environment/path.dsv\n'}
[2.056549] (turtlebot3_gazebo) StdoutLine: {'line': b'-- Up-to-date symlink: /home/ros/turtlebot3/turtlebot3_simulations-2.2.5/install/turtlebot3_gazebo/share/turtlebot3_gazebo/local_setup.bash\n'}
[2.056711] (turtlebot3_gazebo) StdoutLine: {'line': b'-- Up-to-date symlink: /home/ros/turtlebot3/turtlebot3_simulations-2.2.5/install/turtlebot3_gazebo/share/turtlebot3_gazebo/local_setup.sh\n'}
[2.056834] (turtlebot3_gazebo) StdoutLine: {'line': b'-- Up-to-date symlink: /home/ros/turtlebot3/turtlebot3_simulations-2.2.5/install/turtlebot3_gazebo/share/turtlebot3_gazebo/local_setup.zsh\n'}
[2.056932] (turtlebot3_gazebo) StdoutLine: {'line': b'-- Up-to-date symlink: /home/ros/turtlebot3/turtlebot3_simulations-2.2.5/install/turtlebot3_gazebo/share/turtlebot3_gazebo/local_setup.dsv\n'}
[2.057020] (turtlebot3_gazebo) StdoutLine: {'line': b'-- Symlinking: /home/ros/turtlebot3/turtlebot3_simulations-2.2.5/install/turtlebot3_gazebo/share/turtlebot3_gazebo/package.dsv\n'}
[2.065709] (turtlebot3_gazebo) StdoutLine: {'line': b'-- Up-to-date symlink: /home/ros/turtlebot3/turtlebot3_simulations-2.2.5/install/turtlebot3_gazebo/share/ament_index/resource_index/packages/turtlebot3_gazebo\n'}
[2.065891] (turtlebot3_gazebo) StdoutLine: {'line': b'-- Up-to-date symlink: /home/ros/turtlebot3/turtlebot3_simulations-2.2.5/install/turtlebot3_gazebo/share/turtlebot3_gazebo/cmake/ament_cmake_export_include_directories-extras.cmake\n'}
[2.065985] (turtlebot3_gazebo) StdoutLine: {'line': b'-- Up-to-date symlink: /home/ros/turtlebot3/turtlebot3_simulations-2.2.5/install/turtlebot3_gazebo/share/turtlebot3_gazebo/cmake/ament_cmake_export_dependencies-extras.cmake\n'}
[2.066076] (turtlebot3_gazebo) StdoutLine: {'line': b'-- Up-to-date symlink: /home/ros/turtlebot3/turtlebot3_simulations-2.2.5/install/turtlebot3_gazebo/share/turtlebot3_gazebo/cmake/turtlebot3_gazeboConfig.cmake\n'}
[2.066169] (turtlebot3_gazebo) StdoutLine: {'line': b'-- Up-to-date symlink: /home/ros/turtlebot3/turtlebot3_simulations-2.2.5/install/turtlebot3_gazebo/share/turtlebot3_gazebo/cmake/turtlebot3_gazeboConfig-version.cmake\n'}
[2.066290] (turtlebot3_gazebo) StdoutLine: {'line': b'-- Up-to-date symlink: /home/ros/turtlebot3/turtlebot3_simulations-2.2.5/install/turtlebot3_gazebo/share/turtlebot3_gazebo/package.xml\n'}
[2.067941] (turtlebot3_gazebo) CommandEnded: {'returncode': 0}
[2.104137] (-) TimerEvent: {}
[2.198789] (turtlebot3_gazebo) JobEnded: {'identifier': 'turtlebot3_gazebo', 'rc': 0}
[2.199495] (turtlebot3_simulations) JobStarted: {'identifier': 'turtlebot3_simulations'}
[2.204255] (-) TimerEvent: {}
[2.300200] (turtlebot3_simulations) JobProgress: {'identifier': 'turtlebot3_simulations', 'progress': 'cmake'}
[2.300885] (turtlebot3_simulations) JobProgress: {'identifier': 'turtlebot3_simulations', 'progress': 'build'}
[2.301059] (turtlebot3_simulations) Command: {'cmd': ['/usr/bin/cmake', '--build', '/home/ros/turtlebot3/turtlebot3_simulations-2.2.5/build/turtlebot3_simulations', '--', '-j8', '-l8'], 'cwd': '/home/ros/turtlebot3/turtlebot3_simulations-2.2.5/build/turtlebot3_simulations', 'env': OrderedDict([('HOSTNAME', 'envy-13'), ('IGNITION_VERSION', 'fortress'), ('SHLVL', '1'), ('LD_LIBRARY_PATH', '/home/ros/turtlebot3/DynamixelSDK/install/dynamixel_sdk_custom_interfaces/lib:/home/ros/turtlebot3/DynamixelSDK/install/dynamixel_sdk/lib:/home/ros/turtlebot3/turtlebot3_msgs-2.2.3/install/turtlebot3_msgs/lib:/opt/ros/humble/opt/rviz_ogre_vendor/lib:/opt/ros/humble/lib/x86_64-linux-gnu:/opt/ros/humble/lib'), ('HOME', '/home/ros'), ('OLDPWD', '/home/ros'), ('ROS_PYTHON_VERSION', '3'), ('COLCON_PREFIX_PATH', '/home/ros/turtlebot3/turtlebot3-2.1.5/install:/home/ros/turtlebot3/turtlebot3_msgs-2.2.3/install:/home/ros/turtlebot3/turtlebot3_simulations-2.2.5/install:/home/ros/turtlebot3/DynamixelSDK/install'), ('ROS_DISTRO', 'humble'), ('_', '/usr/bin/colcon'), ('ROS_VERSION', '2'), ('TERM', 'xterm'), ('ROS_LOCALHOST_ONLY', '0'), ('QT_X11_NO_MITSHM', '1'), ('PATH', '/opt/ros/humble/bin:/usr/local/sbin:/usr/local/bin:/usr/sbin:/usr/bin:/sbin:/bin'), ('RUNLEVEL', '3'), ('XDG_RUNTIME_DIR', '/tmp/runtime-ros'), ('DISPLAY', 'unix:0'), ('LANG', 'C.UTF-8'), ('AMENT_PREFIX_PATH', '/home/ros/turtlebot3/DynamixelSDK/install/dynamixel_sdk_examples:/home/ros/turtlebot3/DynamixelSDK/install/dynamixel_sdk_custom_interfaces:/home/ros/turtlebot3/DynamixelSDK/install/dynamixel_sdk:/home/ros/turtlebot3/turtlebot3_msgs-2.2.3/install/turtlebot3_msgs:/home/ros/turtlebot3/turtlebot3_simulations-2.2.5/install/turtlebot3_simulations:/home/ros/turtlebot3/turtlebot3_simulations-2.2.5/install/turtlebot3_gazebo:/home/ros/turtlebot3/turtlebot3_simulations-2.2.5/install/turtlebot3_fake_node:/opt/ros/humble'), ('PWD', '/home/ros/turtlebot3/turtlebot3_simulations-2.2.5/build/turtlebot3_simulations'), ('TURTLEBOT3_MODEL', 'burger'), ('LC_ALL', 'C.UTF-8'), ('PYTHONPATH', '/home/ros/turtlebot3/DynamixelSDK/install/dynamixel_sdk_custom_interfaces/local/lib/python3.10/dist-packages:/home/ros/turtlebot3/turtlebot3_msgs-2.2.3/install/turtlebot3_msgs/local/lib/python3.10/dist-packages:/opt/ros/humble/lib/python3.10/site-packages:/opt/ros/humble/local/lib/python3.10/dist-packages'), ('COLCON', '1'), ('CMAKE_PREFIX_PATH', '/home/ros/turtlebot3/turtlebot3_simulations-2.2.5/install/turtlebot3_gazebo:/home/ros/turtlebot3/turtlebot3_simulations-2.2.5/install/turtlebot3_fake_node:/home/ros/turtlebot3/DynamixelSDK/install/dynamixel_sdk_examples:/home/ros/turtlebot3/DynamixelSDK/install/dynamixel_sdk_custom_interfaces:/home/ros/turtlebot3/DynamixelSDK/install/dynamixel_sdk:/home/ros/turtlebot3/turtlebot3_msgs-2.2.3/install/turtlebot3_msgs:/home/ros/turtlebot3/turtlebot3_simulations-2.2.5/install/turtlebot3_simulations:/opt/ros/humble')]), 'shell': False}
[2.304352] (-) TimerEvent: {}
[2.337783] (turtlebot3_simulations) CommandEnded: {'returncode': 0}
[2.361586] (turtlebot3_simulations) JobProgress: {'identifier': 'turtlebot3_simulations', 'progress': 'install'}
[2.361960] (turtlebot3_simulations) Command: {'cmd': ['/usr/bin/cmake', '--install', '/home/ros/turtlebot3/turtlebot3_simulations-2.2.5/build/turtlebot3_simulations'], 'cwd': '/home/ros/turtlebot3/turtlebot3_simulations-2.2.5/build/turtlebot3_simulations', 'env': OrderedDict([('HOSTNAME', 'envy-13'), ('IGNITION_VERSION', 'fortress'), ('SHLVL', '1'), ('LD_LIBRARY_PATH', '/home/ros/turtlebot3/DynamixelSDK/install/dynamixel_sdk_custom_interfaces/lib:/home/ros/turtlebot3/DynamixelSDK/install/dynamixel_sdk/lib:/home/ros/turtlebot3/turtlebot3_msgs-2.2.3/install/turtlebot3_msgs/lib:/opt/ros/humble/opt/rviz_ogre_vendor/lib:/opt/ros/humble/lib/x86_64-linux-gnu:/opt/ros/humble/lib'), ('HOME', '/home/ros'), ('OLDPWD', '/home/ros'), ('ROS_PYTHON_VERSION', '3'), ('COLCON_PREFIX_PATH', '/home/ros/turtlebot3/turtlebot3-2.1.5/install:/home/ros/turtlebot3/turtlebot3_msgs-2.2.3/install:/home/ros/turtlebot3/turtlebot3_simulations-2.2.5/install:/home/ros/turtlebot3/DynamixelSDK/install'), ('ROS_DISTRO', 'humble'), ('_', '/usr/bin/colcon'), ('ROS_VERSION', '2'), ('TERM', 'xterm'), ('ROS_LOCALHOST_ONLY', '0'), ('QT_X11_NO_MITSHM', '1'), ('PATH', '/opt/ros/humble/bin:/usr/local/sbin:/usr/local/bin:/usr/sbin:/usr/bin:/sbin:/bin'), ('RUNLEVEL', '3'), ('XDG_RUNTIME_DIR', '/tmp/runtime-ros'), ('DISPLAY', 'unix:0'), ('LANG', 'C.UTF-8'), ('AMENT_PREFIX_PATH', '/home/ros/turtlebot3/DynamixelSDK/install/dynamixel_sdk_examples:/home/ros/turtlebot3/DynamixelSDK/install/dynamixel_sdk_custom_interfaces:/home/ros/turtlebot3/DynamixelSDK/install/dynamixel_sdk:/home/ros/turtlebot3/turtlebot3_msgs-2.2.3/install/turtlebot3_msgs:/home/ros/turtlebot3/turtlebot3_simulations-2.2.5/install/turtlebot3_simulations:/home/ros/turtlebot3/turtlebot3_simulations-2.2.5/install/turtlebot3_gazebo:/home/ros/turtlebot3/turtlebot3_simulations-2.2.5/install/turtlebot3_fake_node:/opt/ros/humble'), ('PWD', '/home/ros/turtlebot3/turtlebot3_simulations-2.2.5/build/turtlebot3_simulations'), ('TURTLEBOT3_MODEL', 'burger'), ('LC_ALL', 'C.UTF-8'), ('PYTHONPATH', '/home/ros/turtlebot3/DynamixelSDK/install/dynamixel_sdk_custom_interfaces/local/lib/python3.10/dist-packages:/home/ros/turtlebot3/turtlebot3_msgs-2.2.3/install/turtlebot3_msgs/local/lib/python3.10/dist-packages:/opt/ros/humble/lib/python3.10/site-packages:/opt/ros/humble/local/lib/python3.10/dist-packages'), ('COLCON', '1'), ('CMAKE_PREFIX_PATH', '/home/ros/turtlebot3/turtlebot3_simulations-2.2.5/install/turtlebot3_gazebo:/home/ros/turtlebot3/turtlebot3_simulations-2.2.5/install/turtlebot3_fake_node:/home/ros/turtlebot3/DynamixelSDK/install/dynamixel_sdk_examples:/home/ros/turtlebot3/DynamixelSDK/install/dynamixel_sdk_custom_interfaces:/home/ros/turtlebot3/DynamixelSDK/install/dynamixel_sdk:/home/ros/turtlebot3/turtlebot3_msgs-2.2.3/install/turtlebot3_msgs:/home/ros/turtlebot3/turtlebot3_simulations-2.2.5/install/turtlebot3_simulations:/opt/ros/humble')]), 'shell': False}
[2.369336] (turtlebot3_simulations) StdoutLine: {'line': b'-- Install configuration: ""\n'}
[2.369896] (turtlebot3_simulations) StdoutLine: {'line': b'-- Execute custom install script\n'}
[2.370091] (turtlebot3_simulations) StdoutLine: {'line': b'-- Up-to-date symlink: /home/ros/turtlebot3/turtlebot3_simulations-2.2.5/install/turtlebot3_simulations/share/ament_index/resource_index/package_run_dependencies/turtlebot3_simulations\n'}
[2.370244] (turtlebot3_simulations) StdoutLine: {'line': b'-- Up-to-date symlink: /home/ros/turtlebot3/turtlebot3_simulations-2.2.5/install/turtlebot3_simulations/share/ament_index/resource_index/parent_prefix_path/turtlebot3_simulations\n'}
[2.370383] (turtlebot3_simulations) StdoutLine: {'line': b'-- Up-to-date symlink: /home/ros/turtlebot3/turtlebot3_simulations-2.2.5/install/turtlebot3_simulations/share/turtlebot3_simulations/environment/ament_prefix_path.sh\n'}
[2.370513] (turtlebot3_simulations) StdoutLine: {'line': b'-- Up-to-date symlink: /home/ros/turtlebot3/turtlebot3_simulations-2.2.5/install/turtlebot3_simulations/share/turtlebot3_simulations/environment/ament_prefix_path.dsv\n'}
[2.370643] (turtlebot3_simulations) StdoutLine: {'line': b'-- Up-to-date symlink: /home/ros/turtlebot3/turtlebot3_simulations-2.2.5/install/turtlebot3_simulations/share/turtlebot3_simulations/environment/path.sh\n'}
[2.370765] (turtlebot3_simulations) StdoutLine: {'line': b'-- Up-to-date symlink: /home/ros/turtlebot3/turtlebot3_simulations-2.2.5/install/turtlebot3_simulations/share/turtlebot3_simulations/environment/path.dsv\n'}
[2.370886] (turtlebot3_simulations) StdoutLine: {'line': b'-- Up-to-date symlink: /home/ros/turtlebot3/turtlebot3_simulations-2.2.5/install/turtlebot3_simulations/share/turtlebot3_simulations/local_setup.bash\n'}
[2.371007] (turtlebot3_simulations) StdoutLine: {'line': b'-- Up-to-date symlink: /home/ros/turtlebot3/turtlebot3_simulations-2.2.5/install/turtlebot3_simulations/share/turtlebot3_simulations/local_setup.sh\n'}
[2.371124] (turtlebot3_simulations) StdoutLine: {'line': b'-- Up-to-date symlink: /home/ros/turtlebot3/turtlebot3_simulations-2.2.5/install/turtlebot3_simulations/share/turtlebot3_simulations/local_setup.zsh\n'}
[2.371245] (turtlebot3_simulations) StdoutLine: {'line': b'-- Up-to-date symlink: /home/ros/turtlebot3/turtlebot3_simulations-2.2.5/install/turtlebot3_simulations/share/turtlebot3_simulations/local_setup.dsv\n'}
[2.371343] (turtlebot3_simulations) StdoutLine: {'line': b'-- Symlinking: /home/ros/turtlebot3/turtlebot3_simulations-2.2.5/install/turtlebot3_simulations/share/turtlebot3_simulations/package.dsv\n'}
[2.379172] (turtlebot3_simulations) StdoutLine: {'line': b'-- Up-to-date symlink: /home/ros/turtlebot3/turtlebot3_simulations-2.2.5/install/turtlebot3_simulations/share/ament_index/resource_index/packages/turtlebot3_simulations\n'}
[2.379357] (turtlebot3_simulations) StdoutLine: {'line': b'-- Up-to-date symlink: /home/ros/turtlebot3/turtlebot3_simulations-2.2.5/install/turtlebot3_simulations/share/turtlebot3_simulations/cmake/turtlebot3_simulationsConfig.cmake\n'}
[2.379450] (turtlebot3_simulations) StdoutLine: {'line': b'-- Up-to-date symlink: /home/ros/turtlebot3/turtlebot3_simulations-2.2.5/install/turtlebot3_simulations/share/turtlebot3_simulations/cmake/turtlebot3_simulationsConfig-version.cmake\n'}
[2.379541] (turtlebot3_simulations) StdoutLine: {'line': b'-- Up-to-date symlink: /home/ros/turtlebot3/turtlebot3_simulations-2.2.5/install/turtlebot3_simulations/share/turtlebot3_simulations/package.xml\n'}
[2.380953] (turtlebot3_simulations) CommandEnded: {'returncode': 0}
[2.404433] (-) TimerEvent: {}
[2.487343] (turtlebot3_simulations) JobEnded: {'identifier': 'turtlebot3_simulations', 'rc': 0}
[2.488001] (-) EventReactorShutdown: {}
