[4.706s] Invoking command in '/home/ros/turtlebot3/turtlebot3-2.1.5/build/turtlebot3_teleop': PYTHONPATH=/home/ros/turtlebot3/turtlebot3-2.1.5/build/turtlebot3_teleop/prefix_override:/home/ros/turtlebot3/turtlebot3-2.1.5/install/turtlebot3_teleop/lib/python3.10/site-packages:${PYTHONPATH} /usr/bin/python3 setup.py develop --editable --build-directory /home/ros/turtlebot3/turtlebot3-2.1.5/build/turtlebot3_teleop/build --no-deps install_data
[5.960s] running develop
[5.962s] /usr/lib/python3/dist-packages/setuptools/command/easy_install.py:158: EasyInstallDeprecationWarning: easy_install command is deprecated. Use build and pip and other standards-based tools.
[5.962s]   warnings.warn(
[5.970s] /usr/lib/python3/dist-packages/setuptools/command/install.py:34: SetuptoolsDeprecationWarning: setup.py install is deprecated. Use build and pip and other standards-based tools.
[5.971s]   warnings.warn(
[6.547s] running egg_info
[6.548s] creating turtlebot3_teleop.egg-info
[6.548s] writing turtlebot3_teleop.egg-info/PKG-INFO
[6.548s] writing dependency_links to turtlebot3_teleop.egg-info/dependency_links.txt
[6.549s] writing entry points to turtlebot3_teleop.egg-info/entry_points.txt
[6.549s] writing requirements to turtlebot3_teleop.egg-info/requires.txt
[6.550s] writing top-level names to turtlebot3_teleop.egg-info/top_level.txt
[6.551s] writing manifest file 'turtlebot3_teleop.egg-info/SOURCES.txt'
[6.554s] reading manifest file 'turtlebot3_teleop.egg-info/SOURCES.txt'
[6.562s] writing manifest file 'turtlebot3_teleop.egg-info/SOURCES.txt'
[6.576s] running build_ext
[6.579s] Creating /home/ros/turtlebot3/turtlebot3-2.1.5/install/turtlebot3_teleop/lib/python3.10/site-packages/turtlebot3-teleop.egg-link (link to .)
[6.582s] Installing teleop_keyboard script to /home/ros/turtlebot3/turtlebot3-2.1.5/install/turtlebot3_teleop/lib/turtlebot3_teleop
[6.582s] 
[6.583s] Installed /home/ros/turtlebot3/turtlebot3-2.1.5/build/turtlebot3_teleop
[6.583s] running install_data
[6.584s] creating /home/ros/turtlebot3/turtlebot3-2.1.5/install/turtlebot3_teleop/share/ament_index
[6.584s] creating /home/ros/turtlebot3/turtlebot3-2.1.5/install/turtlebot3_teleop/share/ament_index/resource_index
[6.584s] creating /home/ros/turtlebot3/turtlebot3-2.1.5/install/turtlebot3_teleop/share/ament_index/resource_index/packages
[6.584s] copying resource/turtlebot3_teleop -> /home/ros/turtlebot3/turtlebot3-2.1.5/install/turtlebot3_teleop/share/ament_index/resource_index/packages
[6.584s] copying package.xml -> /home/ros/turtlebot3/turtlebot3-2.1.5/install/turtlebot3_teleop/share/turtlebot3_teleop
[6.885s] Invoked command in '/home/ros/turtlebot3/turtlebot3-2.1.5/build/turtlebot3_teleop' returned '0': PYTHONPATH=/home/ros/turtlebot3/turtlebot3-2.1.5/build/turtlebot3_teleop/prefix_override:/home/ros/turtlebot3/turtlebot3-2.1.5/install/turtlebot3_teleop/lib/python3.10/site-packages:${PYTHONPATH} /usr/bin/python3 setup.py develop --editable --build-directory /home/ros/turtlebot3/turtlebot3-2.1.5/build/turtlebot3_teleop/build --no-deps install_data
